[2023-10-16T17:29:29.601+0000] {processor.py:157} INFO - Started process (PID=70) to work on /home/airflow/.local/lib/python3.8/site-packages/airflow/example_dags/example_branch_operator_decorator.py
[2023-10-16T17:29:29.601+0000] {processor.py:829} INFO - Processing file /home/airflow/.local/lib/python3.8/site-packages/airflow/example_dags/example_branch_operator_decorator.py for tasks to queue
[2023-10-16T17:29:29.603+0000] {logging_mixin.py:151} INFO - [2023-10-16T17:29:29.603+0000] {dagbag.py:539} INFO - Filling up the DagBag from /home/airflow/.local/lib/python3.8/site-packages/airflow/example_dags/example_branch_operator_decorator.py
[2023-10-16T17:29:29.616+0000] {processor.py:839} INFO - DAG(s) dict_keys(['example_branch_python_operator_decorator']) retrieved from /home/airflow/.local/lib/python3.8/site-packages/airflow/example_dags/example_branch_operator_decorator.py
[2023-10-16T17:29:29.846+0000] {logging_mixin.py:151} INFO - [2023-10-16T17:29:29.846+0000] {manager.py:499} INFO - Created Permission View: %s
[2023-10-16T17:29:29.872+0000] {logging_mixin.py:151} INFO - [2023-10-16T17:29:29.871+0000] {manager.py:499} INFO - Created Permission View: %s
[2023-10-16T17:29:29.890+0000] {logging_mixin.py:151} INFO - [2023-10-16T17:29:29.890+0000] {manager.py:499} INFO - Created Permission View: %s
[2023-10-16T17:29:29.891+0000] {logging_mixin.py:151} INFO - [2023-10-16T17:29:29.891+0000] {security.py:708} INFO - Not syncing DAG-level permissions for DAG 'DAG:example_branch_python_operator_decorator' as access control is unset.
[2023-10-16T17:29:29.891+0000] {logging_mixin.py:151} INFO - [2023-10-16T17:29:29.891+0000] {dag.py:2915} INFO - Sync 1 DAGs
[2023-10-16T17:29:29.935+0000] {logging_mixin.py:151} INFO - [2023-10-16T17:29:29.934+0000] {dag.py:2937} INFO - Creating ORM DAG for example_branch_python_operator_decorator
[2023-10-16T17:29:29.951+0000] {logging_mixin.py:151} INFO - [2023-10-16T17:29:29.951+0000] {dag.py:3696} INFO - Setting next_dagrun for example_branch_python_operator_decorator to 2023-10-15T00:00:00+00:00, run_after=2023-10-16T00:00:00+00:00
[2023-10-16T17:29:29.990+0000] {processor.py:179} INFO - Processing /home/airflow/.local/lib/python3.8/site-packages/airflow/example_dags/example_branch_operator_decorator.py took 0.394 seconds
[2023-10-16T17:30:00.386+0000] {processor.py:157} INFO - Started process (PID=125) to work on /home/airflow/.local/lib/python3.8/site-packages/airflow/example_dags/example_branch_operator_decorator.py
[2023-10-16T17:30:00.387+0000] {processor.py:829} INFO - Processing file /home/airflow/.local/lib/python3.8/site-packages/airflow/example_dags/example_branch_operator_decorator.py for tasks to queue
[2023-10-16T17:30:00.390+0000] {logging_mixin.py:151} INFO - [2023-10-16T17:30:00.390+0000] {dagbag.py:539} INFO - Filling up the DagBag from /home/airflow/.local/lib/python3.8/site-packages/airflow/example_dags/example_branch_operator_decorator.py
[2023-10-16T17:30:00.402+0000] {processor.py:839} INFO - DAG(s) dict_keys(['example_branch_python_operator_decorator']) retrieved from /home/airflow/.local/lib/python3.8/site-packages/airflow/example_dags/example_branch_operator_decorator.py
[2023-10-16T17:30:00.425+0000] {logging_mixin.py:151} INFO - [2023-10-16T17:30:00.425+0000] {dag.py:2915} INFO - Sync 1 DAGs
[2023-10-16T17:30:00.450+0000] {logging_mixin.py:151} INFO - [2023-10-16T17:30:00.450+0000] {dag.py:3696} INFO - Setting next_dagrun for example_branch_python_operator_decorator to 2023-10-15T00:00:00+00:00, run_after=2023-10-16T00:00:00+00:00
[2023-10-16T17:30:00.517+0000] {processor.py:179} INFO - Processing /home/airflow/.local/lib/python3.8/site-packages/airflow/example_dags/example_branch_operator_decorator.py took 0.134 seconds
[2023-10-16T17:30:30.733+0000] {processor.py:157} INFO - Started process (PID=180) to work on /home/airflow/.local/lib/python3.8/site-packages/airflow/example_dags/example_branch_operator_decorator.py
[2023-10-16T17:30:30.733+0000] {processor.py:829} INFO - Processing file /home/airflow/.local/lib/python3.8/site-packages/airflow/example_dags/example_branch_operator_decorator.py for tasks to queue
[2023-10-16T17:30:30.736+0000] {logging_mixin.py:151} INFO - [2023-10-16T17:30:30.736+0000] {dagbag.py:539} INFO - Filling up the DagBag from /home/airflow/.local/lib/python3.8/site-packages/airflow/example_dags/example_branch_operator_decorator.py
[2023-10-16T17:30:30.775+0000] {processor.py:839} INFO - DAG(s) dict_keys(['example_branch_python_operator_decorator']) retrieved from /home/airflow/.local/lib/python3.8/site-packages/airflow/example_dags/example_branch_operator_decorator.py
[2023-10-16T17:30:30.835+0000] {logging_mixin.py:151} INFO - [2023-10-16T17:30:30.834+0000] {dag.py:2915} INFO - Sync 1 DAGs
[2023-10-16T17:30:30.917+0000] {logging_mixin.py:151} INFO - [2023-10-16T17:30:30.911+0000] {dag.py:3696} INFO - Setting next_dagrun for example_branch_python_operator_decorator to 2023-10-15T00:00:00+00:00, run_after=2023-10-16T00:00:00+00:00
[2023-10-16T17:30:30.977+0000] {processor.py:179} INFO - Processing /home/airflow/.local/lib/python3.8/site-packages/airflow/example_dags/example_branch_operator_decorator.py took 0.248 seconds
[2023-10-16T17:31:01.822+0000] {processor.py:157} INFO - Started process (PID=235) to work on /home/airflow/.local/lib/python3.8/site-packages/airflow/example_dags/example_branch_operator_decorator.py
[2023-10-16T17:31:01.836+0000] {processor.py:829} INFO - Processing file /home/airflow/.local/lib/python3.8/site-packages/airflow/example_dags/example_branch_operator_decorator.py for tasks to queue
[2023-10-16T17:31:01.842+0000] {logging_mixin.py:151} INFO - [2023-10-16T17:31:01.842+0000] {dagbag.py:539} INFO - Filling up the DagBag from /home/airflow/.local/lib/python3.8/site-packages/airflow/example_dags/example_branch_operator_decorator.py
[2023-10-16T17:31:01.856+0000] {processor.py:839} INFO - DAG(s) dict_keys(['example_branch_python_operator_decorator']) retrieved from /home/airflow/.local/lib/python3.8/site-packages/airflow/example_dags/example_branch_operator_decorator.py
[2023-10-16T17:31:01.882+0000] {logging_mixin.py:151} INFO - [2023-10-16T17:31:01.882+0000] {dag.py:2915} INFO - Sync 1 DAGs
[2023-10-16T17:31:01.917+0000] {logging_mixin.py:151} INFO - [2023-10-16T17:31:01.917+0000] {dag.py:3696} INFO - Setting next_dagrun for example_branch_python_operator_decorator to 2023-10-15T00:00:00+00:00, run_after=2023-10-16T00:00:00+00:00
[2023-10-16T17:31:01.943+0000] {processor.py:179} INFO - Processing /home/airflow/.local/lib/python3.8/site-packages/airflow/example_dags/example_branch_operator_decorator.py took 0.124 seconds
[2023-10-16T17:31:32.361+0000] {processor.py:157} INFO - Started process (PID=291) to work on /home/airflow/.local/lib/python3.8/site-packages/airflow/example_dags/example_branch_operator_decorator.py
[2023-10-16T17:31:32.361+0000] {processor.py:829} INFO - Processing file /home/airflow/.local/lib/python3.8/site-packages/airflow/example_dags/example_branch_operator_decorator.py for tasks to queue
[2023-10-16T17:31:32.363+0000] {logging_mixin.py:151} INFO - [2023-10-16T17:31:32.363+0000] {dagbag.py:539} INFO - Filling up the DagBag from /home/airflow/.local/lib/python3.8/site-packages/airflow/example_dags/example_branch_operator_decorator.py
[2023-10-16T17:31:32.374+0000] {processor.py:839} INFO - DAG(s) dict_keys(['example_branch_python_operator_decorator']) retrieved from /home/airflow/.local/lib/python3.8/site-packages/airflow/example_dags/example_branch_operator_decorator.py
[2023-10-16T17:31:32.404+0000] {logging_mixin.py:151} INFO - [2023-10-16T17:31:32.404+0000] {dag.py:2915} INFO - Sync 1 DAGs
[2023-10-16T17:31:32.435+0000] {logging_mixin.py:151} INFO - [2023-10-16T17:31:32.435+0000] {dag.py:3696} INFO - Setting next_dagrun for example_branch_python_operator_decorator to 2023-10-15T00:00:00+00:00, run_after=2023-10-16T00:00:00+00:00
[2023-10-16T17:31:32.474+0000] {processor.py:179} INFO - Processing /home/airflow/.local/lib/python3.8/site-packages/airflow/example_dags/example_branch_operator_decorator.py took 0.117 seconds
[2023-10-16T17:32:03.035+0000] {processor.py:157} INFO - Started process (PID=346) to work on /home/airflow/.local/lib/python3.8/site-packages/airflow/example_dags/example_branch_operator_decorator.py
[2023-10-16T17:32:03.036+0000] {processor.py:829} INFO - Processing file /home/airflow/.local/lib/python3.8/site-packages/airflow/example_dags/example_branch_operator_decorator.py for tasks to queue
[2023-10-16T17:32:03.038+0000] {logging_mixin.py:151} INFO - [2023-10-16T17:32:03.038+0000] {dagbag.py:539} INFO - Filling up the DagBag from /home/airflow/.local/lib/python3.8/site-packages/airflow/example_dags/example_branch_operator_decorator.py
[2023-10-16T17:32:03.050+0000] {processor.py:839} INFO - DAG(s) dict_keys(['example_branch_python_operator_decorator']) retrieved from /home/airflow/.local/lib/python3.8/site-packages/airflow/example_dags/example_branch_operator_decorator.py
[2023-10-16T17:32:03.081+0000] {logging_mixin.py:151} INFO - [2023-10-16T17:32:03.081+0000] {dag.py:2915} INFO - Sync 1 DAGs
[2023-10-16T17:32:03.109+0000] {logging_mixin.py:151} INFO - [2023-10-16T17:32:03.108+0000] {dag.py:3696} INFO - Setting next_dagrun for example_branch_python_operator_decorator to 2023-10-15T00:00:00+00:00, run_after=2023-10-16T00:00:00+00:00
[2023-10-16T17:32:03.143+0000] {processor.py:179} INFO - Processing /home/airflow/.local/lib/python3.8/site-packages/airflow/example_dags/example_branch_operator_decorator.py took 0.111 seconds
[2023-10-16T17:32:33.912+0000] {processor.py:157} INFO - Started process (PID=401) to work on /home/airflow/.local/lib/python3.8/site-packages/airflow/example_dags/example_branch_operator_decorator.py
[2023-10-16T17:32:33.913+0000] {processor.py:829} INFO - Processing file /home/airflow/.local/lib/python3.8/site-packages/airflow/example_dags/example_branch_operator_decorator.py for tasks to queue
[2023-10-16T17:32:33.915+0000] {logging_mixin.py:151} INFO - [2023-10-16T17:32:33.915+0000] {dagbag.py:539} INFO - Filling up the DagBag from /home/airflow/.local/lib/python3.8/site-packages/airflow/example_dags/example_branch_operator_decorator.py
[2023-10-16T17:32:33.928+0000] {processor.py:839} INFO - DAG(s) dict_keys(['example_branch_python_operator_decorator']) retrieved from /home/airflow/.local/lib/python3.8/site-packages/airflow/example_dags/example_branch_operator_decorator.py
[2023-10-16T17:32:33.957+0000] {logging_mixin.py:151} INFO - [2023-10-16T17:32:33.956+0000] {dag.py:2915} INFO - Sync 1 DAGs
[2023-10-16T17:32:34.021+0000] {logging_mixin.py:151} INFO - [2023-10-16T17:32:34.019+0000] {dag.py:3696} INFO - Setting next_dagrun for example_branch_python_operator_decorator to 2023-10-15T00:00:00+00:00, run_after=2023-10-16T00:00:00+00:00
[2023-10-16T17:32:34.082+0000] {processor.py:179} INFO - Processing /home/airflow/.local/lib/python3.8/site-packages/airflow/example_dags/example_branch_operator_decorator.py took 0.173 seconds
[2023-10-16T17:33:04.191+0000] {processor.py:157} INFO - Started process (PID=456) to work on /home/airflow/.local/lib/python3.8/site-packages/airflow/example_dags/example_branch_operator_decorator.py
[2023-10-16T17:33:04.193+0000] {processor.py:829} INFO - Processing file /home/airflow/.local/lib/python3.8/site-packages/airflow/example_dags/example_branch_operator_decorator.py for tasks to queue
[2023-10-16T17:33:04.195+0000] {logging_mixin.py:151} INFO - [2023-10-16T17:33:04.194+0000] {dagbag.py:539} INFO - Filling up the DagBag from /home/airflow/.local/lib/python3.8/site-packages/airflow/example_dags/example_branch_operator_decorator.py
[2023-10-16T17:33:04.207+0000] {processor.py:839} INFO - DAG(s) dict_keys(['example_branch_python_operator_decorator']) retrieved from /home/airflow/.local/lib/python3.8/site-packages/airflow/example_dags/example_branch_operator_decorator.py
[2023-10-16T17:33:04.233+0000] {logging_mixin.py:151} INFO - [2023-10-16T17:33:04.233+0000] {dag.py:2915} INFO - Sync 1 DAGs
[2023-10-16T17:33:04.263+0000] {logging_mixin.py:151} INFO - [2023-10-16T17:33:04.263+0000] {dag.py:3696} INFO - Setting next_dagrun for example_branch_python_operator_decorator to 2023-10-15T00:00:00+00:00, run_after=2023-10-16T00:00:00+00:00
[2023-10-16T17:33:04.338+0000] {processor.py:179} INFO - Processing /home/airflow/.local/lib/python3.8/site-packages/airflow/example_dags/example_branch_operator_decorator.py took 0.151 seconds
[2023-10-16T17:33:35.134+0000] {processor.py:157} INFO - Started process (PID=510) to work on /home/airflow/.local/lib/python3.8/site-packages/airflow/example_dags/example_branch_operator_decorator.py
[2023-10-16T17:33:35.135+0000] {processor.py:829} INFO - Processing file /home/airflow/.local/lib/python3.8/site-packages/airflow/example_dags/example_branch_operator_decorator.py for tasks to queue
[2023-10-16T17:33:35.142+0000] {logging_mixin.py:151} INFO - [2023-10-16T17:33:35.141+0000] {dagbag.py:539} INFO - Filling up the DagBag from /home/airflow/.local/lib/python3.8/site-packages/airflow/example_dags/example_branch_operator_decorator.py
[2023-10-16T17:33:35.155+0000] {processor.py:839} INFO - DAG(s) dict_keys(['example_branch_python_operator_decorator']) retrieved from /home/airflow/.local/lib/python3.8/site-packages/airflow/example_dags/example_branch_operator_decorator.py
[2023-10-16T17:33:35.205+0000] {logging_mixin.py:151} INFO - [2023-10-16T17:33:35.204+0000] {dag.py:2915} INFO - Sync 1 DAGs
[2023-10-16T17:33:35.263+0000] {logging_mixin.py:151} INFO - [2023-10-16T17:33:35.263+0000] {dag.py:3696} INFO - Setting next_dagrun for example_branch_python_operator_decorator to 2023-10-15T00:00:00+00:00, run_after=2023-10-16T00:00:00+00:00
[2023-10-16T17:33:35.339+0000] {processor.py:179} INFO - Processing /home/airflow/.local/lib/python3.8/site-packages/airflow/example_dags/example_branch_operator_decorator.py took 0.214 seconds
