[2023-10-16T17:29:14.628+0000] {processor.py:157} INFO - Started process (PID=40) to work on /home/airflow/.local/lib/python3.8/site-packages/airflow/example_dags/example_dynamic_task_mapping_with_no_taskflow_operators.py
[2023-10-16T17:29:14.642+0000] {processor.py:829} INFO - Processing file /home/airflow/.local/lib/python3.8/site-packages/airflow/example_dags/example_dynamic_task_mapping_with_no_taskflow_operators.py for tasks to queue
[2023-10-16T17:29:14.652+0000] {logging_mixin.py:151} INFO - [2023-10-16T17:29:14.652+0000] {dagbag.py:539} INFO - Filling up the DagBag from /home/airflow/.local/lib/python3.8/site-packages/airflow/example_dags/example_dynamic_task_mapping_with_no_taskflow_operators.py
[2023-10-16T17:29:14.684+0000] {processor.py:839} INFO - DAG(s) dict_keys(['example_dynamic_task_mapping_with_no_taskflow_operators']) retrieved from /home/airflow/.local/lib/python3.8/site-packages/airflow/example_dags/example_dynamic_task_mapping_with_no_taskflow_operators.py
[2023-10-16T17:29:15.221+0000] {logging_mixin.py:151} INFO - [2023-10-16T17:29:15.221+0000] {manager.py:499} INFO - Created Permission View: %s
[2023-10-16T17:29:15.267+0000] {logging_mixin.py:151} INFO - [2023-10-16T17:29:15.267+0000] {manager.py:499} INFO - Created Permission View: %s
[2023-10-16T17:29:15.305+0000] {logging_mixin.py:151} INFO - [2023-10-16T17:29:15.305+0000] {manager.py:499} INFO - Created Permission View: %s
[2023-10-16T17:29:15.305+0000] {logging_mixin.py:151} INFO - [2023-10-16T17:29:15.305+0000] {security.py:708} INFO - Not syncing DAG-level permissions for DAG 'DAG:example_dynamic_task_mapping_with_no_taskflow_operators' as access control is unset.
[2023-10-16T17:29:15.306+0000] {logging_mixin.py:151} INFO - [2023-10-16T17:29:15.306+0000] {dag.py:2915} INFO - Sync 1 DAGs
[2023-10-16T17:29:15.367+0000] {logging_mixin.py:151} INFO - [2023-10-16T17:29:15.367+0000] {dag.py:2937} INFO - Creating ORM DAG for example_dynamic_task_mapping_with_no_taskflow_operators
[2023-10-16T17:29:15.425+0000] {logging_mixin.py:151} INFO - [2023-10-16T17:29:15.425+0000] {dag.py:3696} INFO - Setting next_dagrun for example_dynamic_task_mapping_with_no_taskflow_operators to 2023-10-15T17:29:15.425395+00:00, run_after=2023-10-16T17:29:15.425395+00:00
[2023-10-16T17:29:15.569+0000] {processor.py:179} INFO - Processing /home/airflow/.local/lib/python3.8/site-packages/airflow/example_dags/example_dynamic_task_mapping_with_no_taskflow_operators.py took 0.945 seconds
[2023-10-16T17:29:45.689+0000] {processor.py:157} INFO - Started process (PID=95) to work on /home/airflow/.local/lib/python3.8/site-packages/airflow/example_dags/example_dynamic_task_mapping_with_no_taskflow_operators.py
[2023-10-16T17:29:45.689+0000] {processor.py:829} INFO - Processing file /home/airflow/.local/lib/python3.8/site-packages/airflow/example_dags/example_dynamic_task_mapping_with_no_taskflow_operators.py for tasks to queue
[2023-10-16T17:29:45.692+0000] {logging_mixin.py:151} INFO - [2023-10-16T17:29:45.691+0000] {dagbag.py:539} INFO - Filling up the DagBag from /home/airflow/.local/lib/python3.8/site-packages/airflow/example_dags/example_dynamic_task_mapping_with_no_taskflow_operators.py
[2023-10-16T17:29:45.707+0000] {processor.py:839} INFO - DAG(s) dict_keys(['example_dynamic_task_mapping_with_no_taskflow_operators']) retrieved from /home/airflow/.local/lib/python3.8/site-packages/airflow/example_dags/example_dynamic_task_mapping_with_no_taskflow_operators.py
[2023-10-16T17:29:45.740+0000] {logging_mixin.py:151} INFO - [2023-10-16T17:29:45.740+0000] {dag.py:2915} INFO - Sync 1 DAGs
[2023-10-16T17:29:45.777+0000] {logging_mixin.py:151} INFO - [2023-10-16T17:29:45.776+0000] {dag.py:3696} INFO - Setting next_dagrun for example_dynamic_task_mapping_with_no_taskflow_operators to 2023-10-15T17:29:45.776397+00:00, run_after=2023-10-16T17:29:45.776397+00:00
[2023-10-16T17:29:45.812+0000] {processor.py:179} INFO - Processing /home/airflow/.local/lib/python3.8/site-packages/airflow/example_dags/example_dynamic_task_mapping_with_no_taskflow_operators.py took 0.136 seconds
[2023-10-16T17:30:15.922+0000] {processor.py:157} INFO - Started process (PID=150) to work on /home/airflow/.local/lib/python3.8/site-packages/airflow/example_dags/example_dynamic_task_mapping_with_no_taskflow_operators.py
[2023-10-16T17:30:15.928+0000] {processor.py:829} INFO - Processing file /home/airflow/.local/lib/python3.8/site-packages/airflow/example_dags/example_dynamic_task_mapping_with_no_taskflow_operators.py for tasks to queue
[2023-10-16T17:30:15.930+0000] {logging_mixin.py:151} INFO - [2023-10-16T17:30:15.930+0000] {dagbag.py:539} INFO - Filling up the DagBag from /home/airflow/.local/lib/python3.8/site-packages/airflow/example_dags/example_dynamic_task_mapping_with_no_taskflow_operators.py
[2023-10-16T17:30:15.941+0000] {processor.py:839} INFO - DAG(s) dict_keys(['example_dynamic_task_mapping_with_no_taskflow_operators']) retrieved from /home/airflow/.local/lib/python3.8/site-packages/airflow/example_dags/example_dynamic_task_mapping_with_no_taskflow_operators.py
[2023-10-16T17:30:15.974+0000] {logging_mixin.py:151} INFO - [2023-10-16T17:30:15.973+0000] {dag.py:2915} INFO - Sync 1 DAGs
[2023-10-16T17:30:16.029+0000] {logging_mixin.py:151} INFO - [2023-10-16T17:30:16.029+0000] {dag.py:3696} INFO - Setting next_dagrun for example_dynamic_task_mapping_with_no_taskflow_operators to 2023-10-15T17:30:16.029083+00:00, run_after=2023-10-16T17:30:16.029083+00:00
[2023-10-16T17:30:16.061+0000] {processor.py:179} INFO - Processing /home/airflow/.local/lib/python3.8/site-packages/airflow/example_dags/example_dynamic_task_mapping_with_no_taskflow_operators.py took 0.143 seconds
[2023-10-16T17:30:46.312+0000] {processor.py:157} INFO - Started process (PID=205) to work on /home/airflow/.local/lib/python3.8/site-packages/airflow/example_dags/example_dynamic_task_mapping_with_no_taskflow_operators.py
[2023-10-16T17:30:46.313+0000] {processor.py:829} INFO - Processing file /home/airflow/.local/lib/python3.8/site-packages/airflow/example_dags/example_dynamic_task_mapping_with_no_taskflow_operators.py for tasks to queue
[2023-10-16T17:30:46.315+0000] {logging_mixin.py:151} INFO - [2023-10-16T17:30:46.315+0000] {dagbag.py:539} INFO - Filling up the DagBag from /home/airflow/.local/lib/python3.8/site-packages/airflow/example_dags/example_dynamic_task_mapping_with_no_taskflow_operators.py
[2023-10-16T17:30:46.322+0000] {processor.py:839} INFO - DAG(s) dict_keys(['example_dynamic_task_mapping_with_no_taskflow_operators']) retrieved from /home/airflow/.local/lib/python3.8/site-packages/airflow/example_dags/example_dynamic_task_mapping_with_no_taskflow_operators.py
[2023-10-16T17:30:46.350+0000] {logging_mixin.py:151} INFO - [2023-10-16T17:30:46.350+0000] {dag.py:2915} INFO - Sync 1 DAGs
[2023-10-16T17:30:46.368+0000] {logging_mixin.py:151} INFO - [2023-10-16T17:30:46.368+0000] {dag.py:3696} INFO - Setting next_dagrun for example_dynamic_task_mapping_with_no_taskflow_operators to 2023-10-15T17:30:46.368049+00:00, run_after=2023-10-16T17:30:46.368049+00:00
[2023-10-16T17:30:46.394+0000] {processor.py:179} INFO - Processing /home/airflow/.local/lib/python3.8/site-packages/airflow/example_dags/example_dynamic_task_mapping_with_no_taskflow_operators.py took 0.085 seconds
[2023-10-16T17:31:16.758+0000] {processor.py:157} INFO - Started process (PID=261) to work on /home/airflow/.local/lib/python3.8/site-packages/airflow/example_dags/example_dynamic_task_mapping_with_no_taskflow_operators.py
[2023-10-16T17:31:16.759+0000] {processor.py:829} INFO - Processing file /home/airflow/.local/lib/python3.8/site-packages/airflow/example_dags/example_dynamic_task_mapping_with_no_taskflow_operators.py for tasks to queue
[2023-10-16T17:31:16.761+0000] {logging_mixin.py:151} INFO - [2023-10-16T17:31:16.761+0000] {dagbag.py:539} INFO - Filling up the DagBag from /home/airflow/.local/lib/python3.8/site-packages/airflow/example_dags/example_dynamic_task_mapping_with_no_taskflow_operators.py
[2023-10-16T17:31:16.767+0000] {processor.py:839} INFO - DAG(s) dict_keys(['example_dynamic_task_mapping_with_no_taskflow_operators']) retrieved from /home/airflow/.local/lib/python3.8/site-packages/airflow/example_dags/example_dynamic_task_mapping_with_no_taskflow_operators.py
[2023-10-16T17:31:16.782+0000] {logging_mixin.py:151} INFO - [2023-10-16T17:31:16.781+0000] {dag.py:2915} INFO - Sync 1 DAGs
[2023-10-16T17:31:16.802+0000] {logging_mixin.py:151} INFO - [2023-10-16T17:31:16.802+0000] {dag.py:3696} INFO - Setting next_dagrun for example_dynamic_task_mapping_with_no_taskflow_operators to 2023-10-15T17:31:16.801976+00:00, run_after=2023-10-16T17:31:16.801976+00:00
[2023-10-16T17:31:16.826+0000] {processor.py:179} INFO - Processing /home/airflow/.local/lib/python3.8/site-packages/airflow/example_dags/example_dynamic_task_mapping_with_no_taskflow_operators.py took 0.071 seconds
[2023-10-16T17:31:47.030+0000] {processor.py:157} INFO - Started process (PID=316) to work on /home/airflow/.local/lib/python3.8/site-packages/airflow/example_dags/example_dynamic_task_mapping_with_no_taskflow_operators.py
[2023-10-16T17:31:47.031+0000] {processor.py:829} INFO - Processing file /home/airflow/.local/lib/python3.8/site-packages/airflow/example_dags/example_dynamic_task_mapping_with_no_taskflow_operators.py for tasks to queue
[2023-10-16T17:31:47.033+0000] {logging_mixin.py:151} INFO - [2023-10-16T17:31:47.033+0000] {dagbag.py:539} INFO - Filling up the DagBag from /home/airflow/.local/lib/python3.8/site-packages/airflow/example_dags/example_dynamic_task_mapping_with_no_taskflow_operators.py
[2023-10-16T17:31:47.040+0000] {processor.py:839} INFO - DAG(s) dict_keys(['example_dynamic_task_mapping_with_no_taskflow_operators']) retrieved from /home/airflow/.local/lib/python3.8/site-packages/airflow/example_dags/example_dynamic_task_mapping_with_no_taskflow_operators.py
[2023-10-16T17:31:47.060+0000] {logging_mixin.py:151} INFO - [2023-10-16T17:31:47.060+0000] {dag.py:2915} INFO - Sync 1 DAGs
[2023-10-16T17:31:47.095+0000] {logging_mixin.py:151} INFO - [2023-10-16T17:31:47.094+0000] {dag.py:3696} INFO - Setting next_dagrun for example_dynamic_task_mapping_with_no_taskflow_operators to 2023-10-15T17:31:47.094606+00:00, run_after=2023-10-16T17:31:47.094606+00:00
[2023-10-16T17:31:47.127+0000] {processor.py:179} INFO - Processing /home/airflow/.local/lib/python3.8/site-packages/airflow/example_dags/example_dynamic_task_mapping_with_no_taskflow_operators.py took 0.101 seconds
[2023-10-16T17:32:17.384+0000] {processor.py:157} INFO - Started process (PID=371) to work on /home/airflow/.local/lib/python3.8/site-packages/airflow/example_dags/example_dynamic_task_mapping_with_no_taskflow_operators.py
[2023-10-16T17:32:17.385+0000] {processor.py:829} INFO - Processing file /home/airflow/.local/lib/python3.8/site-packages/airflow/example_dags/example_dynamic_task_mapping_with_no_taskflow_operators.py for tasks to queue
[2023-10-16T17:32:17.387+0000] {logging_mixin.py:151} INFO - [2023-10-16T17:32:17.387+0000] {dagbag.py:539} INFO - Filling up the DagBag from /home/airflow/.local/lib/python3.8/site-packages/airflow/example_dags/example_dynamic_task_mapping_with_no_taskflow_operators.py
[2023-10-16T17:32:17.393+0000] {processor.py:839} INFO - DAG(s) dict_keys(['example_dynamic_task_mapping_with_no_taskflow_operators']) retrieved from /home/airflow/.local/lib/python3.8/site-packages/airflow/example_dags/example_dynamic_task_mapping_with_no_taskflow_operators.py
[2023-10-16T17:32:17.409+0000] {logging_mixin.py:151} INFO - [2023-10-16T17:32:17.409+0000] {dag.py:2915} INFO - Sync 1 DAGs
[2023-10-16T17:32:17.426+0000] {logging_mixin.py:151} INFO - [2023-10-16T17:32:17.426+0000] {dag.py:3696} INFO - Setting next_dagrun for example_dynamic_task_mapping_with_no_taskflow_operators to 2023-10-15T17:32:17.425958+00:00, run_after=2023-10-16T17:32:17.425958+00:00
[2023-10-16T17:32:17.447+0000] {processor.py:179} INFO - Processing /home/airflow/.local/lib/python3.8/site-packages/airflow/example_dags/example_dynamic_task_mapping_with_no_taskflow_operators.py took 0.067 seconds
[2023-10-16T17:32:48.340+0000] {processor.py:157} INFO - Started process (PID=426) to work on /home/airflow/.local/lib/python3.8/site-packages/airflow/example_dags/example_dynamic_task_mapping_with_no_taskflow_operators.py
[2023-10-16T17:32:48.341+0000] {processor.py:829} INFO - Processing file /home/airflow/.local/lib/python3.8/site-packages/airflow/example_dags/example_dynamic_task_mapping_with_no_taskflow_operators.py for tasks to queue
[2023-10-16T17:32:48.345+0000] {logging_mixin.py:151} INFO - [2023-10-16T17:32:48.343+0000] {dagbag.py:539} INFO - Filling up the DagBag from /home/airflow/.local/lib/python3.8/site-packages/airflow/example_dags/example_dynamic_task_mapping_with_no_taskflow_operators.py
[2023-10-16T17:32:48.351+0000] {processor.py:839} INFO - DAG(s) dict_keys(['example_dynamic_task_mapping_with_no_taskflow_operators']) retrieved from /home/airflow/.local/lib/python3.8/site-packages/airflow/example_dags/example_dynamic_task_mapping_with_no_taskflow_operators.py
[2023-10-16T17:32:48.374+0000] {logging_mixin.py:151} INFO - [2023-10-16T17:32:48.373+0000] {dag.py:2915} INFO - Sync 1 DAGs
[2023-10-16T17:32:48.398+0000] {logging_mixin.py:151} INFO - [2023-10-16T17:32:48.397+0000] {dag.py:3696} INFO - Setting next_dagrun for example_dynamic_task_mapping_with_no_taskflow_operators to 2023-10-15T17:32:48.397555+00:00, run_after=2023-10-16T17:32:48.397555+00:00
[2023-10-16T17:32:48.433+0000] {processor.py:179} INFO - Processing /home/airflow/.local/lib/python3.8/site-packages/airflow/example_dags/example_dynamic_task_mapping_with_no_taskflow_operators.py took 0.096 seconds
[2023-10-16T17:33:18.501+0000] {processor.py:157} INFO - Started process (PID=479) to work on /home/airflow/.local/lib/python3.8/site-packages/airflow/example_dags/example_dynamic_task_mapping_with_no_taskflow_operators.py
[2023-10-16T17:33:18.502+0000] {processor.py:829} INFO - Processing file /home/airflow/.local/lib/python3.8/site-packages/airflow/example_dags/example_dynamic_task_mapping_with_no_taskflow_operators.py for tasks to queue
[2023-10-16T17:33:18.504+0000] {logging_mixin.py:151} INFO - [2023-10-16T17:33:18.504+0000] {dagbag.py:539} INFO - Filling up the DagBag from /home/airflow/.local/lib/python3.8/site-packages/airflow/example_dags/example_dynamic_task_mapping_with_no_taskflow_operators.py
[2023-10-16T17:33:18.509+0000] {processor.py:839} INFO - DAG(s) dict_keys(['example_dynamic_task_mapping_with_no_taskflow_operators']) retrieved from /home/airflow/.local/lib/python3.8/site-packages/airflow/example_dags/example_dynamic_task_mapping_with_no_taskflow_operators.py
[2023-10-16T17:33:18.524+0000] {logging_mixin.py:151} INFO - [2023-10-16T17:33:18.524+0000] {dag.py:2915} INFO - Sync 1 DAGs
[2023-10-16T17:33:18.543+0000] {logging_mixin.py:151} INFO - [2023-10-16T17:33:18.543+0000] {dag.py:3696} INFO - Setting next_dagrun for example_dynamic_task_mapping_with_no_taskflow_operators to 2023-10-15T17:33:18.543298+00:00, run_after=2023-10-16T17:33:18.543298+00:00
[2023-10-16T17:33:18.565+0000] {processor.py:179} INFO - Processing /home/airflow/.local/lib/python3.8/site-packages/airflow/example_dags/example_dynamic_task_mapping_with_no_taskflow_operators.py took 0.067 seconds
[2023-10-16T17:33:49.124+0000] {processor.py:157} INFO - Started process (PID=534) to work on /home/airflow/.local/lib/python3.8/site-packages/airflow/example_dags/example_dynamic_task_mapping_with_no_taskflow_operators.py
[2023-10-16T17:33:49.125+0000] {processor.py:829} INFO - Processing file /home/airflow/.local/lib/python3.8/site-packages/airflow/example_dags/example_dynamic_task_mapping_with_no_taskflow_operators.py for tasks to queue
[2023-10-16T17:33:49.127+0000] {logging_mixin.py:151} INFO - [2023-10-16T17:33:49.126+0000] {dagbag.py:539} INFO - Filling up the DagBag from /home/airflow/.local/lib/python3.8/site-packages/airflow/example_dags/example_dynamic_task_mapping_with_no_taskflow_operators.py
[2023-10-16T17:33:49.132+0000] {processor.py:839} INFO - DAG(s) dict_keys(['example_dynamic_task_mapping_with_no_taskflow_operators']) retrieved from /home/airflow/.local/lib/python3.8/site-packages/airflow/example_dags/example_dynamic_task_mapping_with_no_taskflow_operators.py
[2023-10-16T17:33:49.147+0000] {logging_mixin.py:151} INFO - [2023-10-16T17:33:49.147+0000] {dag.py:2915} INFO - Sync 1 DAGs
[2023-10-16T17:33:49.163+0000] {logging_mixin.py:151} INFO - [2023-10-16T17:33:49.163+0000] {dag.py:3696} INFO - Setting next_dagrun for example_dynamic_task_mapping_with_no_taskflow_operators to 2023-10-15T17:33:49.163449+00:00, run_after=2023-10-16T17:33:49.163449+00:00
[2023-10-16T17:33:49.198+0000] {processor.py:179} INFO - Processing /home/airflow/.local/lib/python3.8/site-packages/airflow/example_dags/example_dynamic_task_mapping_with_no_taskflow_operators.py took 0.078 seconds
