[2023-10-16T17:29:28.780+0000] {processor.py:157} INFO - Started process (PID=66) to work on /home/airflow/.local/lib/python3.8/site-packages/airflow/example_dags/example_sla_dag.py
[2023-10-16T17:29:28.782+0000] {processor.py:829} INFO - Processing file /home/airflow/.local/lib/python3.8/site-packages/airflow/example_dags/example_sla_dag.py for tasks to queue
[2023-10-16T17:29:28.789+0000] {logging_mixin.py:151} INFO - [2023-10-16T17:29:28.789+0000] {dagbag.py:539} INFO - Filling up the DagBag from /home/airflow/.local/lib/python3.8/site-packages/airflow/example_dags/example_sla_dag.py
[2023-10-16T17:29:28.818+0000] {processor.py:839} INFO - DAG(s) dict_keys(['example_sla_dag']) retrieved from /home/airflow/.local/lib/python3.8/site-packages/airflow/example_dags/example_sla_dag.py
[2023-10-16T17:29:29.082+0000] {logging_mixin.py:151} INFO - [2023-10-16T17:29:29.082+0000] {manager.py:499} INFO - Created Permission View: %s
[2023-10-16T17:29:29.108+0000] {logging_mixin.py:151} INFO - [2023-10-16T17:29:29.107+0000] {manager.py:499} INFO - Created Permission View: %s
[2023-10-16T17:29:29.130+0000] {logging_mixin.py:151} INFO - [2023-10-16T17:29:29.130+0000] {manager.py:499} INFO - Created Permission View: %s
[2023-10-16T17:29:29.130+0000] {logging_mixin.py:151} INFO - [2023-10-16T17:29:29.130+0000] {security.py:708} INFO - Not syncing DAG-level permissions for DAG 'DAG:example_sla_dag' as access control is unset.
[2023-10-16T17:29:29.131+0000] {logging_mixin.py:151} INFO - [2023-10-16T17:29:29.130+0000] {dag.py:2915} INFO - Sync 1 DAGs
[2023-10-16T17:29:29.146+0000] {logging_mixin.py:151} INFO - [2023-10-16T17:29:29.146+0000] {dag.py:2937} INFO - Creating ORM DAG for example_sla_dag
[2023-10-16T17:29:29.166+0000] {logging_mixin.py:151} INFO - [2023-10-16T17:29:29.166+0000] {dag.py:3696} INFO - Setting next_dagrun for example_sla_dag to 2023-10-16T17:26:00+00:00, run_after=2023-10-16T17:28:00+00:00
[2023-10-16T17:29:29.193+0000] {processor.py:179} INFO - Processing /home/airflow/.local/lib/python3.8/site-packages/airflow/example_dags/example_sla_dag.py took 0.418 seconds
[2023-10-16T17:29:59.221+0000] {processor.py:157} INFO - Started process (PID=121) to work on /home/airflow/.local/lib/python3.8/site-packages/airflow/example_dags/example_sla_dag.py
[2023-10-16T17:29:59.222+0000] {processor.py:829} INFO - Processing file /home/airflow/.local/lib/python3.8/site-packages/airflow/example_dags/example_sla_dag.py for tasks to queue
[2023-10-16T17:29:59.224+0000] {logging_mixin.py:151} INFO - [2023-10-16T17:29:59.224+0000] {dagbag.py:539} INFO - Filling up the DagBag from /home/airflow/.local/lib/python3.8/site-packages/airflow/example_dags/example_sla_dag.py
[2023-10-16T17:29:59.233+0000] {processor.py:839} INFO - DAG(s) dict_keys(['example_sla_dag']) retrieved from /home/airflow/.local/lib/python3.8/site-packages/airflow/example_dags/example_sla_dag.py
[2023-10-16T17:29:59.249+0000] {logging_mixin.py:151} INFO - [2023-10-16T17:29:59.248+0000] {dag.py:2915} INFO - Sync 1 DAGs
[2023-10-16T17:29:59.268+0000] {logging_mixin.py:151} INFO - [2023-10-16T17:29:59.268+0000] {dag.py:3696} INFO - Setting next_dagrun for example_sla_dag to 2023-10-16T17:26:00+00:00, run_after=2023-10-16T17:28:00+00:00
[2023-10-16T17:29:59.290+0000] {processor.py:179} INFO - Processing /home/airflow/.local/lib/python3.8/site-packages/airflow/example_dags/example_sla_dag.py took 0.072 seconds
[2023-10-16T17:30:29.435+0000] {processor.py:157} INFO - Started process (PID=176) to work on /home/airflow/.local/lib/python3.8/site-packages/airflow/example_dags/example_sla_dag.py
[2023-10-16T17:30:29.436+0000] {processor.py:829} INFO - Processing file /home/airflow/.local/lib/python3.8/site-packages/airflow/example_dags/example_sla_dag.py for tasks to queue
[2023-10-16T17:30:29.437+0000] {logging_mixin.py:151} INFO - [2023-10-16T17:30:29.437+0000] {dagbag.py:539} INFO - Filling up the DagBag from /home/airflow/.local/lib/python3.8/site-packages/airflow/example_dags/example_sla_dag.py
[2023-10-16T17:30:29.444+0000] {processor.py:839} INFO - DAG(s) dict_keys(['example_sla_dag']) retrieved from /home/airflow/.local/lib/python3.8/site-packages/airflow/example_dags/example_sla_dag.py
[2023-10-16T17:30:29.461+0000] {logging_mixin.py:151} INFO - [2023-10-16T17:30:29.461+0000] {dag.py:2915} INFO - Sync 1 DAGs
[2023-10-16T17:30:29.485+0000] {logging_mixin.py:151} INFO - [2023-10-16T17:30:29.485+0000] {dag.py:3696} INFO - Setting next_dagrun for example_sla_dag to 2023-10-16T17:28:00+00:00, run_after=2023-10-16T17:30:00+00:00
[2023-10-16T17:30:29.507+0000] {processor.py:179} INFO - Processing /home/airflow/.local/lib/python3.8/site-packages/airflow/example_dags/example_sla_dag.py took 0.075 seconds
[2023-10-16T17:31:00.444+0000] {processor.py:157} INFO - Started process (PID=231) to work on /home/airflow/.local/lib/python3.8/site-packages/airflow/example_dags/example_sla_dag.py
[2023-10-16T17:31:00.444+0000] {processor.py:829} INFO - Processing file /home/airflow/.local/lib/python3.8/site-packages/airflow/example_dags/example_sla_dag.py for tasks to queue
[2023-10-16T17:31:00.446+0000] {logging_mixin.py:151} INFO - [2023-10-16T17:31:00.446+0000] {dagbag.py:539} INFO - Filling up the DagBag from /home/airflow/.local/lib/python3.8/site-packages/airflow/example_dags/example_sla_dag.py
[2023-10-16T17:31:00.456+0000] {processor.py:839} INFO - DAG(s) dict_keys(['example_sla_dag']) retrieved from /home/airflow/.local/lib/python3.8/site-packages/airflow/example_dags/example_sla_dag.py
[2023-10-16T17:31:00.498+0000] {logging_mixin.py:151} INFO - [2023-10-16T17:31:00.497+0000] {dag.py:2915} INFO - Sync 1 DAGs
[2023-10-16T17:31:00.529+0000] {logging_mixin.py:151} INFO - [2023-10-16T17:31:00.529+0000] {dag.py:3696} INFO - Setting next_dagrun for example_sla_dag to 2023-10-16T17:28:00+00:00, run_after=2023-10-16T17:30:00+00:00
[2023-10-16T17:31:00.577+0000] {processor.py:179} INFO - Processing /home/airflow/.local/lib/python3.8/site-packages/airflow/example_dags/example_sla_dag.py took 0.137 seconds
[2023-10-16T17:31:31.125+0000] {processor.py:157} INFO - Started process (PID=287) to work on /home/airflow/.local/lib/python3.8/site-packages/airflow/example_dags/example_sla_dag.py
[2023-10-16T17:31:31.125+0000] {processor.py:829} INFO - Processing file /home/airflow/.local/lib/python3.8/site-packages/airflow/example_dags/example_sla_dag.py for tasks to queue
[2023-10-16T17:31:31.128+0000] {logging_mixin.py:151} INFO - [2023-10-16T17:31:31.127+0000] {dagbag.py:539} INFO - Filling up the DagBag from /home/airflow/.local/lib/python3.8/site-packages/airflow/example_dags/example_sla_dag.py
[2023-10-16T17:31:31.138+0000] {processor.py:839} INFO - DAG(s) dict_keys(['example_sla_dag']) retrieved from /home/airflow/.local/lib/python3.8/site-packages/airflow/example_dags/example_sla_dag.py
[2023-10-16T17:31:31.161+0000] {logging_mixin.py:151} INFO - [2023-10-16T17:31:31.160+0000] {dag.py:2915} INFO - Sync 1 DAGs
[2023-10-16T17:31:31.185+0000] {logging_mixin.py:151} INFO - [2023-10-16T17:31:31.184+0000] {dag.py:3696} INFO - Setting next_dagrun for example_sla_dag to 2023-10-16T17:28:00+00:00, run_after=2023-10-16T17:30:00+00:00
[2023-10-16T17:31:31.210+0000] {processor.py:179} INFO - Processing /home/airflow/.local/lib/python3.8/site-packages/airflow/example_dags/example_sla_dag.py took 0.089 seconds
[2023-10-16T17:32:01.799+0000] {processor.py:157} INFO - Started process (PID=342) to work on /home/airflow/.local/lib/python3.8/site-packages/airflow/example_dags/example_sla_dag.py
[2023-10-16T17:32:01.800+0000] {processor.py:829} INFO - Processing file /home/airflow/.local/lib/python3.8/site-packages/airflow/example_dags/example_sla_dag.py for tasks to queue
[2023-10-16T17:32:01.802+0000] {logging_mixin.py:151} INFO - [2023-10-16T17:32:01.802+0000] {dagbag.py:539} INFO - Filling up the DagBag from /home/airflow/.local/lib/python3.8/site-packages/airflow/example_dags/example_sla_dag.py
[2023-10-16T17:32:01.812+0000] {processor.py:839} INFO - DAG(s) dict_keys(['example_sla_dag']) retrieved from /home/airflow/.local/lib/python3.8/site-packages/airflow/example_dags/example_sla_dag.py
[2023-10-16T17:32:01.833+0000] {logging_mixin.py:151} INFO - [2023-10-16T17:32:01.833+0000] {dag.py:2915} INFO - Sync 1 DAGs
[2023-10-16T17:32:01.861+0000] {logging_mixin.py:151} INFO - [2023-10-16T17:32:01.860+0000] {dag.py:3696} INFO - Setting next_dagrun for example_sla_dag to 2023-10-16T17:30:00+00:00, run_after=2023-10-16T17:32:00+00:00
[2023-10-16T17:32:01.886+0000] {processor.py:179} INFO - Processing /home/airflow/.local/lib/python3.8/site-packages/airflow/example_dags/example_sla_dag.py took 0.091 seconds
[2023-10-16T17:32:32.577+0000] {processor.py:157} INFO - Started process (PID=397) to work on /home/airflow/.local/lib/python3.8/site-packages/airflow/example_dags/example_sla_dag.py
[2023-10-16T17:32:32.579+0000] {processor.py:829} INFO - Processing file /home/airflow/.local/lib/python3.8/site-packages/airflow/example_dags/example_sla_dag.py for tasks to queue
[2023-10-16T17:32:32.581+0000] {logging_mixin.py:151} INFO - [2023-10-16T17:32:32.581+0000] {dagbag.py:539} INFO - Filling up the DagBag from /home/airflow/.local/lib/python3.8/site-packages/airflow/example_dags/example_sla_dag.py
[2023-10-16T17:32:32.612+0000] {processor.py:839} INFO - DAG(s) dict_keys(['example_sla_dag']) retrieved from /home/airflow/.local/lib/python3.8/site-packages/airflow/example_dags/example_sla_dag.py
[2023-10-16T17:32:32.716+0000] {logging_mixin.py:151} INFO - [2023-10-16T17:32:32.716+0000] {dag.py:2915} INFO - Sync 1 DAGs
[2023-10-16T17:32:32.759+0000] {logging_mixin.py:151} INFO - [2023-10-16T17:32:32.759+0000] {dag.py:3696} INFO - Setting next_dagrun for example_sla_dag to 2023-10-16T17:30:00+00:00, run_after=2023-10-16T17:32:00+00:00
[2023-10-16T17:32:32.795+0000] {processor.py:179} INFO - Processing /home/airflow/.local/lib/python3.8/site-packages/airflow/example_dags/example_sla_dag.py took 0.236 seconds
[2023-10-16T17:33:03.648+0000] {processor.py:157} INFO - Started process (PID=452) to work on /home/airflow/.local/lib/python3.8/site-packages/airflow/example_dags/example_sla_dag.py
[2023-10-16T17:33:03.649+0000] {processor.py:829} INFO - Processing file /home/airflow/.local/lib/python3.8/site-packages/airflow/example_dags/example_sla_dag.py for tasks to queue
[2023-10-16T17:33:03.654+0000] {logging_mixin.py:151} INFO - [2023-10-16T17:33:03.654+0000] {dagbag.py:539} INFO - Filling up the DagBag from /home/airflow/.local/lib/python3.8/site-packages/airflow/example_dags/example_sla_dag.py
[2023-10-16T17:33:03.670+0000] {processor.py:839} INFO - DAG(s) dict_keys(['example_sla_dag']) retrieved from /home/airflow/.local/lib/python3.8/site-packages/airflow/example_dags/example_sla_dag.py
[2023-10-16T17:33:03.696+0000] {logging_mixin.py:151} INFO - [2023-10-16T17:33:03.696+0000] {dag.py:2915} INFO - Sync 1 DAGs
[2023-10-16T17:33:03.742+0000] {logging_mixin.py:151} INFO - [2023-10-16T17:33:03.742+0000] {dag.py:3696} INFO - Setting next_dagrun for example_sla_dag to 2023-10-16T17:30:00+00:00, run_after=2023-10-16T17:32:00+00:00
[2023-10-16T17:33:03.788+0000] {processor.py:179} INFO - Processing /home/airflow/.local/lib/python3.8/site-packages/airflow/example_dags/example_sla_dag.py took 0.149 seconds
[2023-10-16T17:33:34.407+0000] {processor.py:157} INFO - Started process (PID=506) to work on /home/airflow/.local/lib/python3.8/site-packages/airflow/example_dags/example_sla_dag.py
[2023-10-16T17:33:34.413+0000] {processor.py:829} INFO - Processing file /home/airflow/.local/lib/python3.8/site-packages/airflow/example_dags/example_sla_dag.py for tasks to queue
[2023-10-16T17:33:34.415+0000] {logging_mixin.py:151} INFO - [2023-10-16T17:33:34.414+0000] {dagbag.py:539} INFO - Filling up the DagBag from /home/airflow/.local/lib/python3.8/site-packages/airflow/example_dags/example_sla_dag.py
[2023-10-16T17:33:34.486+0000] {processor.py:839} INFO - DAG(s) dict_keys(['example_sla_dag']) retrieved from /home/airflow/.local/lib/python3.8/site-packages/airflow/example_dags/example_sla_dag.py
[2023-10-16T17:33:34.574+0000] {logging_mixin.py:151} INFO - [2023-10-16T17:33:34.574+0000] {dag.py:2915} INFO - Sync 1 DAGs
[2023-10-16T17:33:34.622+0000] {logging_mixin.py:151} INFO - [2023-10-16T17:33:34.622+0000] {dag.py:3696} INFO - Setting next_dagrun for example_sla_dag to 2023-10-16T17:30:00+00:00, run_after=2023-10-16T17:32:00+00:00
[2023-10-16T17:33:34.657+0000] {processor.py:179} INFO - Processing /home/airflow/.local/lib/python3.8/site-packages/airflow/example_dags/example_sla_dag.py took 0.253 seconds
