[2023-10-16T17:29:24.940+0000] {processor.py:157} INFO - Started process (PID=56) to work on /home/airflow/.local/lib/python3.8/site-packages/airflow/example_dags/example_complex.py
[2023-10-16T17:29:24.941+0000] {processor.py:829} INFO - Processing file /home/airflow/.local/lib/python3.8/site-packages/airflow/example_dags/example_complex.py for tasks to queue
[2023-10-16T17:29:24.943+0000] {logging_mixin.py:151} INFO - [2023-10-16T17:29:24.943+0000] {dagbag.py:539} INFO - Filling up the DagBag from /home/airflow/.local/lib/python3.8/site-packages/airflow/example_dags/example_complex.py
[2023-10-16T17:29:24.961+0000] {processor.py:839} INFO - DAG(s) dict_keys(['example_complex']) retrieved from /home/airflow/.local/lib/python3.8/site-packages/airflow/example_dags/example_complex.py
[2023-10-16T17:29:25.161+0000] {logging_mixin.py:151} INFO - [2023-10-16T17:29:25.160+0000] {manager.py:499} INFO - Created Permission View: %s
[2023-10-16T17:29:25.195+0000] {logging_mixin.py:151} INFO - [2023-10-16T17:29:25.195+0000] {manager.py:499} INFO - Created Permission View: %s
[2023-10-16T17:29:25.220+0000] {logging_mixin.py:151} INFO - [2023-10-16T17:29:25.219+0000] {manager.py:499} INFO - Created Permission View: %s
[2023-10-16T17:29:25.220+0000] {logging_mixin.py:151} INFO - [2023-10-16T17:29:25.220+0000] {security.py:708} INFO - Not syncing DAG-level permissions for DAG 'DAG:example_complex' as access control is unset.
[2023-10-16T17:29:25.220+0000] {logging_mixin.py:151} INFO - [2023-10-16T17:29:25.220+0000] {dag.py:2915} INFO - Sync 1 DAGs
[2023-10-16T17:29:25.248+0000] {logging_mixin.py:151} INFO - [2023-10-16T17:29:25.248+0000] {dag.py:2937} INFO - Creating ORM DAG for example_complex
[2023-10-16T17:29:25.249+0000] {logging_mixin.py:151} INFO - [2023-10-16T17:29:25.249+0000] {dag.py:3696} INFO - Setting next_dagrun for example_complex to None, run_after=None
[2023-10-16T17:29:25.291+0000] {processor.py:179} INFO - Processing /home/airflow/.local/lib/python3.8/site-packages/airflow/example_dags/example_complex.py took 0.355 seconds
[2023-10-16T17:29:56.290+0000] {processor.py:157} INFO - Started process (PID=111) to work on /home/airflow/.local/lib/python3.8/site-packages/airflow/example_dags/example_complex.py
[2023-10-16T17:29:56.295+0000] {processor.py:829} INFO - Processing file /home/airflow/.local/lib/python3.8/site-packages/airflow/example_dags/example_complex.py for tasks to queue
[2023-10-16T17:29:56.299+0000] {logging_mixin.py:151} INFO - [2023-10-16T17:29:56.297+0000] {dagbag.py:539} INFO - Filling up the DagBag from /home/airflow/.local/lib/python3.8/site-packages/airflow/example_dags/example_complex.py
[2023-10-16T17:29:56.336+0000] {processor.py:839} INFO - DAG(s) dict_keys(['example_complex']) retrieved from /home/airflow/.local/lib/python3.8/site-packages/airflow/example_dags/example_complex.py
[2023-10-16T17:29:56.417+0000] {logging_mixin.py:151} INFO - [2023-10-16T17:29:56.417+0000] {dag.py:2915} INFO - Sync 1 DAGs
[2023-10-16T17:29:56.441+0000] {logging_mixin.py:151} INFO - [2023-10-16T17:29:56.440+0000] {dag.py:3696} INFO - Setting next_dagrun for example_complex to None, run_after=None
[2023-10-16T17:29:56.483+0000] {processor.py:179} INFO - Processing /home/airflow/.local/lib/python3.8/site-packages/airflow/example_dags/example_complex.py took 0.203 seconds
[2023-10-16T17:30:26.722+0000] {processor.py:157} INFO - Started process (PID=166) to work on /home/airflow/.local/lib/python3.8/site-packages/airflow/example_dags/example_complex.py
[2023-10-16T17:30:26.723+0000] {processor.py:829} INFO - Processing file /home/airflow/.local/lib/python3.8/site-packages/airflow/example_dags/example_complex.py for tasks to queue
[2023-10-16T17:30:26.725+0000] {logging_mixin.py:151} INFO - [2023-10-16T17:30:26.725+0000] {dagbag.py:539} INFO - Filling up the DagBag from /home/airflow/.local/lib/python3.8/site-packages/airflow/example_dags/example_complex.py
[2023-10-16T17:30:26.742+0000] {processor.py:839} INFO - DAG(s) dict_keys(['example_complex']) retrieved from /home/airflow/.local/lib/python3.8/site-packages/airflow/example_dags/example_complex.py
[2023-10-16T17:30:26.778+0000] {logging_mixin.py:151} INFO - [2023-10-16T17:30:26.778+0000] {dag.py:2915} INFO - Sync 1 DAGs
[2023-10-16T17:30:26.792+0000] {logging_mixin.py:151} INFO - [2023-10-16T17:30:26.792+0000] {dag.py:3696} INFO - Setting next_dagrun for example_complex to None, run_after=None
[2023-10-16T17:30:26.818+0000] {processor.py:179} INFO - Processing /home/airflow/.local/lib/python3.8/site-packages/airflow/example_dags/example_complex.py took 0.100 seconds
[2023-10-16T17:30:57.660+0000] {processor.py:157} INFO - Started process (PID=221) to work on /home/airflow/.local/lib/python3.8/site-packages/airflow/example_dags/example_complex.py
[2023-10-16T17:30:57.662+0000] {processor.py:829} INFO - Processing file /home/airflow/.local/lib/python3.8/site-packages/airflow/example_dags/example_complex.py for tasks to queue
[2023-10-16T17:30:57.664+0000] {logging_mixin.py:151} INFO - [2023-10-16T17:30:57.663+0000] {dagbag.py:539} INFO - Filling up the DagBag from /home/airflow/.local/lib/python3.8/site-packages/airflow/example_dags/example_complex.py
[2023-10-16T17:30:57.678+0000] {processor.py:839} INFO - DAG(s) dict_keys(['example_complex']) retrieved from /home/airflow/.local/lib/python3.8/site-packages/airflow/example_dags/example_complex.py
[2023-10-16T17:30:57.714+0000] {logging_mixin.py:151} INFO - [2023-10-16T17:30:57.714+0000] {dag.py:2915} INFO - Sync 1 DAGs
[2023-10-16T17:30:57.727+0000] {logging_mixin.py:151} INFO - [2023-10-16T17:30:57.727+0000] {dag.py:3696} INFO - Setting next_dagrun for example_complex to None, run_after=None
[2023-10-16T17:30:57.765+0000] {processor.py:179} INFO - Processing /home/airflow/.local/lib/python3.8/site-packages/airflow/example_dags/example_complex.py took 0.109 seconds
[2023-10-16T17:31:28.298+0000] {processor.py:157} INFO - Started process (PID=277) to work on /home/airflow/.local/lib/python3.8/site-packages/airflow/example_dags/example_complex.py
[2023-10-16T17:31:28.303+0000] {processor.py:829} INFO - Processing file /home/airflow/.local/lib/python3.8/site-packages/airflow/example_dags/example_complex.py for tasks to queue
[2023-10-16T17:31:28.311+0000] {logging_mixin.py:151} INFO - [2023-10-16T17:31:28.307+0000] {dagbag.py:539} INFO - Filling up the DagBag from /home/airflow/.local/lib/python3.8/site-packages/airflow/example_dags/example_complex.py
[2023-10-16T17:31:28.355+0000] {processor.py:839} INFO - DAG(s) dict_keys(['example_complex']) retrieved from /home/airflow/.local/lib/python3.8/site-packages/airflow/example_dags/example_complex.py
[2023-10-16T17:31:28.426+0000] {logging_mixin.py:151} INFO - [2023-10-16T17:31:28.426+0000] {dag.py:2915} INFO - Sync 1 DAGs
[2023-10-16T17:31:28.439+0000] {logging_mixin.py:151} INFO - [2023-10-16T17:31:28.439+0000] {dag.py:3696} INFO - Setting next_dagrun for example_complex to None, run_after=None
[2023-10-16T17:31:28.468+0000] {processor.py:179} INFO - Processing /home/airflow/.local/lib/python3.8/site-packages/airflow/example_dags/example_complex.py took 0.182 seconds
[2023-10-16T17:31:58.864+0000] {processor.py:157} INFO - Started process (PID=332) to work on /home/airflow/.local/lib/python3.8/site-packages/airflow/example_dags/example_complex.py
[2023-10-16T17:31:58.865+0000] {processor.py:829} INFO - Processing file /home/airflow/.local/lib/python3.8/site-packages/airflow/example_dags/example_complex.py for tasks to queue
[2023-10-16T17:31:58.867+0000] {logging_mixin.py:151} INFO - [2023-10-16T17:31:58.867+0000] {dagbag.py:539} INFO - Filling up the DagBag from /home/airflow/.local/lib/python3.8/site-packages/airflow/example_dags/example_complex.py
[2023-10-16T17:31:58.900+0000] {processor.py:839} INFO - DAG(s) dict_keys(['example_complex']) retrieved from /home/airflow/.local/lib/python3.8/site-packages/airflow/example_dags/example_complex.py
[2023-10-16T17:31:58.965+0000] {logging_mixin.py:151} INFO - [2023-10-16T17:31:58.965+0000] {dag.py:2915} INFO - Sync 1 DAGs
[2023-10-16T17:31:58.994+0000] {logging_mixin.py:151} INFO - [2023-10-16T17:31:58.994+0000] {dag.py:3696} INFO - Setting next_dagrun for example_complex to None, run_after=None
[2023-10-16T17:31:59.039+0000] {processor.py:179} INFO - Processing /home/airflow/.local/lib/python3.8/site-packages/airflow/example_dags/example_complex.py took 0.179 seconds
[2023-10-16T17:32:29.183+0000] {processor.py:157} INFO - Started process (PID=387) to work on /home/airflow/.local/lib/python3.8/site-packages/airflow/example_dags/example_complex.py
[2023-10-16T17:32:29.192+0000] {processor.py:829} INFO - Processing file /home/airflow/.local/lib/python3.8/site-packages/airflow/example_dags/example_complex.py for tasks to queue
[2023-10-16T17:32:29.195+0000] {logging_mixin.py:151} INFO - [2023-10-16T17:32:29.195+0000] {dagbag.py:539} INFO - Filling up the DagBag from /home/airflow/.local/lib/python3.8/site-packages/airflow/example_dags/example_complex.py
[2023-10-16T17:32:29.226+0000] {processor.py:839} INFO - DAG(s) dict_keys(['example_complex']) retrieved from /home/airflow/.local/lib/python3.8/site-packages/airflow/example_dags/example_complex.py
[2023-10-16T17:32:29.299+0000] {logging_mixin.py:151} INFO - [2023-10-16T17:32:29.298+0000] {dag.py:2915} INFO - Sync 1 DAGs
[2023-10-16T17:32:29.328+0000] {logging_mixin.py:151} INFO - [2023-10-16T17:32:29.327+0000] {dag.py:3696} INFO - Setting next_dagrun for example_complex to None, run_after=None
[2023-10-16T17:32:29.371+0000] {processor.py:179} INFO - Processing /home/airflow/.local/lib/python3.8/site-packages/airflow/example_dags/example_complex.py took 0.192 seconds
[2023-10-16T17:33:00.115+0000] {processor.py:157} INFO - Started process (PID=442) to work on /home/airflow/.local/lib/python3.8/site-packages/airflow/example_dags/example_complex.py
[2023-10-16T17:33:00.116+0000] {processor.py:829} INFO - Processing file /home/airflow/.local/lib/python3.8/site-packages/airflow/example_dags/example_complex.py for tasks to queue
[2023-10-16T17:33:00.118+0000] {logging_mixin.py:151} INFO - [2023-10-16T17:33:00.118+0000] {dagbag.py:539} INFO - Filling up the DagBag from /home/airflow/.local/lib/python3.8/site-packages/airflow/example_dags/example_complex.py
[2023-10-16T17:33:00.133+0000] {processor.py:839} INFO - DAG(s) dict_keys(['example_complex']) retrieved from /home/airflow/.local/lib/python3.8/site-packages/airflow/example_dags/example_complex.py
[2023-10-16T17:33:00.178+0000] {logging_mixin.py:151} INFO - [2023-10-16T17:33:00.178+0000] {dag.py:2915} INFO - Sync 1 DAGs
[2023-10-16T17:33:00.193+0000] {logging_mixin.py:151} INFO - [2023-10-16T17:33:00.192+0000] {dag.py:3696} INFO - Setting next_dagrun for example_complex to None, run_after=None
[2023-10-16T17:33:00.219+0000] {processor.py:179} INFO - Processing /home/airflow/.local/lib/python3.8/site-packages/airflow/example_dags/example_complex.py took 0.106 seconds
[2023-10-16T17:33:31.356+0000] {processor.py:157} INFO - Started process (PID=496) to work on /home/airflow/.local/lib/python3.8/site-packages/airflow/example_dags/example_complex.py
[2023-10-16T17:33:31.357+0000] {processor.py:829} INFO - Processing file /home/airflow/.local/lib/python3.8/site-packages/airflow/example_dags/example_complex.py for tasks to queue
[2023-10-16T17:33:31.359+0000] {logging_mixin.py:151} INFO - [2023-10-16T17:33:31.359+0000] {dagbag.py:539} INFO - Filling up the DagBag from /home/airflow/.local/lib/python3.8/site-packages/airflow/example_dags/example_complex.py
[2023-10-16T17:33:31.374+0000] {processor.py:839} INFO - DAG(s) dict_keys(['example_complex']) retrieved from /home/airflow/.local/lib/python3.8/site-packages/airflow/example_dags/example_complex.py
[2023-10-16T17:33:31.412+0000] {logging_mixin.py:151} INFO - [2023-10-16T17:33:31.411+0000] {dag.py:2915} INFO - Sync 1 DAGs
[2023-10-16T17:33:31.426+0000] {logging_mixin.py:151} INFO - [2023-10-16T17:33:31.426+0000] {dag.py:3696} INFO - Setting next_dagrun for example_complex to None, run_after=None
[2023-10-16T17:33:31.462+0000] {processor.py:179} INFO - Processing /home/airflow/.local/lib/python3.8/site-packages/airflow/example_dags/example_complex.py took 0.109 seconds
