[2023-10-16T17:29:29.134+0000] {processor.py:157} INFO - Started process (PID=67) to work on /home/airflow/.local/lib/python3.8/site-packages/airflow/example_dags/example_time_delta_sensor_async.py
[2023-10-16T17:29:29.135+0000] {processor.py:829} INFO - Processing file /home/airflow/.local/lib/python3.8/site-packages/airflow/example_dags/example_time_delta_sensor_async.py for tasks to queue
[2023-10-16T17:29:29.138+0000] {logging_mixin.py:151} INFO - [2023-10-16T17:29:29.137+0000] {dagbag.py:539} INFO - Filling up the DagBag from /home/airflow/.local/lib/python3.8/site-packages/airflow/example_dags/example_time_delta_sensor_async.py
[2023-10-16T17:29:29.144+0000] {processor.py:839} INFO - DAG(s) dict_keys(['example_time_delta_sensor_async']) retrieved from /home/airflow/.local/lib/python3.8/site-packages/airflow/example_dags/example_time_delta_sensor_async.py
[2023-10-16T17:29:29.301+0000] {logging_mixin.py:151} INFO - [2023-10-16T17:29:29.301+0000] {manager.py:499} INFO - Created Permission View: %s
[2023-10-16T17:29:29.330+0000] {logging_mixin.py:151} INFO - [2023-10-16T17:29:29.330+0000] {manager.py:499} INFO - Created Permission View: %s
[2023-10-16T17:29:29.352+0000] {logging_mixin.py:151} INFO - [2023-10-16T17:29:29.351+0000] {manager.py:499} INFO - Created Permission View: %s
[2023-10-16T17:29:29.352+0000] {logging_mixin.py:151} INFO - [2023-10-16T17:29:29.352+0000] {security.py:708} INFO - Not syncing DAG-level permissions for DAG 'DAG:example_time_delta_sensor_async' as access control is unset.
[2023-10-16T17:29:29.352+0000] {logging_mixin.py:151} INFO - [2023-10-16T17:29:29.352+0000] {dag.py:2915} INFO - Sync 1 DAGs
[2023-10-16T17:29:29.369+0000] {logging_mixin.py:151} INFO - [2023-10-16T17:29:29.369+0000] {dag.py:2937} INFO - Creating ORM DAG for example_time_delta_sensor_async
[2023-10-16T17:29:29.369+0000] {logging_mixin.py:151} INFO - [2023-10-16T17:29:29.369+0000] {dag.py:3696} INFO - Setting next_dagrun for example_time_delta_sensor_async to None, run_after=None
[2023-10-16T17:29:29.396+0000] {processor.py:179} INFO - Processing /home/airflow/.local/lib/python3.8/site-packages/airflow/example_dags/example_time_delta_sensor_async.py took 0.265 seconds
[2023-10-16T17:30:00.230+0000] {processor.py:157} INFO - Started process (PID=122) to work on /home/airflow/.local/lib/python3.8/site-packages/airflow/example_dags/example_time_delta_sensor_async.py
[2023-10-16T17:30:00.231+0000] {processor.py:829} INFO - Processing file /home/airflow/.local/lib/python3.8/site-packages/airflow/example_dags/example_time_delta_sensor_async.py for tasks to queue
[2023-10-16T17:30:00.233+0000] {logging_mixin.py:151} INFO - [2023-10-16T17:30:00.233+0000] {dagbag.py:539} INFO - Filling up the DagBag from /home/airflow/.local/lib/python3.8/site-packages/airflow/example_dags/example_time_delta_sensor_async.py
[2023-10-16T17:30:00.239+0000] {processor.py:839} INFO - DAG(s) dict_keys(['example_time_delta_sensor_async']) retrieved from /home/airflow/.local/lib/python3.8/site-packages/airflow/example_dags/example_time_delta_sensor_async.py
[2023-10-16T17:30:00.262+0000] {logging_mixin.py:151} INFO - [2023-10-16T17:30:00.262+0000] {dag.py:2915} INFO - Sync 1 DAGs
[2023-10-16T17:30:00.277+0000] {logging_mixin.py:151} INFO - [2023-10-16T17:30:00.277+0000] {dag.py:3696} INFO - Setting next_dagrun for example_time_delta_sensor_async to None, run_after=None
[2023-10-16T17:30:00.306+0000] {processor.py:179} INFO - Processing /home/airflow/.local/lib/python3.8/site-packages/airflow/example_dags/example_time_delta_sensor_async.py took 0.079 seconds
[2023-10-16T17:30:30.445+0000] {processor.py:157} INFO - Started process (PID=177) to work on /home/airflow/.local/lib/python3.8/site-packages/airflow/example_dags/example_time_delta_sensor_async.py
[2023-10-16T17:30:30.446+0000] {processor.py:829} INFO - Processing file /home/airflow/.local/lib/python3.8/site-packages/airflow/example_dags/example_time_delta_sensor_async.py for tasks to queue
[2023-10-16T17:30:30.448+0000] {logging_mixin.py:151} INFO - [2023-10-16T17:30:30.448+0000] {dagbag.py:539} INFO - Filling up the DagBag from /home/airflow/.local/lib/python3.8/site-packages/airflow/example_dags/example_time_delta_sensor_async.py
[2023-10-16T17:30:30.455+0000] {processor.py:839} INFO - DAG(s) dict_keys(['example_time_delta_sensor_async']) retrieved from /home/airflow/.local/lib/python3.8/site-packages/airflow/example_dags/example_time_delta_sensor_async.py
[2023-10-16T17:30:30.481+0000] {logging_mixin.py:151} INFO - [2023-10-16T17:30:30.480+0000] {dag.py:2915} INFO - Sync 1 DAGs
[2023-10-16T17:30:30.517+0000] {logging_mixin.py:151} INFO - [2023-10-16T17:30:30.517+0000] {dag.py:3696} INFO - Setting next_dagrun for example_time_delta_sensor_async to None, run_after=None
[2023-10-16T17:30:30.573+0000] {processor.py:179} INFO - Processing /home/airflow/.local/lib/python3.8/site-packages/airflow/example_dags/example_time_delta_sensor_async.py took 0.131 seconds
[2023-10-16T17:31:00.603+0000] {processor.py:157} INFO - Started process (PID=232) to work on /home/airflow/.local/lib/python3.8/site-packages/airflow/example_dags/example_time_delta_sensor_async.py
[2023-10-16T17:31:00.605+0000] {processor.py:829} INFO - Processing file /home/airflow/.local/lib/python3.8/site-packages/airflow/example_dags/example_time_delta_sensor_async.py for tasks to queue
[2023-10-16T17:31:00.607+0000] {logging_mixin.py:151} INFO - [2023-10-16T17:31:00.606+0000] {dagbag.py:539} INFO - Filling up the DagBag from /home/airflow/.local/lib/python3.8/site-packages/airflow/example_dags/example_time_delta_sensor_async.py
[2023-10-16T17:31:00.611+0000] {processor.py:839} INFO - DAG(s) dict_keys(['example_time_delta_sensor_async']) retrieved from /home/airflow/.local/lib/python3.8/site-packages/airflow/example_dags/example_time_delta_sensor_async.py
[2023-10-16T17:31:00.633+0000] {logging_mixin.py:151} INFO - [2023-10-16T17:31:00.633+0000] {dag.py:2915} INFO - Sync 1 DAGs
[2023-10-16T17:31:00.647+0000] {logging_mixin.py:151} INFO - [2023-10-16T17:31:00.647+0000] {dag.py:3696} INFO - Setting next_dagrun for example_time_delta_sensor_async to None, run_after=None
[2023-10-16T17:31:00.677+0000] {processor.py:179} INFO - Processing /home/airflow/.local/lib/python3.8/site-packages/airflow/example_dags/example_time_delta_sensor_async.py took 0.076 seconds
[2023-10-16T17:31:31.217+0000] {processor.py:157} INFO - Started process (PID=288) to work on /home/airflow/.local/lib/python3.8/site-packages/airflow/example_dags/example_time_delta_sensor_async.py
[2023-10-16T17:31:31.218+0000] {processor.py:829} INFO - Processing file /home/airflow/.local/lib/python3.8/site-packages/airflow/example_dags/example_time_delta_sensor_async.py for tasks to queue
[2023-10-16T17:31:31.220+0000] {logging_mixin.py:151} INFO - [2023-10-16T17:31:31.219+0000] {dagbag.py:539} INFO - Filling up the DagBag from /home/airflow/.local/lib/python3.8/site-packages/airflow/example_dags/example_time_delta_sensor_async.py
[2023-10-16T17:31:31.225+0000] {processor.py:839} INFO - DAG(s) dict_keys(['example_time_delta_sensor_async']) retrieved from /home/airflow/.local/lib/python3.8/site-packages/airflow/example_dags/example_time_delta_sensor_async.py
[2023-10-16T17:31:31.246+0000] {logging_mixin.py:151} INFO - [2023-10-16T17:31:31.246+0000] {dag.py:2915} INFO - Sync 1 DAGs
[2023-10-16T17:31:31.290+0000] {logging_mixin.py:151} INFO - [2023-10-16T17:31:31.290+0000] {dag.py:3696} INFO - Setting next_dagrun for example_time_delta_sensor_async to None, run_after=None
[2023-10-16T17:31:31.316+0000] {processor.py:179} INFO - Processing /home/airflow/.local/lib/python3.8/site-packages/airflow/example_dags/example_time_delta_sensor_async.py took 0.102 seconds
[2023-10-16T17:32:01.892+0000] {processor.py:157} INFO - Started process (PID=343) to work on /home/airflow/.local/lib/python3.8/site-packages/airflow/example_dags/example_time_delta_sensor_async.py
[2023-10-16T17:32:01.893+0000] {processor.py:829} INFO - Processing file /home/airflow/.local/lib/python3.8/site-packages/airflow/example_dags/example_time_delta_sensor_async.py for tasks to queue
[2023-10-16T17:32:01.895+0000] {logging_mixin.py:151} INFO - [2023-10-16T17:32:01.894+0000] {dagbag.py:539} INFO - Filling up the DagBag from /home/airflow/.local/lib/python3.8/site-packages/airflow/example_dags/example_time_delta_sensor_async.py
[2023-10-16T17:32:01.899+0000] {processor.py:839} INFO - DAG(s) dict_keys(['example_time_delta_sensor_async']) retrieved from /home/airflow/.local/lib/python3.8/site-packages/airflow/example_dags/example_time_delta_sensor_async.py
[2023-10-16T17:32:01.920+0000] {logging_mixin.py:151} INFO - [2023-10-16T17:32:01.920+0000] {dag.py:2915} INFO - Sync 1 DAGs
[2023-10-16T17:32:01.938+0000] {logging_mixin.py:151} INFO - [2023-10-16T17:32:01.938+0000] {dag.py:3696} INFO - Setting next_dagrun for example_time_delta_sensor_async to None, run_after=None
[2023-10-16T17:32:01.965+0000] {processor.py:179} INFO - Processing /home/airflow/.local/lib/python3.8/site-packages/airflow/example_dags/example_time_delta_sensor_async.py took 0.076 seconds
[2023-10-16T17:32:32.563+0000] {processor.py:157} INFO - Started process (PID=398) to work on /home/airflow/.local/lib/python3.8/site-packages/airflow/example_dags/example_time_delta_sensor_async.py
[2023-10-16T17:32:32.564+0000] {processor.py:829} INFO - Processing file /home/airflow/.local/lib/python3.8/site-packages/airflow/example_dags/example_time_delta_sensor_async.py for tasks to queue
[2023-10-16T17:32:32.566+0000] {logging_mixin.py:151} INFO - [2023-10-16T17:32:32.566+0000] {dagbag.py:539} INFO - Filling up the DagBag from /home/airflow/.local/lib/python3.8/site-packages/airflow/example_dags/example_time_delta_sensor_async.py
[2023-10-16T17:32:32.571+0000] {processor.py:839} INFO - DAG(s) dict_keys(['example_time_delta_sensor_async']) retrieved from /home/airflow/.local/lib/python3.8/site-packages/airflow/example_dags/example_time_delta_sensor_async.py
[2023-10-16T17:32:32.677+0000] {logging_mixin.py:151} INFO - [2023-10-16T17:32:32.677+0000] {dag.py:2915} INFO - Sync 1 DAGs
[2023-10-16T17:32:32.706+0000] {logging_mixin.py:151} INFO - [2023-10-16T17:32:32.706+0000] {dag.py:3696} INFO - Setting next_dagrun for example_time_delta_sensor_async to None, run_after=None
[2023-10-16T17:32:32.744+0000] {processor.py:179} INFO - Processing /home/airflow/.local/lib/python3.8/site-packages/airflow/example_dags/example_time_delta_sensor_async.py took 0.184 seconds
[2023-10-16T17:33:03.833+0000] {processor.py:157} INFO - Started process (PID=453) to work on /home/airflow/.local/lib/python3.8/site-packages/airflow/example_dags/example_time_delta_sensor_async.py
[2023-10-16T17:33:03.834+0000] {processor.py:829} INFO - Processing file /home/airflow/.local/lib/python3.8/site-packages/airflow/example_dags/example_time_delta_sensor_async.py for tasks to queue
[2023-10-16T17:33:03.836+0000] {logging_mixin.py:151} INFO - [2023-10-16T17:33:03.836+0000] {dagbag.py:539} INFO - Filling up the DagBag from /home/airflow/.local/lib/python3.8/site-packages/airflow/example_dags/example_time_delta_sensor_async.py
[2023-10-16T17:33:03.854+0000] {processor.py:839} INFO - DAG(s) dict_keys(['example_time_delta_sensor_async']) retrieved from /home/airflow/.local/lib/python3.8/site-packages/airflow/example_dags/example_time_delta_sensor_async.py
[2023-10-16T17:33:03.876+0000] {logging_mixin.py:151} INFO - [2023-10-16T17:33:03.876+0000] {dag.py:2915} INFO - Sync 1 DAGs
[2023-10-16T17:33:03.892+0000] {logging_mixin.py:151} INFO - [2023-10-16T17:33:03.892+0000] {dag.py:3696} INFO - Setting next_dagrun for example_time_delta_sensor_async to None, run_after=None
[2023-10-16T17:33:03.953+0000] {processor.py:179} INFO - Processing /home/airflow/.local/lib/python3.8/site-packages/airflow/example_dags/example_time_delta_sensor_async.py took 0.135 seconds
[2023-10-16T17:33:34.640+0000] {processor.py:157} INFO - Started process (PID=507) to work on /home/airflow/.local/lib/python3.8/site-packages/airflow/example_dags/example_time_delta_sensor_async.py
[2023-10-16T17:33:34.646+0000] {processor.py:829} INFO - Processing file /home/airflow/.local/lib/python3.8/site-packages/airflow/example_dags/example_time_delta_sensor_async.py for tasks to queue
[2023-10-16T17:33:34.651+0000] {logging_mixin.py:151} INFO - [2023-10-16T17:33:34.650+0000] {dagbag.py:539} INFO - Filling up the DagBag from /home/airflow/.local/lib/python3.8/site-packages/airflow/example_dags/example_time_delta_sensor_async.py
[2023-10-16T17:33:34.655+0000] {processor.py:839} INFO - DAG(s) dict_keys(['example_time_delta_sensor_async']) retrieved from /home/airflow/.local/lib/python3.8/site-packages/airflow/example_dags/example_time_delta_sensor_async.py
[2023-10-16T17:33:34.738+0000] {logging_mixin.py:151} INFO - [2023-10-16T17:33:34.738+0000] {dag.py:2915} INFO - Sync 1 DAGs
[2023-10-16T17:33:34.774+0000] {logging_mixin.py:151} INFO - [2023-10-16T17:33:34.773+0000] {dag.py:3696} INFO - Setting next_dagrun for example_time_delta_sensor_async to None, run_after=None
[2023-10-16T17:33:34.830+0000] {processor.py:179} INFO - Processing /home/airflow/.local/lib/python3.8/site-packages/airflow/example_dags/example_time_delta_sensor_async.py took 0.194 seconds
