[2023-10-16T17:29:27.248+0000] {processor.py:157} INFO - Started process (PID=61) to work on /home/airflow/.local/lib/python3.8/site-packages/airflow/example_dags/example_params_trigger_ui.py
[2023-10-16T17:29:27.251+0000] {processor.py:829} INFO - Processing file /home/airflow/.local/lib/python3.8/site-packages/airflow/example_dags/example_params_trigger_ui.py for tasks to queue
[2023-10-16T17:29:27.253+0000] {logging_mixin.py:151} INFO - [2023-10-16T17:29:27.253+0000] {dagbag.py:539} INFO - Filling up the DagBag from /home/airflow/.local/lib/python3.8/site-packages/airflow/example_dags/example_params_trigger_ui.py
[2023-10-16T17:29:27.342+0000] {processor.py:839} INFO - DAG(s) dict_keys(['example_params_trigger_ui']) retrieved from /home/airflow/.local/lib/python3.8/site-packages/airflow/example_dags/example_params_trigger_ui.py
[2023-10-16T17:29:27.908+0000] {logging_mixin.py:151} INFO - [2023-10-16T17:29:27.908+0000] {manager.py:499} INFO - Created Permission View: %s
[2023-10-16T17:29:27.954+0000] {logging_mixin.py:151} INFO - [2023-10-16T17:29:27.954+0000] {manager.py:499} INFO - Created Permission View: %s
[2023-10-16T17:29:27.977+0000] {logging_mixin.py:151} INFO - [2023-10-16T17:29:27.977+0000] {manager.py:499} INFO - Created Permission View: %s
[2023-10-16T17:29:27.977+0000] {logging_mixin.py:151} INFO - [2023-10-16T17:29:27.977+0000] {security.py:708} INFO - Not syncing DAG-level permissions for DAG 'DAG:example_params_trigger_ui' as access control is unset.
[2023-10-16T17:29:27.978+0000] {logging_mixin.py:151} INFO - [2023-10-16T17:29:27.978+0000] {dag.py:2915} INFO - Sync 1 DAGs
[2023-10-16T17:29:28.036+0000] {logging_mixin.py:151} INFO - [2023-10-16T17:29:28.036+0000] {dag.py:2937} INFO - Creating ORM DAG for example_params_trigger_ui
[2023-10-16T17:29:28.038+0000] {logging_mixin.py:151} INFO - [2023-10-16T17:29:28.037+0000] {dag.py:3696} INFO - Setting next_dagrun for example_params_trigger_ui to None, run_after=None
[2023-10-16T17:29:28.089+0000] {processor.py:179} INFO - Processing /home/airflow/.local/lib/python3.8/site-packages/airflow/example_dags/example_params_trigger_ui.py took 0.850 seconds
[2023-10-16T17:29:58.848+0000] {processor.py:157} INFO - Started process (PID=116) to work on /home/airflow/.local/lib/python3.8/site-packages/airflow/example_dags/example_params_trigger_ui.py
[2023-10-16T17:29:58.849+0000] {processor.py:829} INFO - Processing file /home/airflow/.local/lib/python3.8/site-packages/airflow/example_dags/example_params_trigger_ui.py for tasks to queue
[2023-10-16T17:29:58.851+0000] {logging_mixin.py:151} INFO - [2023-10-16T17:29:58.851+0000] {dagbag.py:539} INFO - Filling up the DagBag from /home/airflow/.local/lib/python3.8/site-packages/airflow/example_dags/example_params_trigger_ui.py
[2023-10-16T17:29:58.871+0000] {processor.py:839} INFO - DAG(s) dict_keys(['example_params_trigger_ui']) retrieved from /home/airflow/.local/lib/python3.8/site-packages/airflow/example_dags/example_params_trigger_ui.py
[2023-10-16T17:29:58.952+0000] {logging_mixin.py:151} INFO - [2023-10-16T17:29:58.951+0000] {dag.py:2915} INFO - Sync 1 DAGs
[2023-10-16T17:29:58.970+0000] {logging_mixin.py:151} INFO - [2023-10-16T17:29:58.970+0000] {dag.py:3696} INFO - Setting next_dagrun for example_params_trigger_ui to None, run_after=None
[2023-10-16T17:29:58.998+0000] {processor.py:179} INFO - Processing /home/airflow/.local/lib/python3.8/site-packages/airflow/example_dags/example_params_trigger_ui.py took 0.154 seconds
[2023-10-16T17:30:29.069+0000] {processor.py:157} INFO - Started process (PID=171) to work on /home/airflow/.local/lib/python3.8/site-packages/airflow/example_dags/example_params_trigger_ui.py
[2023-10-16T17:30:29.070+0000] {processor.py:829} INFO - Processing file /home/airflow/.local/lib/python3.8/site-packages/airflow/example_dags/example_params_trigger_ui.py for tasks to queue
[2023-10-16T17:30:29.072+0000] {logging_mixin.py:151} INFO - [2023-10-16T17:30:29.072+0000] {dagbag.py:539} INFO - Filling up the DagBag from /home/airflow/.local/lib/python3.8/site-packages/airflow/example_dags/example_params_trigger_ui.py
[2023-10-16T17:30:29.091+0000] {processor.py:839} INFO - DAG(s) dict_keys(['example_params_trigger_ui']) retrieved from /home/airflow/.local/lib/python3.8/site-packages/airflow/example_dags/example_params_trigger_ui.py
[2023-10-16T17:30:29.164+0000] {logging_mixin.py:151} INFO - [2023-10-16T17:30:29.164+0000] {dag.py:2915} INFO - Sync 1 DAGs
[2023-10-16T17:30:29.175+0000] {logging_mixin.py:151} INFO - [2023-10-16T17:30:29.175+0000] {dag.py:3696} INFO - Setting next_dagrun for example_params_trigger_ui to None, run_after=None
[2023-10-16T17:30:29.201+0000] {processor.py:179} INFO - Processing /home/airflow/.local/lib/python3.8/site-packages/airflow/example_dags/example_params_trigger_ui.py took 0.135 seconds
[2023-10-16T17:31:00.059+0000] {processor.py:157} INFO - Started process (PID=226) to work on /home/airflow/.local/lib/python3.8/site-packages/airflow/example_dags/example_params_trigger_ui.py
[2023-10-16T17:31:00.060+0000] {processor.py:829} INFO - Processing file /home/airflow/.local/lib/python3.8/site-packages/airflow/example_dags/example_params_trigger_ui.py for tasks to queue
[2023-10-16T17:31:00.062+0000] {logging_mixin.py:151} INFO - [2023-10-16T17:31:00.062+0000] {dagbag.py:539} INFO - Filling up the DagBag from /home/airflow/.local/lib/python3.8/site-packages/airflow/example_dags/example_params_trigger_ui.py
[2023-10-16T17:31:00.091+0000] {processor.py:839} INFO - DAG(s) dict_keys(['example_params_trigger_ui']) retrieved from /home/airflow/.local/lib/python3.8/site-packages/airflow/example_dags/example_params_trigger_ui.py
[2023-10-16T17:31:00.161+0000] {logging_mixin.py:151} INFO - [2023-10-16T17:31:00.161+0000] {dag.py:2915} INFO - Sync 1 DAGs
[2023-10-16T17:31:00.177+0000] {logging_mixin.py:151} INFO - [2023-10-16T17:31:00.177+0000] {dag.py:3696} INFO - Setting next_dagrun for example_params_trigger_ui to None, run_after=None
[2023-10-16T17:31:00.228+0000] {processor.py:179} INFO - Processing /home/airflow/.local/lib/python3.8/site-packages/airflow/example_dags/example_params_trigger_ui.py took 0.172 seconds
[2023-10-16T17:31:30.822+0000] {processor.py:157} INFO - Started process (PID=282) to work on /home/airflow/.local/lib/python3.8/site-packages/airflow/example_dags/example_params_trigger_ui.py
[2023-10-16T17:31:30.824+0000] {processor.py:829} INFO - Processing file /home/airflow/.local/lib/python3.8/site-packages/airflow/example_dags/example_params_trigger_ui.py for tasks to queue
[2023-10-16T17:31:30.827+0000] {logging_mixin.py:151} INFO - [2023-10-16T17:31:30.826+0000] {dagbag.py:539} INFO - Filling up the DagBag from /home/airflow/.local/lib/python3.8/site-packages/airflow/example_dags/example_params_trigger_ui.py
[2023-10-16T17:31:30.861+0000] {processor.py:839} INFO - DAG(s) dict_keys(['example_params_trigger_ui']) retrieved from /home/airflow/.local/lib/python3.8/site-packages/airflow/example_dags/example_params_trigger_ui.py
[2023-10-16T17:31:30.928+0000] {logging_mixin.py:151} INFO - [2023-10-16T17:31:30.928+0000] {dag.py:2915} INFO - Sync 1 DAGs
[2023-10-16T17:31:30.944+0000] {logging_mixin.py:151} INFO - [2023-10-16T17:31:30.944+0000] {dag.py:3696} INFO - Setting next_dagrun for example_params_trigger_ui to None, run_after=None
[2023-10-16T17:31:30.970+0000] {processor.py:179} INFO - Processing /home/airflow/.local/lib/python3.8/site-packages/airflow/example_dags/example_params_trigger_ui.py took 0.155 seconds
[2023-10-16T17:32:01.501+0000] {processor.py:157} INFO - Started process (PID=337) to work on /home/airflow/.local/lib/python3.8/site-packages/airflow/example_dags/example_params_trigger_ui.py
[2023-10-16T17:32:01.501+0000] {processor.py:829} INFO - Processing file /home/airflow/.local/lib/python3.8/site-packages/airflow/example_dags/example_params_trigger_ui.py for tasks to queue
[2023-10-16T17:32:01.503+0000] {logging_mixin.py:151} INFO - [2023-10-16T17:32:01.503+0000] {dagbag.py:539} INFO - Filling up the DagBag from /home/airflow/.local/lib/python3.8/site-packages/airflow/example_dags/example_params_trigger_ui.py
[2023-10-16T17:32:01.523+0000] {processor.py:839} INFO - DAG(s) dict_keys(['example_params_trigger_ui']) retrieved from /home/airflow/.local/lib/python3.8/site-packages/airflow/example_dags/example_params_trigger_ui.py
[2023-10-16T17:32:01.614+0000] {logging_mixin.py:151} INFO - [2023-10-16T17:32:01.614+0000] {dag.py:2915} INFO - Sync 1 DAGs
[2023-10-16T17:32:01.626+0000] {logging_mixin.py:151} INFO - [2023-10-16T17:32:01.625+0000] {dag.py:3696} INFO - Setting next_dagrun for example_params_trigger_ui to None, run_after=None
[2023-10-16T17:32:01.648+0000] {processor.py:179} INFO - Processing /home/airflow/.local/lib/python3.8/site-packages/airflow/example_dags/example_params_trigger_ui.py took 0.151 seconds
[2023-10-16T17:32:32.061+0000] {processor.py:157} INFO - Started process (PID=392) to work on /home/airflow/.local/lib/python3.8/site-packages/airflow/example_dags/example_params_trigger_ui.py
[2023-10-16T17:32:32.062+0000] {processor.py:829} INFO - Processing file /home/airflow/.local/lib/python3.8/site-packages/airflow/example_dags/example_params_trigger_ui.py for tasks to queue
[2023-10-16T17:32:32.064+0000] {logging_mixin.py:151} INFO - [2023-10-16T17:32:32.064+0000] {dagbag.py:539} INFO - Filling up the DagBag from /home/airflow/.local/lib/python3.8/site-packages/airflow/example_dags/example_params_trigger_ui.py
[2023-10-16T17:32:32.083+0000] {processor.py:839} INFO - DAG(s) dict_keys(['example_params_trigger_ui']) retrieved from /home/airflow/.local/lib/python3.8/site-packages/airflow/example_dags/example_params_trigger_ui.py
[2023-10-16T17:32:32.160+0000] {logging_mixin.py:151} INFO - [2023-10-16T17:32:32.160+0000] {dag.py:2915} INFO - Sync 1 DAGs
[2023-10-16T17:32:32.172+0000] {logging_mixin.py:151} INFO - [2023-10-16T17:32:32.171+0000] {dag.py:3696} INFO - Setting next_dagrun for example_params_trigger_ui to None, run_after=None
[2023-10-16T17:32:32.197+0000] {processor.py:179} INFO - Processing /home/airflow/.local/lib/python3.8/site-packages/airflow/example_dags/example_params_trigger_ui.py took 0.139 seconds
[2023-10-16T17:33:02.578+0000] {processor.py:157} INFO - Started process (PID=447) to work on /home/airflow/.local/lib/python3.8/site-packages/airflow/example_dags/example_params_trigger_ui.py
[2023-10-16T17:33:02.579+0000] {processor.py:829} INFO - Processing file /home/airflow/.local/lib/python3.8/site-packages/airflow/example_dags/example_params_trigger_ui.py for tasks to queue
[2023-10-16T17:33:02.589+0000] {logging_mixin.py:151} INFO - [2023-10-16T17:33:02.589+0000] {dagbag.py:539} INFO - Filling up the DagBag from /home/airflow/.local/lib/python3.8/site-packages/airflow/example_dags/example_params_trigger_ui.py
[2023-10-16T17:33:02.643+0000] {processor.py:839} INFO - DAG(s) dict_keys(['example_params_trigger_ui']) retrieved from /home/airflow/.local/lib/python3.8/site-packages/airflow/example_dags/example_params_trigger_ui.py
[2023-10-16T17:33:02.883+0000] {logging_mixin.py:151} INFO - [2023-10-16T17:33:02.883+0000] {dag.py:2915} INFO - Sync 1 DAGs
[2023-10-16T17:33:02.939+0000] {logging_mixin.py:151} INFO - [2023-10-16T17:33:02.939+0000] {dag.py:3696} INFO - Setting next_dagrun for example_params_trigger_ui to None, run_after=None
[2023-10-16T17:33:03.059+0000] {processor.py:179} INFO - Processing /home/airflow/.local/lib/python3.8/site-packages/airflow/example_dags/example_params_trigger_ui.py took 0.489 seconds
[2023-10-16T17:33:33.778+0000] {processor.py:157} INFO - Started process (PID=501) to work on /home/airflow/.local/lib/python3.8/site-packages/airflow/example_dags/example_params_trigger_ui.py
[2023-10-16T17:33:33.781+0000] {processor.py:829} INFO - Processing file /home/airflow/.local/lib/python3.8/site-packages/airflow/example_dags/example_params_trigger_ui.py for tasks to queue
[2023-10-16T17:33:33.792+0000] {logging_mixin.py:151} INFO - [2023-10-16T17:33:33.791+0000] {dagbag.py:539} INFO - Filling up the DagBag from /home/airflow/.local/lib/python3.8/site-packages/airflow/example_dags/example_params_trigger_ui.py
[2023-10-16T17:33:33.831+0000] {processor.py:839} INFO - DAG(s) dict_keys(['example_params_trigger_ui']) retrieved from /home/airflow/.local/lib/python3.8/site-packages/airflow/example_dags/example_params_trigger_ui.py
[2023-10-16T17:33:33.913+0000] {logging_mixin.py:151} INFO - [2023-10-16T17:33:33.912+0000] {dag.py:2915} INFO - Sync 1 DAGs
[2023-10-16T17:33:33.945+0000] {logging_mixin.py:151} INFO - [2023-10-16T17:33:33.945+0000] {dag.py:3696} INFO - Setting next_dagrun for example_params_trigger_ui to None, run_after=None
[2023-10-16T17:33:33.982+0000] {processor.py:179} INFO - Processing /home/airflow/.local/lib/python3.8/site-packages/airflow/example_dags/example_params_trigger_ui.py took 0.209 seconds
