[2023-10-16T17:29:31.312+0000] {processor.py:157} INFO - Started process (PID=76) to work on /home/airflow/.local/lib/python3.8/site-packages/airflow/example_dags/example_trigger_target_dag.py
[2023-10-16T17:29:31.313+0000] {processor.py:829} INFO - Processing file /home/airflow/.local/lib/python3.8/site-packages/airflow/example_dags/example_trigger_target_dag.py for tasks to queue
[2023-10-16T17:29:31.315+0000] {logging_mixin.py:151} INFO - [2023-10-16T17:29:31.315+0000] {dagbag.py:539} INFO - Filling up the DagBag from /home/airflow/.local/lib/python3.8/site-packages/airflow/example_dags/example_trigger_target_dag.py
[2023-10-16T17:29:31.322+0000] {processor.py:839} INFO - DAG(s) dict_keys(['example_trigger_target_dag']) retrieved from /home/airflow/.local/lib/python3.8/site-packages/airflow/example_dags/example_trigger_target_dag.py
[2023-10-16T17:29:31.480+0000] {logging_mixin.py:151} INFO - [2023-10-16T17:29:31.480+0000] {manager.py:499} INFO - Created Permission View: %s
[2023-10-16T17:29:31.499+0000] {logging_mixin.py:151} INFO - [2023-10-16T17:29:31.498+0000] {manager.py:499} INFO - Created Permission View: %s
[2023-10-16T17:29:31.517+0000] {logging_mixin.py:151} INFO - [2023-10-16T17:29:31.517+0000] {manager.py:499} INFO - Created Permission View: %s
[2023-10-16T17:29:31.518+0000] {logging_mixin.py:151} INFO - [2023-10-16T17:29:31.517+0000] {security.py:708} INFO - Not syncing DAG-level permissions for DAG 'DAG:example_trigger_target_dag' as access control is unset.
[2023-10-16T17:29:31.518+0000] {logging_mixin.py:151} INFO - [2023-10-16T17:29:31.518+0000] {dag.py:2915} INFO - Sync 1 DAGs
[2023-10-16T17:29:31.542+0000] {logging_mixin.py:151} INFO - [2023-10-16T17:29:31.541+0000] {dag.py:2937} INFO - Creating ORM DAG for example_trigger_target_dag
[2023-10-16T17:29:31.542+0000] {logging_mixin.py:151} INFO - [2023-10-16T17:29:31.542+0000] {dag.py:3696} INFO - Setting next_dagrun for example_trigger_target_dag to None, run_after=None
[2023-10-16T17:29:31.594+0000] {processor.py:179} INFO - Processing /home/airflow/.local/lib/python3.8/site-packages/airflow/example_dags/example_trigger_target_dag.py took 0.286 seconds
[2023-10-16T17:30:01.719+0000] {processor.py:157} INFO - Started process (PID=130) to work on /home/airflow/.local/lib/python3.8/site-packages/airflow/example_dags/example_trigger_target_dag.py
[2023-10-16T17:30:01.720+0000] {processor.py:829} INFO - Processing file /home/airflow/.local/lib/python3.8/site-packages/airflow/example_dags/example_trigger_target_dag.py for tasks to queue
[2023-10-16T17:30:01.722+0000] {logging_mixin.py:151} INFO - [2023-10-16T17:30:01.722+0000] {dagbag.py:539} INFO - Filling up the DagBag from /home/airflow/.local/lib/python3.8/site-packages/airflow/example_dags/example_trigger_target_dag.py
[2023-10-16T17:30:01.729+0000] {processor.py:839} INFO - DAG(s) dict_keys(['example_trigger_target_dag']) retrieved from /home/airflow/.local/lib/python3.8/site-packages/airflow/example_dags/example_trigger_target_dag.py
[2023-10-16T17:30:01.757+0000] {logging_mixin.py:151} INFO - [2023-10-16T17:30:01.757+0000] {dag.py:2915} INFO - Sync 1 DAGs
[2023-10-16T17:30:01.772+0000] {logging_mixin.py:151} INFO - [2023-10-16T17:30:01.772+0000] {dag.py:3696} INFO - Setting next_dagrun for example_trigger_target_dag to None, run_after=None
[2023-10-16T17:30:01.798+0000] {processor.py:179} INFO - Processing /home/airflow/.local/lib/python3.8/site-packages/airflow/example_dags/example_trigger_target_dag.py took 0.083 seconds
[2023-10-16T17:30:32.176+0000] {processor.py:157} INFO - Started process (PID=185) to work on /home/airflow/.local/lib/python3.8/site-packages/airflow/example_dags/example_trigger_target_dag.py
[2023-10-16T17:30:32.177+0000] {processor.py:829} INFO - Processing file /home/airflow/.local/lib/python3.8/site-packages/airflow/example_dags/example_trigger_target_dag.py for tasks to queue
[2023-10-16T17:30:32.179+0000] {logging_mixin.py:151} INFO - [2023-10-16T17:30:32.179+0000] {dagbag.py:539} INFO - Filling up the DagBag from /home/airflow/.local/lib/python3.8/site-packages/airflow/example_dags/example_trigger_target_dag.py
[2023-10-16T17:30:32.185+0000] {processor.py:839} INFO - DAG(s) dict_keys(['example_trigger_target_dag']) retrieved from /home/airflow/.local/lib/python3.8/site-packages/airflow/example_dags/example_trigger_target_dag.py
[2023-10-16T17:30:32.206+0000] {logging_mixin.py:151} INFO - [2023-10-16T17:30:32.206+0000] {dag.py:2915} INFO - Sync 1 DAGs
[2023-10-16T17:30:32.222+0000] {logging_mixin.py:151} INFO - [2023-10-16T17:30:32.222+0000] {dag.py:3696} INFO - Setting next_dagrun for example_trigger_target_dag to None, run_after=None
[2023-10-16T17:30:32.256+0000] {processor.py:179} INFO - Processing /home/airflow/.local/lib/python3.8/site-packages/airflow/example_dags/example_trigger_target_dag.py took 0.084 seconds
[2023-10-16T17:31:03.265+0000] {processor.py:157} INFO - Started process (PID=241) to work on /home/airflow/.local/lib/python3.8/site-packages/airflow/example_dags/example_trigger_target_dag.py
[2023-10-16T17:31:03.266+0000] {processor.py:829} INFO - Processing file /home/airflow/.local/lib/python3.8/site-packages/airflow/example_dags/example_trigger_target_dag.py for tasks to queue
[2023-10-16T17:31:03.268+0000] {logging_mixin.py:151} INFO - [2023-10-16T17:31:03.268+0000] {dagbag.py:539} INFO - Filling up the DagBag from /home/airflow/.local/lib/python3.8/site-packages/airflow/example_dags/example_trigger_target_dag.py
[2023-10-16T17:31:03.274+0000] {processor.py:839} INFO - DAG(s) dict_keys(['example_trigger_target_dag']) retrieved from /home/airflow/.local/lib/python3.8/site-packages/airflow/example_dags/example_trigger_target_dag.py
[2023-10-16T17:31:03.297+0000] {logging_mixin.py:151} INFO - [2023-10-16T17:31:03.297+0000] {dag.py:2915} INFO - Sync 1 DAGs
[2023-10-16T17:31:03.311+0000] {logging_mixin.py:151} INFO - [2023-10-16T17:31:03.311+0000] {dag.py:3696} INFO - Setting next_dagrun for example_trigger_target_dag to None, run_after=None
[2023-10-16T17:31:03.338+0000] {processor.py:179} INFO - Processing /home/airflow/.local/lib/python3.8/site-packages/airflow/example_dags/example_trigger_target_dag.py took 0.077 seconds
[2023-10-16T17:31:34.053+0000] {processor.py:157} INFO - Started process (PID=297) to work on /home/airflow/.local/lib/python3.8/site-packages/airflow/example_dags/example_trigger_target_dag.py
[2023-10-16T17:31:34.057+0000] {processor.py:829} INFO - Processing file /home/airflow/.local/lib/python3.8/site-packages/airflow/example_dags/example_trigger_target_dag.py for tasks to queue
[2023-10-16T17:31:34.059+0000] {logging_mixin.py:151} INFO - [2023-10-16T17:31:34.059+0000] {dagbag.py:539} INFO - Filling up the DagBag from /home/airflow/.local/lib/python3.8/site-packages/airflow/example_dags/example_trigger_target_dag.py
[2023-10-16T17:31:34.101+0000] {processor.py:839} INFO - DAG(s) dict_keys(['example_trigger_target_dag']) retrieved from /home/airflow/.local/lib/python3.8/site-packages/airflow/example_dags/example_trigger_target_dag.py
[2023-10-16T17:31:34.154+0000] {logging_mixin.py:151} INFO - [2023-10-16T17:31:34.154+0000] {dag.py:2915} INFO - Sync 1 DAGs
[2023-10-16T17:31:34.182+0000] {logging_mixin.py:151} INFO - [2023-10-16T17:31:34.181+0000] {dag.py:3696} INFO - Setting next_dagrun for example_trigger_target_dag to None, run_after=None
[2023-10-16T17:31:34.218+0000] {processor.py:179} INFO - Processing /home/airflow/.local/lib/python3.8/site-packages/airflow/example_dags/example_trigger_target_dag.py took 0.174 seconds
[2023-10-16T17:32:04.299+0000] {processor.py:157} INFO - Started process (PID=351) to work on /home/airflow/.local/lib/python3.8/site-packages/airflow/example_dags/example_trigger_target_dag.py
[2023-10-16T17:32:04.300+0000] {processor.py:829} INFO - Processing file /home/airflow/.local/lib/python3.8/site-packages/airflow/example_dags/example_trigger_target_dag.py for tasks to queue
[2023-10-16T17:32:04.302+0000] {logging_mixin.py:151} INFO - [2023-10-16T17:32:04.302+0000] {dagbag.py:539} INFO - Filling up the DagBag from /home/airflow/.local/lib/python3.8/site-packages/airflow/example_dags/example_trigger_target_dag.py
[2023-10-16T17:32:04.307+0000] {processor.py:839} INFO - DAG(s) dict_keys(['example_trigger_target_dag']) retrieved from /home/airflow/.local/lib/python3.8/site-packages/airflow/example_dags/example_trigger_target_dag.py
[2023-10-16T17:32:04.327+0000] {logging_mixin.py:151} INFO - [2023-10-16T17:32:04.327+0000] {dag.py:2915} INFO - Sync 1 DAGs
[2023-10-16T17:32:04.340+0000] {logging_mixin.py:151} INFO - [2023-10-16T17:32:04.339+0000] {dag.py:3696} INFO - Setting next_dagrun for example_trigger_target_dag to None, run_after=None
[2023-10-16T17:32:04.364+0000] {processor.py:179} INFO - Processing /home/airflow/.local/lib/python3.8/site-packages/airflow/example_dags/example_trigger_target_dag.py took 0.069 seconds
[2023-10-16T17:32:35.288+0000] {processor.py:157} INFO - Started process (PID=406) to work on /home/airflow/.local/lib/python3.8/site-packages/airflow/example_dags/example_trigger_target_dag.py
[2023-10-16T17:32:35.289+0000] {processor.py:829} INFO - Processing file /home/airflow/.local/lib/python3.8/site-packages/airflow/example_dags/example_trigger_target_dag.py for tasks to queue
[2023-10-16T17:32:35.291+0000] {logging_mixin.py:151} INFO - [2023-10-16T17:32:35.290+0000] {dagbag.py:539} INFO - Filling up the DagBag from /home/airflow/.local/lib/python3.8/site-packages/airflow/example_dags/example_trigger_target_dag.py
[2023-10-16T17:32:35.300+0000] {processor.py:839} INFO - DAG(s) dict_keys(['example_trigger_target_dag']) retrieved from /home/airflow/.local/lib/python3.8/site-packages/airflow/example_dags/example_trigger_target_dag.py
[2023-10-16T17:32:35.330+0000] {logging_mixin.py:151} INFO - [2023-10-16T17:32:35.330+0000] {dag.py:2915} INFO - Sync 1 DAGs
[2023-10-16T17:32:35.340+0000] {logging_mixin.py:151} INFO - [2023-10-16T17:32:35.340+0000] {dag.py:3696} INFO - Setting next_dagrun for example_trigger_target_dag to None, run_after=None
[2023-10-16T17:32:35.362+0000] {processor.py:179} INFO - Processing /home/airflow/.local/lib/python3.8/site-packages/airflow/example_dags/example_trigger_target_dag.py took 0.077 seconds
[2023-10-16T17:33:05.659+0000] {processor.py:157} INFO - Started process (PID=461) to work on /home/airflow/.local/lib/python3.8/site-packages/airflow/example_dags/example_trigger_target_dag.py
[2023-10-16T17:33:05.659+0000] {processor.py:829} INFO - Processing file /home/airflow/.local/lib/python3.8/site-packages/airflow/example_dags/example_trigger_target_dag.py for tasks to queue
[2023-10-16T17:33:05.661+0000] {logging_mixin.py:151} INFO - [2023-10-16T17:33:05.661+0000] {dagbag.py:539} INFO - Filling up the DagBag from /home/airflow/.local/lib/python3.8/site-packages/airflow/example_dags/example_trigger_target_dag.py
[2023-10-16T17:33:05.667+0000] {processor.py:839} INFO - DAG(s) dict_keys(['example_trigger_target_dag']) retrieved from /home/airflow/.local/lib/python3.8/site-packages/airflow/example_dags/example_trigger_target_dag.py
[2023-10-16T17:33:05.683+0000] {logging_mixin.py:151} INFO - [2023-10-16T17:33:05.683+0000] {dag.py:2915} INFO - Sync 1 DAGs
[2023-10-16T17:33:05.693+0000] {logging_mixin.py:151} INFO - [2023-10-16T17:33:05.693+0000] {dag.py:3696} INFO - Setting next_dagrun for example_trigger_target_dag to None, run_after=None
[2023-10-16T17:33:05.715+0000] {processor.py:179} INFO - Processing /home/airflow/.local/lib/python3.8/site-packages/airflow/example_dags/example_trigger_target_dag.py took 0.060 seconds
[2023-10-16T17:33:36.259+0000] {processor.py:157} INFO - Started process (PID=515) to work on /home/airflow/.local/lib/python3.8/site-packages/airflow/example_dags/example_trigger_target_dag.py
[2023-10-16T17:33:36.265+0000] {processor.py:829} INFO - Processing file /home/airflow/.local/lib/python3.8/site-packages/airflow/example_dags/example_trigger_target_dag.py for tasks to queue
[2023-10-16T17:33:36.269+0000] {logging_mixin.py:151} INFO - [2023-10-16T17:33:36.267+0000] {dagbag.py:539} INFO - Filling up the DagBag from /home/airflow/.local/lib/python3.8/site-packages/airflow/example_dags/example_trigger_target_dag.py
[2023-10-16T17:33:36.297+0000] {processor.py:839} INFO - DAG(s) dict_keys(['example_trigger_target_dag']) retrieved from /home/airflow/.local/lib/python3.8/site-packages/airflow/example_dags/example_trigger_target_dag.py
[2023-10-16T17:33:36.353+0000] {logging_mixin.py:151} INFO - [2023-10-16T17:33:36.353+0000] {dag.py:2915} INFO - Sync 1 DAGs
[2023-10-16T17:33:36.375+0000] {logging_mixin.py:151} INFO - [2023-10-16T17:33:36.375+0000] {dag.py:3696} INFO - Setting next_dagrun for example_trigger_target_dag to None, run_after=None
[2023-10-16T17:33:36.436+0000] {processor.py:179} INFO - Processing /home/airflow/.local/lib/python3.8/site-packages/airflow/example_dags/example_trigger_target_dag.py took 0.188 seconds
