[2023-10-16T17:29:30.231+0000] {processor.py:157} INFO - Started process (PID=73) to work on /home/airflow/.local/lib/python3.8/site-packages/airflow/example_dags/example_local_kubernetes_executor.py
[2023-10-16T17:29:30.232+0000] {processor.py:829} INFO - Processing file /home/airflow/.local/lib/python3.8/site-packages/airflow/example_dags/example_local_kubernetes_executor.py for tasks to queue
[2023-10-16T17:29:30.235+0000] {logging_mixin.py:151} INFO - [2023-10-16T17:29:30.234+0000] {dagbag.py:539} INFO - Filling up the DagBag from /home/airflow/.local/lib/python3.8/site-packages/airflow/example_dags/example_local_kubernetes_executor.py
[2023-10-16T17:29:30.892+0000] {processor.py:839} INFO - DAG(s) dict_keys(['example_local_kubernetes_executor']) retrieved from /home/airflow/.local/lib/python3.8/site-packages/airflow/example_dags/example_local_kubernetes_executor.py
[2023-10-16T17:29:31.143+0000] {logging_mixin.py:151} INFO - [2023-10-16T17:29:31.143+0000] {manager.py:499} INFO - Created Permission View: %s
[2023-10-16T17:29:31.169+0000] {logging_mixin.py:151} INFO - [2023-10-16T17:29:31.169+0000] {manager.py:499} INFO - Created Permission View: %s
[2023-10-16T17:29:31.186+0000] {logging_mixin.py:151} INFO - [2023-10-16T17:29:31.185+0000] {manager.py:499} INFO - Created Permission View: %s
[2023-10-16T17:29:31.186+0000] {logging_mixin.py:151} INFO - [2023-10-16T17:29:31.186+0000] {security.py:708} INFO - Not syncing DAG-level permissions for DAG 'DAG:example_local_kubernetes_executor' as access control is unset.
[2023-10-16T17:29:31.187+0000] {logging_mixin.py:151} INFO - [2023-10-16T17:29:31.186+0000] {dag.py:2915} INFO - Sync 1 DAGs
[2023-10-16T17:29:31.202+0000] {logging_mixin.py:151} INFO - [2023-10-16T17:29:31.202+0000] {dag.py:2937} INFO - Creating ORM DAG for example_local_kubernetes_executor
[2023-10-16T17:29:31.204+0000] {logging_mixin.py:151} INFO - [2023-10-16T17:29:31.203+0000] {dag.py:3696} INFO - Setting next_dagrun for example_local_kubernetes_executor to None, run_after=None
[2023-10-16T17:29:31.258+0000] {processor.py:179} INFO - Processing /home/airflow/.local/lib/python3.8/site-packages/airflow/example_dags/example_local_kubernetes_executor.py took 1.036 seconds
[2023-10-16T17:30:01.593+0000] {processor.py:157} INFO - Started process (PID=128) to work on /home/airflow/.local/lib/python3.8/site-packages/airflow/example_dags/example_local_kubernetes_executor.py
[2023-10-16T17:30:01.594+0000] {processor.py:829} INFO - Processing file /home/airflow/.local/lib/python3.8/site-packages/airflow/example_dags/example_local_kubernetes_executor.py for tasks to queue
[2023-10-16T17:30:01.596+0000] {logging_mixin.py:151} INFO - [2023-10-16T17:30:01.596+0000] {dagbag.py:539} INFO - Filling up the DagBag from /home/airflow/.local/lib/python3.8/site-packages/airflow/example_dags/example_local_kubernetes_executor.py
[2023-10-16T17:30:01.957+0000] {processor.py:839} INFO - DAG(s) dict_keys(['example_local_kubernetes_executor']) retrieved from /home/airflow/.local/lib/python3.8/site-packages/airflow/example_dags/example_local_kubernetes_executor.py
[2023-10-16T17:30:01.997+0000] {logging_mixin.py:151} INFO - [2023-10-16T17:30:01.997+0000] {dag.py:2915} INFO - Sync 1 DAGs
[2023-10-16T17:30:02.010+0000] {logging_mixin.py:151} INFO - [2023-10-16T17:30:02.010+0000] {dag.py:3696} INFO - Setting next_dagrun for example_local_kubernetes_executor to None, run_after=None
[2023-10-16T17:30:02.040+0000] {processor.py:179} INFO - Processing /home/airflow/.local/lib/python3.8/site-packages/airflow/example_dags/example_local_kubernetes_executor.py took 0.450 seconds
[2023-10-16T17:30:32.268+0000] {processor.py:157} INFO - Started process (PID=187) to work on /home/airflow/.local/lib/python3.8/site-packages/airflow/example_dags/example_local_kubernetes_executor.py
[2023-10-16T17:30:32.268+0000] {processor.py:829} INFO - Processing file /home/airflow/.local/lib/python3.8/site-packages/airflow/example_dags/example_local_kubernetes_executor.py for tasks to queue
[2023-10-16T17:30:32.270+0000] {logging_mixin.py:151} INFO - [2023-10-16T17:30:32.270+0000] {dagbag.py:539} INFO - Filling up the DagBag from /home/airflow/.local/lib/python3.8/site-packages/airflow/example_dags/example_local_kubernetes_executor.py
[2023-10-16T17:30:32.543+0000] {processor.py:839} INFO - DAG(s) dict_keys(['example_local_kubernetes_executor']) retrieved from /home/airflow/.local/lib/python3.8/site-packages/airflow/example_dags/example_local_kubernetes_executor.py
[2023-10-16T17:30:32.570+0000] {logging_mixin.py:151} INFO - [2023-10-16T17:30:32.570+0000] {dag.py:2915} INFO - Sync 1 DAGs
[2023-10-16T17:30:32.580+0000] {logging_mixin.py:151} INFO - [2023-10-16T17:30:32.580+0000] {dag.py:3696} INFO - Setting next_dagrun for example_local_kubernetes_executor to None, run_after=None
[2023-10-16T17:30:32.605+0000] {processor.py:179} INFO - Processing /home/airflow/.local/lib/python3.8/site-packages/airflow/example_dags/example_local_kubernetes_executor.py took 0.341 seconds
[2023-10-16T17:31:02.974+0000] {processor.py:157} INFO - Started process (PID=238) to work on /home/airflow/.local/lib/python3.8/site-packages/airflow/example_dags/example_local_kubernetes_executor.py
[2023-10-16T17:31:02.975+0000] {processor.py:829} INFO - Processing file /home/airflow/.local/lib/python3.8/site-packages/airflow/example_dags/example_local_kubernetes_executor.py for tasks to queue
[2023-10-16T17:31:02.977+0000] {logging_mixin.py:151} INFO - [2023-10-16T17:31:02.977+0000] {dagbag.py:539} INFO - Filling up the DagBag from /home/airflow/.local/lib/python3.8/site-packages/airflow/example_dags/example_local_kubernetes_executor.py
[2023-10-16T17:31:03.327+0000] {processor.py:839} INFO - DAG(s) dict_keys(['example_local_kubernetes_executor']) retrieved from /home/airflow/.local/lib/python3.8/site-packages/airflow/example_dags/example_local_kubernetes_executor.py
[2023-10-16T17:31:03.366+0000] {logging_mixin.py:151} INFO - [2023-10-16T17:31:03.365+0000] {dag.py:2915} INFO - Sync 1 DAGs
[2023-10-16T17:31:03.380+0000] {logging_mixin.py:151} INFO - [2023-10-16T17:31:03.380+0000] {dag.py:3696} INFO - Setting next_dagrun for example_local_kubernetes_executor to None, run_after=None
[2023-10-16T17:31:03.410+0000] {processor.py:179} INFO - Processing /home/airflow/.local/lib/python3.8/site-packages/airflow/example_dags/example_local_kubernetes_executor.py took 0.439 seconds
[2023-10-16T17:31:33.519+0000] {processor.py:157} INFO - Started process (PID=294) to work on /home/airflow/.local/lib/python3.8/site-packages/airflow/example_dags/example_local_kubernetes_executor.py
[2023-10-16T17:31:33.529+0000] {processor.py:829} INFO - Processing file /home/airflow/.local/lib/python3.8/site-packages/airflow/example_dags/example_local_kubernetes_executor.py for tasks to queue
[2023-10-16T17:31:33.531+0000] {logging_mixin.py:151} INFO - [2023-10-16T17:31:33.531+0000] {dagbag.py:539} INFO - Filling up the DagBag from /home/airflow/.local/lib/python3.8/site-packages/airflow/example_dags/example_local_kubernetes_executor.py
[2023-10-16T17:31:34.285+0000] {processor.py:839} INFO - DAG(s) dict_keys(['example_local_kubernetes_executor']) retrieved from /home/airflow/.local/lib/python3.8/site-packages/airflow/example_dags/example_local_kubernetes_executor.py
[2023-10-16T17:31:34.325+0000] {logging_mixin.py:151} INFO - [2023-10-16T17:31:34.324+0000] {dag.py:2915} INFO - Sync 1 DAGs
[2023-10-16T17:31:34.340+0000] {logging_mixin.py:151} INFO - [2023-10-16T17:31:34.340+0000] {dag.py:3696} INFO - Setting next_dagrun for example_local_kubernetes_executor to None, run_after=None
[2023-10-16T17:31:34.365+0000] {processor.py:179} INFO - Processing /home/airflow/.local/lib/python3.8/site-packages/airflow/example_dags/example_local_kubernetes_executor.py took 0.850 seconds
[2023-10-16T17:32:05.360+0000] {processor.py:157} INFO - Started process (PID=352) to work on /home/airflow/.local/lib/python3.8/site-packages/airflow/example_dags/example_local_kubernetes_executor.py
[2023-10-16T17:32:05.361+0000] {processor.py:829} INFO - Processing file /home/airflow/.local/lib/python3.8/site-packages/airflow/example_dags/example_local_kubernetes_executor.py for tasks to queue
[2023-10-16T17:32:05.363+0000] {logging_mixin.py:151} INFO - [2023-10-16T17:32:05.362+0000] {dagbag.py:539} INFO - Filling up the DagBag from /home/airflow/.local/lib/python3.8/site-packages/airflow/example_dags/example_local_kubernetes_executor.py
[2023-10-16T17:32:05.706+0000] {processor.py:839} INFO - DAG(s) dict_keys(['example_local_kubernetes_executor']) retrieved from /home/airflow/.local/lib/python3.8/site-packages/airflow/example_dags/example_local_kubernetes_executor.py
[2023-10-16T17:32:05.733+0000] {logging_mixin.py:151} INFO - [2023-10-16T17:32:05.732+0000] {dag.py:2915} INFO - Sync 1 DAGs
[2023-10-16T17:32:05.742+0000] {logging_mixin.py:151} INFO - [2023-10-16T17:32:05.742+0000] {dag.py:3696} INFO - Setting next_dagrun for example_local_kubernetes_executor to None, run_after=None
[2023-10-16T17:32:05.764+0000] {processor.py:179} INFO - Processing /home/airflow/.local/lib/python3.8/site-packages/airflow/example_dags/example_local_kubernetes_executor.py took 0.407 seconds
[2023-10-16T17:32:36.338+0000] {processor.py:157} INFO - Started process (PID=407) to work on /home/airflow/.local/lib/python3.8/site-packages/airflow/example_dags/example_local_kubernetes_executor.py
[2023-10-16T17:32:36.339+0000] {processor.py:829} INFO - Processing file /home/airflow/.local/lib/python3.8/site-packages/airflow/example_dags/example_local_kubernetes_executor.py for tasks to queue
[2023-10-16T17:32:36.341+0000] {logging_mixin.py:151} INFO - [2023-10-16T17:32:36.341+0000] {dagbag.py:539} INFO - Filling up the DagBag from /home/airflow/.local/lib/python3.8/site-packages/airflow/example_dags/example_local_kubernetes_executor.py
[2023-10-16T17:32:36.658+0000] {processor.py:839} INFO - DAG(s) dict_keys(['example_local_kubernetes_executor']) retrieved from /home/airflow/.local/lib/python3.8/site-packages/airflow/example_dags/example_local_kubernetes_executor.py
[2023-10-16T17:32:36.684+0000] {logging_mixin.py:151} INFO - [2023-10-16T17:32:36.684+0000] {dag.py:2915} INFO - Sync 1 DAGs
[2023-10-16T17:32:36.694+0000] {logging_mixin.py:151} INFO - [2023-10-16T17:32:36.693+0000] {dag.py:3696} INFO - Setting next_dagrun for example_local_kubernetes_executor to None, run_after=None
[2023-10-16T17:32:36.715+0000] {processor.py:179} INFO - Processing /home/airflow/.local/lib/python3.8/site-packages/airflow/example_dags/example_local_kubernetes_executor.py took 0.380 seconds
[2023-10-16T17:33:06.818+0000] {processor.py:157} INFO - Started process (PID=466) to work on /home/airflow/.local/lib/python3.8/site-packages/airflow/example_dags/example_local_kubernetes_executor.py
[2023-10-16T17:33:06.819+0000] {processor.py:829} INFO - Processing file /home/airflow/.local/lib/python3.8/site-packages/airflow/example_dags/example_local_kubernetes_executor.py for tasks to queue
[2023-10-16T17:33:06.821+0000] {logging_mixin.py:151} INFO - [2023-10-16T17:33:06.821+0000] {dagbag.py:539} INFO - Filling up the DagBag from /home/airflow/.local/lib/python3.8/site-packages/airflow/example_dags/example_local_kubernetes_executor.py
[2023-10-16T17:33:07.102+0000] {processor.py:839} INFO - DAG(s) dict_keys(['example_local_kubernetes_executor']) retrieved from /home/airflow/.local/lib/python3.8/site-packages/airflow/example_dags/example_local_kubernetes_executor.py
[2023-10-16T17:33:07.132+0000] {logging_mixin.py:151} INFO - [2023-10-16T17:33:07.132+0000] {dag.py:2915} INFO - Sync 1 DAGs
[2023-10-16T17:33:07.142+0000] {logging_mixin.py:151} INFO - [2023-10-16T17:33:07.142+0000] {dag.py:3696} INFO - Setting next_dagrun for example_local_kubernetes_executor to None, run_after=None
[2023-10-16T17:33:07.163+0000] {processor.py:179} INFO - Processing /home/airflow/.local/lib/python3.8/site-packages/airflow/example_dags/example_local_kubernetes_executor.py took 0.348 seconds
[2023-10-16T17:33:37.336+0000] {processor.py:157} INFO - Started process (PID=516) to work on /home/airflow/.local/lib/python3.8/site-packages/airflow/example_dags/example_local_kubernetes_executor.py
[2023-10-16T17:33:37.345+0000] {processor.py:829} INFO - Processing file /home/airflow/.local/lib/python3.8/site-packages/airflow/example_dags/example_local_kubernetes_executor.py for tasks to queue
[2023-10-16T17:33:37.348+0000] {logging_mixin.py:151} INFO - [2023-10-16T17:33:37.348+0000] {dagbag.py:539} INFO - Filling up the DagBag from /home/airflow/.local/lib/python3.8/site-packages/airflow/example_dags/example_local_kubernetes_executor.py
[2023-10-16T17:33:38.140+0000] {processor.py:839} INFO - DAG(s) dict_keys(['example_local_kubernetes_executor']) retrieved from /home/airflow/.local/lib/python3.8/site-packages/airflow/example_dags/example_local_kubernetes_executor.py
[2023-10-16T17:33:38.183+0000] {logging_mixin.py:151} INFO - [2023-10-16T17:33:38.182+0000] {dag.py:2915} INFO - Sync 1 DAGs
[2023-10-16T17:33:38.199+0000] {logging_mixin.py:151} INFO - [2023-10-16T17:33:38.198+0000] {dag.py:3696} INFO - Setting next_dagrun for example_local_kubernetes_executor to None, run_after=None
[2023-10-16T17:33:38.236+0000] {processor.py:179} INFO - Processing /home/airflow/.local/lib/python3.8/site-packages/airflow/example_dags/example_local_kubernetes_executor.py took 0.904 seconds
