[2023-10-16T17:29:24.700+0000] {processor.py:157} INFO - Started process (PID=55) to work on /home/airflow/.local/lib/python3.8/site-packages/airflow/example_dags/example_external_task_marker_dag.py
[2023-10-16T17:29:24.700+0000] {processor.py:829} INFO - Processing file /home/airflow/.local/lib/python3.8/site-packages/airflow/example_dags/example_external_task_marker_dag.py for tasks to queue
[2023-10-16T17:29:24.704+0000] {logging_mixin.py:151} INFO - [2023-10-16T17:29:24.704+0000] {dagbag.py:539} INFO - Filling up the DagBag from /home/airflow/.local/lib/python3.8/site-packages/airflow/example_dags/example_external_task_marker_dag.py
[2023-10-16T17:29:24.713+0000] {processor.py:839} INFO - DAG(s) dict_keys(['example_external_task_marker_parent', 'example_external_task_marker_child']) retrieved from /home/airflow/.local/lib/python3.8/site-packages/airflow/example_dags/example_external_task_marker_dag.py
[2023-10-16T17:29:24.910+0000] {logging_mixin.py:151} INFO - [2023-10-16T17:29:24.910+0000] {manager.py:499} INFO - Created Permission View: %s
[2023-10-16T17:29:24.962+0000] {logging_mixin.py:151} INFO - [2023-10-16T17:29:24.961+0000] {manager.py:499} INFO - Created Permission View: %s
[2023-10-16T17:29:24.996+0000] {logging_mixin.py:151} INFO - [2023-10-16T17:29:24.996+0000] {manager.py:499} INFO - Created Permission View: %s
[2023-10-16T17:29:24.997+0000] {logging_mixin.py:151} INFO - [2023-10-16T17:29:24.996+0000] {security.py:708} INFO - Not syncing DAG-level permissions for DAG 'DAG:example_external_task_marker_parent' as access control is unset.
[2023-10-16T17:29:25.077+0000] {logging_mixin.py:151} INFO - [2023-10-16T17:29:25.077+0000] {manager.py:499} INFO - Created Permission View: %s
[2023-10-16T17:29:25.103+0000] {logging_mixin.py:151} INFO - [2023-10-16T17:29:25.103+0000] {manager.py:499} INFO - Created Permission View: %s
[2023-10-16T17:29:25.131+0000] {logging_mixin.py:151} INFO - [2023-10-16T17:29:25.130+0000] {manager.py:499} INFO - Created Permission View: %s
[2023-10-16T17:29:25.131+0000] {logging_mixin.py:151} INFO - [2023-10-16T17:29:25.131+0000] {security.py:708} INFO - Not syncing DAG-level permissions for DAG 'DAG:example_external_task_marker_child' as access control is unset.
[2023-10-16T17:29:25.135+0000] {logging_mixin.py:151} INFO - [2023-10-16T17:29:25.131+0000] {dag.py:2915} INFO - Sync 2 DAGs
[2023-10-16T17:29:25.174+0000] {logging_mixin.py:151} INFO - [2023-10-16T17:29:25.174+0000] {dag.py:2937} INFO - Creating ORM DAG for example_external_task_marker_parent
[2023-10-16T17:29:25.175+0000] {logging_mixin.py:151} INFO - [2023-10-16T17:29:25.175+0000] {dag.py:2937} INFO - Creating ORM DAG for example_external_task_marker_child
[2023-10-16T17:29:25.176+0000] {logging_mixin.py:151} INFO - [2023-10-16T17:29:25.175+0000] {dag.py:3696} INFO - Setting next_dagrun for example_external_task_marker_child to None, run_after=None
[2023-10-16T17:29:25.176+0000] {logging_mixin.py:151} INFO - [2023-10-16T17:29:25.176+0000] {dag.py:3696} INFO - Setting next_dagrun for example_external_task_marker_parent to None, run_after=None
[2023-10-16T17:29:25.236+0000] {processor.py:179} INFO - Processing /home/airflow/.local/lib/python3.8/site-packages/airflow/example_dags/example_external_task_marker_dag.py took 0.540 seconds
[2023-10-16T17:29:56.220+0000] {processor.py:157} INFO - Started process (PID=110) to work on /home/airflow/.local/lib/python3.8/site-packages/airflow/example_dags/example_external_task_marker_dag.py
[2023-10-16T17:29:56.231+0000] {processor.py:829} INFO - Processing file /home/airflow/.local/lib/python3.8/site-packages/airflow/example_dags/example_external_task_marker_dag.py for tasks to queue
[2023-10-16T17:29:56.235+0000] {logging_mixin.py:151} INFO - [2023-10-16T17:29:56.235+0000] {dagbag.py:539} INFO - Filling up the DagBag from /home/airflow/.local/lib/python3.8/site-packages/airflow/example_dags/example_external_task_marker_dag.py
[2023-10-16T17:29:56.265+0000] {processor.py:839} INFO - DAG(s) dict_keys(['example_external_task_marker_child', 'example_external_task_marker_parent']) retrieved from /home/airflow/.local/lib/python3.8/site-packages/airflow/example_dags/example_external_task_marker_dag.py
[2023-10-16T17:29:56.330+0000] {logging_mixin.py:151} INFO - [2023-10-16T17:29:56.330+0000] {dag.py:2915} INFO - Sync 2 DAGs
[2023-10-16T17:29:56.366+0000] {logging_mixin.py:151} INFO - [2023-10-16T17:29:56.365+0000] {dag.py:3696} INFO - Setting next_dagrun for example_external_task_marker_child to None, run_after=None
[2023-10-16T17:29:56.376+0000] {logging_mixin.py:151} INFO - [2023-10-16T17:29:56.376+0000] {dag.py:3696} INFO - Setting next_dagrun for example_external_task_marker_parent to None, run_after=None
[2023-10-16T17:29:56.417+0000] {processor.py:179} INFO - Processing /home/airflow/.local/lib/python3.8/site-packages/airflow/example_dags/example_external_task_marker_dag.py took 0.217 seconds
[2023-10-16T17:30:26.705+0000] {processor.py:157} INFO - Started process (PID=165) to work on /home/airflow/.local/lib/python3.8/site-packages/airflow/example_dags/example_external_task_marker_dag.py
[2023-10-16T17:30:26.706+0000] {processor.py:829} INFO - Processing file /home/airflow/.local/lib/python3.8/site-packages/airflow/example_dags/example_external_task_marker_dag.py for tasks to queue
[2023-10-16T17:30:26.708+0000] {logging_mixin.py:151} INFO - [2023-10-16T17:30:26.708+0000] {dagbag.py:539} INFO - Filling up the DagBag from /home/airflow/.local/lib/python3.8/site-packages/airflow/example_dags/example_external_task_marker_dag.py
[2023-10-16T17:30:26.714+0000] {processor.py:839} INFO - DAG(s) dict_keys(['example_external_task_marker_parent', 'example_external_task_marker_child']) retrieved from /home/airflow/.local/lib/python3.8/site-packages/airflow/example_dags/example_external_task_marker_dag.py
[2023-10-16T17:30:26.743+0000] {logging_mixin.py:151} INFO - [2023-10-16T17:30:26.743+0000] {dag.py:2915} INFO - Sync 2 DAGs
[2023-10-16T17:30:26.760+0000] {logging_mixin.py:151} INFO - [2023-10-16T17:30:26.760+0000] {dag.py:3696} INFO - Setting next_dagrun for example_external_task_marker_child to None, run_after=None
[2023-10-16T17:30:26.764+0000] {logging_mixin.py:151} INFO - [2023-10-16T17:30:26.763+0000] {dag.py:3696} INFO - Setting next_dagrun for example_external_task_marker_parent to None, run_after=None
[2023-10-16T17:30:26.789+0000] {processor.py:179} INFO - Processing /home/airflow/.local/lib/python3.8/site-packages/airflow/example_dags/example_external_task_marker_dag.py took 0.087 seconds
[2023-10-16T17:30:57.645+0000] {processor.py:157} INFO - Started process (PID=220) to work on /home/airflow/.local/lib/python3.8/site-packages/airflow/example_dags/example_external_task_marker_dag.py
[2023-10-16T17:30:57.646+0000] {processor.py:829} INFO - Processing file /home/airflow/.local/lib/python3.8/site-packages/airflow/example_dags/example_external_task_marker_dag.py for tasks to queue
[2023-10-16T17:30:57.647+0000] {logging_mixin.py:151} INFO - [2023-10-16T17:30:57.647+0000] {dagbag.py:539} INFO - Filling up the DagBag from /home/airflow/.local/lib/python3.8/site-packages/airflow/example_dags/example_external_task_marker_dag.py
[2023-10-16T17:30:57.653+0000] {processor.py:839} INFO - DAG(s) dict_keys(['example_external_task_marker_child', 'example_external_task_marker_parent']) retrieved from /home/airflow/.local/lib/python3.8/site-packages/airflow/example_dags/example_external_task_marker_dag.py
[2023-10-16T17:30:57.682+0000] {logging_mixin.py:151} INFO - [2023-10-16T17:30:57.681+0000] {dag.py:2915} INFO - Sync 2 DAGs
[2023-10-16T17:30:57.697+0000] {logging_mixin.py:151} INFO - [2023-10-16T17:30:57.697+0000] {dag.py:3696} INFO - Setting next_dagrun for example_external_task_marker_child to None, run_after=None
[2023-10-16T17:30:57.700+0000] {logging_mixin.py:151} INFO - [2023-10-16T17:30:57.700+0000] {dag.py:3696} INFO - Setting next_dagrun for example_external_task_marker_parent to None, run_after=None
[2023-10-16T17:30:57.726+0000] {processor.py:179} INFO - Processing /home/airflow/.local/lib/python3.8/site-packages/airflow/example_dags/example_external_task_marker_dag.py took 0.085 seconds
[2023-10-16T17:31:28.239+0000] {processor.py:157} INFO - Started process (PID=276) to work on /home/airflow/.local/lib/python3.8/site-packages/airflow/example_dags/example_external_task_marker_dag.py
[2023-10-16T17:31:28.240+0000] {processor.py:829} INFO - Processing file /home/airflow/.local/lib/python3.8/site-packages/airflow/example_dags/example_external_task_marker_dag.py for tasks to queue
[2023-10-16T17:31:28.244+0000] {logging_mixin.py:151} INFO - [2023-10-16T17:31:28.241+0000] {dagbag.py:539} INFO - Filling up the DagBag from /home/airflow/.local/lib/python3.8/site-packages/airflow/example_dags/example_external_task_marker_dag.py
[2023-10-16T17:31:28.250+0000] {processor.py:839} INFO - DAG(s) dict_keys(['example_external_task_marker_parent', 'example_external_task_marker_child']) retrieved from /home/airflow/.local/lib/python3.8/site-packages/airflow/example_dags/example_external_task_marker_dag.py
[2023-10-16T17:31:28.366+0000] {logging_mixin.py:151} INFO - [2023-10-16T17:31:28.366+0000] {dag.py:2915} INFO - Sync 2 DAGs
[2023-10-16T17:31:28.394+0000] {logging_mixin.py:151} INFO - [2023-10-16T17:31:28.394+0000] {dag.py:3696} INFO - Setting next_dagrun for example_external_task_marker_child to None, run_after=None
[2023-10-16T17:31:28.400+0000] {logging_mixin.py:151} INFO - [2023-10-16T17:31:28.400+0000] {dag.py:3696} INFO - Setting next_dagrun for example_external_task_marker_parent to None, run_after=None
[2023-10-16T17:31:28.428+0000] {processor.py:179} INFO - Processing /home/airflow/.local/lib/python3.8/site-packages/airflow/example_dags/example_external_task_marker_dag.py took 0.192 seconds
[2023-10-16T17:31:58.835+0000] {processor.py:157} INFO - Started process (PID=331) to work on /home/airflow/.local/lib/python3.8/site-packages/airflow/example_dags/example_external_task_marker_dag.py
[2023-10-16T17:31:58.836+0000] {processor.py:829} INFO - Processing file /home/airflow/.local/lib/python3.8/site-packages/airflow/example_dags/example_external_task_marker_dag.py for tasks to queue
[2023-10-16T17:31:58.846+0000] {logging_mixin.py:151} INFO - [2023-10-16T17:31:58.846+0000] {dagbag.py:539} INFO - Filling up the DagBag from /home/airflow/.local/lib/python3.8/site-packages/airflow/example_dags/example_external_task_marker_dag.py
[2023-10-16T17:31:58.863+0000] {processor.py:839} INFO - DAG(s) dict_keys(['example_external_task_marker_parent', 'example_external_task_marker_child']) retrieved from /home/airflow/.local/lib/python3.8/site-packages/airflow/example_dags/example_external_task_marker_dag.py
[2023-10-16T17:31:58.945+0000] {logging_mixin.py:151} INFO - [2023-10-16T17:31:58.945+0000] {dag.py:2915} INFO - Sync 2 DAGs
[2023-10-16T17:31:58.969+0000] {logging_mixin.py:151} INFO - [2023-10-16T17:31:58.969+0000] {dag.py:3696} INFO - Setting next_dagrun for example_external_task_marker_child to None, run_after=None
[2023-10-16T17:31:58.973+0000] {logging_mixin.py:151} INFO - [2023-10-16T17:31:58.973+0000] {dag.py:3696} INFO - Setting next_dagrun for example_external_task_marker_parent to None, run_after=None
[2023-10-16T17:31:59.015+0000] {processor.py:179} INFO - Processing /home/airflow/.local/lib/python3.8/site-packages/airflow/example_dags/example_external_task_marker_dag.py took 0.182 seconds
[2023-10-16T17:32:29.175+0000] {processor.py:157} INFO - Started process (PID=386) to work on /home/airflow/.local/lib/python3.8/site-packages/airflow/example_dags/example_external_task_marker_dag.py
[2023-10-16T17:32:29.183+0000] {processor.py:829} INFO - Processing file /home/airflow/.local/lib/python3.8/site-packages/airflow/example_dags/example_external_task_marker_dag.py for tasks to queue
[2023-10-16T17:32:29.186+0000] {logging_mixin.py:151} INFO - [2023-10-16T17:32:29.185+0000] {dagbag.py:539} INFO - Filling up the DagBag from /home/airflow/.local/lib/python3.8/site-packages/airflow/example_dags/example_external_task_marker_dag.py
[2023-10-16T17:32:29.198+0000] {processor.py:839} INFO - DAG(s) dict_keys(['example_external_task_marker_child', 'example_external_task_marker_parent']) retrieved from /home/airflow/.local/lib/python3.8/site-packages/airflow/example_dags/example_external_task_marker_dag.py
[2023-10-16T17:32:29.291+0000] {logging_mixin.py:151} INFO - [2023-10-16T17:32:29.290+0000] {dag.py:2915} INFO - Sync 2 DAGs
[2023-10-16T17:32:29.339+0000] {logging_mixin.py:151} INFO - [2023-10-16T17:32:29.338+0000] {dag.py:3696} INFO - Setting next_dagrun for example_external_task_marker_child to None, run_after=None
[2023-10-16T17:32:29.346+0000] {logging_mixin.py:151} INFO - [2023-10-16T17:32:29.345+0000] {dag.py:3696} INFO - Setting next_dagrun for example_external_task_marker_parent to None, run_after=None
[2023-10-16T17:32:29.412+0000] {processor.py:179} INFO - Processing /home/airflow/.local/lib/python3.8/site-packages/airflow/example_dags/example_external_task_marker_dag.py took 0.241 seconds
[2023-10-16T17:33:00.020+0000] {processor.py:157} INFO - Started process (PID=441) to work on /home/airflow/.local/lib/python3.8/site-packages/airflow/example_dags/example_external_task_marker_dag.py
[2023-10-16T17:33:00.021+0000] {processor.py:829} INFO - Processing file /home/airflow/.local/lib/python3.8/site-packages/airflow/example_dags/example_external_task_marker_dag.py for tasks to queue
[2023-10-16T17:33:00.022+0000] {logging_mixin.py:151} INFO - [2023-10-16T17:33:00.022+0000] {dagbag.py:539} INFO - Filling up the DagBag from /home/airflow/.local/lib/python3.8/site-packages/airflow/example_dags/example_external_task_marker_dag.py
[2023-10-16T17:33:00.028+0000] {processor.py:839} INFO - DAG(s) dict_keys(['example_external_task_marker_parent', 'example_external_task_marker_child']) retrieved from /home/airflow/.local/lib/python3.8/site-packages/airflow/example_dags/example_external_task_marker_dag.py
[2023-10-16T17:33:00.048+0000] {logging_mixin.py:151} INFO - [2023-10-16T17:33:00.048+0000] {dag.py:2915} INFO - Sync 2 DAGs
[2023-10-16T17:33:00.061+0000] {logging_mixin.py:151} INFO - [2023-10-16T17:33:00.061+0000] {dag.py:3696} INFO - Setting next_dagrun for example_external_task_marker_child to None, run_after=None
[2023-10-16T17:33:00.065+0000] {logging_mixin.py:151} INFO - [2023-10-16T17:33:00.065+0000] {dag.py:3696} INFO - Setting next_dagrun for example_external_task_marker_parent to None, run_after=None
[2023-10-16T17:33:00.094+0000] {processor.py:179} INFO - Processing /home/airflow/.local/lib/python3.8/site-packages/airflow/example_dags/example_external_task_marker_dag.py took 0.078 seconds
[2023-10-16T17:33:31.275+0000] {processor.py:157} INFO - Started process (PID=495) to work on /home/airflow/.local/lib/python3.8/site-packages/airflow/example_dags/example_external_task_marker_dag.py
[2023-10-16T17:33:31.276+0000] {processor.py:829} INFO - Processing file /home/airflow/.local/lib/python3.8/site-packages/airflow/example_dags/example_external_task_marker_dag.py for tasks to queue
[2023-10-16T17:33:31.278+0000] {logging_mixin.py:151} INFO - [2023-10-16T17:33:31.278+0000] {dagbag.py:539} INFO - Filling up the DagBag from /home/airflow/.local/lib/python3.8/site-packages/airflow/example_dags/example_external_task_marker_dag.py
[2023-10-16T17:33:31.285+0000] {processor.py:839} INFO - DAG(s) dict_keys(['example_external_task_marker_child', 'example_external_task_marker_parent']) retrieved from /home/airflow/.local/lib/python3.8/site-packages/airflow/example_dags/example_external_task_marker_dag.py
[2023-10-16T17:33:31.313+0000] {logging_mixin.py:151} INFO - [2023-10-16T17:33:31.313+0000] {dag.py:2915} INFO - Sync 2 DAGs
[2023-10-16T17:33:31.327+0000] {logging_mixin.py:151} INFO - [2023-10-16T17:33:31.327+0000] {dag.py:3696} INFO - Setting next_dagrun for example_external_task_marker_child to None, run_after=None
[2023-10-16T17:33:31.331+0000] {logging_mixin.py:151} INFO - [2023-10-16T17:33:31.331+0000] {dag.py:3696} INFO - Setting next_dagrun for example_external_task_marker_parent to None, run_after=None
[2023-10-16T17:33:31.354+0000] {processor.py:179} INFO - Processing /home/airflow/.local/lib/python3.8/site-packages/airflow/example_dags/example_external_task_marker_dag.py took 0.083 seconds
