[2023-10-16T17:29:25.365+0000] {processor.py:157} INFO - Started process (PID=58) to work on /home/airflow/.local/lib/python3.8/site-packages/airflow/example_dags/example_bash_operator.py
[2023-10-16T17:29:25.366+0000] {processor.py:829} INFO - Processing file /home/airflow/.local/lib/python3.8/site-packages/airflow/example_dags/example_bash_operator.py for tasks to queue
[2023-10-16T17:29:25.370+0000] {logging_mixin.py:151} INFO - [2023-10-16T17:29:25.370+0000] {dagbag.py:539} INFO - Filling up the DagBag from /home/airflow/.local/lib/python3.8/site-packages/airflow/example_dags/example_bash_operator.py
[2023-10-16T17:29:25.401+0000] {processor.py:839} INFO - DAG(s) dict_keys(['example_bash_operator']) retrieved from /home/airflow/.local/lib/python3.8/site-packages/airflow/example_dags/example_bash_operator.py
[2023-10-16T17:29:25.819+0000] {logging_mixin.py:151} INFO - [2023-10-16T17:29:25.819+0000] {manager.py:499} INFO - Created Permission View: %s
[2023-10-16T17:29:25.880+0000] {logging_mixin.py:151} INFO - [2023-10-16T17:29:25.880+0000] {manager.py:499} INFO - Created Permission View: %s
[2023-10-16T17:29:25.913+0000] {logging_mixin.py:151} INFO - [2023-10-16T17:29:25.913+0000] {manager.py:499} INFO - Created Permission View: %s
[2023-10-16T17:29:25.913+0000] {logging_mixin.py:151} INFO - [2023-10-16T17:29:25.913+0000] {security.py:708} INFO - Not syncing DAG-level permissions for DAG 'DAG:example_bash_operator' as access control is unset.
[2023-10-16T17:29:25.914+0000] {logging_mixin.py:151} INFO - [2023-10-16T17:29:25.914+0000] {dag.py:2915} INFO - Sync 1 DAGs
[2023-10-16T17:29:25.951+0000] {logging_mixin.py:151} INFO - [2023-10-16T17:29:25.950+0000] {dag.py:2937} INFO - Creating ORM DAG for example_bash_operator
[2023-10-16T17:29:25.997+0000] {logging_mixin.py:151} INFO - [2023-10-16T17:29:25.997+0000] {dag.py:3696} INFO - Setting next_dagrun for example_bash_operator to 2023-10-15T00:00:00+00:00, run_after=2023-10-16T00:00:00+00:00
[2023-10-16T17:29:26.085+0000] {processor.py:179} INFO - Processing /home/airflow/.local/lib/python3.8/site-packages/airflow/example_dags/example_bash_operator.py took 0.734 seconds
[2023-10-16T17:29:56.538+0000] {processor.py:157} INFO - Started process (PID=113) to work on /home/airflow/.local/lib/python3.8/site-packages/airflow/example_dags/example_bash_operator.py
[2023-10-16T17:29:56.539+0000] {processor.py:829} INFO - Processing file /home/airflow/.local/lib/python3.8/site-packages/airflow/example_dags/example_bash_operator.py for tasks to queue
[2023-10-16T17:29:56.543+0000] {logging_mixin.py:151} INFO - [2023-10-16T17:29:56.542+0000] {dagbag.py:539} INFO - Filling up the DagBag from /home/airflow/.local/lib/python3.8/site-packages/airflow/example_dags/example_bash_operator.py
[2023-10-16T17:29:56.564+0000] {processor.py:839} INFO - DAG(s) dict_keys(['example_bash_operator']) retrieved from /home/airflow/.local/lib/python3.8/site-packages/airflow/example_dags/example_bash_operator.py
[2023-10-16T17:29:56.621+0000] {logging_mixin.py:151} INFO - [2023-10-16T17:29:56.621+0000] {dag.py:2915} INFO - Sync 1 DAGs
[2023-10-16T17:29:56.647+0000] {logging_mixin.py:151} INFO - [2023-10-16T17:29:56.647+0000] {dag.py:3696} INFO - Setting next_dagrun for example_bash_operator to 2023-10-15T00:00:00+00:00, run_after=2023-10-16T00:00:00+00:00
[2023-10-16T17:29:56.674+0000] {processor.py:179} INFO - Processing /home/airflow/.local/lib/python3.8/site-packages/airflow/example_dags/example_bash_operator.py took 0.143 seconds
[2023-10-16T17:30:26.883+0000] {processor.py:157} INFO - Started process (PID=168) to work on /home/airflow/.local/lib/python3.8/site-packages/airflow/example_dags/example_bash_operator.py
[2023-10-16T17:30:26.884+0000] {processor.py:829} INFO - Processing file /home/airflow/.local/lib/python3.8/site-packages/airflow/example_dags/example_bash_operator.py for tasks to queue
[2023-10-16T17:30:26.886+0000] {logging_mixin.py:151} INFO - [2023-10-16T17:30:26.886+0000] {dagbag.py:539} INFO - Filling up the DagBag from /home/airflow/.local/lib/python3.8/site-packages/airflow/example_dags/example_bash_operator.py
[2023-10-16T17:30:26.896+0000] {processor.py:839} INFO - DAG(s) dict_keys(['example_bash_operator']) retrieved from /home/airflow/.local/lib/python3.8/site-packages/airflow/example_dags/example_bash_operator.py
[2023-10-16T17:30:26.929+0000] {logging_mixin.py:151} INFO - [2023-10-16T17:30:26.929+0000] {dag.py:2915} INFO - Sync 1 DAGs
[2023-10-16T17:30:26.947+0000] {logging_mixin.py:151} INFO - [2023-10-16T17:30:26.947+0000] {dag.py:3696} INFO - Setting next_dagrun for example_bash_operator to 2023-10-15T00:00:00+00:00, run_after=2023-10-16T00:00:00+00:00
[2023-10-16T17:30:26.970+0000] {processor.py:179} INFO - Processing /home/airflow/.local/lib/python3.8/site-packages/airflow/example_dags/example_bash_operator.py took 0.092 seconds
[2023-10-16T17:30:57.803+0000] {processor.py:157} INFO - Started process (PID=223) to work on /home/airflow/.local/lib/python3.8/site-packages/airflow/example_dags/example_bash_operator.py
[2023-10-16T17:30:57.803+0000] {processor.py:829} INFO - Processing file /home/airflow/.local/lib/python3.8/site-packages/airflow/example_dags/example_bash_operator.py for tasks to queue
[2023-10-16T17:30:57.805+0000] {logging_mixin.py:151} INFO - [2023-10-16T17:30:57.805+0000] {dagbag.py:539} INFO - Filling up the DagBag from /home/airflow/.local/lib/python3.8/site-packages/airflow/example_dags/example_bash_operator.py
[2023-10-16T17:30:57.827+0000] {processor.py:839} INFO - DAG(s) dict_keys(['example_bash_operator']) retrieved from /home/airflow/.local/lib/python3.8/site-packages/airflow/example_dags/example_bash_operator.py
[2023-10-16T17:30:57.876+0000] {logging_mixin.py:151} INFO - [2023-10-16T17:30:57.876+0000] {dag.py:2915} INFO - Sync 1 DAGs
[2023-10-16T17:30:57.898+0000] {logging_mixin.py:151} INFO - [2023-10-16T17:30:57.898+0000] {dag.py:3696} INFO - Setting next_dagrun for example_bash_operator to 2023-10-15T00:00:00+00:00, run_after=2023-10-16T00:00:00+00:00
[2023-10-16T17:30:57.930+0000] {processor.py:179} INFO - Processing /home/airflow/.local/lib/python3.8/site-packages/airflow/example_dags/example_bash_operator.py took 0.131 seconds
[2023-10-16T17:31:28.503+0000] {processor.py:157} INFO - Started process (PID=279) to work on /home/airflow/.local/lib/python3.8/site-packages/airflow/example_dags/example_bash_operator.py
[2023-10-16T17:31:28.514+0000] {processor.py:829} INFO - Processing file /home/airflow/.local/lib/python3.8/site-packages/airflow/example_dags/example_bash_operator.py for tasks to queue
[2023-10-16T17:31:28.520+0000] {logging_mixin.py:151} INFO - [2023-10-16T17:31:28.519+0000] {dagbag.py:539} INFO - Filling up the DagBag from /home/airflow/.local/lib/python3.8/site-packages/airflow/example_dags/example_bash_operator.py
[2023-10-16T17:31:28.565+0000] {processor.py:839} INFO - DAG(s) dict_keys(['example_bash_operator']) retrieved from /home/airflow/.local/lib/python3.8/site-packages/airflow/example_dags/example_bash_operator.py
[2023-10-16T17:31:28.686+0000] {logging_mixin.py:151} INFO - [2023-10-16T17:31:28.685+0000] {dag.py:2915} INFO - Sync 1 DAGs
[2023-10-16T17:31:28.714+0000] {logging_mixin.py:151} INFO - [2023-10-16T17:31:28.714+0000] {dag.py:3696} INFO - Setting next_dagrun for example_bash_operator to 2023-10-15T00:00:00+00:00, run_after=2023-10-16T00:00:00+00:00
[2023-10-16T17:31:28.745+0000] {processor.py:179} INFO - Processing /home/airflow/.local/lib/python3.8/site-packages/airflow/example_dags/example_bash_operator.py took 0.248 seconds
[2023-10-16T17:31:59.087+0000] {processor.py:157} INFO - Started process (PID=334) to work on /home/airflow/.local/lib/python3.8/site-packages/airflow/example_dags/example_bash_operator.py
[2023-10-16T17:31:59.088+0000] {processor.py:829} INFO - Processing file /home/airflow/.local/lib/python3.8/site-packages/airflow/example_dags/example_bash_operator.py for tasks to queue
[2023-10-16T17:31:59.140+0000] {logging_mixin.py:151} INFO - [2023-10-16T17:31:59.140+0000] {dagbag.py:539} INFO - Filling up the DagBag from /home/airflow/.local/lib/python3.8/site-packages/airflow/example_dags/example_bash_operator.py
[2023-10-16T17:31:59.160+0000] {processor.py:839} INFO - DAG(s) dict_keys(['example_bash_operator']) retrieved from /home/airflow/.local/lib/python3.8/site-packages/airflow/example_dags/example_bash_operator.py
[2023-10-16T17:31:59.225+0000] {logging_mixin.py:151} INFO - [2023-10-16T17:31:59.225+0000] {dag.py:2915} INFO - Sync 1 DAGs
[2023-10-16T17:31:59.250+0000] {logging_mixin.py:151} INFO - [2023-10-16T17:31:59.250+0000] {dag.py:3696} INFO - Setting next_dagrun for example_bash_operator to 2023-10-15T00:00:00+00:00, run_after=2023-10-16T00:00:00+00:00
[2023-10-16T17:31:59.275+0000] {processor.py:179} INFO - Processing /home/airflow/.local/lib/python3.8/site-packages/airflow/example_dags/example_bash_operator.py took 0.192 seconds
[2023-10-16T17:32:29.470+0000] {processor.py:157} INFO - Started process (PID=389) to work on /home/airflow/.local/lib/python3.8/site-packages/airflow/example_dags/example_bash_operator.py
[2023-10-16T17:32:29.476+0000] {processor.py:829} INFO - Processing file /home/airflow/.local/lib/python3.8/site-packages/airflow/example_dags/example_bash_operator.py for tasks to queue
[2023-10-16T17:32:29.485+0000] {logging_mixin.py:151} INFO - [2023-10-16T17:32:29.485+0000] {dagbag.py:539} INFO - Filling up the DagBag from /home/airflow/.local/lib/python3.8/site-packages/airflow/example_dags/example_bash_operator.py
[2023-10-16T17:32:29.506+0000] {processor.py:839} INFO - DAG(s) dict_keys(['example_bash_operator']) retrieved from /home/airflow/.local/lib/python3.8/site-packages/airflow/example_dags/example_bash_operator.py
[2023-10-16T17:32:29.603+0000] {logging_mixin.py:151} INFO - [2023-10-16T17:32:29.603+0000] {dag.py:2915} INFO - Sync 1 DAGs
[2023-10-16T17:32:29.678+0000] {logging_mixin.py:151} INFO - [2023-10-16T17:32:29.678+0000] {dag.py:3696} INFO - Setting next_dagrun for example_bash_operator to 2023-10-15T00:00:00+00:00, run_after=2023-10-16T00:00:00+00:00
[2023-10-16T17:32:29.736+0000] {processor.py:179} INFO - Processing /home/airflow/.local/lib/python3.8/site-packages/airflow/example_dags/example_bash_operator.py took 0.270 seconds
[2023-10-16T17:33:00.245+0000] {processor.py:157} INFO - Started process (PID=444) to work on /home/airflow/.local/lib/python3.8/site-packages/airflow/example_dags/example_bash_operator.py
[2023-10-16T17:33:00.246+0000] {processor.py:829} INFO - Processing file /home/airflow/.local/lib/python3.8/site-packages/airflow/example_dags/example_bash_operator.py for tasks to queue
[2023-10-16T17:33:00.248+0000] {logging_mixin.py:151} INFO - [2023-10-16T17:33:00.247+0000] {dagbag.py:539} INFO - Filling up the DagBag from /home/airflow/.local/lib/python3.8/site-packages/airflow/example_dags/example_bash_operator.py
[2023-10-16T17:33:00.259+0000] {processor.py:839} INFO - DAG(s) dict_keys(['example_bash_operator']) retrieved from /home/airflow/.local/lib/python3.8/site-packages/airflow/example_dags/example_bash_operator.py
[2023-10-16T17:33:00.287+0000] {logging_mixin.py:151} INFO - [2023-10-16T17:33:00.287+0000] {dag.py:2915} INFO - Sync 1 DAGs
[2023-10-16T17:33:00.306+0000] {logging_mixin.py:151} INFO - [2023-10-16T17:33:00.306+0000] {dag.py:3696} INFO - Setting next_dagrun for example_bash_operator to 2023-10-15T00:00:00+00:00, run_after=2023-10-16T00:00:00+00:00
[2023-10-16T17:33:00.331+0000] {processor.py:179} INFO - Processing /home/airflow/.local/lib/python3.8/site-packages/airflow/example_dags/example_bash_operator.py took 0.090 seconds
[2023-10-16T17:33:31.494+0000] {processor.py:157} INFO - Started process (PID=498) to work on /home/airflow/.local/lib/python3.8/site-packages/airflow/example_dags/example_bash_operator.py
[2023-10-16T17:33:31.494+0000] {processor.py:829} INFO - Processing file /home/airflow/.local/lib/python3.8/site-packages/airflow/example_dags/example_bash_operator.py for tasks to queue
[2023-10-16T17:33:31.496+0000] {logging_mixin.py:151} INFO - [2023-10-16T17:33:31.496+0000] {dagbag.py:539} INFO - Filling up the DagBag from /home/airflow/.local/lib/python3.8/site-packages/airflow/example_dags/example_bash_operator.py
[2023-10-16T17:33:31.505+0000] {processor.py:839} INFO - DAG(s) dict_keys(['example_bash_operator']) retrieved from /home/airflow/.local/lib/python3.8/site-packages/airflow/example_dags/example_bash_operator.py
[2023-10-16T17:33:31.529+0000] {logging_mixin.py:151} INFO - [2023-10-16T17:33:31.529+0000] {dag.py:2915} INFO - Sync 1 DAGs
[2023-10-16T17:33:31.553+0000] {logging_mixin.py:151} INFO - [2023-10-16T17:33:31.553+0000] {dag.py:3696} INFO - Setting next_dagrun for example_bash_operator to 2023-10-15T00:00:00+00:00, run_after=2023-10-16T00:00:00+00:00
[2023-10-16T17:33:31.593+0000] {processor.py:179} INFO - Processing /home/airflow/.local/lib/python3.8/site-packages/airflow/example_dags/example_bash_operator.py took 0.103 seconds
