[2023-10-16T17:29:30.026+0000] {processor.py:157} INFO - Started process (PID=72) to work on /home/airflow/.local/lib/python3.8/site-packages/airflow/example_dags/example_latest_only_with_trigger.py
[2023-10-16T17:29:30.029+0000] {processor.py:829} INFO - Processing file /home/airflow/.local/lib/python3.8/site-packages/airflow/example_dags/example_latest_only_with_trigger.py for tasks to queue
[2023-10-16T17:29:30.032+0000] {logging_mixin.py:151} INFO - [2023-10-16T17:29:30.031+0000] {dagbag.py:539} INFO - Filling up the DagBag from /home/airflow/.local/lib/python3.8/site-packages/airflow/example_dags/example_latest_only_with_trigger.py
[2023-10-16T17:29:30.048+0000] {processor.py:839} INFO - DAG(s) dict_keys(['latest_only_with_trigger']) retrieved from /home/airflow/.local/lib/python3.8/site-packages/airflow/example_dags/example_latest_only_with_trigger.py
[2023-10-16T17:29:30.289+0000] {logging_mixin.py:151} INFO - [2023-10-16T17:29:30.288+0000] {manager.py:499} INFO - Created Permission View: %s
[2023-10-16T17:29:30.321+0000] {logging_mixin.py:151} INFO - [2023-10-16T17:29:30.320+0000] {manager.py:499} INFO - Created Permission View: %s
[2023-10-16T17:29:30.341+0000] {logging_mixin.py:151} INFO - [2023-10-16T17:29:30.341+0000] {manager.py:499} INFO - Created Permission View: %s
[2023-10-16T17:29:30.341+0000] {logging_mixin.py:151} INFO - [2023-10-16T17:29:30.341+0000] {security.py:708} INFO - Not syncing DAG-level permissions for DAG 'DAG:latest_only_with_trigger' as access control is unset.
[2023-10-16T17:29:30.342+0000] {logging_mixin.py:151} INFO - [2023-10-16T17:29:30.342+0000] {dag.py:2915} INFO - Sync 1 DAGs
[2023-10-16T17:29:30.365+0000] {logging_mixin.py:151} INFO - [2023-10-16T17:29:30.365+0000] {dag.py:2937} INFO - Creating ORM DAG for latest_only_with_trigger
[2023-10-16T17:29:30.398+0000] {logging_mixin.py:151} INFO - [2023-10-16T17:29:30.398+0000] {dag.py:3696} INFO - Setting next_dagrun for latest_only_with_trigger to 2023-10-16T13:29:30.398151+00:00, run_after=2023-10-16T17:29:30.398151+00:00
[2023-10-16T17:29:30.440+0000] {processor.py:179} INFO - Processing /home/airflow/.local/lib/python3.8/site-packages/airflow/example_dags/example_latest_only_with_trigger.py took 0.418 seconds
[2023-10-16T17:30:00.579+0000] {processor.py:157} INFO - Started process (PID=127) to work on /home/airflow/.local/lib/python3.8/site-packages/airflow/example_dags/example_latest_only_with_trigger.py
[2023-10-16T17:30:00.580+0000] {processor.py:829} INFO - Processing file /home/airflow/.local/lib/python3.8/site-packages/airflow/example_dags/example_latest_only_with_trigger.py for tasks to queue
[2023-10-16T17:30:00.582+0000] {logging_mixin.py:151} INFO - [2023-10-16T17:30:00.582+0000] {dagbag.py:539} INFO - Filling up the DagBag from /home/airflow/.local/lib/python3.8/site-packages/airflow/example_dags/example_latest_only_with_trigger.py
[2023-10-16T17:30:00.588+0000] {processor.py:839} INFO - DAG(s) dict_keys(['latest_only_with_trigger']) retrieved from /home/airflow/.local/lib/python3.8/site-packages/airflow/example_dags/example_latest_only_with_trigger.py
[2023-10-16T17:30:00.613+0000] {logging_mixin.py:151} INFO - [2023-10-16T17:30:00.613+0000] {dag.py:2915} INFO - Sync 1 DAGs
[2023-10-16T17:30:00.636+0000] {logging_mixin.py:151} INFO - [2023-10-16T17:30:00.636+0000] {dag.py:3696} INFO - Setting next_dagrun for latest_only_with_trigger to 2023-10-16T13:30:00.635923+00:00, run_after=2023-10-16T17:30:00.635923+00:00
[2023-10-16T17:30:00.661+0000] {processor.py:179} INFO - Processing /home/airflow/.local/lib/python3.8/site-packages/airflow/example_dags/example_latest_only_with_trigger.py took 0.085 seconds
[2023-10-16T17:30:31.022+0000] {processor.py:157} INFO - Started process (PID=182) to work on /home/airflow/.local/lib/python3.8/site-packages/airflow/example_dags/example_latest_only_with_trigger.py
[2023-10-16T17:30:31.022+0000] {processor.py:829} INFO - Processing file /home/airflow/.local/lib/python3.8/site-packages/airflow/example_dags/example_latest_only_with_trigger.py for tasks to queue
[2023-10-16T17:30:31.028+0000] {logging_mixin.py:151} INFO - [2023-10-16T17:30:31.024+0000] {dagbag.py:539} INFO - Filling up the DagBag from /home/airflow/.local/lib/python3.8/site-packages/airflow/example_dags/example_latest_only_with_trigger.py
[2023-10-16T17:30:31.034+0000] {processor.py:839} INFO - DAG(s) dict_keys(['latest_only_with_trigger']) retrieved from /home/airflow/.local/lib/python3.8/site-packages/airflow/example_dags/example_latest_only_with_trigger.py
[2023-10-16T17:30:31.062+0000] {logging_mixin.py:151} INFO - [2023-10-16T17:30:31.062+0000] {dag.py:2915} INFO - Sync 1 DAGs
[2023-10-16T17:30:31.090+0000] {logging_mixin.py:151} INFO - [2023-10-16T17:30:31.090+0000] {dag.py:3696} INFO - Setting next_dagrun for latest_only_with_trigger to 2023-10-16T13:30:31.089974+00:00, run_after=2023-10-16T17:30:31.089974+00:00
[2023-10-16T17:30:31.116+0000] {processor.py:179} INFO - Processing /home/airflow/.local/lib/python3.8/site-packages/airflow/example_dags/example_latest_only_with_trigger.py took 0.103 seconds
[2023-10-16T17:31:01.955+0000] {processor.py:157} INFO - Started process (PID=237) to work on /home/airflow/.local/lib/python3.8/site-packages/airflow/example_dags/example_latest_only_with_trigger.py
[2023-10-16T17:31:01.955+0000] {processor.py:829} INFO - Processing file /home/airflow/.local/lib/python3.8/site-packages/airflow/example_dags/example_latest_only_with_trigger.py for tasks to queue
[2023-10-16T17:31:01.957+0000] {logging_mixin.py:151} INFO - [2023-10-16T17:31:01.957+0000] {dagbag.py:539} INFO - Filling up the DagBag from /home/airflow/.local/lib/python3.8/site-packages/airflow/example_dags/example_latest_only_with_trigger.py
[2023-10-16T17:31:01.962+0000] {processor.py:839} INFO - DAG(s) dict_keys(['latest_only_with_trigger']) retrieved from /home/airflow/.local/lib/python3.8/site-packages/airflow/example_dags/example_latest_only_with_trigger.py
[2023-10-16T17:31:01.981+0000] {logging_mixin.py:151} INFO - [2023-10-16T17:31:01.980+0000] {dag.py:2915} INFO - Sync 1 DAGs
[2023-10-16T17:31:01.997+0000] {logging_mixin.py:151} INFO - [2023-10-16T17:31:01.997+0000] {dag.py:3696} INFO - Setting next_dagrun for latest_only_with_trigger to 2023-10-16T13:31:01.997298+00:00, run_after=2023-10-16T17:31:01.997298+00:00
[2023-10-16T17:31:02.019+0000] {processor.py:179} INFO - Processing /home/airflow/.local/lib/python3.8/site-packages/airflow/example_dags/example_latest_only_with_trigger.py took 0.067 seconds
[2023-10-16T17:31:32.484+0000] {processor.py:157} INFO - Started process (PID=293) to work on /home/airflow/.local/lib/python3.8/site-packages/airflow/example_dags/example_latest_only_with_trigger.py
[2023-10-16T17:31:32.485+0000] {processor.py:829} INFO - Processing file /home/airflow/.local/lib/python3.8/site-packages/airflow/example_dags/example_latest_only_with_trigger.py for tasks to queue
[2023-10-16T17:31:32.487+0000] {logging_mixin.py:151} INFO - [2023-10-16T17:31:32.487+0000] {dagbag.py:539} INFO - Filling up the DagBag from /home/airflow/.local/lib/python3.8/site-packages/airflow/example_dags/example_latest_only_with_trigger.py
[2023-10-16T17:31:32.492+0000] {processor.py:839} INFO - DAG(s) dict_keys(['latest_only_with_trigger']) retrieved from /home/airflow/.local/lib/python3.8/site-packages/airflow/example_dags/example_latest_only_with_trigger.py
[2023-10-16T17:31:32.509+0000] {logging_mixin.py:151} INFO - [2023-10-16T17:31:32.509+0000] {dag.py:2915} INFO - Sync 1 DAGs
[2023-10-16T17:31:32.530+0000] {logging_mixin.py:151} INFO - [2023-10-16T17:31:32.530+0000] {dag.py:3696} INFO - Setting next_dagrun for latest_only_with_trigger to 2023-10-16T13:31:32.530067+00:00, run_after=2023-10-16T17:31:32.530067+00:00
[2023-10-16T17:31:32.571+0000] {processor.py:179} INFO - Processing /home/airflow/.local/lib/python3.8/site-packages/airflow/example_dags/example_latest_only_with_trigger.py took 0.091 seconds
[2023-10-16T17:32:03.157+0000] {processor.py:157} INFO - Started process (PID=348) to work on /home/airflow/.local/lib/python3.8/site-packages/airflow/example_dags/example_latest_only_with_trigger.py
[2023-10-16T17:32:03.158+0000] {processor.py:829} INFO - Processing file /home/airflow/.local/lib/python3.8/site-packages/airflow/example_dags/example_latest_only_with_trigger.py for tasks to queue
[2023-10-16T17:32:03.160+0000] {logging_mixin.py:151} INFO - [2023-10-16T17:32:03.160+0000] {dagbag.py:539} INFO - Filling up the DagBag from /home/airflow/.local/lib/python3.8/site-packages/airflow/example_dags/example_latest_only_with_trigger.py
[2023-10-16T17:32:03.164+0000] {processor.py:839} INFO - DAG(s) dict_keys(['latest_only_with_trigger']) retrieved from /home/airflow/.local/lib/python3.8/site-packages/airflow/example_dags/example_latest_only_with_trigger.py
[2023-10-16T17:32:03.183+0000] {logging_mixin.py:151} INFO - [2023-10-16T17:32:03.183+0000] {dag.py:2915} INFO - Sync 1 DAGs
[2023-10-16T17:32:03.200+0000] {logging_mixin.py:151} INFO - [2023-10-16T17:32:03.200+0000] {dag.py:3696} INFO - Setting next_dagrun for latest_only_with_trigger to 2023-10-16T13:32:03.199832+00:00, run_after=2023-10-16T17:32:03.199832+00:00
[2023-10-16T17:32:03.227+0000] {processor.py:179} INFO - Processing /home/airflow/.local/lib/python3.8/site-packages/airflow/example_dags/example_latest_only_with_trigger.py took 0.072 seconds
[2023-10-16T17:32:34.131+0000] {processor.py:157} INFO - Started process (PID=403) to work on /home/airflow/.local/lib/python3.8/site-packages/airflow/example_dags/example_latest_only_with_trigger.py
[2023-10-16T17:32:34.132+0000] {processor.py:829} INFO - Processing file /home/airflow/.local/lib/python3.8/site-packages/airflow/example_dags/example_latest_only_with_trigger.py for tasks to queue
[2023-10-16T17:32:34.146+0000] {logging_mixin.py:151} INFO - [2023-10-16T17:32:34.145+0000] {dagbag.py:539} INFO - Filling up the DagBag from /home/airflow/.local/lib/python3.8/site-packages/airflow/example_dags/example_latest_only_with_trigger.py
[2023-10-16T17:32:34.151+0000] {processor.py:839} INFO - DAG(s) dict_keys(['latest_only_with_trigger']) retrieved from /home/airflow/.local/lib/python3.8/site-packages/airflow/example_dags/example_latest_only_with_trigger.py
[2023-10-16T17:32:34.186+0000] {logging_mixin.py:151} INFO - [2023-10-16T17:32:34.186+0000] {dag.py:2915} INFO - Sync 1 DAGs
[2023-10-16T17:32:34.204+0000] {logging_mixin.py:151} INFO - [2023-10-16T17:32:34.204+0000] {dag.py:3696} INFO - Setting next_dagrun for latest_only_with_trigger to 2023-10-16T13:32:34.204100+00:00, run_after=2023-10-16T17:32:34.204100+00:00
[2023-10-16T17:32:34.226+0000] {processor.py:179} INFO - Processing /home/airflow/.local/lib/python3.8/site-packages/airflow/example_dags/example_latest_only_with_trigger.py took 0.104 seconds
[2023-10-16T17:33:04.397+0000] {processor.py:157} INFO - Started process (PID=458) to work on /home/airflow/.local/lib/python3.8/site-packages/airflow/example_dags/example_latest_only_with_trigger.py
[2023-10-16T17:33:04.398+0000] {processor.py:829} INFO - Processing file /home/airflow/.local/lib/python3.8/site-packages/airflow/example_dags/example_latest_only_with_trigger.py for tasks to queue
[2023-10-16T17:33:04.400+0000] {logging_mixin.py:151} INFO - [2023-10-16T17:33:04.400+0000] {dagbag.py:539} INFO - Filling up the DagBag from /home/airflow/.local/lib/python3.8/site-packages/airflow/example_dags/example_latest_only_with_trigger.py
[2023-10-16T17:33:04.407+0000] {processor.py:839} INFO - DAG(s) dict_keys(['latest_only_with_trigger']) retrieved from /home/airflow/.local/lib/python3.8/site-packages/airflow/example_dags/example_latest_only_with_trigger.py
[2023-10-16T17:33:04.441+0000] {logging_mixin.py:151} INFO - [2023-10-16T17:33:04.440+0000] {dag.py:2915} INFO - Sync 1 DAGs
[2023-10-16T17:33:04.485+0000] {logging_mixin.py:151} INFO - [2023-10-16T17:33:04.485+0000] {dag.py:3696} INFO - Setting next_dagrun for latest_only_with_trigger to 2023-10-16T13:33:04.485132+00:00, run_after=2023-10-16T17:33:04.485132+00:00
[2023-10-16T17:33:04.515+0000] {processor.py:179} INFO - Processing /home/airflow/.local/lib/python3.8/site-packages/airflow/example_dags/example_latest_only_with_trigger.py took 0.121 seconds
[2023-10-16T17:33:35.449+0000] {processor.py:157} INFO - Started process (PID=512) to work on /home/airflow/.local/lib/python3.8/site-packages/airflow/example_dags/example_latest_only_with_trigger.py
[2023-10-16T17:33:35.450+0000] {processor.py:829} INFO - Processing file /home/airflow/.local/lib/python3.8/site-packages/airflow/example_dags/example_latest_only_with_trigger.py for tasks to queue
[2023-10-16T17:33:35.460+0000] {logging_mixin.py:151} INFO - [2023-10-16T17:33:35.460+0000] {dagbag.py:539} INFO - Filling up the DagBag from /home/airflow/.local/lib/python3.8/site-packages/airflow/example_dags/example_latest_only_with_trigger.py
[2023-10-16T17:33:35.467+0000] {processor.py:839} INFO - DAG(s) dict_keys(['latest_only_with_trigger']) retrieved from /home/airflow/.local/lib/python3.8/site-packages/airflow/example_dags/example_latest_only_with_trigger.py
[2023-10-16T17:33:35.640+0000] {logging_mixin.py:151} INFO - [2023-10-16T17:33:35.640+0000] {dag.py:2915} INFO - Sync 1 DAGs
[2023-10-16T17:33:35.734+0000] {logging_mixin.py:151} INFO - [2023-10-16T17:33:35.733+0000] {dag.py:3696} INFO - Setting next_dagrun for latest_only_with_trigger to 2023-10-16T13:33:35.733360+00:00, run_after=2023-10-16T17:33:35.733360+00:00
[2023-10-16T17:33:35.774+0000] {processor.py:179} INFO - Processing /home/airflow/.local/lib/python3.8/site-packages/airflow/example_dags/example_latest_only_with_trigger.py took 0.341 seconds
