[2023-10-16T17:29:28.696+0000] {processor.py:157} INFO - Started process (PID=65) to work on /home/airflow/.local/lib/python3.8/site-packages/airflow/example_dags/example_python_operator.py
[2023-10-16T17:29:28.696+0000] {processor.py:829} INFO - Processing file /home/airflow/.local/lib/python3.8/site-packages/airflow/example_dags/example_python_operator.py for tasks to queue
[2023-10-16T17:29:28.698+0000] {logging_mixin.py:151} INFO - [2023-10-16T17:29:28.698+0000] {dagbag.py:539} INFO - Filling up the DagBag from /home/airflow/.local/lib/python3.8/site-packages/airflow/example_dags/example_python_operator.py
[2023-10-16T17:29:28.715+0000] {processor.py:839} INFO - DAG(s) dict_keys(['example_python_operator']) retrieved from /home/airflow/.local/lib/python3.8/site-packages/airflow/example_dags/example_python_operator.py
[2023-10-16T17:29:28.904+0000] {logging_mixin.py:151} INFO - [2023-10-16T17:29:28.904+0000] {manager.py:499} INFO - Created Permission View: %s
[2023-10-16T17:29:28.985+0000] {logging_mixin.py:151} INFO - [2023-10-16T17:29:28.985+0000] {manager.py:499} INFO - Created Permission View: %s
[2023-10-16T17:29:29.010+0000] {logging_mixin.py:151} INFO - [2023-10-16T17:29:29.010+0000] {manager.py:499} INFO - Created Permission View: %s
[2023-10-16T17:29:29.010+0000] {logging_mixin.py:151} INFO - [2023-10-16T17:29:29.010+0000] {security.py:708} INFO - Not syncing DAG-level permissions for DAG 'DAG:example_python_operator' as access control is unset.
[2023-10-16T17:29:29.011+0000] {logging_mixin.py:151} INFO - [2023-10-16T17:29:29.010+0000] {dag.py:2915} INFO - Sync 1 DAGs
[2023-10-16T17:29:29.054+0000] {logging_mixin.py:151} INFO - [2023-10-16T17:29:29.054+0000] {dag.py:2937} INFO - Creating ORM DAG for example_python_operator
[2023-10-16T17:29:29.058+0000] {logging_mixin.py:151} INFO - [2023-10-16T17:29:29.058+0000] {dag.py:3696} INFO - Setting next_dagrun for example_python_operator to None, run_after=None
[2023-10-16T17:29:29.104+0000] {processor.py:179} INFO - Processing /home/airflow/.local/lib/python3.8/site-packages/airflow/example_dags/example_python_operator.py took 0.411 seconds
[2023-10-16T17:29:59.141+0000] {processor.py:157} INFO - Started process (PID=120) to work on /home/airflow/.local/lib/python3.8/site-packages/airflow/example_dags/example_python_operator.py
[2023-10-16T17:29:59.141+0000] {processor.py:829} INFO - Processing file /home/airflow/.local/lib/python3.8/site-packages/airflow/example_dags/example_python_operator.py for tasks to queue
[2023-10-16T17:29:59.143+0000] {logging_mixin.py:151} INFO - [2023-10-16T17:29:59.142+0000] {dagbag.py:539} INFO - Filling up the DagBag from /home/airflow/.local/lib/python3.8/site-packages/airflow/example_dags/example_python_operator.py
[2023-10-16T17:29:59.151+0000] {processor.py:839} INFO - DAG(s) dict_keys(['example_python_operator']) retrieved from /home/airflow/.local/lib/python3.8/site-packages/airflow/example_dags/example_python_operator.py
[2023-10-16T17:29:59.170+0000] {logging_mixin.py:151} INFO - [2023-10-16T17:29:59.169+0000] {dag.py:2915} INFO - Sync 1 DAGs
[2023-10-16T17:29:59.179+0000] {logging_mixin.py:151} INFO - [2023-10-16T17:29:59.179+0000] {dag.py:3696} INFO - Setting next_dagrun for example_python_operator to None, run_after=None
[2023-10-16T17:29:59.201+0000] {processor.py:179} INFO - Processing /home/airflow/.local/lib/python3.8/site-packages/airflow/example_dags/example_python_operator.py took 0.063 seconds
[2023-10-16T17:30:29.351+0000] {processor.py:157} INFO - Started process (PID=175) to work on /home/airflow/.local/lib/python3.8/site-packages/airflow/example_dags/example_python_operator.py
[2023-10-16T17:30:29.352+0000] {processor.py:829} INFO - Processing file /home/airflow/.local/lib/python3.8/site-packages/airflow/example_dags/example_python_operator.py for tasks to queue
[2023-10-16T17:30:29.354+0000] {logging_mixin.py:151} INFO - [2023-10-16T17:30:29.353+0000] {dagbag.py:539} INFO - Filling up the DagBag from /home/airflow/.local/lib/python3.8/site-packages/airflow/example_dags/example_python_operator.py
[2023-10-16T17:30:29.362+0000] {processor.py:839} INFO - DAG(s) dict_keys(['example_python_operator']) retrieved from /home/airflow/.local/lib/python3.8/site-packages/airflow/example_dags/example_python_operator.py
[2023-10-16T17:30:29.381+0000] {logging_mixin.py:151} INFO - [2023-10-16T17:30:29.381+0000] {dag.py:2915} INFO - Sync 1 DAGs
[2023-10-16T17:30:29.391+0000] {logging_mixin.py:151} INFO - [2023-10-16T17:30:29.391+0000] {dag.py:3696} INFO - Setting next_dagrun for example_python_operator to None, run_after=None
[2023-10-16T17:30:29.415+0000] {processor.py:179} INFO - Processing /home/airflow/.local/lib/python3.8/site-packages/airflow/example_dags/example_python_operator.py took 0.066 seconds
[2023-10-16T17:31:00.430+0000] {processor.py:157} INFO - Started process (PID=230) to work on /home/airflow/.local/lib/python3.8/site-packages/airflow/example_dags/example_python_operator.py
[2023-10-16T17:31:00.431+0000] {processor.py:829} INFO - Processing file /home/airflow/.local/lib/python3.8/site-packages/airflow/example_dags/example_python_operator.py for tasks to queue
[2023-10-16T17:31:00.433+0000] {logging_mixin.py:151} INFO - [2023-10-16T17:31:00.432+0000] {dagbag.py:539} INFO - Filling up the DagBag from /home/airflow/.local/lib/python3.8/site-packages/airflow/example_dags/example_python_operator.py
[2023-10-16T17:31:00.444+0000] {processor.py:839} INFO - DAG(s) dict_keys(['example_python_operator']) retrieved from /home/airflow/.local/lib/python3.8/site-packages/airflow/example_dags/example_python_operator.py
[2023-10-16T17:31:00.477+0000] {logging_mixin.py:151} INFO - [2023-10-16T17:31:00.477+0000] {dag.py:2915} INFO - Sync 1 DAGs
[2023-10-16T17:31:00.493+0000] {logging_mixin.py:151} INFO - [2023-10-16T17:31:00.493+0000] {dag.py:3696} INFO - Setting next_dagrun for example_python_operator to None, run_after=None
[2023-10-16T17:31:00.540+0000] {processor.py:179} INFO - Processing /home/airflow/.local/lib/python3.8/site-packages/airflow/example_dags/example_python_operator.py took 0.113 seconds
[2023-10-16T17:31:31.110+0000] {processor.py:157} INFO - Started process (PID=286) to work on /home/airflow/.local/lib/python3.8/site-packages/airflow/example_dags/example_python_operator.py
[2023-10-16T17:31:31.110+0000] {processor.py:829} INFO - Processing file /home/airflow/.local/lib/python3.8/site-packages/airflow/example_dags/example_python_operator.py for tasks to queue
[2023-10-16T17:31:31.112+0000] {logging_mixin.py:151} INFO - [2023-10-16T17:31:31.112+0000] {dagbag.py:539} INFO - Filling up the DagBag from /home/airflow/.local/lib/python3.8/site-packages/airflow/example_dags/example_python_operator.py
[2023-10-16T17:31:31.123+0000] {processor.py:839} INFO - DAG(s) dict_keys(['example_python_operator']) retrieved from /home/airflow/.local/lib/python3.8/site-packages/airflow/example_dags/example_python_operator.py
[2023-10-16T17:31:31.152+0000] {logging_mixin.py:151} INFO - [2023-10-16T17:31:31.151+0000] {dag.py:2915} INFO - Sync 1 DAGs
[2023-10-16T17:31:31.166+0000] {logging_mixin.py:151} INFO - [2023-10-16T17:31:31.166+0000] {dag.py:3696} INFO - Setting next_dagrun for example_python_operator to None, run_after=None
[2023-10-16T17:31:31.193+0000] {processor.py:179} INFO - Processing /home/airflow/.local/lib/python3.8/site-packages/airflow/example_dags/example_python_operator.py took 0.087 seconds
[2023-10-16T17:32:01.777+0000] {processor.py:157} INFO - Started process (PID=341) to work on /home/airflow/.local/lib/python3.8/site-packages/airflow/example_dags/example_python_operator.py
[2023-10-16T17:32:01.778+0000] {processor.py:829} INFO - Processing file /home/airflow/.local/lib/python3.8/site-packages/airflow/example_dags/example_python_operator.py for tasks to queue
[2023-10-16T17:32:01.780+0000] {logging_mixin.py:151} INFO - [2023-10-16T17:32:01.780+0000] {dagbag.py:539} INFO - Filling up the DagBag from /home/airflow/.local/lib/python3.8/site-packages/airflow/example_dags/example_python_operator.py
[2023-10-16T17:32:01.792+0000] {processor.py:839} INFO - DAG(s) dict_keys(['example_python_operator']) retrieved from /home/airflow/.local/lib/python3.8/site-packages/airflow/example_dags/example_python_operator.py
[2023-10-16T17:32:01.819+0000] {logging_mixin.py:151} INFO - [2023-10-16T17:32:01.819+0000] {dag.py:2915} INFO - Sync 1 DAGs
[2023-10-16T17:32:01.834+0000] {logging_mixin.py:151} INFO - [2023-10-16T17:32:01.834+0000] {dag.py:3696} INFO - Setting next_dagrun for example_python_operator to None, run_after=None
[2023-10-16T17:32:01.867+0000] {processor.py:179} INFO - Processing /home/airflow/.local/lib/python3.8/site-packages/airflow/example_dags/example_python_operator.py took 0.092 seconds
[2023-10-16T17:32:32.444+0000] {processor.py:157} INFO - Started process (PID=396) to work on /home/airflow/.local/lib/python3.8/site-packages/airflow/example_dags/example_python_operator.py
[2023-10-16T17:32:32.445+0000] {processor.py:829} INFO - Processing file /home/airflow/.local/lib/python3.8/site-packages/airflow/example_dags/example_python_operator.py for tasks to queue
[2023-10-16T17:32:32.447+0000] {logging_mixin.py:151} INFO - [2023-10-16T17:32:32.447+0000] {dagbag.py:539} INFO - Filling up the DagBag from /home/airflow/.local/lib/python3.8/site-packages/airflow/example_dags/example_python_operator.py
[2023-10-16T17:32:32.461+0000] {processor.py:839} INFO - DAG(s) dict_keys(['example_python_operator']) retrieved from /home/airflow/.local/lib/python3.8/site-packages/airflow/example_dags/example_python_operator.py
[2023-10-16T17:32:32.479+0000] {logging_mixin.py:151} INFO - [2023-10-16T17:32:32.479+0000] {dag.py:2915} INFO - Sync 1 DAGs
[2023-10-16T17:32:32.494+0000] {logging_mixin.py:151} INFO - [2023-10-16T17:32:32.494+0000] {dag.py:3696} INFO - Setting next_dagrun for example_python_operator to None, run_after=None
[2023-10-16T17:32:32.524+0000] {processor.py:179} INFO - Processing /home/airflow/.local/lib/python3.8/site-packages/airflow/example_dags/example_python_operator.py took 0.083 seconds
[2023-10-16T17:33:03.597+0000] {processor.py:157} INFO - Started process (PID=451) to work on /home/airflow/.local/lib/python3.8/site-packages/airflow/example_dags/example_python_operator.py
[2023-10-16T17:33:03.600+0000] {processor.py:829} INFO - Processing file /home/airflow/.local/lib/python3.8/site-packages/airflow/example_dags/example_python_operator.py for tasks to queue
[2023-10-16T17:33:03.610+0000] {logging_mixin.py:151} INFO - [2023-10-16T17:33:03.610+0000] {dagbag.py:539} INFO - Filling up the DagBag from /home/airflow/.local/lib/python3.8/site-packages/airflow/example_dags/example_python_operator.py
[2023-10-16T17:33:03.660+0000] {processor.py:839} INFO - DAG(s) dict_keys(['example_python_operator']) retrieved from /home/airflow/.local/lib/python3.8/site-packages/airflow/example_dags/example_python_operator.py
[2023-10-16T17:33:03.736+0000] {logging_mixin.py:151} INFO - [2023-10-16T17:33:03.736+0000] {dag.py:2915} INFO - Sync 1 DAGs
[2023-10-16T17:33:03.759+0000] {logging_mixin.py:151} INFO - [2023-10-16T17:33:03.758+0000] {dag.py:3696} INFO - Setting next_dagrun for example_python_operator to None, run_after=None
[2023-10-16T17:33:03.823+0000] {processor.py:179} INFO - Processing /home/airflow/.local/lib/python3.8/site-packages/airflow/example_dags/example_python_operator.py took 0.242 seconds
[2023-10-16T17:33:34.334+0000] {processor.py:157} INFO - Started process (PID=505) to work on /home/airflow/.local/lib/python3.8/site-packages/airflow/example_dags/example_python_operator.py
[2023-10-16T17:33:34.340+0000] {processor.py:829} INFO - Processing file /home/airflow/.local/lib/python3.8/site-packages/airflow/example_dags/example_python_operator.py for tasks to queue
[2023-10-16T17:33:34.353+0000] {logging_mixin.py:151} INFO - [2023-10-16T17:33:34.342+0000] {dagbag.py:539} INFO - Filling up the DagBag from /home/airflow/.local/lib/python3.8/site-packages/airflow/example_dags/example_python_operator.py
[2023-10-16T17:33:34.377+0000] {processor.py:839} INFO - DAG(s) dict_keys(['example_python_operator']) retrieved from /home/airflow/.local/lib/python3.8/site-packages/airflow/example_dags/example_python_operator.py
[2023-10-16T17:33:34.519+0000] {logging_mixin.py:151} INFO - [2023-10-16T17:33:34.519+0000] {dag.py:2915} INFO - Sync 1 DAGs
[2023-10-16T17:33:34.547+0000] {logging_mixin.py:151} INFO - [2023-10-16T17:33:34.547+0000] {dag.py:3696} INFO - Setting next_dagrun for example_python_operator to None, run_after=None
[2023-10-16T17:33:34.586+0000] {processor.py:179} INFO - Processing /home/airflow/.local/lib/python3.8/site-packages/airflow/example_dags/example_python_operator.py took 0.263 seconds
