[2023-10-16T17:29:26.121+0000] {processor.py:157} INFO - Started process (PID=59) to work on /home/airflow/.local/lib/python3.8/site-packages/airflow/example_dags/example_branch_day_of_week_operator.py
[2023-10-16T17:29:26.122+0000] {processor.py:829} INFO - Processing file /home/airflow/.local/lib/python3.8/site-packages/airflow/example_dags/example_branch_day_of_week_operator.py for tasks to queue
[2023-10-16T17:29:26.124+0000] {logging_mixin.py:151} INFO - [2023-10-16T17:29:26.124+0000] {dagbag.py:539} INFO - Filling up the DagBag from /home/airflow/.local/lib/python3.8/site-packages/airflow/example_dags/example_branch_day_of_week_operator.py
[2023-10-16T17:29:26.156+0000] {processor.py:839} INFO - DAG(s) dict_keys(['example_weekday_branch_operator']) retrieved from /home/airflow/.local/lib/python3.8/site-packages/airflow/example_dags/example_branch_day_of_week_operator.py
[2023-10-16T17:29:26.548+0000] {logging_mixin.py:151} INFO - [2023-10-16T17:29:26.547+0000] {manager.py:499} INFO - Created Permission View: %s
[2023-10-16T17:29:26.687+0000] {logging_mixin.py:151} INFO - [2023-10-16T17:29:26.683+0000] {manager.py:499} INFO - Created Permission View: %s
[2023-10-16T17:29:26.770+0000] {logging_mixin.py:151} INFO - [2023-10-16T17:29:26.769+0000] {manager.py:499} INFO - Created Permission View: %s
[2023-10-16T17:29:26.770+0000] {logging_mixin.py:151} INFO - [2023-10-16T17:29:26.770+0000] {security.py:708} INFO - Not syncing DAG-level permissions for DAG 'DAG:example_weekday_branch_operator' as access control is unset.
[2023-10-16T17:29:26.771+0000] {logging_mixin.py:151} INFO - [2023-10-16T17:29:26.771+0000] {dag.py:2915} INFO - Sync 1 DAGs
[2023-10-16T17:29:26.849+0000] {logging_mixin.py:151} INFO - [2023-10-16T17:29:26.849+0000] {dag.py:2937} INFO - Creating ORM DAG for example_weekday_branch_operator
[2023-10-16T17:29:26.938+0000] {logging_mixin.py:151} INFO - [2023-10-16T17:29:26.938+0000] {dag.py:3696} INFO - Setting next_dagrun for example_weekday_branch_operator to 2023-10-15T00:00:00+00:00, run_after=2023-10-16T00:00:00+00:00
[2023-10-16T17:29:27.157+0000] {processor.py:179} INFO - Processing /home/airflow/.local/lib/python3.8/site-packages/airflow/example_dags/example_branch_day_of_week_operator.py took 1.046 seconds
[2023-10-16T17:29:57.646+0000] {processor.py:157} INFO - Started process (PID=114) to work on /home/airflow/.local/lib/python3.8/site-packages/airflow/example_dags/example_branch_day_of_week_operator.py
[2023-10-16T17:29:57.647+0000] {processor.py:829} INFO - Processing file /home/airflow/.local/lib/python3.8/site-packages/airflow/example_dags/example_branch_day_of_week_operator.py for tasks to queue
[2023-10-16T17:29:57.649+0000] {logging_mixin.py:151} INFO - [2023-10-16T17:29:57.649+0000] {dagbag.py:539} INFO - Filling up the DagBag from /home/airflow/.local/lib/python3.8/site-packages/airflow/example_dags/example_branch_day_of_week_operator.py
[2023-10-16T17:29:57.658+0000] {processor.py:839} INFO - DAG(s) dict_keys(['example_weekday_branch_operator']) retrieved from /home/airflow/.local/lib/python3.8/site-packages/airflow/example_dags/example_branch_day_of_week_operator.py
[2023-10-16T17:29:57.682+0000] {logging_mixin.py:151} INFO - [2023-10-16T17:29:57.682+0000] {dag.py:2915} INFO - Sync 1 DAGs
[2023-10-16T17:29:57.772+0000] {logging_mixin.py:151} INFO - [2023-10-16T17:29:57.771+0000] {dag.py:3696} INFO - Setting next_dagrun for example_weekday_branch_operator to 2023-10-15T00:00:00+00:00, run_after=2023-10-16T00:00:00+00:00
[2023-10-16T17:29:57.811+0000] {processor.py:179} INFO - Processing /home/airflow/.local/lib/python3.8/site-packages/airflow/example_dags/example_branch_day_of_week_operator.py took 0.168 seconds
[2023-10-16T17:30:27.942+0000] {processor.py:157} INFO - Started process (PID=169) to work on /home/airflow/.local/lib/python3.8/site-packages/airflow/example_dags/example_branch_day_of_week_operator.py
[2023-10-16T17:30:27.943+0000] {processor.py:829} INFO - Processing file /home/airflow/.local/lib/python3.8/site-packages/airflow/example_dags/example_branch_day_of_week_operator.py for tasks to queue
[2023-10-16T17:30:27.945+0000] {logging_mixin.py:151} INFO - [2023-10-16T17:30:27.945+0000] {dagbag.py:539} INFO - Filling up the DagBag from /home/airflow/.local/lib/python3.8/site-packages/airflow/example_dags/example_branch_day_of_week_operator.py
[2023-10-16T17:30:27.954+0000] {processor.py:839} INFO - DAG(s) dict_keys(['example_weekday_branch_operator']) retrieved from /home/airflow/.local/lib/python3.8/site-packages/airflow/example_dags/example_branch_day_of_week_operator.py
[2023-10-16T17:30:27.978+0000] {logging_mixin.py:151} INFO - [2023-10-16T17:30:27.978+0000] {dag.py:2915} INFO - Sync 1 DAGs
[2023-10-16T17:30:28.008+0000] {logging_mixin.py:151} INFO - [2023-10-16T17:30:28.008+0000] {dag.py:3696} INFO - Setting next_dagrun for example_weekday_branch_operator to 2023-10-15T00:00:00+00:00, run_after=2023-10-16T00:00:00+00:00
[2023-10-16T17:30:28.040+0000] {processor.py:179} INFO - Processing /home/airflow/.local/lib/python3.8/site-packages/airflow/example_dags/example_branch_day_of_week_operator.py took 0.101 seconds
[2023-10-16T17:30:58.901+0000] {processor.py:157} INFO - Started process (PID=224) to work on /home/airflow/.local/lib/python3.8/site-packages/airflow/example_dags/example_branch_day_of_week_operator.py
[2023-10-16T17:30:58.902+0000] {processor.py:829} INFO - Processing file /home/airflow/.local/lib/python3.8/site-packages/airflow/example_dags/example_branch_day_of_week_operator.py for tasks to queue
[2023-10-16T17:30:58.904+0000] {logging_mixin.py:151} INFO - [2023-10-16T17:30:58.903+0000] {dagbag.py:539} INFO - Filling up the DagBag from /home/airflow/.local/lib/python3.8/site-packages/airflow/example_dags/example_branch_day_of_week_operator.py
[2023-10-16T17:30:58.913+0000] {processor.py:839} INFO - DAG(s) dict_keys(['example_weekday_branch_operator']) retrieved from /home/airflow/.local/lib/python3.8/site-packages/airflow/example_dags/example_branch_day_of_week_operator.py
[2023-10-16T17:30:58.943+0000] {logging_mixin.py:151} INFO - [2023-10-16T17:30:58.943+0000] {dag.py:2915} INFO - Sync 1 DAGs
[2023-10-16T17:30:58.995+0000] {logging_mixin.py:151} INFO - [2023-10-16T17:30:58.995+0000] {dag.py:3696} INFO - Setting next_dagrun for example_weekday_branch_operator to 2023-10-15T00:00:00+00:00, run_after=2023-10-16T00:00:00+00:00
[2023-10-16T17:30:59.031+0000] {processor.py:179} INFO - Processing /home/airflow/.local/lib/python3.8/site-packages/airflow/example_dags/example_branch_day_of_week_operator.py took 0.133 seconds
[2023-10-16T17:31:29.683+0000] {processor.py:157} INFO - Started process (PID=280) to work on /home/airflow/.local/lib/python3.8/site-packages/airflow/example_dags/example_branch_day_of_week_operator.py
[2023-10-16T17:31:29.684+0000] {processor.py:829} INFO - Processing file /home/airflow/.local/lib/python3.8/site-packages/airflow/example_dags/example_branch_day_of_week_operator.py for tasks to queue
[2023-10-16T17:31:29.686+0000] {logging_mixin.py:151} INFO - [2023-10-16T17:31:29.685+0000] {dagbag.py:539} INFO - Filling up the DagBag from /home/airflow/.local/lib/python3.8/site-packages/airflow/example_dags/example_branch_day_of_week_operator.py
[2023-10-16T17:31:29.694+0000] {processor.py:839} INFO - DAG(s) dict_keys(['example_weekday_branch_operator']) retrieved from /home/airflow/.local/lib/python3.8/site-packages/airflow/example_dags/example_branch_day_of_week_operator.py
[2023-10-16T17:31:29.721+0000] {logging_mixin.py:151} INFO - [2023-10-16T17:31:29.720+0000] {dag.py:2915} INFO - Sync 1 DAGs
[2023-10-16T17:31:29.748+0000] {logging_mixin.py:151} INFO - [2023-10-16T17:31:29.748+0000] {dag.py:3696} INFO - Setting next_dagrun for example_weekday_branch_operator to 2023-10-15T00:00:00+00:00, run_after=2023-10-16T00:00:00+00:00
[2023-10-16T17:31:29.774+0000] {processor.py:179} INFO - Processing /home/airflow/.local/lib/python3.8/site-packages/airflow/example_dags/example_branch_day_of_week_operator.py took 0.094 seconds
[2023-10-16T17:32:00.231+0000] {processor.py:157} INFO - Started process (PID=335) to work on /home/airflow/.local/lib/python3.8/site-packages/airflow/example_dags/example_branch_day_of_week_operator.py
[2023-10-16T17:32:00.232+0000] {processor.py:829} INFO - Processing file /home/airflow/.local/lib/python3.8/site-packages/airflow/example_dags/example_branch_day_of_week_operator.py for tasks to queue
[2023-10-16T17:32:00.234+0000] {logging_mixin.py:151} INFO - [2023-10-16T17:32:00.234+0000] {dagbag.py:539} INFO - Filling up the DagBag from /home/airflow/.local/lib/python3.8/site-packages/airflow/example_dags/example_branch_day_of_week_operator.py
[2023-10-16T17:32:00.267+0000] {processor.py:839} INFO - DAG(s) dict_keys(['example_weekday_branch_operator']) retrieved from /home/airflow/.local/lib/python3.8/site-packages/airflow/example_dags/example_branch_day_of_week_operator.py
[2023-10-16T17:32:00.373+0000] {logging_mixin.py:151} INFO - [2023-10-16T17:32:00.373+0000] {dag.py:2915} INFO - Sync 1 DAGs
[2023-10-16T17:32:00.425+0000] {logging_mixin.py:151} INFO - [2023-10-16T17:32:00.424+0000] {dag.py:3696} INFO - Setting next_dagrun for example_weekday_branch_operator to 2023-10-15T00:00:00+00:00, run_after=2023-10-16T00:00:00+00:00
[2023-10-16T17:32:00.450+0000] {processor.py:179} INFO - Processing /home/airflow/.local/lib/python3.8/site-packages/airflow/example_dags/example_branch_day_of_week_operator.py took 0.227 seconds
[2023-10-16T17:32:30.715+0000] {processor.py:157} INFO - Started process (PID=390) to work on /home/airflow/.local/lib/python3.8/site-packages/airflow/example_dags/example_branch_day_of_week_operator.py
[2023-10-16T17:32:30.715+0000] {processor.py:829} INFO - Processing file /home/airflow/.local/lib/python3.8/site-packages/airflow/example_dags/example_branch_day_of_week_operator.py for tasks to queue
[2023-10-16T17:32:30.717+0000] {logging_mixin.py:151} INFO - [2023-10-16T17:32:30.717+0000] {dagbag.py:539} INFO - Filling up the DagBag from /home/airflow/.local/lib/python3.8/site-packages/airflow/example_dags/example_branch_day_of_week_operator.py
[2023-10-16T17:32:30.741+0000] {processor.py:839} INFO - DAG(s) dict_keys(['example_weekday_branch_operator']) retrieved from /home/airflow/.local/lib/python3.8/site-packages/airflow/example_dags/example_branch_day_of_week_operator.py
[2023-10-16T17:32:30.815+0000] {logging_mixin.py:151} INFO - [2023-10-16T17:32:30.814+0000] {dag.py:2915} INFO - Sync 1 DAGs
[2023-10-16T17:32:30.886+0000] {logging_mixin.py:151} INFO - [2023-10-16T17:32:30.886+0000] {dag.py:3696} INFO - Setting next_dagrun for example_weekday_branch_operator to 2023-10-15T00:00:00+00:00, run_after=2023-10-16T00:00:00+00:00
[2023-10-16T17:32:31.016+0000] {processor.py:179} INFO - Processing /home/airflow/.local/lib/python3.8/site-packages/airflow/example_dags/example_branch_day_of_week_operator.py took 0.316 seconds
[2023-10-16T17:33:01.276+0000] {processor.py:157} INFO - Started process (PID=445) to work on /home/airflow/.local/lib/python3.8/site-packages/airflow/example_dags/example_branch_day_of_week_operator.py
[2023-10-16T17:33:01.285+0000] {processor.py:829} INFO - Processing file /home/airflow/.local/lib/python3.8/site-packages/airflow/example_dags/example_branch_day_of_week_operator.py for tasks to queue
[2023-10-16T17:33:01.287+0000] {logging_mixin.py:151} INFO - [2023-10-16T17:33:01.287+0000] {dagbag.py:539} INFO - Filling up the DagBag from /home/airflow/.local/lib/python3.8/site-packages/airflow/example_dags/example_branch_day_of_week_operator.py
[2023-10-16T17:33:01.304+0000] {processor.py:839} INFO - DAG(s) dict_keys(['example_weekday_branch_operator']) retrieved from /home/airflow/.local/lib/python3.8/site-packages/airflow/example_dags/example_branch_day_of_week_operator.py
[2023-10-16T17:33:01.361+0000] {logging_mixin.py:151} INFO - [2023-10-16T17:33:01.361+0000] {dag.py:2915} INFO - Sync 1 DAGs
[2023-10-16T17:33:01.428+0000] {logging_mixin.py:151} INFO - [2023-10-16T17:33:01.427+0000] {dag.py:3696} INFO - Setting next_dagrun for example_weekday_branch_operator to 2023-10-15T00:00:00+00:00, run_after=2023-10-16T00:00:00+00:00
[2023-10-16T17:33:01.501+0000] {processor.py:179} INFO - Processing /home/airflow/.local/lib/python3.8/site-packages/airflow/example_dags/example_branch_day_of_week_operator.py took 0.228 seconds
[2023-10-16T17:33:31.626+0000] {processor.py:157} INFO - Started process (PID=499) to work on /home/airflow/.local/lib/python3.8/site-packages/airflow/example_dags/example_branch_day_of_week_operator.py
[2023-10-16T17:33:31.632+0000] {processor.py:829} INFO - Processing file /home/airflow/.local/lib/python3.8/site-packages/airflow/example_dags/example_branch_day_of_week_operator.py for tasks to queue
[2023-10-16T17:33:31.634+0000] {logging_mixin.py:151} INFO - [2023-10-16T17:33:31.634+0000] {dagbag.py:539} INFO - Filling up the DagBag from /home/airflow/.local/lib/python3.8/site-packages/airflow/example_dags/example_branch_day_of_week_operator.py
[2023-10-16T17:33:31.643+0000] {processor.py:839} INFO - DAG(s) dict_keys(['example_weekday_branch_operator']) retrieved from /home/airflow/.local/lib/python3.8/site-packages/airflow/example_dags/example_branch_day_of_week_operator.py
[2023-10-16T17:33:31.666+0000] {logging_mixin.py:151} INFO - [2023-10-16T17:33:31.666+0000] {dag.py:2915} INFO - Sync 1 DAGs
[2023-10-16T17:33:31.692+0000] {logging_mixin.py:151} INFO - [2023-10-16T17:33:31.692+0000] {dag.py:3696} INFO - Setting next_dagrun for example_weekday_branch_operator to 2023-10-15T00:00:00+00:00, run_after=2023-10-16T00:00:00+00:00
[2023-10-16T17:33:31.721+0000] {processor.py:179} INFO - Processing /home/airflow/.local/lib/python3.8/site-packages/airflow/example_dags/example_branch_day_of_week_operator.py took 0.097 seconds
