[2023-10-16T17:29:30.510+0000] {processor.py:157} INFO - Started process (PID=74) to work on /home/airflow/.local/lib/python3.8/site-packages/airflow/example_dags/example_dynamic_task_mapping.py
[2023-10-16T17:29:30.511+0000] {processor.py:829} INFO - Processing file /home/airflow/.local/lib/python3.8/site-packages/airflow/example_dags/example_dynamic_task_mapping.py for tasks to queue
[2023-10-16T17:29:30.514+0000] {logging_mixin.py:151} INFO - [2023-10-16T17:29:30.514+0000] {dagbag.py:539} INFO - Filling up the DagBag from /home/airflow/.local/lib/python3.8/site-packages/airflow/example_dags/example_dynamic_task_mapping.py
[2023-10-16T17:29:30.521+0000] {processor.py:839} INFO - DAG(s) dict_keys(['example_dynamic_task_mapping']) retrieved from /home/airflow/.local/lib/python3.8/site-packages/airflow/example_dags/example_dynamic_task_mapping.py
[2023-10-16T17:29:30.874+0000] {logging_mixin.py:151} INFO - [2023-10-16T17:29:30.874+0000] {manager.py:499} INFO - Created Permission View: %s
[2023-10-16T17:29:30.893+0000] {logging_mixin.py:151} INFO - [2023-10-16T17:29:30.893+0000] {manager.py:499} INFO - Created Permission View: %s
[2023-10-16T17:29:30.909+0000] {logging_mixin.py:151} INFO - [2023-10-16T17:29:30.909+0000] {manager.py:499} INFO - Created Permission View: %s
[2023-10-16T17:29:30.911+0000] {logging_mixin.py:151} INFO - [2023-10-16T17:29:30.911+0000] {security.py:708} INFO - Not syncing DAG-level permissions for DAG 'DAG:example_dynamic_task_mapping' as access control is unset.
[2023-10-16T17:29:30.919+0000] {logging_mixin.py:151} INFO - [2023-10-16T17:29:30.919+0000] {dag.py:2915} INFO - Sync 1 DAGs
[2023-10-16T17:29:30.949+0000] {logging_mixin.py:151} INFO - [2023-10-16T17:29:30.948+0000] {dag.py:2937} INFO - Creating ORM DAG for example_dynamic_task_mapping
[2023-10-16T17:29:30.988+0000] {logging_mixin.py:151} INFO - [2023-10-16T17:29:30.987+0000] {dag.py:3696} INFO - Setting next_dagrun for example_dynamic_task_mapping to 2022-03-04T00:00:00+00:00, run_after=2022-03-05T00:00:00+00:00
[2023-10-16T17:29:31.120+0000] {processor.py:179} INFO - Processing /home/airflow/.local/lib/python3.8/site-packages/airflow/example_dags/example_dynamic_task_mapping.py took 0.628 seconds
[2023-10-16T17:30:01.603+0000] {processor.py:157} INFO - Started process (PID=129) to work on /home/airflow/.local/lib/python3.8/site-packages/airflow/example_dags/example_dynamic_task_mapping.py
[2023-10-16T17:30:01.604+0000] {processor.py:829} INFO - Processing file /home/airflow/.local/lib/python3.8/site-packages/airflow/example_dags/example_dynamic_task_mapping.py for tasks to queue
[2023-10-16T17:30:01.606+0000] {logging_mixin.py:151} INFO - [2023-10-16T17:30:01.606+0000] {dagbag.py:539} INFO - Filling up the DagBag from /home/airflow/.local/lib/python3.8/site-packages/airflow/example_dags/example_dynamic_task_mapping.py
[2023-10-16T17:30:01.612+0000] {processor.py:839} INFO - DAG(s) dict_keys(['example_dynamic_task_mapping']) retrieved from /home/airflow/.local/lib/python3.8/site-packages/airflow/example_dags/example_dynamic_task_mapping.py
[2023-10-16T17:30:01.635+0000] {logging_mixin.py:151} INFO - [2023-10-16T17:30:01.635+0000] {dag.py:2915} INFO - Sync 1 DAGs
[2023-10-16T17:30:01.662+0000] {logging_mixin.py:151} INFO - [2023-10-16T17:30:01.662+0000] {dag.py:3696} INFO - Setting next_dagrun for example_dynamic_task_mapping to 2022-03-04T00:00:00+00:00, run_after=2022-03-05T00:00:00+00:00
[2023-10-16T17:30:01.690+0000] {processor.py:179} INFO - Processing /home/airflow/.local/lib/python3.8/site-packages/airflow/example_dags/example_dynamic_task_mapping.py took 0.090 seconds
[2023-10-16T17:30:32.036+0000] {processor.py:157} INFO - Started process (PID=183) to work on /home/airflow/.local/lib/python3.8/site-packages/airflow/example_dags/example_dynamic_task_mapping.py
[2023-10-16T17:30:32.038+0000] {processor.py:829} INFO - Processing file /home/airflow/.local/lib/python3.8/site-packages/airflow/example_dags/example_dynamic_task_mapping.py for tasks to queue
[2023-10-16T17:30:32.040+0000] {logging_mixin.py:151} INFO - [2023-10-16T17:30:32.040+0000] {dagbag.py:539} INFO - Filling up the DagBag from /home/airflow/.local/lib/python3.8/site-packages/airflow/example_dags/example_dynamic_task_mapping.py
[2023-10-16T17:30:32.047+0000] {processor.py:839} INFO - DAG(s) dict_keys(['example_dynamic_task_mapping']) retrieved from /home/airflow/.local/lib/python3.8/site-packages/airflow/example_dags/example_dynamic_task_mapping.py
[2023-10-16T17:30:32.071+0000] {logging_mixin.py:151} INFO - [2023-10-16T17:30:32.071+0000] {dag.py:2915} INFO - Sync 1 DAGs
[2023-10-16T17:30:32.106+0000] {logging_mixin.py:151} INFO - [2023-10-16T17:30:32.106+0000] {dag.py:3696} INFO - Setting next_dagrun for example_dynamic_task_mapping to 2022-03-04T00:00:00+00:00, run_after=2022-03-05T00:00:00+00:00
[2023-10-16T17:30:32.154+0000] {processor.py:179} INFO - Processing /home/airflow/.local/lib/python3.8/site-packages/airflow/example_dags/example_dynamic_task_mapping.py took 0.121 seconds
[2023-10-16T17:31:02.987+0000] {processor.py:157} INFO - Started process (PID=239) to work on /home/airflow/.local/lib/python3.8/site-packages/airflow/example_dags/example_dynamic_task_mapping.py
[2023-10-16T17:31:02.988+0000] {processor.py:829} INFO - Processing file /home/airflow/.local/lib/python3.8/site-packages/airflow/example_dags/example_dynamic_task_mapping.py for tasks to queue
[2023-10-16T17:31:02.991+0000] {logging_mixin.py:151} INFO - [2023-10-16T17:31:02.990+0000] {dagbag.py:539} INFO - Filling up the DagBag from /home/airflow/.local/lib/python3.8/site-packages/airflow/example_dags/example_dynamic_task_mapping.py
[2023-10-16T17:31:02.997+0000] {processor.py:839} INFO - DAG(s) dict_keys(['example_dynamic_task_mapping']) retrieved from /home/airflow/.local/lib/python3.8/site-packages/airflow/example_dags/example_dynamic_task_mapping.py
[2023-10-16T17:31:03.020+0000] {logging_mixin.py:151} INFO - [2023-10-16T17:31:03.020+0000] {dag.py:2915} INFO - Sync 1 DAGs
[2023-10-16T17:31:03.045+0000] {logging_mixin.py:151} INFO - [2023-10-16T17:31:03.045+0000] {dag.py:3696} INFO - Setting next_dagrun for example_dynamic_task_mapping to 2022-03-04T00:00:00+00:00, run_after=2022-03-05T00:00:00+00:00
[2023-10-16T17:31:03.076+0000] {processor.py:179} INFO - Processing /home/airflow/.local/lib/python3.8/site-packages/airflow/example_dags/example_dynamic_task_mapping.py took 0.096 seconds
[2023-10-16T17:31:33.535+0000] {processor.py:157} INFO - Started process (PID=295) to work on /home/airflow/.local/lib/python3.8/site-packages/airflow/example_dags/example_dynamic_task_mapping.py
[2023-10-16T17:31:33.536+0000] {processor.py:829} INFO - Processing file /home/airflow/.local/lib/python3.8/site-packages/airflow/example_dags/example_dynamic_task_mapping.py for tasks to queue
[2023-10-16T17:31:33.545+0000] {logging_mixin.py:151} INFO - [2023-10-16T17:31:33.545+0000] {dagbag.py:539} INFO - Filling up the DagBag from /home/airflow/.local/lib/python3.8/site-packages/airflow/example_dags/example_dynamic_task_mapping.py
[2023-10-16T17:31:33.552+0000] {processor.py:839} INFO - DAG(s) dict_keys(['example_dynamic_task_mapping']) retrieved from /home/airflow/.local/lib/python3.8/site-packages/airflow/example_dags/example_dynamic_task_mapping.py
[2023-10-16T17:31:33.588+0000] {logging_mixin.py:151} INFO - [2023-10-16T17:31:33.587+0000] {dag.py:2915} INFO - Sync 1 DAGs
[2023-10-16T17:31:33.640+0000] {logging_mixin.py:151} INFO - [2023-10-16T17:31:33.640+0000] {dag.py:3696} INFO - Setting next_dagrun for example_dynamic_task_mapping to 2022-03-04T00:00:00+00:00, run_after=2022-03-05T00:00:00+00:00
[2023-10-16T17:31:33.711+0000] {processor.py:179} INFO - Processing /home/airflow/.local/lib/python3.8/site-packages/airflow/example_dags/example_dynamic_task_mapping.py took 0.187 seconds
[2023-10-16T17:32:04.173+0000] {processor.py:157} INFO - Started process (PID=349) to work on /home/airflow/.local/lib/python3.8/site-packages/airflow/example_dags/example_dynamic_task_mapping.py
[2023-10-16T17:32:04.174+0000] {processor.py:829} INFO - Processing file /home/airflow/.local/lib/python3.8/site-packages/airflow/example_dags/example_dynamic_task_mapping.py for tasks to queue
[2023-10-16T17:32:04.177+0000] {logging_mixin.py:151} INFO - [2023-10-16T17:32:04.176+0000] {dagbag.py:539} INFO - Filling up the DagBag from /home/airflow/.local/lib/python3.8/site-packages/airflow/example_dags/example_dynamic_task_mapping.py
[2023-10-16T17:32:04.182+0000] {processor.py:839} INFO - DAG(s) dict_keys(['example_dynamic_task_mapping']) retrieved from /home/airflow/.local/lib/python3.8/site-packages/airflow/example_dags/example_dynamic_task_mapping.py
[2023-10-16T17:32:04.205+0000] {logging_mixin.py:151} INFO - [2023-10-16T17:32:04.205+0000] {dag.py:2915} INFO - Sync 1 DAGs
[2023-10-16T17:32:04.230+0000] {logging_mixin.py:151} INFO - [2023-10-16T17:32:04.230+0000] {dag.py:3696} INFO - Setting next_dagrun for example_dynamic_task_mapping to 2022-03-04T00:00:00+00:00, run_after=2022-03-05T00:00:00+00:00
[2023-10-16T17:32:04.270+0000] {processor.py:179} INFO - Processing /home/airflow/.local/lib/python3.8/site-packages/airflow/example_dags/example_dynamic_task_mapping.py took 0.100 seconds
[2023-10-16T17:32:35.175+0000] {processor.py:157} INFO - Started process (PID=404) to work on /home/airflow/.local/lib/python3.8/site-packages/airflow/example_dags/example_dynamic_task_mapping.py
[2023-10-16T17:32:35.176+0000] {processor.py:829} INFO - Processing file /home/airflow/.local/lib/python3.8/site-packages/airflow/example_dags/example_dynamic_task_mapping.py for tasks to queue
[2023-10-16T17:32:35.178+0000] {logging_mixin.py:151} INFO - [2023-10-16T17:32:35.177+0000] {dagbag.py:539} INFO - Filling up the DagBag from /home/airflow/.local/lib/python3.8/site-packages/airflow/example_dags/example_dynamic_task_mapping.py
[2023-10-16T17:32:35.184+0000] {processor.py:839} INFO - DAG(s) dict_keys(['example_dynamic_task_mapping']) retrieved from /home/airflow/.local/lib/python3.8/site-packages/airflow/example_dags/example_dynamic_task_mapping.py
[2023-10-16T17:32:35.207+0000] {logging_mixin.py:151} INFO - [2023-10-16T17:32:35.206+0000] {dag.py:2915} INFO - Sync 1 DAGs
[2023-10-16T17:32:35.233+0000] {logging_mixin.py:151} INFO - [2023-10-16T17:32:35.232+0000] {dag.py:3696} INFO - Setting next_dagrun for example_dynamic_task_mapping to 2022-03-04T00:00:00+00:00, run_after=2022-03-05T00:00:00+00:00
[2023-10-16T17:32:35.263+0000] {processor.py:179} INFO - Processing /home/airflow/.local/lib/python3.8/site-packages/airflow/example_dags/example_dynamic_task_mapping.py took 0.092 seconds
[2023-10-16T17:33:05.484+0000] {processor.py:157} INFO - Started process (PID=459) to work on /home/airflow/.local/lib/python3.8/site-packages/airflow/example_dags/example_dynamic_task_mapping.py
[2023-10-16T17:33:05.485+0000] {processor.py:829} INFO - Processing file /home/airflow/.local/lib/python3.8/site-packages/airflow/example_dags/example_dynamic_task_mapping.py for tasks to queue
[2023-10-16T17:33:05.487+0000] {logging_mixin.py:151} INFO - [2023-10-16T17:33:05.487+0000] {dagbag.py:539} INFO - Filling up the DagBag from /home/airflow/.local/lib/python3.8/site-packages/airflow/example_dags/example_dynamic_task_mapping.py
[2023-10-16T17:33:05.494+0000] {processor.py:839} INFO - DAG(s) dict_keys(['example_dynamic_task_mapping']) retrieved from /home/airflow/.local/lib/python3.8/site-packages/airflow/example_dags/example_dynamic_task_mapping.py
[2023-10-16T17:33:05.516+0000] {logging_mixin.py:151} INFO - [2023-10-16T17:33:05.516+0000] {dag.py:2915} INFO - Sync 1 DAGs
[2023-10-16T17:33:05.571+0000] {logging_mixin.py:151} INFO - [2023-10-16T17:33:05.571+0000] {dag.py:3696} INFO - Setting next_dagrun for example_dynamic_task_mapping to 2022-03-04T00:00:00+00:00, run_after=2022-03-05T00:00:00+00:00
[2023-10-16T17:33:05.631+0000] {processor.py:179} INFO - Processing /home/airflow/.local/lib/python3.8/site-packages/airflow/example_dags/example_dynamic_task_mapping.py took 0.149 seconds
[2023-10-16T17:33:35.837+0000] {processor.py:157} INFO - Started process (PID=513) to work on /home/airflow/.local/lib/python3.8/site-packages/airflow/example_dags/example_dynamic_task_mapping.py
[2023-10-16T17:33:35.838+0000] {processor.py:829} INFO - Processing file /home/airflow/.local/lib/python3.8/site-packages/airflow/example_dags/example_dynamic_task_mapping.py for tasks to queue
[2023-10-16T17:33:35.840+0000] {logging_mixin.py:151} INFO - [2023-10-16T17:33:35.840+0000] {dagbag.py:539} INFO - Filling up the DagBag from /home/airflow/.local/lib/python3.8/site-packages/airflow/example_dags/example_dynamic_task_mapping.py
[2023-10-16T17:33:35.867+0000] {processor.py:839} INFO - DAG(s) dict_keys(['example_dynamic_task_mapping']) retrieved from /home/airflow/.local/lib/python3.8/site-packages/airflow/example_dags/example_dynamic_task_mapping.py
[2023-10-16T17:33:35.972+0000] {logging_mixin.py:151} INFO - [2023-10-16T17:33:35.972+0000] {dag.py:2915} INFO - Sync 1 DAGs
[2023-10-16T17:33:36.057+0000] {logging_mixin.py:151} INFO - [2023-10-16T17:33:36.057+0000] {dag.py:3696} INFO - Setting next_dagrun for example_dynamic_task_mapping to 2022-03-04T00:00:00+00:00, run_after=2022-03-05T00:00:00+00:00
[2023-10-16T17:33:36.170+0000] {processor.py:179} INFO - Processing /home/airflow/.local/lib/python3.8/site-packages/airflow/example_dags/example_dynamic_task_mapping.py took 0.352 seconds
