[2023-10-16T17:29:17.257+0000] {processor.py:157} INFO - Started process (PID=45) to work on /home/airflow/.local/lib/python3.8/site-packages/airflow/example_dags/example_setup_teardown.py
[2023-10-16T17:29:17.258+0000] {processor.py:829} INFO - Processing file /home/airflow/.local/lib/python3.8/site-packages/airflow/example_dags/example_setup_teardown.py for tasks to queue
[2023-10-16T17:29:17.264+0000] {logging_mixin.py:151} INFO - [2023-10-16T17:29:17.264+0000] {dagbag.py:539} INFO - Filling up the DagBag from /home/airflow/.local/lib/python3.8/site-packages/airflow/example_dags/example_setup_teardown.py
[2023-10-16T17:29:17.299+0000] {processor.py:839} INFO - DAG(s) dict_keys(['example_setup_teardown']) retrieved from /home/airflow/.local/lib/python3.8/site-packages/airflow/example_dags/example_setup_teardown.py
[2023-10-16T17:29:17.594+0000] {logging_mixin.py:151} INFO - [2023-10-16T17:29:17.594+0000] {manager.py:499} INFO - Created Permission View: %s
[2023-10-16T17:29:17.651+0000] {logging_mixin.py:151} INFO - [2023-10-16T17:29:17.651+0000] {manager.py:499} INFO - Created Permission View: %s
[2023-10-16T17:29:17.678+0000] {logging_mixin.py:151} INFO - [2023-10-16T17:29:17.678+0000] {manager.py:499} INFO - Created Permission View: %s
[2023-10-16T17:29:17.679+0000] {logging_mixin.py:151} INFO - [2023-10-16T17:29:17.678+0000] {security.py:708} INFO - Not syncing DAG-level permissions for DAG 'DAG:example_setup_teardown' as access control is unset.
[2023-10-16T17:29:17.679+0000] {logging_mixin.py:151} INFO - [2023-10-16T17:29:17.679+0000] {dag.py:2915} INFO - Sync 1 DAGs
[2023-10-16T17:29:17.703+0000] {logging_mixin.py:151} INFO - [2023-10-16T17:29:17.703+0000] {dag.py:2937} INFO - Creating ORM DAG for example_setup_teardown
[2023-10-16T17:29:17.727+0000] {logging_mixin.py:151} INFO - [2023-10-16T17:29:17.727+0000] {dag.py:3696} INFO - Setting next_dagrun for example_setup_teardown to 2023-10-15T17:29:17.727287+00:00, run_after=2023-10-16T17:29:17.727287+00:00
[2023-10-16T17:29:17.774+0000] {processor.py:179} INFO - Processing /home/airflow/.local/lib/python3.8/site-packages/airflow/example_dags/example_setup_teardown.py took 0.533 seconds
[2023-10-16T17:29:48.157+0000] {processor.py:157} INFO - Started process (PID=100) to work on /home/airflow/.local/lib/python3.8/site-packages/airflow/example_dags/example_setup_teardown.py
[2023-10-16T17:29:48.158+0000] {processor.py:829} INFO - Processing file /home/airflow/.local/lib/python3.8/site-packages/airflow/example_dags/example_setup_teardown.py for tasks to queue
[2023-10-16T17:29:48.184+0000] {logging_mixin.py:151} INFO - [2023-10-16T17:29:48.160+0000] {dagbag.py:539} INFO - Filling up the DagBag from /home/airflow/.local/lib/python3.8/site-packages/airflow/example_dags/example_setup_teardown.py
[2023-10-16T17:29:48.201+0000] {processor.py:839} INFO - DAG(s) dict_keys(['example_setup_teardown']) retrieved from /home/airflow/.local/lib/python3.8/site-packages/airflow/example_dags/example_setup_teardown.py
[2023-10-16T17:29:48.233+0000] {logging_mixin.py:151} INFO - [2023-10-16T17:29:48.233+0000] {dag.py:2915} INFO - Sync 1 DAGs
[2023-10-16T17:29:48.260+0000] {logging_mixin.py:151} INFO - [2023-10-16T17:29:48.260+0000] {dag.py:3696} INFO - Setting next_dagrun for example_setup_teardown to 2023-10-15T17:29:48.259927+00:00, run_after=2023-10-16T17:29:48.259927+00:00
[2023-10-16T17:29:48.296+0000] {processor.py:179} INFO - Processing /home/airflow/.local/lib/python3.8/site-packages/airflow/example_dags/example_setup_teardown.py took 0.142 seconds
[2023-10-16T17:30:18.705+0000] {processor.py:157} INFO - Started process (PID=155) to work on /home/airflow/.local/lib/python3.8/site-packages/airflow/example_dags/example_setup_teardown.py
[2023-10-16T17:30:18.706+0000] {processor.py:829} INFO - Processing file /home/airflow/.local/lib/python3.8/site-packages/airflow/example_dags/example_setup_teardown.py for tasks to queue
[2023-10-16T17:30:18.709+0000] {logging_mixin.py:151} INFO - [2023-10-16T17:30:18.708+0000] {dagbag.py:539} INFO - Filling up the DagBag from /home/airflow/.local/lib/python3.8/site-packages/airflow/example_dags/example_setup_teardown.py
[2023-10-16T17:30:18.722+0000] {processor.py:839} INFO - DAG(s) dict_keys(['example_setup_teardown']) retrieved from /home/airflow/.local/lib/python3.8/site-packages/airflow/example_dags/example_setup_teardown.py
[2023-10-16T17:30:18.780+0000] {logging_mixin.py:151} INFO - [2023-10-16T17:30:18.780+0000] {dag.py:2915} INFO - Sync 1 DAGs
[2023-10-16T17:30:18.841+0000] {logging_mixin.py:151} INFO - [2023-10-16T17:30:18.841+0000] {dag.py:3696} INFO - Setting next_dagrun for example_setup_teardown to 2023-10-15T17:30:18.840983+00:00, run_after=2023-10-16T17:30:18.840983+00:00
[2023-10-16T17:30:18.879+0000] {processor.py:179} INFO - Processing /home/airflow/.local/lib/python3.8/site-packages/airflow/example_dags/example_setup_teardown.py took 0.177 seconds
[2023-10-16T17:30:49.573+0000] {processor.py:157} INFO - Started process (PID=210) to work on /home/airflow/.local/lib/python3.8/site-packages/airflow/example_dags/example_setup_teardown.py
[2023-10-16T17:30:49.574+0000] {processor.py:829} INFO - Processing file /home/airflow/.local/lib/python3.8/site-packages/airflow/example_dags/example_setup_teardown.py for tasks to queue
[2023-10-16T17:30:49.575+0000] {logging_mixin.py:151} INFO - [2023-10-16T17:30:49.575+0000] {dagbag.py:539} INFO - Filling up the DagBag from /home/airflow/.local/lib/python3.8/site-packages/airflow/example_dags/example_setup_teardown.py
[2023-10-16T17:30:49.580+0000] {processor.py:839} INFO - DAG(s) dict_keys(['example_setup_teardown']) retrieved from /home/airflow/.local/lib/python3.8/site-packages/airflow/example_dags/example_setup_teardown.py
[2023-10-16T17:30:49.597+0000] {logging_mixin.py:151} INFO - [2023-10-16T17:30:49.597+0000] {dag.py:2915} INFO - Sync 1 DAGs
[2023-10-16T17:30:49.615+0000] {logging_mixin.py:151} INFO - [2023-10-16T17:30:49.615+0000] {dag.py:3696} INFO - Setting next_dagrun for example_setup_teardown to 2023-10-15T17:30:49.615172+00:00, run_after=2023-10-16T17:30:49.615172+00:00
[2023-10-16T17:30:49.637+0000] {processor.py:179} INFO - Processing /home/airflow/.local/lib/python3.8/site-packages/airflow/example_dags/example_setup_teardown.py took 0.066 seconds
[2023-10-16T17:31:20.110+0000] {processor.py:157} INFO - Started process (PID=266) to work on /home/airflow/.local/lib/python3.8/site-packages/airflow/example_dags/example_setup_teardown.py
[2023-10-16T17:31:20.111+0000] {processor.py:829} INFO - Processing file /home/airflow/.local/lib/python3.8/site-packages/airflow/example_dags/example_setup_teardown.py for tasks to queue
[2023-10-16T17:31:20.117+0000] {logging_mixin.py:151} INFO - [2023-10-16T17:31:20.117+0000] {dagbag.py:539} INFO - Filling up the DagBag from /home/airflow/.local/lib/python3.8/site-packages/airflow/example_dags/example_setup_teardown.py
[2023-10-16T17:31:20.124+0000] {processor.py:839} INFO - DAG(s) dict_keys(['example_setup_teardown']) retrieved from /home/airflow/.local/lib/python3.8/site-packages/airflow/example_dags/example_setup_teardown.py
[2023-10-16T17:31:20.143+0000] {logging_mixin.py:151} INFO - [2023-10-16T17:31:20.143+0000] {dag.py:2915} INFO - Sync 1 DAGs
[2023-10-16T17:31:20.184+0000] {logging_mixin.py:151} INFO - [2023-10-16T17:31:20.184+0000] {dag.py:3696} INFO - Setting next_dagrun for example_setup_teardown to 2023-10-15T17:31:20.184199+00:00, run_after=2023-10-16T17:31:20.184199+00:00
[2023-10-16T17:31:20.240+0000] {processor.py:179} INFO - Processing /home/airflow/.local/lib/python3.8/site-packages/airflow/example_dags/example_setup_teardown.py took 0.134 seconds
[2023-10-16T17:31:50.412+0000] {processor.py:157} INFO - Started process (PID=321) to work on /home/airflow/.local/lib/python3.8/site-packages/airflow/example_dags/example_setup_teardown.py
[2023-10-16T17:31:50.413+0000] {processor.py:829} INFO - Processing file /home/airflow/.local/lib/python3.8/site-packages/airflow/example_dags/example_setup_teardown.py for tasks to queue
[2023-10-16T17:31:50.416+0000] {logging_mixin.py:151} INFO - [2023-10-16T17:31:50.416+0000] {dagbag.py:539} INFO - Filling up the DagBag from /home/airflow/.local/lib/python3.8/site-packages/airflow/example_dags/example_setup_teardown.py
[2023-10-16T17:31:50.422+0000] {processor.py:839} INFO - DAG(s) dict_keys(['example_setup_teardown']) retrieved from /home/airflow/.local/lib/python3.8/site-packages/airflow/example_dags/example_setup_teardown.py
[2023-10-16T17:31:50.447+0000] {logging_mixin.py:151} INFO - [2023-10-16T17:31:50.447+0000] {dag.py:2915} INFO - Sync 1 DAGs
[2023-10-16T17:31:50.480+0000] {logging_mixin.py:151} INFO - [2023-10-16T17:31:50.480+0000] {dag.py:3696} INFO - Setting next_dagrun for example_setup_teardown to 2023-10-15T17:31:50.479759+00:00, run_after=2023-10-16T17:31:50.479759+00:00
[2023-10-16T17:31:50.528+0000] {processor.py:179} INFO - Processing /home/airflow/.local/lib/python3.8/site-packages/airflow/example_dags/example_setup_teardown.py took 0.119 seconds
[2023-10-16T17:32:20.677+0000] {processor.py:157} INFO - Started process (PID=376) to work on /home/airflow/.local/lib/python3.8/site-packages/airflow/example_dags/example_setup_teardown.py
[2023-10-16T17:32:20.678+0000] {processor.py:829} INFO - Processing file /home/airflow/.local/lib/python3.8/site-packages/airflow/example_dags/example_setup_teardown.py for tasks to queue
[2023-10-16T17:32:20.681+0000] {logging_mixin.py:151} INFO - [2023-10-16T17:32:20.680+0000] {dagbag.py:539} INFO - Filling up the DagBag from /home/airflow/.local/lib/python3.8/site-packages/airflow/example_dags/example_setup_teardown.py
[2023-10-16T17:32:20.699+0000] {processor.py:839} INFO - DAG(s) dict_keys(['example_setup_teardown']) retrieved from /home/airflow/.local/lib/python3.8/site-packages/airflow/example_dags/example_setup_teardown.py
[2023-10-16T17:32:20.762+0000] {logging_mixin.py:151} INFO - [2023-10-16T17:32:20.762+0000] {dag.py:2915} INFO - Sync 1 DAGs
[2023-10-16T17:32:20.794+0000] {logging_mixin.py:151} INFO - [2023-10-16T17:32:20.793+0000] {dag.py:3696} INFO - Setting next_dagrun for example_setup_teardown to 2023-10-15T17:32:20.792374+00:00, run_after=2023-10-16T17:32:20.792374+00:00
[2023-10-16T17:32:20.822+0000] {processor.py:179} INFO - Processing /home/airflow/.local/lib/python3.8/site-packages/airflow/example_dags/example_setup_teardown.py took 0.149 seconds
[2023-10-16T17:32:50.892+0000] {processor.py:157} INFO - Started process (PID=431) to work on /home/airflow/.local/lib/python3.8/site-packages/airflow/example_dags/example_setup_teardown.py
[2023-10-16T17:32:50.893+0000] {processor.py:829} INFO - Processing file /home/airflow/.local/lib/python3.8/site-packages/airflow/example_dags/example_setup_teardown.py for tasks to queue
[2023-10-16T17:32:50.895+0000] {logging_mixin.py:151} INFO - [2023-10-16T17:32:50.895+0000] {dagbag.py:539} INFO - Filling up the DagBag from /home/airflow/.local/lib/python3.8/site-packages/airflow/example_dags/example_setup_teardown.py
[2023-10-16T17:32:50.903+0000] {processor.py:839} INFO - DAG(s) dict_keys(['example_setup_teardown']) retrieved from /home/airflow/.local/lib/python3.8/site-packages/airflow/example_dags/example_setup_teardown.py
[2023-10-16T17:32:50.925+0000] {logging_mixin.py:151} INFO - [2023-10-16T17:32:50.925+0000] {dag.py:2915} INFO - Sync 1 DAGs
[2023-10-16T17:32:50.951+0000] {logging_mixin.py:151} INFO - [2023-10-16T17:32:50.951+0000] {dag.py:3696} INFO - Setting next_dagrun for example_setup_teardown to 2023-10-15T17:32:50.951301+00:00, run_after=2023-10-16T17:32:50.951301+00:00
[2023-10-16T17:32:50.981+0000] {processor.py:179} INFO - Processing /home/airflow/.local/lib/python3.8/site-packages/airflow/example_dags/example_setup_teardown.py took 0.092 seconds
[2023-10-16T17:33:21.931+0000] {processor.py:157} INFO - Started process (PID=485) to work on /home/airflow/.local/lib/python3.8/site-packages/airflow/example_dags/example_setup_teardown.py
[2023-10-16T17:33:21.931+0000] {processor.py:829} INFO - Processing file /home/airflow/.local/lib/python3.8/site-packages/airflow/example_dags/example_setup_teardown.py for tasks to queue
[2023-10-16T17:33:21.935+0000] {logging_mixin.py:151} INFO - [2023-10-16T17:33:21.935+0000] {dagbag.py:539} INFO - Filling up the DagBag from /home/airflow/.local/lib/python3.8/site-packages/airflow/example_dags/example_setup_teardown.py
[2023-10-16T17:33:21.944+0000] {processor.py:839} INFO - DAG(s) dict_keys(['example_setup_teardown']) retrieved from /home/airflow/.local/lib/python3.8/site-packages/airflow/example_dags/example_setup_teardown.py
[2023-10-16T17:33:21.979+0000] {logging_mixin.py:151} INFO - [2023-10-16T17:33:21.979+0000] {dag.py:2915} INFO - Sync 1 DAGs
[2023-10-16T17:33:22.009+0000] {logging_mixin.py:151} INFO - [2023-10-16T17:33:22.009+0000] {dag.py:3696} INFO - Setting next_dagrun for example_setup_teardown to 2023-10-15T17:33:22.009234+00:00, run_after=2023-10-16T17:33:22.009234+00:00
[2023-10-16T17:33:22.036+0000] {processor.py:179} INFO - Processing /home/airflow/.local/lib/python3.8/site-packages/airflow/example_dags/example_setup_teardown.py took 0.110 seconds
[2023-10-16T17:33:52.699+0000] {processor.py:157} INFO - Started process (PID=540) to work on /home/airflow/.local/lib/python3.8/site-packages/airflow/example_dags/example_setup_teardown.py
[2023-10-16T17:33:52.700+0000] {processor.py:829} INFO - Processing file /home/airflow/.local/lib/python3.8/site-packages/airflow/example_dags/example_setup_teardown.py for tasks to queue
[2023-10-16T17:33:52.705+0000] {logging_mixin.py:151} INFO - [2023-10-16T17:33:52.705+0000] {dagbag.py:539} INFO - Filling up the DagBag from /home/airflow/.local/lib/python3.8/site-packages/airflow/example_dags/example_setup_teardown.py
[2023-10-16T17:33:52.720+0000] {processor.py:839} INFO - DAG(s) dict_keys(['example_setup_teardown']) retrieved from /home/airflow/.local/lib/python3.8/site-packages/airflow/example_dags/example_setup_teardown.py
[2023-10-16T17:33:52.772+0000] {logging_mixin.py:151} INFO - [2023-10-16T17:33:52.772+0000] {dag.py:2915} INFO - Sync 1 DAGs
[2023-10-16T17:33:52.852+0000] {logging_mixin.py:151} INFO - [2023-10-16T17:33:52.852+0000] {dag.py:3696} INFO - Setting next_dagrun for example_setup_teardown to 2023-10-15T17:33:52.852188+00:00, run_after=2023-10-16T17:33:52.852188+00:00
[2023-10-16T17:33:52.893+0000] {processor.py:179} INFO - Processing /home/airflow/.local/lib/python3.8/site-packages/airflow/example_dags/example_setup_teardown.py took 0.197 seconds
