[2023-10-16T17:29:17.862+0000] {processor.py:157} INFO - Started process (PID=47) to work on /home/airflow/.local/lib/python3.8/site-packages/airflow/example_dags/example_kubernetes_executor.py
[2023-10-16T17:29:17.862+0000] {processor.py:829} INFO - Processing file /home/airflow/.local/lib/python3.8/site-packages/airflow/example_dags/example_kubernetes_executor.py for tasks to queue
[2023-10-16T17:29:17.865+0000] {logging_mixin.py:151} INFO - [2023-10-16T17:29:17.864+0000] {dagbag.py:539} INFO - Filling up the DagBag from /home/airflow/.local/lib/python3.8/site-packages/airflow/example_dags/example_kubernetes_executor.py
[2023-10-16T17:29:23.440+0000] {processor.py:839} INFO - DAG(s) dict_keys(['example_kubernetes_executor']) retrieved from /home/airflow/.local/lib/python3.8/site-packages/airflow/example_dags/example_kubernetes_executor.py
[2023-10-16T17:29:24.002+0000] {logging_mixin.py:151} INFO - [2023-10-16T17:29:24.002+0000] {manager.py:499} INFO - Created Permission View: %s
[2023-10-16T17:29:24.040+0000] {logging_mixin.py:151} INFO - [2023-10-16T17:29:24.040+0000] {manager.py:499} INFO - Created Permission View: %s
[2023-10-16T17:29:24.066+0000] {logging_mixin.py:151} INFO - [2023-10-16T17:29:24.066+0000] {manager.py:499} INFO - Created Permission View: %s
[2023-10-16T17:29:24.067+0000] {logging_mixin.py:151} INFO - [2023-10-16T17:29:24.066+0000] {security.py:708} INFO - Not syncing DAG-level permissions for DAG 'DAG:example_kubernetes_executor' as access control is unset.
[2023-10-16T17:29:24.067+0000] {logging_mixin.py:151} INFO - [2023-10-16T17:29:24.067+0000] {dag.py:2915} INFO - Sync 1 DAGs
[2023-10-16T17:29:24.103+0000] {logging_mixin.py:151} INFO - [2023-10-16T17:29:24.102+0000] {dag.py:2937} INFO - Creating ORM DAG for example_kubernetes_executor
[2023-10-16T17:29:24.103+0000] {logging_mixin.py:151} INFO - [2023-10-16T17:29:24.103+0000] {dag.py:3696} INFO - Setting next_dagrun for example_kubernetes_executor to None, run_after=None
[2023-10-16T17:29:24.175+0000] {processor.py:179} INFO - Processing /home/airflow/.local/lib/python3.8/site-packages/airflow/example_dags/example_kubernetes_executor.py took 6.322 seconds
[2023-10-16T17:29:54.661+0000] {processor.py:157} INFO - Started process (PID=106) to work on /home/airflow/.local/lib/python3.8/site-packages/airflow/example_dags/example_kubernetes_executor.py
[2023-10-16T17:29:54.662+0000] {processor.py:829} INFO - Processing file /home/airflow/.local/lib/python3.8/site-packages/airflow/example_dags/example_kubernetes_executor.py for tasks to queue
[2023-10-16T17:29:54.664+0000] {logging_mixin.py:151} INFO - [2023-10-16T17:29:54.663+0000] {dagbag.py:539} INFO - Filling up the DagBag from /home/airflow/.local/lib/python3.8/site-packages/airflow/example_dags/example_kubernetes_executor.py
[2023-10-16T17:29:55.039+0000] {processor.py:839} INFO - DAG(s) dict_keys(['example_kubernetes_executor']) retrieved from /home/airflow/.local/lib/python3.8/site-packages/airflow/example_dags/example_kubernetes_executor.py
[2023-10-16T17:29:55.081+0000] {logging_mixin.py:151} INFO - [2023-10-16T17:29:55.080+0000] {dag.py:2915} INFO - Sync 1 DAGs
[2023-10-16T17:29:55.097+0000] {logging_mixin.py:151} INFO - [2023-10-16T17:29:55.097+0000] {dag.py:3696} INFO - Setting next_dagrun for example_kubernetes_executor to None, run_after=None
[2023-10-16T17:29:55.131+0000] {processor.py:179} INFO - Processing /home/airflow/.local/lib/python3.8/site-packages/airflow/example_dags/example_kubernetes_executor.py took 0.473 seconds
[2023-10-16T17:30:25.221+0000] {processor.py:157} INFO - Started process (PID=161) to work on /home/airflow/.local/lib/python3.8/site-packages/airflow/example_dags/example_kubernetes_executor.py
[2023-10-16T17:30:25.222+0000] {processor.py:829} INFO - Processing file /home/airflow/.local/lib/python3.8/site-packages/airflow/example_dags/example_kubernetes_executor.py for tasks to queue
[2023-10-16T17:30:25.223+0000] {logging_mixin.py:151} INFO - [2023-10-16T17:30:25.223+0000] {dagbag.py:539} INFO - Filling up the DagBag from /home/airflow/.local/lib/python3.8/site-packages/airflow/example_dags/example_kubernetes_executor.py
[2023-10-16T17:30:25.580+0000] {processor.py:839} INFO - DAG(s) dict_keys(['example_kubernetes_executor']) retrieved from /home/airflow/.local/lib/python3.8/site-packages/airflow/example_dags/example_kubernetes_executor.py
[2023-10-16T17:30:25.633+0000] {logging_mixin.py:151} INFO - [2023-10-16T17:30:25.632+0000] {dag.py:2915} INFO - Sync 1 DAGs
[2023-10-16T17:30:25.647+0000] {logging_mixin.py:151} INFO - [2023-10-16T17:30:25.647+0000] {dag.py:3696} INFO - Setting next_dagrun for example_kubernetes_executor to None, run_after=None
[2023-10-16T17:30:25.673+0000] {processor.py:179} INFO - Processing /home/airflow/.local/lib/python3.8/site-packages/airflow/example_dags/example_kubernetes_executor.py took 0.455 seconds
[2023-10-16T17:30:56.059+0000] {processor.py:157} INFO - Started process (PID=216) to work on /home/airflow/.local/lib/python3.8/site-packages/airflow/example_dags/example_kubernetes_executor.py
[2023-10-16T17:30:56.060+0000] {processor.py:829} INFO - Processing file /home/airflow/.local/lib/python3.8/site-packages/airflow/example_dags/example_kubernetes_executor.py for tasks to queue
[2023-10-16T17:30:56.063+0000] {logging_mixin.py:151} INFO - [2023-10-16T17:30:56.062+0000] {dagbag.py:539} INFO - Filling up the DagBag from /home/airflow/.local/lib/python3.8/site-packages/airflow/example_dags/example_kubernetes_executor.py
[2023-10-16T17:30:56.530+0000] {processor.py:839} INFO - DAG(s) dict_keys(['example_kubernetes_executor']) retrieved from /home/airflow/.local/lib/python3.8/site-packages/airflow/example_dags/example_kubernetes_executor.py
[2023-10-16T17:30:56.594+0000] {logging_mixin.py:151} INFO - [2023-10-16T17:30:56.593+0000] {dag.py:2915} INFO - Sync 1 DAGs
[2023-10-16T17:30:56.613+0000] {logging_mixin.py:151} INFO - [2023-10-16T17:30:56.613+0000] {dag.py:3696} INFO - Setting next_dagrun for example_kubernetes_executor to None, run_after=None
[2023-10-16T17:30:56.640+0000] {processor.py:179} INFO - Processing /home/airflow/.local/lib/python3.8/site-packages/airflow/example_dags/example_kubernetes_executor.py took 0.585 seconds
[2023-10-16T17:31:26.671+0000] {processor.py:157} INFO - Started process (PID=272) to work on /home/airflow/.local/lib/python3.8/site-packages/airflow/example_dags/example_kubernetes_executor.py
[2023-10-16T17:31:26.672+0000] {processor.py:829} INFO - Processing file /home/airflow/.local/lib/python3.8/site-packages/airflow/example_dags/example_kubernetes_executor.py for tasks to queue
[2023-10-16T17:31:26.678+0000] {logging_mixin.py:151} INFO - [2023-10-16T17:31:26.678+0000] {dagbag.py:539} INFO - Filling up the DagBag from /home/airflow/.local/lib/python3.8/site-packages/airflow/example_dags/example_kubernetes_executor.py
[2023-10-16T17:31:27.210+0000] {processor.py:839} INFO - DAG(s) dict_keys(['example_kubernetes_executor']) retrieved from /home/airflow/.local/lib/python3.8/site-packages/airflow/example_dags/example_kubernetes_executor.py
[2023-10-16T17:31:27.240+0000] {logging_mixin.py:151} INFO - [2023-10-16T17:31:27.240+0000] {dag.py:2915} INFO - Sync 1 DAGs
[2023-10-16T17:31:27.250+0000] {logging_mixin.py:151} INFO - [2023-10-16T17:31:27.250+0000] {dag.py:3696} INFO - Setting next_dagrun for example_kubernetes_executor to None, run_after=None
[2023-10-16T17:31:27.272+0000] {processor.py:179} INFO - Processing /home/airflow/.local/lib/python3.8/site-packages/airflow/example_dags/example_kubernetes_executor.py took 0.604 seconds
[2023-10-16T17:31:57.427+0000] {processor.py:157} INFO - Started process (PID=328) to work on /home/airflow/.local/lib/python3.8/site-packages/airflow/example_dags/example_kubernetes_executor.py
[2023-10-16T17:31:57.428+0000] {processor.py:829} INFO - Processing file /home/airflow/.local/lib/python3.8/site-packages/airflow/example_dags/example_kubernetes_executor.py for tasks to queue
[2023-10-16T17:31:57.431+0000] {logging_mixin.py:151} INFO - [2023-10-16T17:31:57.430+0000] {dagbag.py:539} INFO - Filling up the DagBag from /home/airflow/.local/lib/python3.8/site-packages/airflow/example_dags/example_kubernetes_executor.py
[2023-10-16T17:31:58.067+0000] {processor.py:839} INFO - DAG(s) dict_keys(['example_kubernetes_executor']) retrieved from /home/airflow/.local/lib/python3.8/site-packages/airflow/example_dags/example_kubernetes_executor.py
[2023-10-16T17:31:58.177+0000] {logging_mixin.py:151} INFO - [2023-10-16T17:31:58.177+0000] {dag.py:2915} INFO - Sync 1 DAGs
[2023-10-16T17:31:58.191+0000] {logging_mixin.py:151} INFO - [2023-10-16T17:31:58.191+0000] {dag.py:3696} INFO - Setting next_dagrun for example_kubernetes_executor to None, run_after=None
[2023-10-16T17:31:58.237+0000] {processor.py:179} INFO - Processing /home/airflow/.local/lib/python3.8/site-packages/airflow/example_dags/example_kubernetes_executor.py took 0.819 seconds
[2023-10-16T17:32:28.497+0000] {processor.py:157} INFO - Started process (PID=385) to work on /home/airflow/.local/lib/python3.8/site-packages/airflow/example_dags/example_kubernetes_executor.py
[2023-10-16T17:32:28.498+0000] {processor.py:829} INFO - Processing file /home/airflow/.local/lib/python3.8/site-packages/airflow/example_dags/example_kubernetes_executor.py for tasks to queue
[2023-10-16T17:32:28.503+0000] {logging_mixin.py:151} INFO - [2023-10-16T17:32:28.503+0000] {dagbag.py:539} INFO - Filling up the DagBag from /home/airflow/.local/lib/python3.8/site-packages/airflow/example_dags/example_kubernetes_executor.py
[2023-10-16T17:32:29.038+0000] {processor.py:839} INFO - DAG(s) dict_keys(['example_kubernetes_executor']) retrieved from /home/airflow/.local/lib/python3.8/site-packages/airflow/example_dags/example_kubernetes_executor.py
[2023-10-16T17:32:29.084+0000] {logging_mixin.py:151} INFO - [2023-10-16T17:32:29.083+0000] {dag.py:2915} INFO - Sync 1 DAGs
[2023-10-16T17:32:29.099+0000] {logging_mixin.py:151} INFO - [2023-10-16T17:32:29.099+0000] {dag.py:3696} INFO - Setting next_dagrun for example_kubernetes_executor to None, run_after=None
[2023-10-16T17:32:29.130+0000] {processor.py:179} INFO - Processing /home/airflow/.local/lib/python3.8/site-packages/airflow/example_dags/example_kubernetes_executor.py took 0.637 seconds
[2023-10-16T17:32:59.274+0000] {processor.py:157} INFO - Started process (PID=437) to work on /home/airflow/.local/lib/python3.8/site-packages/airflow/example_dags/example_kubernetes_executor.py
[2023-10-16T17:32:59.275+0000] {processor.py:829} INFO - Processing file /home/airflow/.local/lib/python3.8/site-packages/airflow/example_dags/example_kubernetes_executor.py for tasks to queue
[2023-10-16T17:32:59.277+0000] {logging_mixin.py:151} INFO - [2023-10-16T17:32:59.276+0000] {dagbag.py:539} INFO - Filling up the DagBag from /home/airflow/.local/lib/python3.8/site-packages/airflow/example_dags/example_kubernetes_executor.py
[2023-10-16T17:32:59.886+0000] {processor.py:839} INFO - DAG(s) dict_keys(['example_kubernetes_executor']) retrieved from /home/airflow/.local/lib/python3.8/site-packages/airflow/example_dags/example_kubernetes_executor.py
[2023-10-16T17:32:59.937+0000] {logging_mixin.py:151} INFO - [2023-10-16T17:32:59.936+0000] {dag.py:2915} INFO - Sync 1 DAGs
[2023-10-16T17:32:59.952+0000] {logging_mixin.py:151} INFO - [2023-10-16T17:32:59.952+0000] {dag.py:3696} INFO - Setting next_dagrun for example_kubernetes_executor to None, run_after=None
[2023-10-16T17:32:59.981+0000] {processor.py:179} INFO - Processing /home/airflow/.local/lib/python3.8/site-packages/airflow/example_dags/example_kubernetes_executor.py took 0.710 seconds
[2023-10-16T17:33:30.542+0000] {processor.py:157} INFO - Started process (PID=491) to work on /home/airflow/.local/lib/python3.8/site-packages/airflow/example_dags/example_kubernetes_executor.py
[2023-10-16T17:33:30.544+0000] {processor.py:829} INFO - Processing file /home/airflow/.local/lib/python3.8/site-packages/airflow/example_dags/example_kubernetes_executor.py for tasks to queue
[2023-10-16T17:33:30.546+0000] {logging_mixin.py:151} INFO - [2023-10-16T17:33:30.545+0000] {dagbag.py:539} INFO - Filling up the DagBag from /home/airflow/.local/lib/python3.8/site-packages/airflow/example_dags/example_kubernetes_executor.py
[2023-10-16T17:33:31.074+0000] {processor.py:839} INFO - DAG(s) dict_keys(['example_kubernetes_executor']) retrieved from /home/airflow/.local/lib/python3.8/site-packages/airflow/example_dags/example_kubernetes_executor.py
[2023-10-16T17:33:31.148+0000] {logging_mixin.py:151} INFO - [2023-10-16T17:33:31.147+0000] {dag.py:2915} INFO - Sync 1 DAGs
[2023-10-16T17:33:31.169+0000] {logging_mixin.py:151} INFO - [2023-10-16T17:33:31.168+0000] {dag.py:3696} INFO - Setting next_dagrun for example_kubernetes_executor to None, run_after=None
[2023-10-16T17:33:31.199+0000] {processor.py:179} INFO - Processing /home/airflow/.local/lib/python3.8/site-packages/airflow/example_dags/example_kubernetes_executor.py took 0.661 seconds
