[2023-10-16T17:29:15.717+0000] {processor.py:157} INFO - Started process (PID=42) to work on /home/airflow/.local/lib/python3.8/site-packages/airflow/example_dags/example_setup_teardown_taskflow.py
[2023-10-16T17:29:15.726+0000] {processor.py:829} INFO - Processing file /home/airflow/.local/lib/python3.8/site-packages/airflow/example_dags/example_setup_teardown_taskflow.py for tasks to queue
[2023-10-16T17:29:15.731+0000] {logging_mixin.py:151} INFO - [2023-10-16T17:29:15.731+0000] {dagbag.py:539} INFO - Filling up the DagBag from /home/airflow/.local/lib/python3.8/site-packages/airflow/example_dags/example_setup_teardown_taskflow.py
[2023-10-16T17:29:15.782+0000] {processor.py:839} INFO - DAG(s) dict_keys(['example_setup_teardown_taskflow']) retrieved from /home/airflow/.local/lib/python3.8/site-packages/airflow/example_dags/example_setup_teardown_taskflow.py
[2023-10-16T17:29:16.601+0000] {logging_mixin.py:151} INFO - [2023-10-16T17:29:16.601+0000] {manager.py:499} INFO - Created Permission View: %s
[2023-10-16T17:29:16.804+0000] {logging_mixin.py:151} INFO - [2023-10-16T17:29:16.803+0000] {manager.py:499} INFO - Created Permission View: %s
[2023-10-16T17:29:16.834+0000] {logging_mixin.py:151} INFO - [2023-10-16T17:29:16.834+0000] {manager.py:499} INFO - Created Permission View: %s
[2023-10-16T17:29:16.835+0000] {logging_mixin.py:151} INFO - [2023-10-16T17:29:16.835+0000] {security.py:708} INFO - Not syncing DAG-level permissions for DAG 'DAG:example_setup_teardown_taskflow' as access control is unset.
[2023-10-16T17:29:16.835+0000] {logging_mixin.py:151} INFO - [2023-10-16T17:29:16.835+0000] {dag.py:2915} INFO - Sync 1 DAGs
[2023-10-16T17:29:16.868+0000] {logging_mixin.py:151} INFO - [2023-10-16T17:29:16.866+0000] {dag.py:2937} INFO - Creating ORM DAG for example_setup_teardown_taskflow
[2023-10-16T17:29:16.900+0000] {logging_mixin.py:151} INFO - [2023-10-16T17:29:16.900+0000] {dag.py:3696} INFO - Setting next_dagrun for example_setup_teardown_taskflow to 2023-10-15T17:29:16.900269+00:00, run_after=2023-10-16T17:29:16.900269+00:00
[2023-10-16T17:29:16.957+0000] {processor.py:179} INFO - Processing /home/airflow/.local/lib/python3.8/site-packages/airflow/example_dags/example_setup_teardown_taskflow.py took 1.250 seconds
[2023-10-16T17:29:47.021+0000] {processor.py:157} INFO - Started process (PID=97) to work on /home/airflow/.local/lib/python3.8/site-packages/airflow/example_dags/example_setup_teardown_taskflow.py
[2023-10-16T17:29:47.021+0000] {processor.py:829} INFO - Processing file /home/airflow/.local/lib/python3.8/site-packages/airflow/example_dags/example_setup_teardown_taskflow.py for tasks to queue
[2023-10-16T17:29:47.023+0000] {logging_mixin.py:151} INFO - [2023-10-16T17:29:47.023+0000] {dagbag.py:539} INFO - Filling up the DagBag from /home/airflow/.local/lib/python3.8/site-packages/airflow/example_dags/example_setup_teardown_taskflow.py
[2023-10-16T17:29:47.034+0000] {processor.py:839} INFO - DAG(s) dict_keys(['example_setup_teardown_taskflow']) retrieved from /home/airflow/.local/lib/python3.8/site-packages/airflow/example_dags/example_setup_teardown_taskflow.py
[2023-10-16T17:29:47.061+0000] {logging_mixin.py:151} INFO - [2023-10-16T17:29:47.060+0000] {dag.py:2915} INFO - Sync 1 DAGs
[2023-10-16T17:29:47.086+0000] {logging_mixin.py:151} INFO - [2023-10-16T17:29:47.086+0000] {dag.py:3696} INFO - Setting next_dagrun for example_setup_teardown_taskflow to 2023-10-15T17:29:47.086164+00:00, run_after=2023-10-16T17:29:47.086164+00:00
[2023-10-16T17:29:47.116+0000] {processor.py:179} INFO - Processing /home/airflow/.local/lib/python3.8/site-packages/airflow/example_dags/example_setup_teardown_taskflow.py took 0.099 seconds
[2023-10-16T17:30:17.202+0000] {processor.py:157} INFO - Started process (PID=152) to work on /home/airflow/.local/lib/python3.8/site-packages/airflow/example_dags/example_setup_teardown_taskflow.py
[2023-10-16T17:30:17.203+0000] {processor.py:829} INFO - Processing file /home/airflow/.local/lib/python3.8/site-packages/airflow/example_dags/example_setup_teardown_taskflow.py for tasks to queue
[2023-10-16T17:30:17.205+0000] {logging_mixin.py:151} INFO - [2023-10-16T17:30:17.205+0000] {dagbag.py:539} INFO - Filling up the DagBag from /home/airflow/.local/lib/python3.8/site-packages/airflow/example_dags/example_setup_teardown_taskflow.py
[2023-10-16T17:30:17.217+0000] {processor.py:839} INFO - DAG(s) dict_keys(['example_setup_teardown_taskflow']) retrieved from /home/airflow/.local/lib/python3.8/site-packages/airflow/example_dags/example_setup_teardown_taskflow.py
[2023-10-16T17:30:17.267+0000] {logging_mixin.py:151} INFO - [2023-10-16T17:30:17.267+0000] {dag.py:2915} INFO - Sync 1 DAGs
[2023-10-16T17:30:17.294+0000] {logging_mixin.py:151} INFO - [2023-10-16T17:30:17.293+0000] {dag.py:3696} INFO - Setting next_dagrun for example_setup_teardown_taskflow to 2023-10-15T17:30:17.293646+00:00, run_after=2023-10-16T17:30:17.293646+00:00
[2023-10-16T17:30:17.323+0000] {processor.py:179} INFO - Processing /home/airflow/.local/lib/python3.8/site-packages/airflow/example_dags/example_setup_teardown_taskflow.py took 0.125 seconds
[2023-10-16T17:30:47.413+0000] {processor.py:157} INFO - Started process (PID=207) to work on /home/airflow/.local/lib/python3.8/site-packages/airflow/example_dags/example_setup_teardown_taskflow.py
[2023-10-16T17:30:47.413+0000] {processor.py:829} INFO - Processing file /home/airflow/.local/lib/python3.8/site-packages/airflow/example_dags/example_setup_teardown_taskflow.py for tasks to queue
[2023-10-16T17:30:47.415+0000] {logging_mixin.py:151} INFO - [2023-10-16T17:30:47.414+0000] {dagbag.py:539} INFO - Filling up the DagBag from /home/airflow/.local/lib/python3.8/site-packages/airflow/example_dags/example_setup_teardown_taskflow.py
[2023-10-16T17:30:47.422+0000] {processor.py:839} INFO - DAG(s) dict_keys(['example_setup_teardown_taskflow']) retrieved from /home/airflow/.local/lib/python3.8/site-packages/airflow/example_dags/example_setup_teardown_taskflow.py
[2023-10-16T17:30:47.439+0000] {logging_mixin.py:151} INFO - [2023-10-16T17:30:47.439+0000] {dag.py:2915} INFO - Sync 1 DAGs
[2023-10-16T17:30:47.456+0000] {logging_mixin.py:151} INFO - [2023-10-16T17:30:47.456+0000] {dag.py:3696} INFO - Setting next_dagrun for example_setup_teardown_taskflow to 2023-10-15T17:30:47.456557+00:00, run_after=2023-10-16T17:30:47.456557+00:00
[2023-10-16T17:30:47.481+0000] {processor.py:179} INFO - Processing /home/airflow/.local/lib/python3.8/site-packages/airflow/example_dags/example_setup_teardown_taskflow.py took 0.071 seconds
[2023-10-16T17:31:17.790+0000] {processor.py:157} INFO - Started process (PID=263) to work on /home/airflow/.local/lib/python3.8/site-packages/airflow/example_dags/example_setup_teardown_taskflow.py
[2023-10-16T17:31:17.790+0000] {processor.py:829} INFO - Processing file /home/airflow/.local/lib/python3.8/site-packages/airflow/example_dags/example_setup_teardown_taskflow.py for tasks to queue
[2023-10-16T17:31:17.792+0000] {logging_mixin.py:151} INFO - [2023-10-16T17:31:17.792+0000] {dagbag.py:539} INFO - Filling up the DagBag from /home/airflow/.local/lib/python3.8/site-packages/airflow/example_dags/example_setup_teardown_taskflow.py
[2023-10-16T17:31:17.803+0000] {processor.py:839} INFO - DAG(s) dict_keys(['example_setup_teardown_taskflow']) retrieved from /home/airflow/.local/lib/python3.8/site-packages/airflow/example_dags/example_setup_teardown_taskflow.py
[2023-10-16T17:31:17.828+0000] {logging_mixin.py:151} INFO - [2023-10-16T17:31:17.828+0000] {dag.py:2915} INFO - Sync 1 DAGs
[2023-10-16T17:31:17.854+0000] {logging_mixin.py:151} INFO - [2023-10-16T17:31:17.854+0000] {dag.py:3696} INFO - Setting next_dagrun for example_setup_teardown_taskflow to 2023-10-15T17:31:17.854109+00:00, run_after=2023-10-16T17:31:17.854109+00:00
[2023-10-16T17:31:17.885+0000] {processor.py:179} INFO - Processing /home/airflow/.local/lib/python3.8/site-packages/airflow/example_dags/example_setup_teardown_taskflow.py took 0.099 seconds
[2023-10-16T17:31:48.106+0000] {processor.py:157} INFO - Started process (PID=318) to work on /home/airflow/.local/lib/python3.8/site-packages/airflow/example_dags/example_setup_teardown_taskflow.py
[2023-10-16T17:31:48.107+0000] {processor.py:829} INFO - Processing file /home/airflow/.local/lib/python3.8/site-packages/airflow/example_dags/example_setup_teardown_taskflow.py for tasks to queue
[2023-10-16T17:31:48.111+0000] {logging_mixin.py:151} INFO - [2023-10-16T17:31:48.111+0000] {dagbag.py:539} INFO - Filling up the DagBag from /home/airflow/.local/lib/python3.8/site-packages/airflow/example_dags/example_setup_teardown_taskflow.py
[2023-10-16T17:31:48.123+0000] {processor.py:839} INFO - DAG(s) dict_keys(['example_setup_teardown_taskflow']) retrieved from /home/airflow/.local/lib/python3.8/site-packages/airflow/example_dags/example_setup_teardown_taskflow.py
[2023-10-16T17:31:48.224+0000] {logging_mixin.py:151} INFO - [2023-10-16T17:31:48.223+0000] {dag.py:2915} INFO - Sync 1 DAGs
[2023-10-16T17:31:48.262+0000] {logging_mixin.py:151} INFO - [2023-10-16T17:31:48.262+0000] {dag.py:3696} INFO - Setting next_dagrun for example_setup_teardown_taskflow to 2023-10-15T17:31:48.261874+00:00, run_after=2023-10-16T17:31:48.261874+00:00
[2023-10-16T17:31:48.288+0000] {processor.py:179} INFO - Processing /home/airflow/.local/lib/python3.8/site-packages/airflow/example_dags/example_setup_teardown_taskflow.py took 0.186 seconds
[2023-10-16T17:32:18.403+0000] {processor.py:157} INFO - Started process (PID=373) to work on /home/airflow/.local/lib/python3.8/site-packages/airflow/example_dags/example_setup_teardown_taskflow.py
[2023-10-16T17:32:18.404+0000] {processor.py:829} INFO - Processing file /home/airflow/.local/lib/python3.8/site-packages/airflow/example_dags/example_setup_teardown_taskflow.py for tasks to queue
[2023-10-16T17:32:18.406+0000] {logging_mixin.py:151} INFO - [2023-10-16T17:32:18.405+0000] {dagbag.py:539} INFO - Filling up the DagBag from /home/airflow/.local/lib/python3.8/site-packages/airflow/example_dags/example_setup_teardown_taskflow.py
[2023-10-16T17:32:18.417+0000] {processor.py:839} INFO - DAG(s) dict_keys(['example_setup_teardown_taskflow']) retrieved from /home/airflow/.local/lib/python3.8/site-packages/airflow/example_dags/example_setup_teardown_taskflow.py
[2023-10-16T17:32:18.444+0000] {logging_mixin.py:151} INFO - [2023-10-16T17:32:18.444+0000] {dag.py:2915} INFO - Sync 1 DAGs
[2023-10-16T17:32:18.471+0000] {logging_mixin.py:151} INFO - [2023-10-16T17:32:18.471+0000] {dag.py:3696} INFO - Setting next_dagrun for example_setup_teardown_taskflow to 2023-10-15T17:32:18.470728+00:00, run_after=2023-10-16T17:32:18.470728+00:00
[2023-10-16T17:32:18.499+0000] {processor.py:179} INFO - Processing /home/airflow/.local/lib/python3.8/site-packages/airflow/example_dags/example_setup_teardown_taskflow.py took 0.100 seconds
[2023-10-16T17:32:48.646+0000] {processor.py:157} INFO - Started process (PID=428) to work on /home/airflow/.local/lib/python3.8/site-packages/airflow/example_dags/example_setup_teardown_taskflow.py
[2023-10-16T17:32:48.647+0000] {processor.py:829} INFO - Processing file /home/airflow/.local/lib/python3.8/site-packages/airflow/example_dags/example_setup_teardown_taskflow.py for tasks to queue
[2023-10-16T17:32:48.651+0000] {logging_mixin.py:151} INFO - [2023-10-16T17:32:48.651+0000] {dagbag.py:539} INFO - Filling up the DagBag from /home/airflow/.local/lib/python3.8/site-packages/airflow/example_dags/example_setup_teardown_taskflow.py
[2023-10-16T17:32:48.673+0000] {processor.py:839} INFO - DAG(s) dict_keys(['example_setup_teardown_taskflow']) retrieved from /home/airflow/.local/lib/python3.8/site-packages/airflow/example_dags/example_setup_teardown_taskflow.py
[2023-10-16T17:32:48.698+0000] {logging_mixin.py:151} INFO - [2023-10-16T17:32:48.698+0000] {dag.py:2915} INFO - Sync 1 DAGs
[2023-10-16T17:32:48.720+0000] {logging_mixin.py:151} INFO - [2023-10-16T17:32:48.720+0000] {dag.py:3696} INFO - Setting next_dagrun for example_setup_teardown_taskflow to 2023-10-15T17:32:48.720470+00:00, run_after=2023-10-16T17:32:48.720470+00:00
[2023-10-16T17:32:48.747+0000] {processor.py:179} INFO - Processing /home/airflow/.local/lib/python3.8/site-packages/airflow/example_dags/example_setup_teardown_taskflow.py took 0.108 seconds
[2023-10-16T17:33:19.640+0000] {processor.py:157} INFO - Started process (PID=482) to work on /home/airflow/.local/lib/python3.8/site-packages/airflow/example_dags/example_setup_teardown_taskflow.py
[2023-10-16T17:33:19.641+0000] {processor.py:829} INFO - Processing file /home/airflow/.local/lib/python3.8/site-packages/airflow/example_dags/example_setup_teardown_taskflow.py for tasks to queue
[2023-10-16T17:33:19.643+0000] {logging_mixin.py:151} INFO - [2023-10-16T17:33:19.642+0000] {dagbag.py:539} INFO - Filling up the DagBag from /home/airflow/.local/lib/python3.8/site-packages/airflow/example_dags/example_setup_teardown_taskflow.py
[2023-10-16T17:33:19.656+0000] {processor.py:839} INFO - DAG(s) dict_keys(['example_setup_teardown_taskflow']) retrieved from /home/airflow/.local/lib/python3.8/site-packages/airflow/example_dags/example_setup_teardown_taskflow.py
[2023-10-16T17:33:19.682+0000] {logging_mixin.py:151} INFO - [2023-10-16T17:33:19.682+0000] {dag.py:2915} INFO - Sync 1 DAGs
[2023-10-16T17:33:19.709+0000] {logging_mixin.py:151} INFO - [2023-10-16T17:33:19.708+0000] {dag.py:3696} INFO - Setting next_dagrun for example_setup_teardown_taskflow to 2023-10-15T17:33:19.708557+00:00, run_after=2023-10-16T17:33:19.708557+00:00
[2023-10-16T17:33:19.737+0000] {processor.py:179} INFO - Processing /home/airflow/.local/lib/python3.8/site-packages/airflow/example_dags/example_setup_teardown_taskflow.py took 0.100 seconds
[2023-10-16T17:33:50.319+0000] {processor.py:157} INFO - Started process (PID=537) to work on /home/airflow/.local/lib/python3.8/site-packages/airflow/example_dags/example_setup_teardown_taskflow.py
[2023-10-16T17:33:50.326+0000] {processor.py:829} INFO - Processing file /home/airflow/.local/lib/python3.8/site-packages/airflow/example_dags/example_setup_teardown_taskflow.py for tasks to queue
[2023-10-16T17:33:50.335+0000] {logging_mixin.py:151} INFO - [2023-10-16T17:33:50.335+0000] {dagbag.py:539} INFO - Filling up the DagBag from /home/airflow/.local/lib/python3.8/site-packages/airflow/example_dags/example_setup_teardown_taskflow.py
[2023-10-16T17:33:50.378+0000] {processor.py:839} INFO - DAG(s) dict_keys(['example_setup_teardown_taskflow']) retrieved from /home/airflow/.local/lib/python3.8/site-packages/airflow/example_dags/example_setup_teardown_taskflow.py
[2023-10-16T17:33:50.467+0000] {logging_mixin.py:151} INFO - [2023-10-16T17:33:50.467+0000] {dag.py:2915} INFO - Sync 1 DAGs
[2023-10-16T17:33:50.496+0000] {logging_mixin.py:151} INFO - [2023-10-16T17:33:50.496+0000] {dag.py:3696} INFO - Setting next_dagrun for example_setup_teardown_taskflow to 2023-10-15T17:33:50.495798+00:00, run_after=2023-10-16T17:33:50.495798+00:00
[2023-10-16T17:33:50.519+0000] {processor.py:179} INFO - Processing /home/airflow/.local/lib/python3.8/site-packages/airflow/example_dags/example_setup_teardown_taskflow.py took 0.215 seconds
