[2023-10-16T17:29:11.370+0000] {processor.py:157} INFO - Started process (PID=36) to work on /home/airflow/.local/lib/python3.8/site-packages/airflow/example_dags/example_xcom.py
[2023-10-16T17:29:11.371+0000] {processor.py:829} INFO - Processing file /home/airflow/.local/lib/python3.8/site-packages/airflow/example_dags/example_xcom.py for tasks to queue
[2023-10-16T17:29:11.382+0000] {logging_mixin.py:151} INFO - [2023-10-16T17:29:11.381+0000] {dagbag.py:539} INFO - Filling up the DagBag from /home/airflow/.local/lib/python3.8/site-packages/airflow/example_dags/example_xcom.py
[2023-10-16T17:29:11.426+0000] {processor.py:839} INFO - DAG(s) dict_keys(['example_xcom']) retrieved from /home/airflow/.local/lib/python3.8/site-packages/airflow/example_dags/example_xcom.py
[2023-10-16T17:29:12.328+0000] {logging_mixin.py:151} INFO - [2023-10-16T17:29:12.327+0000] {manager.py:499} INFO - Created Permission View: %s
[2023-10-16T17:29:12.389+0000] {logging_mixin.py:151} INFO - [2023-10-16T17:29:12.388+0000] {manager.py:499} INFO - Created Permission View: %s
[2023-10-16T17:29:12.439+0000] {logging_mixin.py:151} INFO - [2023-10-16T17:29:12.439+0000] {manager.py:499} INFO - Created Permission View: %s
[2023-10-16T17:29:12.439+0000] {logging_mixin.py:151} INFO - [2023-10-16T17:29:12.439+0000] {security.py:708} INFO - Not syncing DAG-level permissions for DAG 'DAG:example_xcom' as access control is unset.
[2023-10-16T17:29:12.440+0000] {logging_mixin.py:151} INFO - [2023-10-16T17:29:12.440+0000] {dag.py:2915} INFO - Sync 1 DAGs
[2023-10-16T17:29:12.491+0000] {logging_mixin.py:151} INFO - [2023-10-16T17:29:12.491+0000] {dag.py:2937} INFO - Creating ORM DAG for example_xcom
[2023-10-16T17:29:12.543+0000] {logging_mixin.py:151} INFO - [2023-10-16T17:29:12.543+0000] {dag.py:3696} INFO - Setting next_dagrun for example_xcom to 2021-01-01T00:00:00+00:00, run_after=2021-01-01T00:00:00+00:00
[2023-10-16T17:29:12.625+0000] {processor.py:179} INFO - Processing /home/airflow/.local/lib/python3.8/site-packages/airflow/example_dags/example_xcom.py took 1.270 seconds
[2023-10-16T17:29:43.320+0000] {processor.py:157} INFO - Started process (PID=91) to work on /home/airflow/.local/lib/python3.8/site-packages/airflow/example_dags/example_xcom.py
[2023-10-16T17:29:43.321+0000] {processor.py:829} INFO - Processing file /home/airflow/.local/lib/python3.8/site-packages/airflow/example_dags/example_xcom.py for tasks to queue
[2023-10-16T17:29:43.323+0000] {logging_mixin.py:151} INFO - [2023-10-16T17:29:43.323+0000] {dagbag.py:539} INFO - Filling up the DagBag from /home/airflow/.local/lib/python3.8/site-packages/airflow/example_dags/example_xcom.py
[2023-10-16T17:29:43.340+0000] {processor.py:839} INFO - DAG(s) dict_keys(['example_xcom']) retrieved from /home/airflow/.local/lib/python3.8/site-packages/airflow/example_dags/example_xcom.py
[2023-10-16T17:29:43.373+0000] {logging_mixin.py:151} INFO - [2023-10-16T17:29:43.373+0000] {dag.py:2915} INFO - Sync 1 DAGs
[2023-10-16T17:29:43.394+0000] {logging_mixin.py:151} INFO - [2023-10-16T17:29:43.394+0000] {dag.py:3696} INFO - Setting next_dagrun for example_xcom to 2021-01-01T00:00:00+00:00, run_after=2021-01-01T00:00:00+00:00
[2023-10-16T17:29:43.418+0000] {processor.py:179} INFO - Processing /home/airflow/.local/lib/python3.8/site-packages/airflow/example_dags/example_xcom.py took 0.101 seconds
[2023-10-16T17:30:13.477+0000] {processor.py:157} INFO - Started process (PID=146) to work on /home/airflow/.local/lib/python3.8/site-packages/airflow/example_dags/example_xcom.py
[2023-10-16T17:30:13.481+0000] {processor.py:829} INFO - Processing file /home/airflow/.local/lib/python3.8/site-packages/airflow/example_dags/example_xcom.py for tasks to queue
[2023-10-16T17:30:13.484+0000] {logging_mixin.py:151} INFO - [2023-10-16T17:30:13.483+0000] {dagbag.py:539} INFO - Filling up the DagBag from /home/airflow/.local/lib/python3.8/site-packages/airflow/example_dags/example_xcom.py
[2023-10-16T17:30:13.496+0000] {processor.py:839} INFO - DAG(s) dict_keys(['example_xcom']) retrieved from /home/airflow/.local/lib/python3.8/site-packages/airflow/example_dags/example_xcom.py
[2023-10-16T17:30:13.521+0000] {logging_mixin.py:151} INFO - [2023-10-16T17:30:13.521+0000] {dag.py:2915} INFO - Sync 1 DAGs
[2023-10-16T17:30:13.545+0000] {logging_mixin.py:151} INFO - [2023-10-16T17:30:13.545+0000] {dag.py:3696} INFO - Setting next_dagrun for example_xcom to 2021-01-01T00:00:00+00:00, run_after=2021-01-01T00:00:00+00:00
[2023-10-16T17:30:13.586+0000] {processor.py:179} INFO - Processing /home/airflow/.local/lib/python3.8/site-packages/airflow/example_dags/example_xcom.py took 0.112 seconds
[2023-10-16T17:30:43.806+0000] {processor.py:157} INFO - Started process (PID=201) to work on /home/airflow/.local/lib/python3.8/site-packages/airflow/example_dags/example_xcom.py
[2023-10-16T17:30:43.807+0000] {processor.py:829} INFO - Processing file /home/airflow/.local/lib/python3.8/site-packages/airflow/example_dags/example_xcom.py for tasks to queue
[2023-10-16T17:30:43.809+0000] {logging_mixin.py:151} INFO - [2023-10-16T17:30:43.809+0000] {dagbag.py:539} INFO - Filling up the DagBag from /home/airflow/.local/lib/python3.8/site-packages/airflow/example_dags/example_xcom.py
[2023-10-16T17:30:43.818+0000] {processor.py:839} INFO - DAG(s) dict_keys(['example_xcom']) retrieved from /home/airflow/.local/lib/python3.8/site-packages/airflow/example_dags/example_xcom.py
[2023-10-16T17:30:43.874+0000] {logging_mixin.py:151} INFO - [2023-10-16T17:30:43.873+0000] {dag.py:2915} INFO - Sync 1 DAGs
[2023-10-16T17:30:43.920+0000] {logging_mixin.py:151} INFO - [2023-10-16T17:30:43.920+0000] {dag.py:3696} INFO - Setting next_dagrun for example_xcom to 2021-01-01T00:00:00+00:00, run_after=2021-01-01T00:00:00+00:00
[2023-10-16T17:30:43.967+0000] {processor.py:179} INFO - Processing /home/airflow/.local/lib/python3.8/site-packages/airflow/example_dags/example_xcom.py took 0.164 seconds
[2023-10-16T17:31:14.270+0000] {processor.py:157} INFO - Started process (PID=257) to work on /home/airflow/.local/lib/python3.8/site-packages/airflow/example_dags/example_xcom.py
[2023-10-16T17:31:14.271+0000] {processor.py:829} INFO - Processing file /home/airflow/.local/lib/python3.8/site-packages/airflow/example_dags/example_xcom.py for tasks to queue
[2023-10-16T17:31:14.273+0000] {logging_mixin.py:151} INFO - [2023-10-16T17:31:14.273+0000] {dagbag.py:539} INFO - Filling up the DagBag from /home/airflow/.local/lib/python3.8/site-packages/airflow/example_dags/example_xcom.py
[2023-10-16T17:31:14.281+0000] {processor.py:839} INFO - DAG(s) dict_keys(['example_xcom']) retrieved from /home/airflow/.local/lib/python3.8/site-packages/airflow/example_dags/example_xcom.py
[2023-10-16T17:31:14.319+0000] {logging_mixin.py:151} INFO - [2023-10-16T17:31:14.319+0000] {dag.py:2915} INFO - Sync 1 DAGs
[2023-10-16T17:31:14.339+0000] {logging_mixin.py:151} INFO - [2023-10-16T17:31:14.339+0000] {dag.py:3696} INFO - Setting next_dagrun for example_xcom to 2021-01-01T00:00:00+00:00, run_after=2021-01-01T00:00:00+00:00
[2023-10-16T17:31:14.367+0000] {processor.py:179} INFO - Processing /home/airflow/.local/lib/python3.8/site-packages/airflow/example_dags/example_xcom.py took 0.100 seconds
[2023-10-16T17:31:44.448+0000] {processor.py:157} INFO - Started process (PID=312) to work on /home/airflow/.local/lib/python3.8/site-packages/airflow/example_dags/example_xcom.py
[2023-10-16T17:31:44.460+0000] {processor.py:829} INFO - Processing file /home/airflow/.local/lib/python3.8/site-packages/airflow/example_dags/example_xcom.py for tasks to queue
[2023-10-16T17:31:44.467+0000] {logging_mixin.py:151} INFO - [2023-10-16T17:31:44.466+0000] {dagbag.py:539} INFO - Filling up the DagBag from /home/airflow/.local/lib/python3.8/site-packages/airflow/example_dags/example_xcom.py
[2023-10-16T17:31:44.475+0000] {processor.py:839} INFO - DAG(s) dict_keys(['example_xcom']) retrieved from /home/airflow/.local/lib/python3.8/site-packages/airflow/example_dags/example_xcom.py
[2023-10-16T17:31:44.501+0000] {logging_mixin.py:151} INFO - [2023-10-16T17:31:44.501+0000] {dag.py:2915} INFO - Sync 1 DAGs
[2023-10-16T17:31:44.578+0000] {logging_mixin.py:151} INFO - [2023-10-16T17:31:44.578+0000] {dag.py:3696} INFO - Setting next_dagrun for example_xcom to 2021-01-01T00:00:00+00:00, run_after=2021-01-01T00:00:00+00:00
[2023-10-16T17:31:44.638+0000] {processor.py:179} INFO - Processing /home/airflow/.local/lib/python3.8/site-packages/airflow/example_dags/example_xcom.py took 0.206 seconds
[2023-10-16T17:32:14.855+0000] {processor.py:157} INFO - Started process (PID=367) to work on /home/airflow/.local/lib/python3.8/site-packages/airflow/example_dags/example_xcom.py
[2023-10-16T17:32:14.856+0000] {processor.py:829} INFO - Processing file /home/airflow/.local/lib/python3.8/site-packages/airflow/example_dags/example_xcom.py for tasks to queue
[2023-10-16T17:32:14.858+0000] {logging_mixin.py:151} INFO - [2023-10-16T17:32:14.858+0000] {dagbag.py:539} INFO - Filling up the DagBag from /home/airflow/.local/lib/python3.8/site-packages/airflow/example_dags/example_xcom.py
[2023-10-16T17:32:14.867+0000] {processor.py:839} INFO - DAG(s) dict_keys(['example_xcom']) retrieved from /home/airflow/.local/lib/python3.8/site-packages/airflow/example_dags/example_xcom.py
[2023-10-16T17:32:14.892+0000] {logging_mixin.py:151} INFO - [2023-10-16T17:32:14.892+0000] {dag.py:2915} INFO - Sync 1 DAGs
[2023-10-16T17:32:14.914+0000] {logging_mixin.py:151} INFO - [2023-10-16T17:32:14.914+0000] {dag.py:3696} INFO - Setting next_dagrun for example_xcom to 2021-01-01T00:00:00+00:00, run_after=2021-01-01T00:00:00+00:00
[2023-10-16T17:32:14.938+0000] {processor.py:179} INFO - Processing /home/airflow/.local/lib/python3.8/site-packages/airflow/example_dags/example_xcom.py took 0.089 seconds
[2023-10-16T17:32:45.038+0000] {processor.py:157} INFO - Started process (PID=422) to work on /home/airflow/.local/lib/python3.8/site-packages/airflow/example_dags/example_xcom.py
[2023-10-16T17:32:45.038+0000] {processor.py:829} INFO - Processing file /home/airflow/.local/lib/python3.8/site-packages/airflow/example_dags/example_xcom.py for tasks to queue
[2023-10-16T17:32:45.040+0000] {logging_mixin.py:151} INFO - [2023-10-16T17:32:45.040+0000] {dagbag.py:539} INFO - Filling up the DagBag from /home/airflow/.local/lib/python3.8/site-packages/airflow/example_dags/example_xcom.py
[2023-10-16T17:32:45.045+0000] {processor.py:839} INFO - DAG(s) dict_keys(['example_xcom']) retrieved from /home/airflow/.local/lib/python3.8/site-packages/airflow/example_dags/example_xcom.py
[2023-10-16T17:32:45.063+0000] {logging_mixin.py:151} INFO - [2023-10-16T17:32:45.063+0000] {dag.py:2915} INFO - Sync 1 DAGs
[2023-10-16T17:32:45.086+0000] {logging_mixin.py:151} INFO - [2023-10-16T17:32:45.086+0000] {dag.py:3696} INFO - Setting next_dagrun for example_xcom to 2021-01-01T00:00:00+00:00, run_after=2021-01-01T00:00:00+00:00
[2023-10-16T17:32:45.113+0000] {processor.py:179} INFO - Processing /home/airflow/.local/lib/python3.8/site-packages/airflow/example_dags/example_xcom.py took 0.078 seconds
[2023-10-16T17:33:15.246+0000] {processor.py:157} INFO - Started process (PID=476) to work on /home/airflow/.local/lib/python3.8/site-packages/airflow/example_dags/example_xcom.py
[2023-10-16T17:33:15.249+0000] {processor.py:829} INFO - Processing file /home/airflow/.local/lib/python3.8/site-packages/airflow/example_dags/example_xcom.py for tasks to queue
[2023-10-16T17:33:15.263+0000] {logging_mixin.py:151} INFO - [2023-10-16T17:33:15.263+0000] {dagbag.py:539} INFO - Filling up the DagBag from /home/airflow/.local/lib/python3.8/site-packages/airflow/example_dags/example_xcom.py
[2023-10-16T17:33:15.282+0000] {processor.py:839} INFO - DAG(s) dict_keys(['example_xcom']) retrieved from /home/airflow/.local/lib/python3.8/site-packages/airflow/example_dags/example_xcom.py
[2023-10-16T17:33:15.313+0000] {logging_mixin.py:151} INFO - [2023-10-16T17:33:15.313+0000] {dag.py:2915} INFO - Sync 1 DAGs
[2023-10-16T17:33:15.335+0000] {logging_mixin.py:151} INFO - [2023-10-16T17:33:15.335+0000] {dag.py:3696} INFO - Setting next_dagrun for example_xcom to 2021-01-01T00:00:00+00:00, run_after=2021-01-01T00:00:00+00:00
[2023-10-16T17:33:15.362+0000] {processor.py:179} INFO - Processing /home/airflow/.local/lib/python3.8/site-packages/airflow/example_dags/example_xcom.py took 0.119 seconds
[2023-10-16T17:33:45.567+0000] {processor.py:157} INFO - Started process (PID=531) to work on /home/airflow/.local/lib/python3.8/site-packages/airflow/example_dags/example_xcom.py
[2023-10-16T17:33:45.573+0000] {processor.py:829} INFO - Processing file /home/airflow/.local/lib/python3.8/site-packages/airflow/example_dags/example_xcom.py for tasks to queue
[2023-10-16T17:33:45.578+0000] {logging_mixin.py:151} INFO - [2023-10-16T17:33:45.577+0000] {dagbag.py:539} INFO - Filling up the DagBag from /home/airflow/.local/lib/python3.8/site-packages/airflow/example_dags/example_xcom.py
[2023-10-16T17:33:45.588+0000] {processor.py:839} INFO - DAG(s) dict_keys(['example_xcom']) retrieved from /home/airflow/.local/lib/python3.8/site-packages/airflow/example_dags/example_xcom.py
[2023-10-16T17:33:45.757+0000] {logging_mixin.py:151} INFO - [2023-10-16T17:33:45.757+0000] {dag.py:2915} INFO - Sync 1 DAGs
[2023-10-16T17:33:45.923+0000] {logging_mixin.py:151} INFO - [2023-10-16T17:33:45.923+0000] {dag.py:3696} INFO - Setting next_dagrun for example_xcom to 2021-01-01T00:00:00+00:00, run_after=2021-01-01T00:00:00+00:00
[2023-10-16T17:33:45.978+0000] {processor.py:179} INFO - Processing /home/airflow/.local/lib/python3.8/site-packages/airflow/example_dags/example_xcom.py took 0.416 seconds
