[2023-10-16T17:29:28.375+0000] {processor.py:157} INFO - Started process (PID=64) to work on /home/airflow/.local/lib/python3.8/site-packages/airflow/example_dags/example_sensor_decorator.py
[2023-10-16T17:29:28.376+0000] {processor.py:829} INFO - Processing file /home/airflow/.local/lib/python3.8/site-packages/airflow/example_dags/example_sensor_decorator.py for tasks to queue
[2023-10-16T17:29:28.378+0000] {logging_mixin.py:151} INFO - [2023-10-16T17:29:28.378+0000] {dagbag.py:539} INFO - Filling up the DagBag from /home/airflow/.local/lib/python3.8/site-packages/airflow/example_dags/example_sensor_decorator.py
[2023-10-16T17:29:28.391+0000] {processor.py:839} INFO - DAG(s) dict_keys(['example_sensor_decorator']) retrieved from /home/airflow/.local/lib/python3.8/site-packages/airflow/example_dags/example_sensor_decorator.py
[2023-10-16T17:29:28.618+0000] {logging_mixin.py:151} INFO - [2023-10-16T17:29:28.618+0000] {manager.py:499} INFO - Created Permission View: %s
[2023-10-16T17:29:28.650+0000] {logging_mixin.py:151} INFO - [2023-10-16T17:29:28.650+0000] {manager.py:499} INFO - Created Permission View: %s
[2023-10-16T17:29:28.667+0000] {logging_mixin.py:151} INFO - [2023-10-16T17:29:28.666+0000] {manager.py:499} INFO - Created Permission View: %s
[2023-10-16T17:29:28.667+0000] {logging_mixin.py:151} INFO - [2023-10-16T17:29:28.667+0000] {security.py:708} INFO - Not syncing DAG-level permissions for DAG 'DAG:example_sensor_decorator' as access control is unset.
[2023-10-16T17:29:28.667+0000] {logging_mixin.py:151} INFO - [2023-10-16T17:29:28.667+0000] {dag.py:2915} INFO - Sync 1 DAGs
[2023-10-16T17:29:28.680+0000] {logging_mixin.py:151} INFO - [2023-10-16T17:29:28.680+0000] {dag.py:2937} INFO - Creating ORM DAG for example_sensor_decorator
[2023-10-16T17:29:28.681+0000] {logging_mixin.py:151} INFO - [2023-10-16T17:29:28.681+0000] {dag.py:3696} INFO - Setting next_dagrun for example_sensor_decorator to None, run_after=None
[2023-10-16T17:29:28.712+0000] {processor.py:179} INFO - Processing /home/airflow/.local/lib/python3.8/site-packages/airflow/example_dags/example_sensor_decorator.py took 0.346 seconds
[2023-10-16T17:29:59.028+0000] {processor.py:157} INFO - Started process (PID=119) to work on /home/airflow/.local/lib/python3.8/site-packages/airflow/example_dags/example_sensor_decorator.py
[2023-10-16T17:29:59.029+0000] {processor.py:829} INFO - Processing file /home/airflow/.local/lib/python3.8/site-packages/airflow/example_dags/example_sensor_decorator.py for tasks to queue
[2023-10-16T17:29:59.031+0000] {logging_mixin.py:151} INFO - [2023-10-16T17:29:59.031+0000] {dagbag.py:539} INFO - Filling up the DagBag from /home/airflow/.local/lib/python3.8/site-packages/airflow/example_dags/example_sensor_decorator.py
[2023-10-16T17:29:59.038+0000] {processor.py:839} INFO - DAG(s) dict_keys(['example_sensor_decorator']) retrieved from /home/airflow/.local/lib/python3.8/site-packages/airflow/example_dags/example_sensor_decorator.py
[2023-10-16T17:29:59.059+0000] {logging_mixin.py:151} INFO - [2023-10-16T17:29:59.059+0000] {dag.py:2915} INFO - Sync 1 DAGs
[2023-10-16T17:29:59.073+0000] {logging_mixin.py:151} INFO - [2023-10-16T17:29:59.073+0000] {dag.py:3696} INFO - Setting next_dagrun for example_sensor_decorator to None, run_after=None
[2023-10-16T17:29:59.099+0000] {processor.py:179} INFO - Processing /home/airflow/.local/lib/python3.8/site-packages/airflow/example_dags/example_sensor_decorator.py took 0.075 seconds
[2023-10-16T17:30:29.234+0000] {processor.py:157} INFO - Started process (PID=174) to work on /home/airflow/.local/lib/python3.8/site-packages/airflow/example_dags/example_sensor_decorator.py
[2023-10-16T17:30:29.235+0000] {processor.py:829} INFO - Processing file /home/airflow/.local/lib/python3.8/site-packages/airflow/example_dags/example_sensor_decorator.py for tasks to queue
[2023-10-16T17:30:29.240+0000] {logging_mixin.py:151} INFO - [2023-10-16T17:30:29.239+0000] {dagbag.py:539} INFO - Filling up the DagBag from /home/airflow/.local/lib/python3.8/site-packages/airflow/example_dags/example_sensor_decorator.py
[2023-10-16T17:30:29.257+0000] {processor.py:839} INFO - DAG(s) dict_keys(['example_sensor_decorator']) retrieved from /home/airflow/.local/lib/python3.8/site-packages/airflow/example_dags/example_sensor_decorator.py
[2023-10-16T17:30:29.291+0000] {logging_mixin.py:151} INFO - [2023-10-16T17:30:29.290+0000] {dag.py:2915} INFO - Sync 1 DAGs
[2023-10-16T17:30:29.305+0000] {logging_mixin.py:151} INFO - [2023-10-16T17:30:29.305+0000] {dag.py:3696} INFO - Setting next_dagrun for example_sensor_decorator to None, run_after=None
[2023-10-16T17:30:29.335+0000] {processor.py:179} INFO - Processing /home/airflow/.local/lib/python3.8/site-packages/airflow/example_dags/example_sensor_decorator.py took 0.104 seconds
[2023-10-16T17:31:00.292+0000] {processor.py:157} INFO - Started process (PID=229) to work on /home/airflow/.local/lib/python3.8/site-packages/airflow/example_dags/example_sensor_decorator.py
[2023-10-16T17:31:00.302+0000] {processor.py:829} INFO - Processing file /home/airflow/.local/lib/python3.8/site-packages/airflow/example_dags/example_sensor_decorator.py for tasks to queue
[2023-10-16T17:31:00.304+0000] {logging_mixin.py:151} INFO - [2023-10-16T17:31:00.304+0000] {dagbag.py:539} INFO - Filling up the DagBag from /home/airflow/.local/lib/python3.8/site-packages/airflow/example_dags/example_sensor_decorator.py
[2023-10-16T17:31:00.319+0000] {processor.py:839} INFO - DAG(s) dict_keys(['example_sensor_decorator']) retrieved from /home/airflow/.local/lib/python3.8/site-packages/airflow/example_dags/example_sensor_decorator.py
[2023-10-16T17:31:00.368+0000] {logging_mixin.py:151} INFO - [2023-10-16T17:31:00.368+0000] {dag.py:2915} INFO - Sync 1 DAGs
[2023-10-16T17:31:00.384+0000] {logging_mixin.py:151} INFO - [2023-10-16T17:31:00.384+0000] {dag.py:3696} INFO - Setting next_dagrun for example_sensor_decorator to None, run_after=None
[2023-10-16T17:31:00.413+0000] {processor.py:179} INFO - Processing /home/airflow/.local/lib/python3.8/site-packages/airflow/example_dags/example_sensor_decorator.py took 0.136 seconds
[2023-10-16T17:31:31.007+0000] {processor.py:157} INFO - Started process (PID=285) to work on /home/airflow/.local/lib/python3.8/site-packages/airflow/example_dags/example_sensor_decorator.py
[2023-10-16T17:31:31.008+0000] {processor.py:829} INFO - Processing file /home/airflow/.local/lib/python3.8/site-packages/airflow/example_dags/example_sensor_decorator.py for tasks to queue
[2023-10-16T17:31:31.010+0000] {logging_mixin.py:151} INFO - [2023-10-16T17:31:31.010+0000] {dagbag.py:539} INFO - Filling up the DagBag from /home/airflow/.local/lib/python3.8/site-packages/airflow/example_dags/example_sensor_decorator.py
[2023-10-16T17:31:31.020+0000] {processor.py:839} INFO - DAG(s) dict_keys(['example_sensor_decorator']) retrieved from /home/airflow/.local/lib/python3.8/site-packages/airflow/example_dags/example_sensor_decorator.py
[2023-10-16T17:31:31.044+0000] {logging_mixin.py:151} INFO - [2023-10-16T17:31:31.043+0000] {dag.py:2915} INFO - Sync 1 DAGs
[2023-10-16T17:31:31.060+0000] {logging_mixin.py:151} INFO - [2023-10-16T17:31:31.059+0000] {dag.py:3696} INFO - Setting next_dagrun for example_sensor_decorator to None, run_after=None
[2023-10-16T17:31:31.093+0000] {processor.py:179} INFO - Processing /home/airflow/.local/lib/python3.8/site-packages/airflow/example_dags/example_sensor_decorator.py took 0.090 seconds
[2023-10-16T17:32:01.678+0000] {processor.py:157} INFO - Started process (PID=340) to work on /home/airflow/.local/lib/python3.8/site-packages/airflow/example_dags/example_sensor_decorator.py
[2023-10-16T17:32:01.679+0000] {processor.py:829} INFO - Processing file /home/airflow/.local/lib/python3.8/site-packages/airflow/example_dags/example_sensor_decorator.py for tasks to queue
[2023-10-16T17:32:01.681+0000] {logging_mixin.py:151} INFO - [2023-10-16T17:32:01.681+0000] {dagbag.py:539} INFO - Filling up the DagBag from /home/airflow/.local/lib/python3.8/site-packages/airflow/example_dags/example_sensor_decorator.py
[2023-10-16T17:32:01.687+0000] {processor.py:839} INFO - DAG(s) dict_keys(['example_sensor_decorator']) retrieved from /home/airflow/.local/lib/python3.8/site-packages/airflow/example_dags/example_sensor_decorator.py
[2023-10-16T17:32:01.709+0000] {logging_mixin.py:151} INFO - [2023-10-16T17:32:01.708+0000] {dag.py:2915} INFO - Sync 1 DAGs
[2023-10-16T17:32:01.723+0000] {logging_mixin.py:151} INFO - [2023-10-16T17:32:01.723+0000] {dag.py:3696} INFO - Setting next_dagrun for example_sensor_decorator to None, run_after=None
[2023-10-16T17:32:01.753+0000] {processor.py:179} INFO - Processing /home/airflow/.local/lib/python3.8/site-packages/airflow/example_dags/example_sensor_decorator.py took 0.079 seconds
[2023-10-16T17:32:32.305+0000] {processor.py:157} INFO - Started process (PID=395) to work on /home/airflow/.local/lib/python3.8/site-packages/airflow/example_dags/example_sensor_decorator.py
[2023-10-16T17:32:32.306+0000] {processor.py:829} INFO - Processing file /home/airflow/.local/lib/python3.8/site-packages/airflow/example_dags/example_sensor_decorator.py for tasks to queue
[2023-10-16T17:32:32.309+0000] {logging_mixin.py:151} INFO - [2023-10-16T17:32:32.308+0000] {dagbag.py:539} INFO - Filling up the DagBag from /home/airflow/.local/lib/python3.8/site-packages/airflow/example_dags/example_sensor_decorator.py
[2023-10-16T17:32:32.315+0000] {processor.py:839} INFO - DAG(s) dict_keys(['example_sensor_decorator']) retrieved from /home/airflow/.local/lib/python3.8/site-packages/airflow/example_dags/example_sensor_decorator.py
[2023-10-16T17:32:32.368+0000] {logging_mixin.py:151} INFO - [2023-10-16T17:32:32.367+0000] {dag.py:2915} INFO - Sync 1 DAGs
[2023-10-16T17:32:32.378+0000] {logging_mixin.py:151} INFO - [2023-10-16T17:32:32.378+0000] {dag.py:3696} INFO - Setting next_dagrun for example_sensor_decorator to None, run_after=None
[2023-10-16T17:32:32.407+0000] {processor.py:179} INFO - Processing /home/airflow/.local/lib/python3.8/site-packages/airflow/example_dags/example_sensor_decorator.py took 0.107 seconds
[2023-10-16T17:33:03.161+0000] {processor.py:157} INFO - Started process (PID=450) to work on /home/airflow/.local/lib/python3.8/site-packages/airflow/example_dags/example_sensor_decorator.py
[2023-10-16T17:33:03.162+0000] {processor.py:829} INFO - Processing file /home/airflow/.local/lib/python3.8/site-packages/airflow/example_dags/example_sensor_decorator.py for tasks to queue
[2023-10-16T17:33:03.177+0000] {logging_mixin.py:151} INFO - [2023-10-16T17:33:03.177+0000] {dagbag.py:539} INFO - Filling up the DagBag from /home/airflow/.local/lib/python3.8/site-packages/airflow/example_dags/example_sensor_decorator.py
[2023-10-16T17:33:03.190+0000] {processor.py:839} INFO - DAG(s) dict_keys(['example_sensor_decorator']) retrieved from /home/airflow/.local/lib/python3.8/site-packages/airflow/example_dags/example_sensor_decorator.py
[2023-10-16T17:33:03.349+0000] {logging_mixin.py:151} INFO - [2023-10-16T17:33:03.341+0000] {dag.py:2915} INFO - Sync 1 DAGs
[2023-10-16T17:33:03.442+0000] {logging_mixin.py:151} INFO - [2023-10-16T17:33:03.441+0000] {dag.py:3696} INFO - Setting next_dagrun for example_sensor_decorator to None, run_after=None
[2023-10-16T17:33:03.589+0000] {processor.py:179} INFO - Processing /home/airflow/.local/lib/python3.8/site-packages/airflow/example_dags/example_sensor_decorator.py took 0.439 seconds
[2023-10-16T17:33:34.169+0000] {processor.py:157} INFO - Started process (PID=504) to work on /home/airflow/.local/lib/python3.8/site-packages/airflow/example_dags/example_sensor_decorator.py
[2023-10-16T17:33:34.170+0000] {processor.py:829} INFO - Processing file /home/airflow/.local/lib/python3.8/site-packages/airflow/example_dags/example_sensor_decorator.py for tasks to queue
[2023-10-16T17:33:34.173+0000] {logging_mixin.py:151} INFO - [2023-10-16T17:33:34.172+0000] {dagbag.py:539} INFO - Filling up the DagBag from /home/airflow/.local/lib/python3.8/site-packages/airflow/example_dags/example_sensor_decorator.py
[2023-10-16T17:33:34.179+0000] {processor.py:839} INFO - DAG(s) dict_keys(['example_sensor_decorator']) retrieved from /home/airflow/.local/lib/python3.8/site-packages/airflow/example_dags/example_sensor_decorator.py
[2023-10-16T17:33:34.202+0000] {logging_mixin.py:151} INFO - [2023-10-16T17:33:34.202+0000] {dag.py:2915} INFO - Sync 1 DAGs
[2023-10-16T17:33:34.215+0000] {logging_mixin.py:151} INFO - [2023-10-16T17:33:34.215+0000] {dag.py:3696} INFO - Setting next_dagrun for example_sensor_decorator to None, run_after=None
[2023-10-16T17:33:34.245+0000] {processor.py:179} INFO - Processing /home/airflow/.local/lib/python3.8/site-packages/airflow/example_dags/example_sensor_decorator.py took 0.080 seconds
