[2023-10-16T17:29:26.388+0000] {processor.py:157} INFO - Started process (PID=60) to work on /home/airflow/.local/lib/python3.8/site-packages/airflow/example_dags/example_task_group.py
[2023-10-16T17:29:26.389+0000] {processor.py:829} INFO - Processing file /home/airflow/.local/lib/python3.8/site-packages/airflow/example_dags/example_task_group.py for tasks to queue
[2023-10-16T17:29:26.391+0000] {logging_mixin.py:151} INFO - [2023-10-16T17:29:26.391+0000] {dagbag.py:539} INFO - Filling up the DagBag from /home/airflow/.local/lib/python3.8/site-packages/airflow/example_dags/example_task_group.py
[2023-10-16T17:29:26.459+0000] {processor.py:839} INFO - DAG(s) dict_keys(['example_task_group']) retrieved from /home/airflow/.local/lib/python3.8/site-packages/airflow/example_dags/example_task_group.py
[2023-10-16T17:29:27.159+0000] {logging_mixin.py:151} INFO - [2023-10-16T17:29:27.159+0000] {manager.py:499} INFO - Created Permission View: %s
[2023-10-16T17:29:27.213+0000] {logging_mixin.py:151} INFO - [2023-10-16T17:29:27.212+0000] {manager.py:499} INFO - Created Permission View: %s
[2023-10-16T17:29:27.261+0000] {logging_mixin.py:151} INFO - [2023-10-16T17:29:27.261+0000] {manager.py:499} INFO - Created Permission View: %s
[2023-10-16T17:29:27.261+0000] {logging_mixin.py:151} INFO - [2023-10-16T17:29:27.261+0000] {security.py:708} INFO - Not syncing DAG-level permissions for DAG 'DAG:example_task_group' as access control is unset.
[2023-10-16T17:29:27.262+0000] {logging_mixin.py:151} INFO - [2023-10-16T17:29:27.261+0000] {dag.py:2915} INFO - Sync 1 DAGs
[2023-10-16T17:29:27.301+0000] {logging_mixin.py:151} INFO - [2023-10-16T17:29:27.301+0000] {dag.py:2937} INFO - Creating ORM DAG for example_task_group
[2023-10-16T17:29:27.347+0000] {logging_mixin.py:151} INFO - [2023-10-16T17:29:27.347+0000] {dag.py:3696} INFO - Setting next_dagrun for example_task_group to 2023-10-15T17:29:27.346953+00:00, run_after=2023-10-16T17:29:27.346953+00:00
[2023-10-16T17:29:27.414+0000] {processor.py:179} INFO - Processing /home/airflow/.local/lib/python3.8/site-packages/airflow/example_dags/example_task_group.py took 1.032 seconds
[2023-10-16T17:29:57.658+0000] {processor.py:157} INFO - Started process (PID=115) to work on /home/airflow/.local/lib/python3.8/site-packages/airflow/example_dags/example_task_group.py
[2023-10-16T17:29:57.659+0000] {processor.py:829} INFO - Processing file /home/airflow/.local/lib/python3.8/site-packages/airflow/example_dags/example_task_group.py for tasks to queue
[2023-10-16T17:29:57.660+0000] {logging_mixin.py:151} INFO - [2023-10-16T17:29:57.660+0000] {dagbag.py:539} INFO - Filling up the DagBag from /home/airflow/.local/lib/python3.8/site-packages/airflow/example_dags/example_task_group.py
[2023-10-16T17:29:57.670+0000] {processor.py:839} INFO - DAG(s) dict_keys(['example_task_group']) retrieved from /home/airflow/.local/lib/python3.8/site-packages/airflow/example_dags/example_task_group.py
[2023-10-16T17:29:57.700+0000] {logging_mixin.py:151} INFO - [2023-10-16T17:29:57.700+0000] {dag.py:2915} INFO - Sync 1 DAGs
[2023-10-16T17:29:57.757+0000] {logging_mixin.py:151} INFO - [2023-10-16T17:29:57.757+0000] {dag.py:3696} INFO - Setting next_dagrun for example_task_group to 2023-10-15T17:29:57.756785+00:00, run_after=2023-10-16T17:29:57.756785+00:00
[2023-10-16T17:29:57.797+0000] {processor.py:179} INFO - Processing /home/airflow/.local/lib/python3.8/site-packages/airflow/example_dags/example_task_group.py took 0.143 seconds
[2023-10-16T17:30:27.952+0000] {processor.py:157} INFO - Started process (PID=170) to work on /home/airflow/.local/lib/python3.8/site-packages/airflow/example_dags/example_task_group.py
[2023-10-16T17:30:27.953+0000] {processor.py:829} INFO - Processing file /home/airflow/.local/lib/python3.8/site-packages/airflow/example_dags/example_task_group.py for tasks to queue
[2023-10-16T17:30:27.955+0000] {logging_mixin.py:151} INFO - [2023-10-16T17:30:27.955+0000] {dagbag.py:539} INFO - Filling up the DagBag from /home/airflow/.local/lib/python3.8/site-packages/airflow/example_dags/example_task_group.py
[2023-10-16T17:30:27.969+0000] {processor.py:839} INFO - DAG(s) dict_keys(['example_task_group']) retrieved from /home/airflow/.local/lib/python3.8/site-packages/airflow/example_dags/example_task_group.py
[2023-10-16T17:30:27.997+0000] {logging_mixin.py:151} INFO - [2023-10-16T17:30:27.997+0000] {dag.py:2915} INFO - Sync 1 DAGs
[2023-10-16T17:30:28.023+0000] {logging_mixin.py:151} INFO - [2023-10-16T17:30:28.023+0000] {dag.py:3696} INFO - Setting next_dagrun for example_task_group to 2023-10-15T17:30:28.023229+00:00, run_after=2023-10-16T17:30:28.023229+00:00
[2023-10-16T17:30:28.051+0000] {processor.py:179} INFO - Processing /home/airflow/.local/lib/python3.8/site-packages/airflow/example_dags/example_task_group.py took 0.102 seconds
[2023-10-16T17:30:58.915+0000] {processor.py:157} INFO - Started process (PID=225) to work on /home/airflow/.local/lib/python3.8/site-packages/airflow/example_dags/example_task_group.py
[2023-10-16T17:30:58.915+0000] {processor.py:829} INFO - Processing file /home/airflow/.local/lib/python3.8/site-packages/airflow/example_dags/example_task_group.py for tasks to queue
[2023-10-16T17:30:58.918+0000] {logging_mixin.py:151} INFO - [2023-10-16T17:30:58.917+0000] {dagbag.py:539} INFO - Filling up the DagBag from /home/airflow/.local/lib/python3.8/site-packages/airflow/example_dags/example_task_group.py
[2023-10-16T17:30:58.929+0000] {processor.py:839} INFO - DAG(s) dict_keys(['example_task_group']) retrieved from /home/airflow/.local/lib/python3.8/site-packages/airflow/example_dags/example_task_group.py
[2023-10-16T17:30:58.969+0000] {logging_mixin.py:151} INFO - [2023-10-16T17:30:58.968+0000] {dag.py:2915} INFO - Sync 1 DAGs
[2023-10-16T17:30:59.014+0000] {logging_mixin.py:151} INFO - [2023-10-16T17:30:59.014+0000] {dag.py:3696} INFO - Setting next_dagrun for example_task_group to 2023-10-15T17:30:59.014314+00:00, run_after=2023-10-16T17:30:59.014314+00:00
[2023-10-16T17:30:59.047+0000] {processor.py:179} INFO - Processing /home/airflow/.local/lib/python3.8/site-packages/airflow/example_dags/example_task_group.py took 0.135 seconds
[2023-10-16T17:31:29.693+0000] {processor.py:157} INFO - Started process (PID=281) to work on /home/airflow/.local/lib/python3.8/site-packages/airflow/example_dags/example_task_group.py
[2023-10-16T17:31:29.694+0000] {processor.py:829} INFO - Processing file /home/airflow/.local/lib/python3.8/site-packages/airflow/example_dags/example_task_group.py for tasks to queue
[2023-10-16T17:31:29.696+0000] {logging_mixin.py:151} INFO - [2023-10-16T17:31:29.695+0000] {dagbag.py:539} INFO - Filling up the DagBag from /home/airflow/.local/lib/python3.8/site-packages/airflow/example_dags/example_task_group.py
[2023-10-16T17:31:29.705+0000] {processor.py:839} INFO - DAG(s) dict_keys(['example_task_group']) retrieved from /home/airflow/.local/lib/python3.8/site-packages/airflow/example_dags/example_task_group.py
[2023-10-16T17:31:29.731+0000] {logging_mixin.py:151} INFO - [2023-10-16T17:31:29.731+0000] {dag.py:2915} INFO - Sync 1 DAGs
[2023-10-16T17:31:29.759+0000] {logging_mixin.py:151} INFO - [2023-10-16T17:31:29.759+0000] {dag.py:3696} INFO - Setting next_dagrun for example_task_group to 2023-10-15T17:31:29.759202+00:00, run_after=2023-10-16T17:31:29.759202+00:00
[2023-10-16T17:31:29.785+0000] {processor.py:179} INFO - Processing /home/airflow/.local/lib/python3.8/site-packages/airflow/example_dags/example_task_group.py took 0.096 seconds
[2023-10-16T17:32:00.259+0000] {processor.py:157} INFO - Started process (PID=336) to work on /home/airflow/.local/lib/python3.8/site-packages/airflow/example_dags/example_task_group.py
[2023-10-16T17:32:00.267+0000] {processor.py:829} INFO - Processing file /home/airflow/.local/lib/python3.8/site-packages/airflow/example_dags/example_task_group.py for tasks to queue
[2023-10-16T17:32:00.273+0000] {logging_mixin.py:151} INFO - [2023-10-16T17:32:00.273+0000] {dagbag.py:539} INFO - Filling up the DagBag from /home/airflow/.local/lib/python3.8/site-packages/airflow/example_dags/example_task_group.py
[2023-10-16T17:32:00.306+0000] {processor.py:839} INFO - DAG(s) dict_keys(['example_task_group']) retrieved from /home/airflow/.local/lib/python3.8/site-packages/airflow/example_dags/example_task_group.py
[2023-10-16T17:32:00.376+0000] {logging_mixin.py:151} INFO - [2023-10-16T17:32:00.376+0000] {dag.py:2915} INFO - Sync 1 DAGs
[2023-10-16T17:32:00.426+0000] {logging_mixin.py:151} INFO - [2023-10-16T17:32:00.425+0000] {dag.py:3696} INFO - Setting next_dagrun for example_task_group to 2023-10-15T17:32:00.425662+00:00, run_after=2023-10-16T17:32:00.425662+00:00
[2023-10-16T17:32:00.469+0000] {processor.py:179} INFO - Processing /home/airflow/.local/lib/python3.8/site-packages/airflow/example_dags/example_task_group.py took 0.225 seconds
[2023-10-16T17:32:30.763+0000] {processor.py:157} INFO - Started process (PID=391) to work on /home/airflow/.local/lib/python3.8/site-packages/airflow/example_dags/example_task_group.py
[2023-10-16T17:32:30.767+0000] {processor.py:829} INFO - Processing file /home/airflow/.local/lib/python3.8/site-packages/airflow/example_dags/example_task_group.py for tasks to queue
[2023-10-16T17:32:30.778+0000] {logging_mixin.py:151} INFO - [2023-10-16T17:32:30.777+0000] {dagbag.py:539} INFO - Filling up the DagBag from /home/airflow/.local/lib/python3.8/site-packages/airflow/example_dags/example_task_group.py
[2023-10-16T17:32:30.807+0000] {processor.py:839} INFO - DAG(s) dict_keys(['example_task_group']) retrieved from /home/airflow/.local/lib/python3.8/site-packages/airflow/example_dags/example_task_group.py
[2023-10-16T17:32:30.881+0000] {logging_mixin.py:151} INFO - [2023-10-16T17:32:30.881+0000] {dag.py:2915} INFO - Sync 1 DAGs
[2023-10-16T17:32:30.976+0000] {logging_mixin.py:151} INFO - [2023-10-16T17:32:30.976+0000] {dag.py:3696} INFO - Setting next_dagrun for example_task_group to 2023-10-15T17:32:30.976027+00:00, run_after=2023-10-16T17:32:30.976027+00:00
[2023-10-16T17:32:31.052+0000] {processor.py:179} INFO - Processing /home/airflow/.local/lib/python3.8/site-packages/airflow/example_dags/example_task_group.py took 0.298 seconds
[2023-10-16T17:33:01.319+0000] {processor.py:157} INFO - Started process (PID=446) to work on /home/airflow/.local/lib/python3.8/site-packages/airflow/example_dags/example_task_group.py
[2023-10-16T17:33:01.321+0000] {processor.py:829} INFO - Processing file /home/airflow/.local/lib/python3.8/site-packages/airflow/example_dags/example_task_group.py for tasks to queue
[2023-10-16T17:33:01.324+0000] {logging_mixin.py:151} INFO - [2023-10-16T17:33:01.323+0000] {dagbag.py:539} INFO - Filling up the DagBag from /home/airflow/.local/lib/python3.8/site-packages/airflow/example_dags/example_task_group.py
[2023-10-16T17:33:01.351+0000] {processor.py:839} INFO - DAG(s) dict_keys(['example_task_group']) retrieved from /home/airflow/.local/lib/python3.8/site-packages/airflow/example_dags/example_task_group.py
[2023-10-16T17:33:01.400+0000] {logging_mixin.py:151} INFO - [2023-10-16T17:33:01.400+0000] {dag.py:2915} INFO - Sync 1 DAGs
[2023-10-16T17:33:01.462+0000] {logging_mixin.py:151} INFO - [2023-10-16T17:33:01.461+0000] {dag.py:3696} INFO - Setting next_dagrun for example_task_group to 2023-10-15T17:33:01.461413+00:00, run_after=2023-10-16T17:33:01.461413+00:00
[2023-10-16T17:33:01.529+0000] {processor.py:179} INFO - Processing /home/airflow/.local/lib/python3.8/site-packages/airflow/example_dags/example_task_group.py took 0.216 seconds
[2023-10-16T17:33:31.640+0000] {processor.py:157} INFO - Started process (PID=500) to work on /home/airflow/.local/lib/python3.8/site-packages/airflow/example_dags/example_task_group.py
[2023-10-16T17:33:31.653+0000] {processor.py:829} INFO - Processing file /home/airflow/.local/lib/python3.8/site-packages/airflow/example_dags/example_task_group.py for tasks to queue
[2023-10-16T17:33:31.662+0000] {logging_mixin.py:151} INFO - [2023-10-16T17:33:31.661+0000] {dagbag.py:539} INFO - Filling up the DagBag from /home/airflow/.local/lib/python3.8/site-packages/airflow/example_dags/example_task_group.py
[2023-10-16T17:33:31.696+0000] {processor.py:839} INFO - DAG(s) dict_keys(['example_task_group']) retrieved from /home/airflow/.local/lib/python3.8/site-packages/airflow/example_dags/example_task_group.py
[2023-10-16T17:33:31.726+0000] {logging_mixin.py:151} INFO - [2023-10-16T17:33:31.726+0000] {dag.py:2915} INFO - Sync 1 DAGs
[2023-10-16T17:33:31.747+0000] {logging_mixin.py:151} INFO - [2023-10-16T17:33:31.746+0000] {dag.py:3696} INFO - Setting next_dagrun for example_task_group to 2023-10-15T17:33:31.746731+00:00, run_after=2023-10-16T17:33:31.746731+00:00
[2023-10-16T17:33:31.770+0000] {processor.py:179} INFO - Processing /home/airflow/.local/lib/python3.8/site-packages/airflow/example_dags/example_task_group.py took 0.137 seconds
