[2023-10-16T17:29:31.158+0000] {processor.py:157} INFO - Started process (PID=75) to work on /home/airflow/.local/lib/python3.8/site-packages/airflow/example_dags/example_branch_datetime_operator.py
[2023-10-16T17:29:31.159+0000] {processor.py:829} INFO - Processing file /home/airflow/.local/lib/python3.8/site-packages/airflow/example_dags/example_branch_datetime_operator.py for tasks to queue
[2023-10-16T17:29:31.161+0000] {logging_mixin.py:151} INFO - [2023-10-16T17:29:31.160+0000] {dagbag.py:539} INFO - Filling up the DagBag from /home/airflow/.local/lib/python3.8/site-packages/airflow/example_dags/example_branch_datetime_operator.py
[2023-10-16T17:29:31.175+0000] {processor.py:839} INFO - DAG(s) dict_keys(['example_branch_datetime_operator_2', 'example_branch_datetime_operator_3', 'example_branch_datetime_operator']) retrieved from /home/airflow/.local/lib/python3.8/site-packages/airflow/example_dags/example_branch_datetime_operator.py
[2023-10-16T17:29:31.386+0000] {logging_mixin.py:151} INFO - [2023-10-16T17:29:31.386+0000] {manager.py:499} INFO - Created Permission View: %s
[2023-10-16T17:29:31.424+0000] {logging_mixin.py:151} INFO - [2023-10-16T17:29:31.423+0000] {manager.py:499} INFO - Created Permission View: %s
[2023-10-16T17:29:31.453+0000] {logging_mixin.py:151} INFO - [2023-10-16T17:29:31.453+0000] {manager.py:499} INFO - Created Permission View: %s
[2023-10-16T17:29:31.454+0000] {logging_mixin.py:151} INFO - [2023-10-16T17:29:31.454+0000] {security.py:708} INFO - Not syncing DAG-level permissions for DAG 'DAG:example_branch_datetime_operator_2' as access control is unset.
[2023-10-16T17:29:31.490+0000] {logging_mixin.py:151} INFO - [2023-10-16T17:29:31.490+0000] {manager.py:499} INFO - Created Permission View: %s
[2023-10-16T17:29:31.508+0000] {logging_mixin.py:151} INFO - [2023-10-16T17:29:31.508+0000] {manager.py:499} INFO - Created Permission View: %s
[2023-10-16T17:29:31.525+0000] {logging_mixin.py:151} INFO - [2023-10-16T17:29:31.525+0000] {manager.py:499} INFO - Created Permission View: %s
[2023-10-16T17:29:31.526+0000] {logging_mixin.py:151} INFO - [2023-10-16T17:29:31.526+0000] {security.py:708} INFO - Not syncing DAG-level permissions for DAG 'DAG:example_branch_datetime_operator_3' as access control is unset.
[2023-10-16T17:29:31.572+0000] {logging_mixin.py:151} INFO - [2023-10-16T17:29:31.571+0000] {manager.py:499} INFO - Created Permission View: %s
[2023-10-16T17:29:31.586+0000] {logging_mixin.py:151} INFO - [2023-10-16T17:29:31.586+0000] {manager.py:499} INFO - Created Permission View: %s
[2023-10-16T17:29:31.602+0000] {logging_mixin.py:151} INFO - [2023-10-16T17:29:31.602+0000] {manager.py:499} INFO - Created Permission View: %s
[2023-10-16T17:29:31.602+0000] {logging_mixin.py:151} INFO - [2023-10-16T17:29:31.602+0000] {security.py:708} INFO - Not syncing DAG-level permissions for DAG 'DAG:example_branch_datetime_operator' as access control is unset.
[2023-10-16T17:29:31.623+0000] {logging_mixin.py:151} INFO - [2023-10-16T17:29:31.603+0000] {dag.py:2915} INFO - Sync 3 DAGs
[2023-10-16T17:29:31.720+0000] {logging_mixin.py:151} INFO - [2023-10-16T17:29:31.720+0000] {dag.py:2937} INFO - Creating ORM DAG for example_branch_datetime_operator_2
[2023-10-16T17:29:31.721+0000] {logging_mixin.py:151} INFO - [2023-10-16T17:29:31.721+0000] {dag.py:2937} INFO - Creating ORM DAG for example_branch_datetime_operator_3
[2023-10-16T17:29:31.721+0000] {logging_mixin.py:151} INFO - [2023-10-16T17:29:31.721+0000] {dag.py:2937} INFO - Creating ORM DAG for example_branch_datetime_operator
[2023-10-16T17:29:31.748+0000] {logging_mixin.py:151} INFO - [2023-10-16T17:29:31.748+0000] {dag.py:3696} INFO - Setting next_dagrun for example_branch_datetime_operator to 2023-10-15T00:00:00+00:00, run_after=2023-10-16T00:00:00+00:00
[2023-10-16T17:29:31.751+0000] {logging_mixin.py:151} INFO - [2023-10-16T17:29:31.751+0000] {dag.py:3696} INFO - Setting next_dagrun for example_branch_datetime_operator_2 to 2023-10-15T00:00:00+00:00, run_after=2023-10-16T00:00:00+00:00
[2023-10-16T17:29:31.762+0000] {logging_mixin.py:151} INFO - [2023-10-16T17:29:31.762+0000] {dag.py:3696} INFO - Setting next_dagrun for example_branch_datetime_operator_3 to 2023-10-15T00:00:00+00:00, run_after=2023-10-16T00:00:00+00:00
[2023-10-16T17:29:31.792+0000] {processor.py:179} INFO - Processing /home/airflow/.local/lib/python3.8/site-packages/airflow/example_dags/example_branch_datetime_operator.py took 0.638 seconds
[2023-10-16T17:30:01.829+0000] {processor.py:157} INFO - Started process (PID=131) to work on /home/airflow/.local/lib/python3.8/site-packages/airflow/example_dags/example_branch_datetime_operator.py
[2023-10-16T17:30:01.830+0000] {processor.py:829} INFO - Processing file /home/airflow/.local/lib/python3.8/site-packages/airflow/example_dags/example_branch_datetime_operator.py for tasks to queue
[2023-10-16T17:30:01.832+0000] {logging_mixin.py:151} INFO - [2023-10-16T17:30:01.832+0000] {dagbag.py:539} INFO - Filling up the DagBag from /home/airflow/.local/lib/python3.8/site-packages/airflow/example_dags/example_branch_datetime_operator.py
[2023-10-16T17:30:01.845+0000] {processor.py:839} INFO - DAG(s) dict_keys(['example_branch_datetime_operator_3', 'example_branch_datetime_operator_2', 'example_branch_datetime_operator']) retrieved from /home/airflow/.local/lib/python3.8/site-packages/airflow/example_dags/example_branch_datetime_operator.py
[2023-10-16T17:30:01.879+0000] {logging_mixin.py:151} INFO - [2023-10-16T17:30:01.878+0000] {dag.py:2915} INFO - Sync 3 DAGs
[2023-10-16T17:30:01.906+0000] {logging_mixin.py:151} INFO - [2023-10-16T17:30:01.906+0000] {dag.py:3696} INFO - Setting next_dagrun for example_branch_datetime_operator to 2023-10-15T00:00:00+00:00, run_after=2023-10-16T00:00:00+00:00
[2023-10-16T17:30:01.913+0000] {logging_mixin.py:151} INFO - [2023-10-16T17:30:01.912+0000] {dag.py:3696} INFO - Setting next_dagrun for example_branch_datetime_operator_2 to 2023-10-15T00:00:00+00:00, run_after=2023-10-16T00:00:00+00:00
[2023-10-16T17:30:01.916+0000] {logging_mixin.py:151} INFO - [2023-10-16T17:30:01.916+0000] {dag.py:3696} INFO - Setting next_dagrun for example_branch_datetime_operator_3 to 2023-10-15T00:00:00+00:00, run_after=2023-10-16T00:00:00+00:00
[2023-10-16T17:30:01.946+0000] {processor.py:179} INFO - Processing /home/airflow/.local/lib/python3.8/site-packages/airflow/example_dags/example_branch_datetime_operator.py took 0.120 seconds
[2023-10-16T17:30:32.047+0000] {processor.py:157} INFO - Started process (PID=184) to work on /home/airflow/.local/lib/python3.8/site-packages/airflow/example_dags/example_branch_datetime_operator.py
[2023-10-16T17:30:32.048+0000] {processor.py:829} INFO - Processing file /home/airflow/.local/lib/python3.8/site-packages/airflow/example_dags/example_branch_datetime_operator.py for tasks to queue
[2023-10-16T17:30:32.050+0000] {logging_mixin.py:151} INFO - [2023-10-16T17:30:32.050+0000] {dagbag.py:539} INFO - Filling up the DagBag from /home/airflow/.local/lib/python3.8/site-packages/airflow/example_dags/example_branch_datetime_operator.py
[2023-10-16T17:30:32.063+0000] {processor.py:839} INFO - DAG(s) dict_keys(['example_branch_datetime_operator', 'example_branch_datetime_operator_3', 'example_branch_datetime_operator_2']) retrieved from /home/airflow/.local/lib/python3.8/site-packages/airflow/example_dags/example_branch_datetime_operator.py
[2023-10-16T17:30:32.096+0000] {logging_mixin.py:151} INFO - [2023-10-16T17:30:32.095+0000] {dag.py:2915} INFO - Sync 3 DAGs
[2023-10-16T17:30:32.139+0000] {logging_mixin.py:151} INFO - [2023-10-16T17:30:32.138+0000] {dag.py:3696} INFO - Setting next_dagrun for example_branch_datetime_operator to 2023-10-15T00:00:00+00:00, run_after=2023-10-16T00:00:00+00:00
[2023-10-16T17:30:32.148+0000] {logging_mixin.py:151} INFO - [2023-10-16T17:30:32.148+0000] {dag.py:3696} INFO - Setting next_dagrun for example_branch_datetime_operator_2 to 2023-10-15T00:00:00+00:00, run_after=2023-10-16T00:00:00+00:00
[2023-10-16T17:30:32.152+0000] {logging_mixin.py:151} INFO - [2023-10-16T17:30:32.152+0000] {dag.py:3696} INFO - Setting next_dagrun for example_branch_datetime_operator_3 to 2023-10-15T00:00:00+00:00, run_after=2023-10-16T00:00:00+00:00
[2023-10-16T17:30:32.180+0000] {processor.py:179} INFO - Processing /home/airflow/.local/lib/python3.8/site-packages/airflow/example_dags/example_branch_datetime_operator.py took 0.136 seconds
[2023-10-16T17:31:03.122+0000] {processor.py:157} INFO - Started process (PID=240) to work on /home/airflow/.local/lib/python3.8/site-packages/airflow/example_dags/example_branch_datetime_operator.py
[2023-10-16T17:31:03.122+0000] {processor.py:829} INFO - Processing file /home/airflow/.local/lib/python3.8/site-packages/airflow/example_dags/example_branch_datetime_operator.py for tasks to queue
[2023-10-16T17:31:03.125+0000] {logging_mixin.py:151} INFO - [2023-10-16T17:31:03.124+0000] {dagbag.py:539} INFO - Filling up the DagBag from /home/airflow/.local/lib/python3.8/site-packages/airflow/example_dags/example_branch_datetime_operator.py
[2023-10-16T17:31:03.139+0000] {processor.py:839} INFO - DAG(s) dict_keys(['example_branch_datetime_operator', 'example_branch_datetime_operator_3', 'example_branch_datetime_operator_2']) retrieved from /home/airflow/.local/lib/python3.8/site-packages/airflow/example_dags/example_branch_datetime_operator.py
[2023-10-16T17:31:03.172+0000] {logging_mixin.py:151} INFO - [2023-10-16T17:31:03.172+0000] {dag.py:2915} INFO - Sync 3 DAGs
[2023-10-16T17:31:03.202+0000] {logging_mixin.py:151} INFO - [2023-10-16T17:31:03.201+0000] {dag.py:3696} INFO - Setting next_dagrun for example_branch_datetime_operator to 2023-10-15T00:00:00+00:00, run_after=2023-10-16T00:00:00+00:00
[2023-10-16T17:31:03.207+0000] {logging_mixin.py:151} INFO - [2023-10-16T17:31:03.207+0000] {dag.py:3696} INFO - Setting next_dagrun for example_branch_datetime_operator_2 to 2023-10-15T00:00:00+00:00, run_after=2023-10-16T00:00:00+00:00
[2023-10-16T17:31:03.210+0000] {logging_mixin.py:151} INFO - [2023-10-16T17:31:03.210+0000] {dag.py:3696} INFO - Setting next_dagrun for example_branch_datetime_operator_3 to 2023-10-15T00:00:00+00:00, run_after=2023-10-16T00:00:00+00:00
[2023-10-16T17:31:03.234+0000] {processor.py:179} INFO - Processing /home/airflow/.local/lib/python3.8/site-packages/airflow/example_dags/example_branch_datetime_operator.py took 0.123 seconds
[2023-10-16T17:31:33.787+0000] {processor.py:157} INFO - Started process (PID=296) to work on /home/airflow/.local/lib/python3.8/site-packages/airflow/example_dags/example_branch_datetime_operator.py
[2023-10-16T17:31:33.788+0000] {processor.py:829} INFO - Processing file /home/airflow/.local/lib/python3.8/site-packages/airflow/example_dags/example_branch_datetime_operator.py for tasks to queue
[2023-10-16T17:31:33.790+0000] {logging_mixin.py:151} INFO - [2023-10-16T17:31:33.790+0000] {dagbag.py:539} INFO - Filling up the DagBag from /home/airflow/.local/lib/python3.8/site-packages/airflow/example_dags/example_branch_datetime_operator.py
[2023-10-16T17:31:33.818+0000] {processor.py:839} INFO - DAG(s) dict_keys(['example_branch_datetime_operator_2', 'example_branch_datetime_operator_3', 'example_branch_datetime_operator']) retrieved from /home/airflow/.local/lib/python3.8/site-packages/airflow/example_dags/example_branch_datetime_operator.py
[2023-10-16T17:31:33.881+0000] {logging_mixin.py:151} INFO - [2023-10-16T17:31:33.881+0000] {dag.py:2915} INFO - Sync 3 DAGs
[2023-10-16T17:31:33.931+0000] {logging_mixin.py:151} INFO - [2023-10-16T17:31:33.931+0000] {dag.py:3696} INFO - Setting next_dagrun for example_branch_datetime_operator to 2023-10-15T00:00:00+00:00, run_after=2023-10-16T00:00:00+00:00
[2023-10-16T17:31:33.946+0000] {logging_mixin.py:151} INFO - [2023-10-16T17:31:33.946+0000] {dag.py:3696} INFO - Setting next_dagrun for example_branch_datetime_operator_2 to 2023-10-15T00:00:00+00:00, run_after=2023-10-16T00:00:00+00:00
[2023-10-16T17:31:33.949+0000] {logging_mixin.py:151} INFO - [2023-10-16T17:31:33.949+0000] {dag.py:3696} INFO - Setting next_dagrun for example_branch_datetime_operator_3 to 2023-10-15T00:00:00+00:00, run_after=2023-10-16T00:00:00+00:00
[2023-10-16T17:31:33.994+0000] {processor.py:179} INFO - Processing /home/airflow/.local/lib/python3.8/site-packages/airflow/example_dags/example_branch_datetime_operator.py took 0.218 seconds
[2023-10-16T17:32:04.197+0000] {processor.py:157} INFO - Started process (PID=350) to work on /home/airflow/.local/lib/python3.8/site-packages/airflow/example_dags/example_branch_datetime_operator.py
[2023-10-16T17:32:04.198+0000] {processor.py:829} INFO - Processing file /home/airflow/.local/lib/python3.8/site-packages/airflow/example_dags/example_branch_datetime_operator.py for tasks to queue
[2023-10-16T17:32:04.200+0000] {logging_mixin.py:151} INFO - [2023-10-16T17:32:04.199+0000] {dagbag.py:539} INFO - Filling up the DagBag from /home/airflow/.local/lib/python3.8/site-packages/airflow/example_dags/example_branch_datetime_operator.py
[2023-10-16T17:32:04.213+0000] {processor.py:839} INFO - DAG(s) dict_keys(['example_branch_datetime_operator_3', 'example_branch_datetime_operator_2', 'example_branch_datetime_operator']) retrieved from /home/airflow/.local/lib/python3.8/site-packages/airflow/example_dags/example_branch_datetime_operator.py
[2023-10-16T17:32:04.263+0000] {logging_mixin.py:151} INFO - [2023-10-16T17:32:04.263+0000] {dag.py:2915} INFO - Sync 3 DAGs
[2023-10-16T17:32:04.290+0000] {logging_mixin.py:151} INFO - [2023-10-16T17:32:04.289+0000] {dag.py:3696} INFO - Setting next_dagrun for example_branch_datetime_operator to 2023-10-15T00:00:00+00:00, run_after=2023-10-16T00:00:00+00:00
[2023-10-16T17:32:04.295+0000] {logging_mixin.py:151} INFO - [2023-10-16T17:32:04.295+0000] {dag.py:3696} INFO - Setting next_dagrun for example_branch_datetime_operator_2 to 2023-10-15T00:00:00+00:00, run_after=2023-10-16T00:00:00+00:00
[2023-10-16T17:32:04.299+0000] {logging_mixin.py:151} INFO - [2023-10-16T17:32:04.298+0000] {dag.py:3696} INFO - Setting next_dagrun for example_branch_datetime_operator_3 to 2023-10-15T00:00:00+00:00, run_after=2023-10-16T00:00:00+00:00
[2023-10-16T17:32:04.325+0000] {processor.py:179} INFO - Processing /home/airflow/.local/lib/python3.8/site-packages/airflow/example_dags/example_branch_datetime_operator.py took 0.136 seconds
[2023-10-16T17:32:35.186+0000] {processor.py:157} INFO - Started process (PID=405) to work on /home/airflow/.local/lib/python3.8/site-packages/airflow/example_dags/example_branch_datetime_operator.py
[2023-10-16T17:32:35.187+0000] {processor.py:829} INFO - Processing file /home/airflow/.local/lib/python3.8/site-packages/airflow/example_dags/example_branch_datetime_operator.py for tasks to queue
[2023-10-16T17:32:35.191+0000] {logging_mixin.py:151} INFO - [2023-10-16T17:32:35.190+0000] {dagbag.py:539} INFO - Filling up the DagBag from /home/airflow/.local/lib/python3.8/site-packages/airflow/example_dags/example_branch_datetime_operator.py
[2023-10-16T17:32:35.203+0000] {processor.py:839} INFO - DAG(s) dict_keys(['example_branch_datetime_operator', 'example_branch_datetime_operator_3', 'example_branch_datetime_operator_2']) retrieved from /home/airflow/.local/lib/python3.8/site-packages/airflow/example_dags/example_branch_datetime_operator.py
[2023-10-16T17:32:35.234+0000] {logging_mixin.py:151} INFO - [2023-10-16T17:32:35.234+0000] {dag.py:2915} INFO - Sync 3 DAGs
[2023-10-16T17:32:35.259+0000] {logging_mixin.py:151} INFO - [2023-10-16T17:32:35.259+0000] {dag.py:3696} INFO - Setting next_dagrun for example_branch_datetime_operator to 2023-10-15T00:00:00+00:00, run_after=2023-10-16T00:00:00+00:00
[2023-10-16T17:32:35.265+0000] {logging_mixin.py:151} INFO - [2023-10-16T17:32:35.265+0000] {dag.py:3696} INFO - Setting next_dagrun for example_branch_datetime_operator_2 to 2023-10-15T00:00:00+00:00, run_after=2023-10-16T00:00:00+00:00
[2023-10-16T17:32:35.269+0000] {logging_mixin.py:151} INFO - [2023-10-16T17:32:35.268+0000] {dag.py:3696} INFO - Setting next_dagrun for example_branch_datetime_operator_3 to 2023-10-15T00:00:00+00:00, run_after=2023-10-16T00:00:00+00:00
[2023-10-16T17:32:35.292+0000] {processor.py:179} INFO - Processing /home/airflow/.local/lib/python3.8/site-packages/airflow/example_dags/example_branch_datetime_operator.py took 0.110 seconds
[2023-10-16T17:33:05.495+0000] {processor.py:157} INFO - Started process (PID=460) to work on /home/airflow/.local/lib/python3.8/site-packages/airflow/example_dags/example_branch_datetime_operator.py
[2023-10-16T17:33:05.496+0000] {processor.py:829} INFO - Processing file /home/airflow/.local/lib/python3.8/site-packages/airflow/example_dags/example_branch_datetime_operator.py for tasks to queue
[2023-10-16T17:33:05.499+0000] {logging_mixin.py:151} INFO - [2023-10-16T17:33:05.499+0000] {dagbag.py:539} INFO - Filling up the DagBag from /home/airflow/.local/lib/python3.8/site-packages/airflow/example_dags/example_branch_datetime_operator.py
[2023-10-16T17:33:05.511+0000] {processor.py:839} INFO - DAG(s) dict_keys(['example_branch_datetime_operator_2', 'example_branch_datetime_operator', 'example_branch_datetime_operator_3']) retrieved from /home/airflow/.local/lib/python3.8/site-packages/airflow/example_dags/example_branch_datetime_operator.py
[2023-10-16T17:33:05.575+0000] {logging_mixin.py:151} INFO - [2023-10-16T17:33:05.575+0000] {dag.py:2915} INFO - Sync 3 DAGs
[2023-10-16T17:33:05.605+0000] {logging_mixin.py:151} INFO - [2023-10-16T17:33:05.605+0000] {dag.py:3696} INFO - Setting next_dagrun for example_branch_datetime_operator to 2023-10-15T00:00:00+00:00, run_after=2023-10-16T00:00:00+00:00
[2023-10-16T17:33:05.611+0000] {logging_mixin.py:151} INFO - [2023-10-16T17:33:05.611+0000] {dag.py:3696} INFO - Setting next_dagrun for example_branch_datetime_operator_2 to 2023-10-15T00:00:00+00:00, run_after=2023-10-16T00:00:00+00:00
[2023-10-16T17:33:05.614+0000] {logging_mixin.py:151} INFO - [2023-10-16T17:33:05.613+0000] {dag.py:3696} INFO - Setting next_dagrun for example_branch_datetime_operator_3 to 2023-10-15T00:00:00+00:00, run_after=2023-10-16T00:00:00+00:00
[2023-10-16T17:33:05.648+0000] {processor.py:179} INFO - Processing /home/airflow/.local/lib/python3.8/site-packages/airflow/example_dags/example_branch_datetime_operator.py took 0.157 seconds
[2023-10-16T17:33:35.903+0000] {processor.py:157} INFO - Started process (PID=514) to work on /home/airflow/.local/lib/python3.8/site-packages/airflow/example_dags/example_branch_datetime_operator.py
[2023-10-16T17:33:35.907+0000] {processor.py:829} INFO - Processing file /home/airflow/.local/lib/python3.8/site-packages/airflow/example_dags/example_branch_datetime_operator.py for tasks to queue
[2023-10-16T17:33:35.914+0000] {logging_mixin.py:151} INFO - [2023-10-16T17:33:35.914+0000] {dagbag.py:539} INFO - Filling up the DagBag from /home/airflow/.local/lib/python3.8/site-packages/airflow/example_dags/example_branch_datetime_operator.py
[2023-10-16T17:33:35.971+0000] {processor.py:839} INFO - DAG(s) dict_keys(['example_branch_datetime_operator_3', 'example_branch_datetime_operator_2', 'example_branch_datetime_operator']) retrieved from /home/airflow/.local/lib/python3.8/site-packages/airflow/example_dags/example_branch_datetime_operator.py
[2023-10-16T17:33:36.065+0000] {logging_mixin.py:151} INFO - [2023-10-16T17:33:36.065+0000] {dag.py:2915} INFO - Sync 3 DAGs
[2023-10-16T17:33:36.182+0000] {logging_mixin.py:151} INFO - [2023-10-16T17:33:36.182+0000] {dag.py:3696} INFO - Setting next_dagrun for example_branch_datetime_operator to 2023-10-15T00:00:00+00:00, run_after=2023-10-16T00:00:00+00:00
[2023-10-16T17:33:36.209+0000] {logging_mixin.py:151} INFO - [2023-10-16T17:33:36.209+0000] {dag.py:3696} INFO - Setting next_dagrun for example_branch_datetime_operator_2 to 2023-10-15T00:00:00+00:00, run_after=2023-10-16T00:00:00+00:00
[2023-10-16T17:33:36.213+0000] {logging_mixin.py:151} INFO - [2023-10-16T17:33:36.213+0000] {dag.py:3696} INFO - Setting next_dagrun for example_branch_datetime_operator_3 to 2023-10-15T00:00:00+00:00, run_after=2023-10-16T00:00:00+00:00
[2023-10-16T17:33:36.275+0000] {processor.py:179} INFO - Processing /home/airflow/.local/lib/python3.8/site-packages/airflow/example_dags/example_branch_datetime_operator.py took 0.400 seconds
