[2023-10-16T17:29:25.279+0000] {processor.py:157} INFO - Started process (PID=57) to work on /home/airflow/.local/lib/python3.8/site-packages/airflow/example_dags/example_short_circuit_operator.py
[2023-10-16T17:29:25.280+0000] {processor.py:829} INFO - Processing file /home/airflow/.local/lib/python3.8/site-packages/airflow/example_dags/example_short_circuit_operator.py for tasks to queue
[2023-10-16T17:29:25.288+0000] {logging_mixin.py:151} INFO - [2023-10-16T17:29:25.287+0000] {dagbag.py:539} INFO - Filling up the DagBag from /home/airflow/.local/lib/python3.8/site-packages/airflow/example_dags/example_short_circuit_operator.py
[2023-10-16T17:29:25.320+0000] {processor.py:839} INFO - DAG(s) dict_keys(['example_short_circuit_operator']) retrieved from /home/airflow/.local/lib/python3.8/site-packages/airflow/example_dags/example_short_circuit_operator.py
[2023-10-16T17:29:25.811+0000] {logging_mixin.py:151} INFO - [2023-10-16T17:29:25.811+0000] {manager.py:499} INFO - Created Permission View: %s
[2023-10-16T17:29:25.855+0000] {logging_mixin.py:151} INFO - [2023-10-16T17:29:25.855+0000] {manager.py:499} INFO - Created Permission View: %s
[2023-10-16T17:29:25.896+0000] {logging_mixin.py:151} INFO - [2023-10-16T17:29:25.896+0000] {manager.py:499} INFO - Created Permission View: %s
[2023-10-16T17:29:25.896+0000] {logging_mixin.py:151} INFO - [2023-10-16T17:29:25.896+0000] {security.py:708} INFO - Not syncing DAG-level permissions for DAG 'DAG:example_short_circuit_operator' as access control is unset.
[2023-10-16T17:29:25.897+0000] {logging_mixin.py:151} INFO - [2023-10-16T17:29:25.897+0000] {dag.py:2915} INFO - Sync 1 DAGs
[2023-10-16T17:29:25.940+0000] {logging_mixin.py:151} INFO - [2023-10-16T17:29:25.940+0000] {dag.py:2937} INFO - Creating ORM DAG for example_short_circuit_operator
[2023-10-16T17:29:25.992+0000] {logging_mixin.py:151} INFO - [2023-10-16T17:29:25.992+0000] {dag.py:3696} INFO - Setting next_dagrun for example_short_circuit_operator to 2023-10-15T17:29:25.989462+00:00, run_after=2023-10-16T17:29:25.989462+00:00
[2023-10-16T17:29:26.060+0000] {processor.py:179} INFO - Processing /home/airflow/.local/lib/python3.8/site-packages/airflow/example_dags/example_short_circuit_operator.py took 0.785 seconds
[2023-10-16T17:29:56.472+0000] {processor.py:157} INFO - Started process (PID=112) to work on /home/airflow/.local/lib/python3.8/site-packages/airflow/example_dags/example_short_circuit_operator.py
[2023-10-16T17:29:56.473+0000] {processor.py:829} INFO - Processing file /home/airflow/.local/lib/python3.8/site-packages/airflow/example_dags/example_short_circuit_operator.py for tasks to queue
[2023-10-16T17:29:56.475+0000] {logging_mixin.py:151} INFO - [2023-10-16T17:29:56.475+0000] {dagbag.py:539} INFO - Filling up the DagBag from /home/airflow/.local/lib/python3.8/site-packages/airflow/example_dags/example_short_circuit_operator.py
[2023-10-16T17:29:56.485+0000] {processor.py:839} INFO - DAG(s) dict_keys(['example_short_circuit_operator']) retrieved from /home/airflow/.local/lib/python3.8/site-packages/airflow/example_dags/example_short_circuit_operator.py
[2023-10-16T17:29:56.512+0000] {logging_mixin.py:151} INFO - [2023-10-16T17:29:56.512+0000] {dag.py:2915} INFO - Sync 1 DAGs
[2023-10-16T17:29:56.548+0000] {logging_mixin.py:151} INFO - [2023-10-16T17:29:56.548+0000] {dag.py:3696} INFO - Setting next_dagrun for example_short_circuit_operator to 2023-10-15T17:29:56.547751+00:00, run_after=2023-10-16T17:29:56.547751+00:00
[2023-10-16T17:29:56.599+0000] {processor.py:179} INFO - Processing /home/airflow/.local/lib/python3.8/site-packages/airflow/example_dags/example_short_circuit_operator.py took 0.131 seconds
[2023-10-16T17:30:26.814+0000] {processor.py:157} INFO - Started process (PID=167) to work on /home/airflow/.local/lib/python3.8/site-packages/airflow/example_dags/example_short_circuit_operator.py
[2023-10-16T17:30:26.815+0000] {processor.py:829} INFO - Processing file /home/airflow/.local/lib/python3.8/site-packages/airflow/example_dags/example_short_circuit_operator.py for tasks to queue
[2023-10-16T17:30:26.817+0000] {logging_mixin.py:151} INFO - [2023-10-16T17:30:26.817+0000] {dagbag.py:539} INFO - Filling up the DagBag from /home/airflow/.local/lib/python3.8/site-packages/airflow/example_dags/example_short_circuit_operator.py
[2023-10-16T17:30:26.825+0000] {processor.py:839} INFO - DAG(s) dict_keys(['example_short_circuit_operator']) retrieved from /home/airflow/.local/lib/python3.8/site-packages/airflow/example_dags/example_short_circuit_operator.py
[2023-10-16T17:30:26.853+0000] {logging_mixin.py:151} INFO - [2023-10-16T17:30:26.853+0000] {dag.py:2915} INFO - Sync 1 DAGs
[2023-10-16T17:30:26.880+0000] {logging_mixin.py:151} INFO - [2023-10-16T17:30:26.879+0000] {dag.py:3696} INFO - Setting next_dagrun for example_short_circuit_operator to 2023-10-15T17:30:26.879711+00:00, run_after=2023-10-16T17:30:26.879711+00:00
[2023-10-16T17:30:26.909+0000] {processor.py:179} INFO - Processing /home/airflow/.local/lib/python3.8/site-packages/airflow/example_dags/example_short_circuit_operator.py took 0.099 seconds
[2023-10-16T17:30:57.758+0000] {processor.py:157} INFO - Started process (PID=222) to work on /home/airflow/.local/lib/python3.8/site-packages/airflow/example_dags/example_short_circuit_operator.py
[2023-10-16T17:30:57.759+0000] {processor.py:829} INFO - Processing file /home/airflow/.local/lib/python3.8/site-packages/airflow/example_dags/example_short_circuit_operator.py for tasks to queue
[2023-10-16T17:30:57.761+0000] {logging_mixin.py:151} INFO - [2023-10-16T17:30:57.761+0000] {dagbag.py:539} INFO - Filling up the DagBag from /home/airflow/.local/lib/python3.8/site-packages/airflow/example_dags/example_short_circuit_operator.py
[2023-10-16T17:30:57.775+0000] {processor.py:839} INFO - DAG(s) dict_keys(['example_short_circuit_operator']) retrieved from /home/airflow/.local/lib/python3.8/site-packages/airflow/example_dags/example_short_circuit_operator.py
[2023-10-16T17:30:57.802+0000] {logging_mixin.py:151} INFO - [2023-10-16T17:30:57.801+0000] {dag.py:2915} INFO - Sync 1 DAGs
[2023-10-16T17:30:57.826+0000] {logging_mixin.py:151} INFO - [2023-10-16T17:30:57.826+0000] {dag.py:3696} INFO - Setting next_dagrun for example_short_circuit_operator to 2023-10-15T17:30:57.826055+00:00, run_after=2023-10-16T17:30:57.826055+00:00
[2023-10-16T17:30:57.858+0000] {processor.py:179} INFO - Processing /home/airflow/.local/lib/python3.8/site-packages/airflow/example_dags/example_short_circuit_operator.py took 0.104 seconds
[2023-10-16T17:31:28.455+0000] {processor.py:157} INFO - Started process (PID=278) to work on /home/airflow/.local/lib/python3.8/site-packages/airflow/example_dags/example_short_circuit_operator.py
[2023-10-16T17:31:28.455+0000] {processor.py:829} INFO - Processing file /home/airflow/.local/lib/python3.8/site-packages/airflow/example_dags/example_short_circuit_operator.py for tasks to queue
[2023-10-16T17:31:28.457+0000] {logging_mixin.py:151} INFO - [2023-10-16T17:31:28.457+0000] {dagbag.py:539} INFO - Filling up the DagBag from /home/airflow/.local/lib/python3.8/site-packages/airflow/example_dags/example_short_circuit_operator.py
[2023-10-16T17:31:28.490+0000] {processor.py:839} INFO - DAG(s) dict_keys(['example_short_circuit_operator']) retrieved from /home/airflow/.local/lib/python3.8/site-packages/airflow/example_dags/example_short_circuit_operator.py
[2023-10-16T17:31:28.536+0000] {logging_mixin.py:151} INFO - [2023-10-16T17:31:28.536+0000] {dag.py:2915} INFO - Sync 1 DAGs
[2023-10-16T17:31:28.563+0000] {logging_mixin.py:151} INFO - [2023-10-16T17:31:28.563+0000] {dag.py:3696} INFO - Setting next_dagrun for example_short_circuit_operator to 2023-10-15T17:31:28.562720+00:00, run_after=2023-10-16T17:31:28.562720+00:00
[2023-10-16T17:31:28.638+0000] {processor.py:179} INFO - Processing /home/airflow/.local/lib/python3.8/site-packages/airflow/example_dags/example_short_circuit_operator.py took 0.186 seconds
[2023-10-16T17:31:59.045+0000] {processor.py:157} INFO - Started process (PID=333) to work on /home/airflow/.local/lib/python3.8/site-packages/airflow/example_dags/example_short_circuit_operator.py
[2023-10-16T17:31:59.046+0000] {processor.py:829} INFO - Processing file /home/airflow/.local/lib/python3.8/site-packages/airflow/example_dags/example_short_circuit_operator.py for tasks to queue
[2023-10-16T17:31:59.048+0000] {logging_mixin.py:151} INFO - [2023-10-16T17:31:59.048+0000] {dagbag.py:539} INFO - Filling up the DagBag from /home/airflow/.local/lib/python3.8/site-packages/airflow/example_dags/example_short_circuit_operator.py
[2023-10-16T17:31:59.056+0000] {processor.py:839} INFO - DAG(s) dict_keys(['example_short_circuit_operator']) retrieved from /home/airflow/.local/lib/python3.8/site-packages/airflow/example_dags/example_short_circuit_operator.py
[2023-10-16T17:31:59.095+0000] {logging_mixin.py:151} INFO - [2023-10-16T17:31:59.095+0000] {dag.py:2915} INFO - Sync 1 DAGs
[2023-10-16T17:31:59.135+0000] {logging_mixin.py:151} INFO - [2023-10-16T17:31:59.135+0000] {dag.py:3696} INFO - Setting next_dagrun for example_short_circuit_operator to 2023-10-15T17:31:59.135377+00:00, run_after=2023-10-16T17:31:59.135377+00:00
[2023-10-16T17:31:59.173+0000] {processor.py:179} INFO - Processing /home/airflow/.local/lib/python3.8/site-packages/airflow/example_dags/example_short_circuit_operator.py took 0.131 seconds
[2023-10-16T17:32:29.404+0000] {processor.py:157} INFO - Started process (PID=388) to work on /home/airflow/.local/lib/python3.8/site-packages/airflow/example_dags/example_short_circuit_operator.py
[2023-10-16T17:32:29.405+0000] {processor.py:829} INFO - Processing file /home/airflow/.local/lib/python3.8/site-packages/airflow/example_dags/example_short_circuit_operator.py for tasks to queue
[2023-10-16T17:32:29.407+0000] {logging_mixin.py:151} INFO - [2023-10-16T17:32:29.407+0000] {dagbag.py:539} INFO - Filling up the DagBag from /home/airflow/.local/lib/python3.8/site-packages/airflow/example_dags/example_short_circuit_operator.py
[2023-10-16T17:32:29.439+0000] {processor.py:839} INFO - DAG(s) dict_keys(['example_short_circuit_operator']) retrieved from /home/airflow/.local/lib/python3.8/site-packages/airflow/example_dags/example_short_circuit_operator.py
[2023-10-16T17:32:29.512+0000] {logging_mixin.py:151} INFO - [2023-10-16T17:32:29.511+0000] {dag.py:2915} INFO - Sync 1 DAGs
[2023-10-16T17:32:29.585+0000] {logging_mixin.py:151} INFO - [2023-10-16T17:32:29.585+0000] {dag.py:3696} INFO - Setting next_dagrun for example_short_circuit_operator to 2023-10-15T17:32:29.585358+00:00, run_after=2023-10-16T17:32:29.585358+00:00
[2023-10-16T17:32:29.621+0000] {processor.py:179} INFO - Processing /home/airflow/.local/lib/python3.8/site-packages/airflow/example_dags/example_short_circuit_operator.py took 0.221 seconds
[2023-10-16T17:33:00.128+0000] {processor.py:157} INFO - Started process (PID=443) to work on /home/airflow/.local/lib/python3.8/site-packages/airflow/example_dags/example_short_circuit_operator.py
[2023-10-16T17:33:00.128+0000] {processor.py:829} INFO - Processing file /home/airflow/.local/lib/python3.8/site-packages/airflow/example_dags/example_short_circuit_operator.py for tasks to queue
[2023-10-16T17:33:00.130+0000] {logging_mixin.py:151} INFO - [2023-10-16T17:33:00.130+0000] {dagbag.py:539} INFO - Filling up the DagBag from /home/airflow/.local/lib/python3.8/site-packages/airflow/example_dags/example_short_circuit_operator.py
[2023-10-16T17:33:00.141+0000] {processor.py:839} INFO - DAG(s) dict_keys(['example_short_circuit_operator']) retrieved from /home/airflow/.local/lib/python3.8/site-packages/airflow/example_dags/example_short_circuit_operator.py
[2023-10-16T17:33:00.168+0000] {logging_mixin.py:151} INFO - [2023-10-16T17:33:00.168+0000] {dag.py:2915} INFO - Sync 1 DAGs
[2023-10-16T17:33:00.195+0000] {logging_mixin.py:151} INFO - [2023-10-16T17:33:00.195+0000] {dag.py:3696} INFO - Setting next_dagrun for example_short_circuit_operator to 2023-10-15T17:33:00.195360+00:00, run_after=2023-10-16T17:33:00.195360+00:00
[2023-10-16T17:33:00.234+0000] {processor.py:179} INFO - Processing /home/airflow/.local/lib/python3.8/site-packages/airflow/example_dags/example_short_circuit_operator.py took 0.111 seconds
[2023-10-16T17:33:31.390+0000] {processor.py:157} INFO - Started process (PID=497) to work on /home/airflow/.local/lib/python3.8/site-packages/airflow/example_dags/example_short_circuit_operator.py
[2023-10-16T17:33:31.391+0000] {processor.py:829} INFO - Processing file /home/airflow/.local/lib/python3.8/site-packages/airflow/example_dags/example_short_circuit_operator.py for tasks to queue
[2023-10-16T17:33:31.393+0000] {logging_mixin.py:151} INFO - [2023-10-16T17:33:31.393+0000] {dagbag.py:539} INFO - Filling up the DagBag from /home/airflow/.local/lib/python3.8/site-packages/airflow/example_dags/example_short_circuit_operator.py
[2023-10-16T17:33:31.402+0000] {processor.py:839} INFO - DAG(s) dict_keys(['example_short_circuit_operator']) retrieved from /home/airflow/.local/lib/python3.8/site-packages/airflow/example_dags/example_short_circuit_operator.py
[2023-10-16T17:33:31.429+0000] {logging_mixin.py:151} INFO - [2023-10-16T17:33:31.429+0000] {dag.py:2915} INFO - Sync 1 DAGs
[2023-10-16T17:33:31.450+0000] {logging_mixin.py:151} INFO - [2023-10-16T17:33:31.450+0000] {dag.py:3696} INFO - Setting next_dagrun for example_short_circuit_operator to 2023-10-15T17:33:31.449710+00:00, run_after=2023-10-16T17:33:31.449710+00:00
[2023-10-16T17:33:31.478+0000] {processor.py:179} INFO - Processing /home/airflow/.local/lib/python3.8/site-packages/airflow/example_dags/example_short_circuit_operator.py took 0.091 seconds
