[2023-10-16T17:29:20.674+0000] {processor.py:157} INFO - Started process (PID=50) to work on /home/airflow/.local/lib/python3.8/site-packages/airflow/example_dags/example_skip_dag.py
[2023-10-16T17:29:20.681+0000] {processor.py:829} INFO - Processing file /home/airflow/.local/lib/python3.8/site-packages/airflow/example_dags/example_skip_dag.py for tasks to queue
[2023-10-16T17:29:20.684+0000] {logging_mixin.py:151} INFO - [2023-10-16T17:29:20.684+0000] {dagbag.py:539} INFO - Filling up the DagBag from /home/airflow/.local/lib/python3.8/site-packages/airflow/example_dags/example_skip_dag.py
[2023-10-16T17:29:20.710+0000] {processor.py:839} INFO - DAG(s) dict_keys(['example_skip_dag']) retrieved from /home/airflow/.local/lib/python3.8/site-packages/airflow/example_dags/example_skip_dag.py
[2023-10-16T17:29:21.158+0000] {logging_mixin.py:151} INFO - [2023-10-16T17:29:21.158+0000] {manager.py:499} INFO - Created Permission View: %s
[2023-10-16T17:29:21.252+0000] {logging_mixin.py:151} INFO - [2023-10-16T17:29:21.252+0000] {manager.py:499} INFO - Created Permission View: %s
[2023-10-16T17:29:21.275+0000] {logging_mixin.py:151} INFO - [2023-10-16T17:29:21.274+0000] {manager.py:499} INFO - Created Permission View: %s
[2023-10-16T17:29:21.275+0000] {logging_mixin.py:151} INFO - [2023-10-16T17:29:21.275+0000] {security.py:708} INFO - Not syncing DAG-level permissions for DAG 'DAG:example_skip_dag' as access control is unset.
[2023-10-16T17:29:21.275+0000] {logging_mixin.py:151} INFO - [2023-10-16T17:29:21.275+0000] {dag.py:2915} INFO - Sync 1 DAGs
[2023-10-16T17:29:21.357+0000] {logging_mixin.py:151} INFO - [2023-10-16T17:29:21.357+0000] {dag.py:2937} INFO - Creating ORM DAG for example_skip_dag
[2023-10-16T17:29:21.413+0000] {logging_mixin.py:151} INFO - [2023-10-16T17:29:21.413+0000] {dag.py:3696} INFO - Setting next_dagrun for example_skip_dag to 2023-10-15T17:29:21.413423+00:00, run_after=2023-10-16T17:29:21.413423+00:00
[2023-10-16T17:29:21.481+0000] {processor.py:179} INFO - Processing /home/airflow/.local/lib/python3.8/site-packages/airflow/example_dags/example_skip_dag.py took 0.817 seconds
[2023-10-16T17:29:51.547+0000] {processor.py:157} INFO - Started process (PID=104) to work on /home/airflow/.local/lib/python3.8/site-packages/airflow/example_dags/example_skip_dag.py
[2023-10-16T17:29:51.548+0000] {processor.py:829} INFO - Processing file /home/airflow/.local/lib/python3.8/site-packages/airflow/example_dags/example_skip_dag.py for tasks to queue
[2023-10-16T17:29:51.550+0000] {logging_mixin.py:151} INFO - [2023-10-16T17:29:51.550+0000] {dagbag.py:539} INFO - Filling up the DagBag from /home/airflow/.local/lib/python3.8/site-packages/airflow/example_dags/example_skip_dag.py
[2023-10-16T17:29:51.558+0000] {processor.py:839} INFO - DAG(s) dict_keys(['example_skip_dag']) retrieved from /home/airflow/.local/lib/python3.8/site-packages/airflow/example_dags/example_skip_dag.py
[2023-10-16T17:29:51.580+0000] {logging_mixin.py:151} INFO - [2023-10-16T17:29:51.580+0000] {dag.py:2915} INFO - Sync 1 DAGs
[2023-10-16T17:29:51.602+0000] {logging_mixin.py:151} INFO - [2023-10-16T17:29:51.602+0000] {dag.py:3696} INFO - Setting next_dagrun for example_skip_dag to 2023-10-15T17:29:51.602381+00:00, run_after=2023-10-16T17:29:51.602381+00:00
[2023-10-16T17:29:51.626+0000] {processor.py:179} INFO - Processing /home/airflow/.local/lib/python3.8/site-packages/airflow/example_dags/example_skip_dag.py took 0.082 seconds
[2023-10-16T17:30:21.962+0000] {processor.py:157} INFO - Started process (PID=159) to work on /home/airflow/.local/lib/python3.8/site-packages/airflow/example_dags/example_skip_dag.py
[2023-10-16T17:30:21.973+0000] {processor.py:829} INFO - Processing file /home/airflow/.local/lib/python3.8/site-packages/airflow/example_dags/example_skip_dag.py for tasks to queue
[2023-10-16T17:30:21.975+0000] {logging_mixin.py:151} INFO - [2023-10-16T17:30:21.975+0000] {dagbag.py:539} INFO - Filling up the DagBag from /home/airflow/.local/lib/python3.8/site-packages/airflow/example_dags/example_skip_dag.py
[2023-10-16T17:30:21.994+0000] {processor.py:839} INFO - DAG(s) dict_keys(['example_skip_dag']) retrieved from /home/airflow/.local/lib/python3.8/site-packages/airflow/example_dags/example_skip_dag.py
[2023-10-16T17:30:22.069+0000] {logging_mixin.py:151} INFO - [2023-10-16T17:30:22.069+0000] {dag.py:2915} INFO - Sync 1 DAGs
[2023-10-16T17:30:22.124+0000] {logging_mixin.py:151} INFO - [2023-10-16T17:30:22.123+0000] {dag.py:3696} INFO - Setting next_dagrun for example_skip_dag to 2023-10-15T17:30:22.123656+00:00, run_after=2023-10-16T17:30:22.123656+00:00
[2023-10-16T17:30:22.178+0000] {processor.py:179} INFO - Processing /home/airflow/.local/lib/python3.8/site-packages/airflow/example_dags/example_skip_dag.py took 0.231 seconds
[2023-10-16T17:30:52.781+0000] {processor.py:157} INFO - Started process (PID=214) to work on /home/airflow/.local/lib/python3.8/site-packages/airflow/example_dags/example_skip_dag.py
[2023-10-16T17:30:52.784+0000] {processor.py:829} INFO - Processing file /home/airflow/.local/lib/python3.8/site-packages/airflow/example_dags/example_skip_dag.py for tasks to queue
[2023-10-16T17:30:52.790+0000] {logging_mixin.py:151} INFO - [2023-10-16T17:30:52.790+0000] {dagbag.py:539} INFO - Filling up the DagBag from /home/airflow/.local/lib/python3.8/site-packages/airflow/example_dags/example_skip_dag.py
[2023-10-16T17:30:52.810+0000] {processor.py:839} INFO - DAG(s) dict_keys(['example_skip_dag']) retrieved from /home/airflow/.local/lib/python3.8/site-packages/airflow/example_dags/example_skip_dag.py
[2023-10-16T17:30:52.856+0000] {logging_mixin.py:151} INFO - [2023-10-16T17:30:52.856+0000] {dag.py:2915} INFO - Sync 1 DAGs
[2023-10-16T17:30:52.914+0000] {logging_mixin.py:151} INFO - [2023-10-16T17:30:52.914+0000] {dag.py:3696} INFO - Setting next_dagrun for example_skip_dag to 2023-10-15T17:30:52.914303+00:00, run_after=2023-10-16T17:30:52.914303+00:00
[2023-10-16T17:30:52.962+0000] {processor.py:179} INFO - Processing /home/airflow/.local/lib/python3.8/site-packages/airflow/example_dags/example_skip_dag.py took 0.195 seconds
[2023-10-16T17:31:23.331+0000] {processor.py:157} INFO - Started process (PID=270) to work on /home/airflow/.local/lib/python3.8/site-packages/airflow/example_dags/example_skip_dag.py
[2023-10-16T17:31:23.333+0000] {processor.py:829} INFO - Processing file /home/airflow/.local/lib/python3.8/site-packages/airflow/example_dags/example_skip_dag.py for tasks to queue
[2023-10-16T17:31:23.349+0000] {logging_mixin.py:151} INFO - [2023-10-16T17:31:23.349+0000] {dagbag.py:539} INFO - Filling up the DagBag from /home/airflow/.local/lib/python3.8/site-packages/airflow/example_dags/example_skip_dag.py
[2023-10-16T17:31:23.376+0000] {processor.py:839} INFO - DAG(s) dict_keys(['example_skip_dag']) retrieved from /home/airflow/.local/lib/python3.8/site-packages/airflow/example_dags/example_skip_dag.py
[2023-10-16T17:31:23.449+0000] {logging_mixin.py:151} INFO - [2023-10-16T17:31:23.449+0000] {dag.py:2915} INFO - Sync 1 DAGs
[2023-10-16T17:31:23.533+0000] {logging_mixin.py:151} INFO - [2023-10-16T17:31:23.533+0000] {dag.py:3696} INFO - Setting next_dagrun for example_skip_dag to 2023-10-15T17:31:23.533178+00:00, run_after=2023-10-16T17:31:23.533178+00:00
[2023-10-16T17:31:23.590+0000] {processor.py:179} INFO - Processing /home/airflow/.local/lib/python3.8/site-packages/airflow/example_dags/example_skip_dag.py took 0.275 seconds
[2023-10-16T17:31:53.677+0000] {processor.py:157} INFO - Started process (PID=325) to work on /home/airflow/.local/lib/python3.8/site-packages/airflow/example_dags/example_skip_dag.py
[2023-10-16T17:31:53.697+0000] {processor.py:829} INFO - Processing file /home/airflow/.local/lib/python3.8/site-packages/airflow/example_dags/example_skip_dag.py for tasks to queue
[2023-10-16T17:31:53.703+0000] {logging_mixin.py:151} INFO - [2023-10-16T17:31:53.703+0000] {dagbag.py:539} INFO - Filling up the DagBag from /home/airflow/.local/lib/python3.8/site-packages/airflow/example_dags/example_skip_dag.py
[2023-10-16T17:31:53.737+0000] {processor.py:839} INFO - DAG(s) dict_keys(['example_skip_dag']) retrieved from /home/airflow/.local/lib/python3.8/site-packages/airflow/example_dags/example_skip_dag.py
[2023-10-16T17:31:53.811+0000] {logging_mixin.py:151} INFO - [2023-10-16T17:31:53.811+0000] {dag.py:2915} INFO - Sync 1 DAGs
[2023-10-16T17:31:53.863+0000] {logging_mixin.py:151} INFO - [2023-10-16T17:31:53.862+0000] {dag.py:3696} INFO - Setting next_dagrun for example_skip_dag to 2023-10-15T17:31:53.862376+00:00, run_after=2023-10-16T17:31:53.862376+00:00
[2023-10-16T17:31:53.890+0000] {processor.py:179} INFO - Processing /home/airflow/.local/lib/python3.8/site-packages/airflow/example_dags/example_skip_dag.py took 0.216 seconds
[2023-10-16T17:32:24.017+0000] {processor.py:157} INFO - Started process (PID=380) to work on /home/airflow/.local/lib/python3.8/site-packages/airflow/example_dags/example_skip_dag.py
[2023-10-16T17:32:24.017+0000] {processor.py:829} INFO - Processing file /home/airflow/.local/lib/python3.8/site-packages/airflow/example_dags/example_skip_dag.py for tasks to queue
[2023-10-16T17:32:24.019+0000] {logging_mixin.py:151} INFO - [2023-10-16T17:32:24.019+0000] {dagbag.py:539} INFO - Filling up the DagBag from /home/airflow/.local/lib/python3.8/site-packages/airflow/example_dags/example_skip_dag.py
[2023-10-16T17:32:24.024+0000] {processor.py:839} INFO - DAG(s) dict_keys(['example_skip_dag']) retrieved from /home/airflow/.local/lib/python3.8/site-packages/airflow/example_dags/example_skip_dag.py
[2023-10-16T17:32:24.041+0000] {logging_mixin.py:151} INFO - [2023-10-16T17:32:24.041+0000] {dag.py:2915} INFO - Sync 1 DAGs
[2023-10-16T17:32:24.059+0000] {logging_mixin.py:151} INFO - [2023-10-16T17:32:24.059+0000] {dag.py:3696} INFO - Setting next_dagrun for example_skip_dag to 2023-10-15T17:32:24.059185+00:00, run_after=2023-10-16T17:32:24.059185+00:00
[2023-10-16T17:32:24.083+0000] {processor.py:179} INFO - Processing /home/airflow/.local/lib/python3.8/site-packages/airflow/example_dags/example_skip_dag.py took 0.069 seconds
[2023-10-16T17:32:54.163+0000] {processor.py:157} INFO - Started process (PID=435) to work on /home/airflow/.local/lib/python3.8/site-packages/airflow/example_dags/example_skip_dag.py
[2023-10-16T17:32:54.164+0000] {processor.py:829} INFO - Processing file /home/airflow/.local/lib/python3.8/site-packages/airflow/example_dags/example_skip_dag.py for tasks to queue
[2023-10-16T17:32:54.166+0000] {logging_mixin.py:151} INFO - [2023-10-16T17:32:54.165+0000] {dagbag.py:539} INFO - Filling up the DagBag from /home/airflow/.local/lib/python3.8/site-packages/airflow/example_dags/example_skip_dag.py
[2023-10-16T17:32:54.173+0000] {processor.py:839} INFO - DAG(s) dict_keys(['example_skip_dag']) retrieved from /home/airflow/.local/lib/python3.8/site-packages/airflow/example_dags/example_skip_dag.py
[2023-10-16T17:32:54.189+0000] {logging_mixin.py:151} INFO - [2023-10-16T17:32:54.189+0000] {dag.py:2915} INFO - Sync 1 DAGs
[2023-10-16T17:32:54.206+0000] {logging_mixin.py:151} INFO - [2023-10-16T17:32:54.206+0000] {dag.py:3696} INFO - Setting next_dagrun for example_skip_dag to 2023-10-15T17:32:54.206283+00:00, run_after=2023-10-16T17:32:54.206283+00:00
[2023-10-16T17:32:54.230+0000] {processor.py:179} INFO - Processing /home/airflow/.local/lib/python3.8/site-packages/airflow/example_dags/example_skip_dag.py took 0.070 seconds
[2023-10-16T17:33:24.392+0000] {processor.py:157} INFO - Started process (PID=489) to work on /home/airflow/.local/lib/python3.8/site-packages/airflow/example_dags/example_skip_dag.py
[2023-10-16T17:33:24.393+0000] {processor.py:829} INFO - Processing file /home/airflow/.local/lib/python3.8/site-packages/airflow/example_dags/example_skip_dag.py for tasks to queue
[2023-10-16T17:33:24.395+0000] {logging_mixin.py:151} INFO - [2023-10-16T17:33:24.394+0000] {dagbag.py:539} INFO - Filling up the DagBag from /home/airflow/.local/lib/python3.8/site-packages/airflow/example_dags/example_skip_dag.py
[2023-10-16T17:33:24.400+0000] {processor.py:839} INFO - DAG(s) dict_keys(['example_skip_dag']) retrieved from /home/airflow/.local/lib/python3.8/site-packages/airflow/example_dags/example_skip_dag.py
[2023-10-16T17:33:24.421+0000] {logging_mixin.py:151} INFO - [2023-10-16T17:33:24.421+0000] {dag.py:2915} INFO - Sync 1 DAGs
[2023-10-16T17:33:24.438+0000] {logging_mixin.py:151} INFO - [2023-10-16T17:33:24.438+0000] {dag.py:3696} INFO - Setting next_dagrun for example_skip_dag to 2023-10-15T17:33:24.438144+00:00, run_after=2023-10-16T17:33:24.438144+00:00
[2023-10-16T17:33:24.460+0000] {processor.py:179} INFO - Processing /home/airflow/.local/lib/python3.8/site-packages/airflow/example_dags/example_skip_dag.py took 0.070 seconds
