[2023-10-16T17:29:24.270+0000] {processor.py:157} INFO - Started process (PID=54) to work on /home/airflow/.local/lib/python3.8/site-packages/airflow/example_dags/example_branch_python_dop_operator_3.py
[2023-10-16T17:29:24.278+0000] {processor.py:829} INFO - Processing file /home/airflow/.local/lib/python3.8/site-packages/airflow/example_dags/example_branch_python_dop_operator_3.py for tasks to queue
[2023-10-16T17:29:24.280+0000] {logging_mixin.py:151} INFO - [2023-10-16T17:29:24.280+0000] {dagbag.py:539} INFO - Filling up the DagBag from /home/airflow/.local/lib/python3.8/site-packages/airflow/example_dags/example_branch_python_dop_operator_3.py
[2023-10-16T17:29:24.306+0000] {processor.py:839} INFO - DAG(s) dict_keys(['example_branch_dop_operator_v3']) retrieved from /home/airflow/.local/lib/python3.8/site-packages/airflow/example_dags/example_branch_python_dop_operator_3.py
[2023-10-16T17:29:24.619+0000] {logging_mixin.py:151} INFO - [2023-10-16T17:29:24.619+0000] {manager.py:499} INFO - Created Permission View: %s
[2023-10-16T17:29:24.663+0000] {logging_mixin.py:151} INFO - [2023-10-16T17:29:24.662+0000] {manager.py:499} INFO - Created Permission View: %s
[2023-10-16T17:29:24.690+0000] {logging_mixin.py:151} INFO - [2023-10-16T17:29:24.690+0000] {manager.py:499} INFO - Created Permission View: %s
[2023-10-16T17:29:24.691+0000] {logging_mixin.py:151} INFO - [2023-10-16T17:29:24.691+0000] {security.py:708} INFO - Not syncing DAG-level permissions for DAG 'DAG:example_branch_dop_operator_v3' as access control is unset.
[2023-10-16T17:29:24.691+0000] {logging_mixin.py:151} INFO - [2023-10-16T17:29:24.691+0000] {dag.py:2915} INFO - Sync 1 DAGs
[2023-10-16T17:29:24.738+0000] {logging_mixin.py:151} INFO - [2023-10-16T17:29:24.738+0000] {dag.py:2937} INFO - Creating ORM DAG for example_branch_dop_operator_v3
[2023-10-16T17:29:24.829+0000] {logging_mixin.py:151} INFO - [2023-10-16T17:29:24.829+0000] {dag.py:3696} INFO - Setting next_dagrun for example_branch_dop_operator_v3 to 2023-10-16T17:28:00+00:00, run_after=2023-10-16T17:29:00+00:00
[2023-10-16T17:29:24.884+0000] {processor.py:179} INFO - Processing /home/airflow/.local/lib/python3.8/site-packages/airflow/example_dags/example_branch_python_dop_operator_3.py took 0.626 seconds
[2023-10-16T17:29:54.998+0000] {processor.py:157} INFO - Started process (PID=109) to work on /home/airflow/.local/lib/python3.8/site-packages/airflow/example_dags/example_branch_python_dop_operator_3.py
[2023-10-16T17:29:54.999+0000] {processor.py:829} INFO - Processing file /home/airflow/.local/lib/python3.8/site-packages/airflow/example_dags/example_branch_python_dop_operator_3.py for tasks to queue
[2023-10-16T17:29:55.001+0000] {logging_mixin.py:151} INFO - [2023-10-16T17:29:55.001+0000] {dagbag.py:539} INFO - Filling up the DagBag from /home/airflow/.local/lib/python3.8/site-packages/airflow/example_dags/example_branch_python_dop_operator_3.py
[2023-10-16T17:29:55.011+0000] {processor.py:839} INFO - DAG(s) dict_keys(['example_branch_dop_operator_v3']) retrieved from /home/airflow/.local/lib/python3.8/site-packages/airflow/example_dags/example_branch_python_dop_operator_3.py
[2023-10-16T17:29:55.034+0000] {logging_mixin.py:151} INFO - [2023-10-16T17:29:55.034+0000] {dag.py:2915} INFO - Sync 1 DAGs
[2023-10-16T17:29:55.068+0000] {logging_mixin.py:151} INFO - [2023-10-16T17:29:55.068+0000] {dag.py:3696} INFO - Setting next_dagrun for example_branch_dop_operator_v3 to 2023-10-16T17:28:00+00:00, run_after=2023-10-16T17:29:00+00:00
[2023-10-16T17:29:55.095+0000] {processor.py:179} INFO - Processing /home/airflow/.local/lib/python3.8/site-packages/airflow/example_dags/example_branch_python_dop_operator_3.py took 0.100 seconds
[2023-10-16T17:30:25.603+0000] {processor.py:157} INFO - Started process (PID=164) to work on /home/airflow/.local/lib/python3.8/site-packages/airflow/example_dags/example_branch_python_dop_operator_3.py
[2023-10-16T17:30:25.604+0000] {processor.py:829} INFO - Processing file /home/airflow/.local/lib/python3.8/site-packages/airflow/example_dags/example_branch_python_dop_operator_3.py for tasks to queue
[2023-10-16T17:30:25.606+0000] {logging_mixin.py:151} INFO - [2023-10-16T17:30:25.605+0000] {dagbag.py:539} INFO - Filling up the DagBag from /home/airflow/.local/lib/python3.8/site-packages/airflow/example_dags/example_branch_python_dop_operator_3.py
[2023-10-16T17:30:25.615+0000] {processor.py:839} INFO - DAG(s) dict_keys(['example_branch_dop_operator_v3']) retrieved from /home/airflow/.local/lib/python3.8/site-packages/airflow/example_dags/example_branch_python_dop_operator_3.py
[2023-10-16T17:30:25.638+0000] {logging_mixin.py:151} INFO - [2023-10-16T17:30:25.638+0000] {dag.py:2915} INFO - Sync 1 DAGs
[2023-10-16T17:30:25.667+0000] {logging_mixin.py:151} INFO - [2023-10-16T17:30:25.667+0000] {dag.py:3696} INFO - Setting next_dagrun for example_branch_dop_operator_v3 to 2023-10-16T17:29:00+00:00, run_after=2023-10-16T17:30:00+00:00
[2023-10-16T17:30:25.693+0000] {processor.py:179} INFO - Processing /home/airflow/.local/lib/python3.8/site-packages/airflow/example_dags/example_branch_python_dop_operator_3.py took 0.094 seconds
[2023-10-16T17:30:56.446+0000] {processor.py:157} INFO - Started process (PID=219) to work on /home/airflow/.local/lib/python3.8/site-packages/airflow/example_dags/example_branch_python_dop_operator_3.py
[2023-10-16T17:30:56.447+0000] {processor.py:829} INFO - Processing file /home/airflow/.local/lib/python3.8/site-packages/airflow/example_dags/example_branch_python_dop_operator_3.py for tasks to queue
[2023-10-16T17:30:56.449+0000] {logging_mixin.py:151} INFO - [2023-10-16T17:30:56.449+0000] {dagbag.py:539} INFO - Filling up the DagBag from /home/airflow/.local/lib/python3.8/site-packages/airflow/example_dags/example_branch_python_dop_operator_3.py
[2023-10-16T17:30:56.461+0000] {processor.py:839} INFO - DAG(s) dict_keys(['example_branch_dop_operator_v3']) retrieved from /home/airflow/.local/lib/python3.8/site-packages/airflow/example_dags/example_branch_python_dop_operator_3.py
[2023-10-16T17:30:56.513+0000] {logging_mixin.py:151} INFO - [2023-10-16T17:30:56.513+0000] {dag.py:2915} INFO - Sync 1 DAGs
[2023-10-16T17:30:56.581+0000] {logging_mixin.py:151} INFO - [2023-10-16T17:30:56.581+0000] {dag.py:3696} INFO - Setting next_dagrun for example_branch_dop_operator_v3 to 2023-10-16T17:29:00+00:00, run_after=2023-10-16T17:30:00+00:00
[2023-10-16T17:30:56.615+0000] {processor.py:179} INFO - Processing /home/airflow/.local/lib/python3.8/site-packages/airflow/example_dags/example_branch_python_dop_operator_3.py took 0.173 seconds
[2023-10-16T17:31:27.093+0000] {processor.py:157} INFO - Started process (PID=275) to work on /home/airflow/.local/lib/python3.8/site-packages/airflow/example_dags/example_branch_python_dop_operator_3.py
[2023-10-16T17:31:27.094+0000] {processor.py:829} INFO - Processing file /home/airflow/.local/lib/python3.8/site-packages/airflow/example_dags/example_branch_python_dop_operator_3.py for tasks to queue
[2023-10-16T17:31:27.097+0000] {logging_mixin.py:151} INFO - [2023-10-16T17:31:27.096+0000] {dagbag.py:539} INFO - Filling up the DagBag from /home/airflow/.local/lib/python3.8/site-packages/airflow/example_dags/example_branch_python_dop_operator_3.py
[2023-10-16T17:31:27.107+0000] {processor.py:839} INFO - DAG(s) dict_keys(['example_branch_dop_operator_v3']) retrieved from /home/airflow/.local/lib/python3.8/site-packages/airflow/example_dags/example_branch_python_dop_operator_3.py
[2023-10-16T17:31:27.131+0000] {logging_mixin.py:151} INFO - [2023-10-16T17:31:27.131+0000] {dag.py:2915} INFO - Sync 1 DAGs
[2023-10-16T17:31:27.164+0000] {logging_mixin.py:151} INFO - [2023-10-16T17:31:27.164+0000] {dag.py:3696} INFO - Setting next_dagrun for example_branch_dop_operator_v3 to 2023-10-16T17:30:00+00:00, run_after=2023-10-16T17:31:00+00:00
[2023-10-16T17:31:27.196+0000] {processor.py:179} INFO - Processing /home/airflow/.local/lib/python3.8/site-packages/airflow/example_dags/example_branch_python_dop_operator_3.py took 0.106 seconds
[2023-10-16T17:31:57.625+0000] {processor.py:157} INFO - Started process (PID=330) to work on /home/airflow/.local/lib/python3.8/site-packages/airflow/example_dags/example_branch_python_dop_operator_3.py
[2023-10-16T17:31:57.626+0000] {processor.py:829} INFO - Processing file /home/airflow/.local/lib/python3.8/site-packages/airflow/example_dags/example_branch_python_dop_operator_3.py for tasks to queue
[2023-10-16T17:31:57.628+0000] {logging_mixin.py:151} INFO - [2023-10-16T17:31:57.628+0000] {dagbag.py:539} INFO - Filling up the DagBag from /home/airflow/.local/lib/python3.8/site-packages/airflow/example_dags/example_branch_python_dop_operator_3.py
[2023-10-16T17:31:57.638+0000] {processor.py:839} INFO - DAG(s) dict_keys(['example_branch_dop_operator_v3']) retrieved from /home/airflow/.local/lib/python3.8/site-packages/airflow/example_dags/example_branch_python_dop_operator_3.py
[2023-10-16T17:31:57.677+0000] {logging_mixin.py:151} INFO - [2023-10-16T17:31:57.677+0000] {dag.py:2915} INFO - Sync 1 DAGs
[2023-10-16T17:31:57.741+0000] {logging_mixin.py:151} INFO - [2023-10-16T17:31:57.741+0000] {dag.py:3696} INFO - Setting next_dagrun for example_branch_dop_operator_v3 to 2023-10-16T17:30:00+00:00, run_after=2023-10-16T17:31:00+00:00
[2023-10-16T17:31:57.787+0000] {processor.py:179} INFO - Processing /home/airflow/.local/lib/python3.8/site-packages/airflow/example_dags/example_branch_python_dop_operator_3.py took 0.165 seconds
[2023-10-16T17:32:28.355+0000] {processor.py:157} INFO - Started process (PID=384) to work on /home/airflow/.local/lib/python3.8/site-packages/airflow/example_dags/example_branch_python_dop_operator_3.py
[2023-10-16T17:32:28.369+0000] {processor.py:829} INFO - Processing file /home/airflow/.local/lib/python3.8/site-packages/airflow/example_dags/example_branch_python_dop_operator_3.py for tasks to queue
[2023-10-16T17:32:28.371+0000] {logging_mixin.py:151} INFO - [2023-10-16T17:32:28.371+0000] {dagbag.py:539} INFO - Filling up the DagBag from /home/airflow/.local/lib/python3.8/site-packages/airflow/example_dags/example_branch_python_dop_operator_3.py
[2023-10-16T17:32:28.389+0000] {processor.py:839} INFO - DAG(s) dict_keys(['example_branch_dop_operator_v3']) retrieved from /home/airflow/.local/lib/python3.8/site-packages/airflow/example_dags/example_branch_python_dop_operator_3.py
[2023-10-16T17:32:28.418+0000] {logging_mixin.py:151} INFO - [2023-10-16T17:32:28.418+0000] {dag.py:2915} INFO - Sync 1 DAGs
[2023-10-16T17:32:28.452+0000] {logging_mixin.py:151} INFO - [2023-10-16T17:32:28.452+0000] {dag.py:3696} INFO - Setting next_dagrun for example_branch_dop_operator_v3 to 2023-10-16T17:31:00+00:00, run_after=2023-10-16T17:32:00+00:00
[2023-10-16T17:32:28.500+0000] {processor.py:179} INFO - Processing /home/airflow/.local/lib/python3.8/site-packages/airflow/example_dags/example_branch_python_dop_operator_3.py took 0.148 seconds
[2023-10-16T17:32:59.900+0000] {processor.py:157} INFO - Started process (PID=440) to work on /home/airflow/.local/lib/python3.8/site-packages/airflow/example_dags/example_branch_python_dop_operator_3.py
[2023-10-16T17:32:59.901+0000] {processor.py:829} INFO - Processing file /home/airflow/.local/lib/python3.8/site-packages/airflow/example_dags/example_branch_python_dop_operator_3.py for tasks to queue
[2023-10-16T17:32:59.903+0000] {logging_mixin.py:151} INFO - [2023-10-16T17:32:59.903+0000] {dagbag.py:539} INFO - Filling up the DagBag from /home/airflow/.local/lib/python3.8/site-packages/airflow/example_dags/example_branch_python_dop_operator_3.py
[2023-10-16T17:32:59.913+0000] {processor.py:839} INFO - DAG(s) dict_keys(['example_branch_dop_operator_v3']) retrieved from /home/airflow/.local/lib/python3.8/site-packages/airflow/example_dags/example_branch_python_dop_operator_3.py
[2023-10-16T17:32:59.936+0000] {logging_mixin.py:151} INFO - [2023-10-16T17:32:59.935+0000] {dag.py:2915} INFO - Sync 1 DAGs
[2023-10-16T17:32:59.966+0000] {logging_mixin.py:151} INFO - [2023-10-16T17:32:59.966+0000] {dag.py:3696} INFO - Setting next_dagrun for example_branch_dop_operator_v3 to 2023-10-16T17:31:00+00:00, run_after=2023-10-16T17:32:00+00:00
[2023-10-16T17:32:59.998+0000] {processor.py:179} INFO - Processing /home/airflow/.local/lib/python3.8/site-packages/airflow/example_dags/example_branch_python_dop_operator_3.py took 0.102 seconds
[2023-10-16T17:33:31.067+0000] {processor.py:157} INFO - Started process (PID=494) to work on /home/airflow/.local/lib/python3.8/site-packages/airflow/example_dags/example_branch_python_dop_operator_3.py
[2023-10-16T17:33:31.080+0000] {processor.py:829} INFO - Processing file /home/airflow/.local/lib/python3.8/site-packages/airflow/example_dags/example_branch_python_dop_operator_3.py for tasks to queue
[2023-10-16T17:33:31.091+0000] {logging_mixin.py:151} INFO - [2023-10-16T17:33:31.090+0000] {dagbag.py:539} INFO - Filling up the DagBag from /home/airflow/.local/lib/python3.8/site-packages/airflow/example_dags/example_branch_python_dop_operator_3.py
[2023-10-16T17:33:31.128+0000] {processor.py:839} INFO - DAG(s) dict_keys(['example_branch_dop_operator_v3']) retrieved from /home/airflow/.local/lib/python3.8/site-packages/airflow/example_dags/example_branch_python_dop_operator_3.py
[2023-10-16T17:33:31.223+0000] {logging_mixin.py:151} INFO - [2023-10-16T17:33:31.223+0000] {dag.py:2915} INFO - Sync 1 DAGs
[2023-10-16T17:33:31.292+0000] {logging_mixin.py:151} INFO - [2023-10-16T17:33:31.292+0000] {dag.py:3696} INFO - Setting next_dagrun for example_branch_dop_operator_v3 to 2023-10-16T17:32:00+00:00, run_after=2023-10-16T17:33:00+00:00
[2023-10-16T17:33:31.327+0000] {processor.py:179} INFO - Processing /home/airflow/.local/lib/python3.8/site-packages/airflow/example_dags/example_branch_python_dop_operator_3.py took 0.264 seconds
