[2023-10-16T17:29:16.181+0000] {processor.py:157} INFO - Started process (PID=43) to work on /home/airflow/.local/lib/python3.8/site-packages/airflow/example_dags/example_short_circuit_decorator.py
[2023-10-16T17:29:16.184+0000] {processor.py:829} INFO - Processing file /home/airflow/.local/lib/python3.8/site-packages/airflow/example_dags/example_short_circuit_decorator.py for tasks to queue
[2023-10-16T17:29:16.192+0000] {logging_mixin.py:151} INFO - [2023-10-16T17:29:16.191+0000] {dagbag.py:539} INFO - Filling up the DagBag from /home/airflow/.local/lib/python3.8/site-packages/airflow/example_dags/example_short_circuit_decorator.py
[2023-10-16T17:29:16.342+0000] {processor.py:839} INFO - DAG(s) dict_keys(['example_short_circuit_decorator']) retrieved from /home/airflow/.local/lib/python3.8/site-packages/airflow/example_dags/example_short_circuit_decorator.py
[2023-10-16T17:29:16.929+0000] {logging_mixin.py:151} INFO - [2023-10-16T17:29:16.928+0000] {manager.py:499} INFO - Created Permission View: %s
[2023-10-16T17:29:16.966+0000] {logging_mixin.py:151} INFO - [2023-10-16T17:29:16.966+0000] {manager.py:499} INFO - Created Permission View: %s
[2023-10-16T17:29:17.011+0000] {logging_mixin.py:151} INFO - [2023-10-16T17:29:17.011+0000] {manager.py:499} INFO - Created Permission View: %s
[2023-10-16T17:29:17.011+0000] {logging_mixin.py:151} INFO - [2023-10-16T17:29:17.011+0000] {security.py:708} INFO - Not syncing DAG-level permissions for DAG 'DAG:example_short_circuit_decorator' as access control is unset.
[2023-10-16T17:29:17.012+0000] {logging_mixin.py:151} INFO - [2023-10-16T17:29:17.012+0000] {dag.py:2915} INFO - Sync 1 DAGs
[2023-10-16T17:29:17.044+0000] {logging_mixin.py:151} INFO - [2023-10-16T17:29:17.044+0000] {dag.py:2937} INFO - Creating ORM DAG for example_short_circuit_decorator
[2023-10-16T17:29:17.069+0000] {logging_mixin.py:151} INFO - [2023-10-16T17:29:17.069+0000] {dag.py:3696} INFO - Setting next_dagrun for example_short_circuit_decorator to 2023-10-15T17:29:17.069341+00:00, run_after=2023-10-16T17:29:17.069341+00:00
[2023-10-16T17:29:17.141+0000] {processor.py:179} INFO - Processing /home/airflow/.local/lib/python3.8/site-packages/airflow/example_dags/example_short_circuit_decorator.py took 0.987 seconds
[2023-10-16T17:29:48.033+0000] {processor.py:157} INFO - Started process (PID=98) to work on /home/airflow/.local/lib/python3.8/site-packages/airflow/example_dags/example_short_circuit_decorator.py
[2023-10-16T17:29:48.034+0000] {processor.py:829} INFO - Processing file /home/airflow/.local/lib/python3.8/site-packages/airflow/example_dags/example_short_circuit_decorator.py for tasks to queue
[2023-10-16T17:29:48.036+0000] {logging_mixin.py:151} INFO - [2023-10-16T17:29:48.036+0000] {dagbag.py:539} INFO - Filling up the DagBag from /home/airflow/.local/lib/python3.8/site-packages/airflow/example_dags/example_short_circuit_decorator.py
[2023-10-16T17:29:48.046+0000] {processor.py:839} INFO - DAG(s) dict_keys(['example_short_circuit_decorator']) retrieved from /home/airflow/.local/lib/python3.8/site-packages/airflow/example_dags/example_short_circuit_decorator.py
[2023-10-16T17:29:48.078+0000] {logging_mixin.py:151} INFO - [2023-10-16T17:29:48.077+0000] {dag.py:2915} INFO - Sync 1 DAGs
[2023-10-16T17:29:48.103+0000] {logging_mixin.py:151} INFO - [2023-10-16T17:29:48.102+0000] {dag.py:3696} INFO - Setting next_dagrun for example_short_circuit_decorator to 2023-10-15T17:29:48.102624+00:00, run_after=2023-10-16T17:29:48.102624+00:00
[2023-10-16T17:29:48.132+0000] {processor.py:179} INFO - Processing /home/airflow/.local/lib/python3.8/site-packages/airflow/example_dags/example_short_circuit_decorator.py took 0.102 seconds
[2023-10-16T17:30:18.242+0000] {processor.py:157} INFO - Started process (PID=153) to work on /home/airflow/.local/lib/python3.8/site-packages/airflow/example_dags/example_short_circuit_decorator.py
[2023-10-16T17:30:18.243+0000] {processor.py:829} INFO - Processing file /home/airflow/.local/lib/python3.8/site-packages/airflow/example_dags/example_short_circuit_decorator.py for tasks to queue
[2023-10-16T17:30:18.245+0000] {logging_mixin.py:151} INFO - [2023-10-16T17:30:18.245+0000] {dagbag.py:539} INFO - Filling up the DagBag from /home/airflow/.local/lib/python3.8/site-packages/airflow/example_dags/example_short_circuit_decorator.py
[2023-10-16T17:30:18.258+0000] {processor.py:839} INFO - DAG(s) dict_keys(['example_short_circuit_decorator']) retrieved from /home/airflow/.local/lib/python3.8/site-packages/airflow/example_dags/example_short_circuit_decorator.py
[2023-10-16T17:30:18.456+0000] {logging_mixin.py:151} INFO - [2023-10-16T17:30:18.455+0000] {dag.py:2915} INFO - Sync 1 DAGs
[2023-10-16T17:30:18.558+0000] {logging_mixin.py:151} INFO - [2023-10-16T17:30:18.558+0000] {dag.py:3696} INFO - Setting next_dagrun for example_short_circuit_decorator to 2023-10-15T17:30:18.558034+00:00, run_after=2023-10-16T17:30:18.558034+00:00
[2023-10-16T17:30:18.644+0000] {processor.py:179} INFO - Processing /home/airflow/.local/lib/python3.8/site-packages/airflow/example_dags/example_short_circuit_decorator.py took 0.413 seconds
[2023-10-16T17:30:49.444+0000] {processor.py:157} INFO - Started process (PID=208) to work on /home/airflow/.local/lib/python3.8/site-packages/airflow/example_dags/example_short_circuit_decorator.py
[2023-10-16T17:30:49.445+0000] {processor.py:829} INFO - Processing file /home/airflow/.local/lib/python3.8/site-packages/airflow/example_dags/example_short_circuit_decorator.py for tasks to queue
[2023-10-16T17:30:49.447+0000] {logging_mixin.py:151} INFO - [2023-10-16T17:30:49.447+0000] {dagbag.py:539} INFO - Filling up the DagBag from /home/airflow/.local/lib/python3.8/site-packages/airflow/example_dags/example_short_circuit_decorator.py
[2023-10-16T17:30:49.458+0000] {processor.py:839} INFO - DAG(s) dict_keys(['example_short_circuit_decorator']) retrieved from /home/airflow/.local/lib/python3.8/site-packages/airflow/example_dags/example_short_circuit_decorator.py
[2023-10-16T17:30:49.495+0000] {logging_mixin.py:151} INFO - [2023-10-16T17:30:49.495+0000] {dag.py:2915} INFO - Sync 1 DAGs
[2023-10-16T17:30:49.521+0000] {logging_mixin.py:151} INFO - [2023-10-16T17:30:49.521+0000] {dag.py:3696} INFO - Setting next_dagrun for example_short_circuit_decorator to 2023-10-15T17:30:49.521045+00:00, run_after=2023-10-16T17:30:49.521045+00:00
[2023-10-16T17:30:49.548+0000] {processor.py:179} INFO - Processing /home/airflow/.local/lib/python3.8/site-packages/airflow/example_dags/example_short_circuit_decorator.py took 0.114 seconds
[2023-10-16T17:31:19.899+0000] {processor.py:157} INFO - Started process (PID=264) to work on /home/airflow/.local/lib/python3.8/site-packages/airflow/example_dags/example_short_circuit_decorator.py
[2023-10-16T17:31:19.900+0000] {processor.py:829} INFO - Processing file /home/airflow/.local/lib/python3.8/site-packages/airflow/example_dags/example_short_circuit_decorator.py for tasks to queue
[2023-10-16T17:31:19.901+0000] {logging_mixin.py:151} INFO - [2023-10-16T17:31:19.901+0000] {dagbag.py:539} INFO - Filling up the DagBag from /home/airflow/.local/lib/python3.8/site-packages/airflow/example_dags/example_short_circuit_decorator.py
[2023-10-16T17:31:19.912+0000] {processor.py:839} INFO - DAG(s) dict_keys(['example_short_circuit_decorator']) retrieved from /home/airflow/.local/lib/python3.8/site-packages/airflow/example_dags/example_short_circuit_decorator.py
[2023-10-16T17:31:19.948+0000] {logging_mixin.py:151} INFO - [2023-10-16T17:31:19.948+0000] {dag.py:2915} INFO - Sync 1 DAGs
[2023-10-16T17:31:20.059+0000] {logging_mixin.py:151} INFO - [2023-10-16T17:31:20.059+0000] {dag.py:3696} INFO - Setting next_dagrun for example_short_circuit_decorator to 2023-10-15T17:31:20.049155+00:00, run_after=2023-10-16T17:31:20.049155+00:00
[2023-10-16T17:31:20.102+0000] {processor.py:179} INFO - Processing /home/airflow/.local/lib/python3.8/site-packages/airflow/example_dags/example_short_circuit_decorator.py took 0.206 seconds
[2023-10-16T17:31:50.293+0000] {processor.py:157} INFO - Started process (PID=319) to work on /home/airflow/.local/lib/python3.8/site-packages/airflow/example_dags/example_short_circuit_decorator.py
[2023-10-16T17:31:50.293+0000] {processor.py:829} INFO - Processing file /home/airflow/.local/lib/python3.8/site-packages/airflow/example_dags/example_short_circuit_decorator.py for tasks to queue
[2023-10-16T17:31:50.295+0000] {logging_mixin.py:151} INFO - [2023-10-16T17:31:50.295+0000] {dagbag.py:539} INFO - Filling up the DagBag from /home/airflow/.local/lib/python3.8/site-packages/airflow/example_dags/example_short_circuit_decorator.py
[2023-10-16T17:31:50.306+0000] {processor.py:839} INFO - DAG(s) dict_keys(['example_short_circuit_decorator']) retrieved from /home/airflow/.local/lib/python3.8/site-packages/airflow/example_dags/example_short_circuit_decorator.py
[2023-10-16T17:31:50.335+0000] {logging_mixin.py:151} INFO - [2023-10-16T17:31:50.335+0000] {dag.py:2915} INFO - Sync 1 DAGs
[2023-10-16T17:31:50.362+0000] {logging_mixin.py:151} INFO - [2023-10-16T17:31:50.361+0000] {dag.py:3696} INFO - Setting next_dagrun for example_short_circuit_decorator to 2023-10-15T17:31:50.361404+00:00, run_after=2023-10-16T17:31:50.361404+00:00
[2023-10-16T17:31:50.388+0000] {processor.py:179} INFO - Processing /home/airflow/.local/lib/python3.8/site-packages/airflow/example_dags/example_short_circuit_decorator.py took 0.099 seconds
[2023-10-16T17:32:20.520+0000] {processor.py:157} INFO - Started process (PID=374) to work on /home/airflow/.local/lib/python3.8/site-packages/airflow/example_dags/example_short_circuit_decorator.py
[2023-10-16T17:32:20.521+0000] {processor.py:829} INFO - Processing file /home/airflow/.local/lib/python3.8/site-packages/airflow/example_dags/example_short_circuit_decorator.py for tasks to queue
[2023-10-16T17:32:20.523+0000] {logging_mixin.py:151} INFO - [2023-10-16T17:32:20.523+0000] {dagbag.py:539} INFO - Filling up the DagBag from /home/airflow/.local/lib/python3.8/site-packages/airflow/example_dags/example_short_circuit_decorator.py
[2023-10-16T17:32:20.535+0000] {processor.py:839} INFO - DAG(s) dict_keys(['example_short_circuit_decorator']) retrieved from /home/airflow/.local/lib/python3.8/site-packages/airflow/example_dags/example_short_circuit_decorator.py
[2023-10-16T17:32:20.565+0000] {logging_mixin.py:151} INFO - [2023-10-16T17:32:20.564+0000] {dag.py:2915} INFO - Sync 1 DAGs
[2023-10-16T17:32:20.589+0000] {logging_mixin.py:151} INFO - [2023-10-16T17:32:20.589+0000] {dag.py:3696} INFO - Setting next_dagrun for example_short_circuit_decorator to 2023-10-15T17:32:20.589084+00:00, run_after=2023-10-16T17:32:20.589084+00:00
[2023-10-16T17:32:20.626+0000] {processor.py:179} INFO - Processing /home/airflow/.local/lib/python3.8/site-packages/airflow/example_dags/example_short_circuit_decorator.py took 0.109 seconds
[2023-10-16T17:32:50.763+0000] {processor.py:157} INFO - Started process (PID=429) to work on /home/airflow/.local/lib/python3.8/site-packages/airflow/example_dags/example_short_circuit_decorator.py
[2023-10-16T17:32:50.763+0000] {processor.py:829} INFO - Processing file /home/airflow/.local/lib/python3.8/site-packages/airflow/example_dags/example_short_circuit_decorator.py for tasks to queue
[2023-10-16T17:32:50.766+0000] {logging_mixin.py:151} INFO - [2023-10-16T17:32:50.766+0000] {dagbag.py:539} INFO - Filling up the DagBag from /home/airflow/.local/lib/python3.8/site-packages/airflow/example_dags/example_short_circuit_decorator.py
[2023-10-16T17:32:50.777+0000] {processor.py:839} INFO - DAG(s) dict_keys(['example_short_circuit_decorator']) retrieved from /home/airflow/.local/lib/python3.8/site-packages/airflow/example_dags/example_short_circuit_decorator.py
[2023-10-16T17:32:50.810+0000] {logging_mixin.py:151} INFO - [2023-10-16T17:32:50.809+0000] {dag.py:2915} INFO - Sync 1 DAGs
[2023-10-16T17:32:50.835+0000] {logging_mixin.py:151} INFO - [2023-10-16T17:32:50.835+0000] {dag.py:3696} INFO - Setting next_dagrun for example_short_circuit_decorator to 2023-10-15T17:32:50.835367+00:00, run_after=2023-10-16T17:32:50.835367+00:00
[2023-10-16T17:32:50.865+0000] {processor.py:179} INFO - Processing /home/airflow/.local/lib/python3.8/site-packages/airflow/example_dags/example_short_circuit_decorator.py took 0.105 seconds
[2023-10-16T17:33:21.774+0000] {processor.py:157} INFO - Started process (PID=483) to work on /home/airflow/.local/lib/python3.8/site-packages/airflow/example_dags/example_short_circuit_decorator.py
[2023-10-16T17:33:21.774+0000] {processor.py:829} INFO - Processing file /home/airflow/.local/lib/python3.8/site-packages/airflow/example_dags/example_short_circuit_decorator.py for tasks to queue
[2023-10-16T17:33:21.777+0000] {logging_mixin.py:151} INFO - [2023-10-16T17:33:21.776+0000] {dagbag.py:539} INFO - Filling up the DagBag from /home/airflow/.local/lib/python3.8/site-packages/airflow/example_dags/example_short_circuit_decorator.py
[2023-10-16T17:33:21.787+0000] {processor.py:839} INFO - DAG(s) dict_keys(['example_short_circuit_decorator']) retrieved from /home/airflow/.local/lib/python3.8/site-packages/airflow/example_dags/example_short_circuit_decorator.py
[2023-10-16T17:33:21.821+0000] {logging_mixin.py:151} INFO - [2023-10-16T17:33:21.820+0000] {dag.py:2915} INFO - Sync 1 DAGs
[2023-10-16T17:33:21.847+0000] {logging_mixin.py:151} INFO - [2023-10-16T17:33:21.847+0000] {dag.py:3696} INFO - Setting next_dagrun for example_short_circuit_decorator to 2023-10-15T17:33:21.847423+00:00, run_after=2023-10-16T17:33:21.847423+00:00
[2023-10-16T17:33:21.882+0000] {processor.py:179} INFO - Processing /home/airflow/.local/lib/python3.8/site-packages/airflow/example_dags/example_short_circuit_decorator.py took 0.111 seconds
[2023-10-16T17:33:52.543+0000] {processor.py:157} INFO - Started process (PID=538) to work on /home/airflow/.local/lib/python3.8/site-packages/airflow/example_dags/example_short_circuit_decorator.py
[2023-10-16T17:33:52.551+0000] {processor.py:829} INFO - Processing file /home/airflow/.local/lib/python3.8/site-packages/airflow/example_dags/example_short_circuit_decorator.py for tasks to queue
[2023-10-16T17:33:52.553+0000] {logging_mixin.py:151} INFO - [2023-10-16T17:33:52.553+0000] {dagbag.py:539} INFO - Filling up the DagBag from /home/airflow/.local/lib/python3.8/site-packages/airflow/example_dags/example_short_circuit_decorator.py
[2023-10-16T17:33:52.566+0000] {processor.py:839} INFO - DAG(s) dict_keys(['example_short_circuit_decorator']) retrieved from /home/airflow/.local/lib/python3.8/site-packages/airflow/example_dags/example_short_circuit_decorator.py
[2023-10-16T17:33:52.616+0000] {logging_mixin.py:151} INFO - [2023-10-16T17:33:52.616+0000] {dag.py:2915} INFO - Sync 1 DAGs
[2023-10-16T17:33:52.646+0000] {logging_mixin.py:151} INFO - [2023-10-16T17:33:52.646+0000] {dag.py:3696} INFO - Setting next_dagrun for example_short_circuit_decorator to 2023-10-15T17:33:52.646031+00:00, run_after=2023-10-16T17:33:52.646031+00:00
[2023-10-16T17:33:52.686+0000] {processor.py:179} INFO - Processing /home/airflow/.local/lib/python3.8/site-packages/airflow/example_dags/example_short_circuit_decorator.py took 0.146 seconds
