[2023-10-16T17:29:12.754+0000] {processor.py:157} INFO - Started process (PID=37) to work on /home/airflow/.local/lib/python3.8/site-packages/airflow/example_dags/example_dag_decorator.py
[2023-10-16T17:29:12.755+0000] {processor.py:829} INFO - Processing file /home/airflow/.local/lib/python3.8/site-packages/airflow/example_dags/example_dag_decorator.py for tasks to queue
[2023-10-16T17:29:12.766+0000] {logging_mixin.py:151} INFO - [2023-10-16T17:29:12.765+0000] {dagbag.py:539} INFO - Filling up the DagBag from /home/airflow/.local/lib/python3.8/site-packages/airflow/example_dags/example_dag_decorator.py
[2023-10-16T17:29:13.235+0000] {processor.py:839} INFO - DAG(s) dict_keys(['example_dag_decorator']) retrieved from /home/airflow/.local/lib/python3.8/site-packages/airflow/example_dags/example_dag_decorator.py
[2023-10-16T17:29:13.646+0000] {logging_mixin.py:151} INFO - [2023-10-16T17:29:13.646+0000] {manager.py:499} INFO - Created Permission View: %s
[2023-10-16T17:29:13.701+0000] {logging_mixin.py:151} INFO - [2023-10-16T17:29:13.701+0000] {manager.py:499} INFO - Created Permission View: %s
[2023-10-16T17:29:13.741+0000] {logging_mixin.py:151} INFO - [2023-10-16T17:29:13.741+0000] {manager.py:499} INFO - Created Permission View: %s
[2023-10-16T17:29:13.741+0000] {logging_mixin.py:151} INFO - [2023-10-16T17:29:13.741+0000] {security.py:708} INFO - Not syncing DAG-level permissions for DAG 'DAG:example_dag_decorator' as access control is unset.
[2023-10-16T17:29:13.742+0000] {logging_mixin.py:151} INFO - [2023-10-16T17:29:13.742+0000] {dag.py:2915} INFO - Sync 1 DAGs
[2023-10-16T17:29:13.801+0000] {logging_mixin.py:151} INFO - [2023-10-16T17:29:13.801+0000] {dag.py:2937} INFO - Creating ORM DAG for example_dag_decorator
[2023-10-16T17:29:13.802+0000] {logging_mixin.py:151} INFO - [2023-10-16T17:29:13.801+0000] {dag.py:3696} INFO - Setting next_dagrun for example_dag_decorator to None, run_after=None
[2023-10-16T17:29:13.913+0000] {processor.py:179} INFO - Processing /home/airflow/.local/lib/python3.8/site-packages/airflow/example_dags/example_dag_decorator.py took 1.192 seconds
[2023-10-16T17:29:44.420+0000] {processor.py:157} INFO - Started process (PID=92) to work on /home/airflow/.local/lib/python3.8/site-packages/airflow/example_dags/example_dag_decorator.py
[2023-10-16T17:29:44.421+0000] {processor.py:829} INFO - Processing file /home/airflow/.local/lib/python3.8/site-packages/airflow/example_dags/example_dag_decorator.py for tasks to queue
[2023-10-16T17:29:44.422+0000] {logging_mixin.py:151} INFO - [2023-10-16T17:29:44.422+0000] {dagbag.py:539} INFO - Filling up the DagBag from /home/airflow/.local/lib/python3.8/site-packages/airflow/example_dags/example_dag_decorator.py
[2023-10-16T17:29:44.488+0000] {processor.py:839} INFO - DAG(s) dict_keys(['example_dag_decorator']) retrieved from /home/airflow/.local/lib/python3.8/site-packages/airflow/example_dags/example_dag_decorator.py
[2023-10-16T17:29:44.572+0000] {logging_mixin.py:151} INFO - [2023-10-16T17:29:44.572+0000] {security.py:708} INFO - Not syncing DAG-level permissions for DAG 'DAG:example_dag_decorator' as access control is unset.
[2023-10-16T17:29:44.573+0000] {logging_mixin.py:151} INFO - [2023-10-16T17:29:44.573+0000] {dag.py:2915} INFO - Sync 1 DAGs
[2023-10-16T17:29:44.582+0000] {logging_mixin.py:151} INFO - [2023-10-16T17:29:44.582+0000] {dag.py:3696} INFO - Setting next_dagrun for example_dag_decorator to None, run_after=None
[2023-10-16T17:29:44.603+0000] {processor.py:179} INFO - Processing /home/airflow/.local/lib/python3.8/site-packages/airflow/example_dags/example_dag_decorator.py took 0.186 seconds
[2023-10-16T17:30:15.596+0000] {processor.py:157} INFO - Started process (PID=147) to work on /home/airflow/.local/lib/python3.8/site-packages/airflow/example_dags/example_dag_decorator.py
[2023-10-16T17:30:15.605+0000] {processor.py:829} INFO - Processing file /home/airflow/.local/lib/python3.8/site-packages/airflow/example_dags/example_dag_decorator.py for tasks to queue
[2023-10-16T17:30:15.610+0000] {logging_mixin.py:151} INFO - [2023-10-16T17:30:15.609+0000] {dagbag.py:539} INFO - Filling up the DagBag from /home/airflow/.local/lib/python3.8/site-packages/airflow/example_dags/example_dag_decorator.py
[2023-10-16T17:30:15.771+0000] {processor.py:839} INFO - DAG(s) dict_keys(['example_dag_decorator']) retrieved from /home/airflow/.local/lib/python3.8/site-packages/airflow/example_dags/example_dag_decorator.py
[2023-10-16T17:30:15.858+0000] {logging_mixin.py:151} INFO - [2023-10-16T17:30:15.857+0000] {security.py:708} INFO - Not syncing DAG-level permissions for DAG 'DAG:example_dag_decorator' as access control is unset.
[2023-10-16T17:30:15.858+0000] {logging_mixin.py:151} INFO - [2023-10-16T17:30:15.858+0000] {dag.py:2915} INFO - Sync 1 DAGs
[2023-10-16T17:30:15.866+0000] {logging_mixin.py:151} INFO - [2023-10-16T17:30:15.866+0000] {dag.py:3696} INFO - Setting next_dagrun for example_dag_decorator to None, run_after=None
[2023-10-16T17:30:15.889+0000] {processor.py:179} INFO - Processing /home/airflow/.local/lib/python3.8/site-packages/airflow/example_dags/example_dag_decorator.py took 0.297 seconds
[2023-10-16T17:30:45.980+0000] {processor.py:157} INFO - Started process (PID=202) to work on /home/airflow/.local/lib/python3.8/site-packages/airflow/example_dags/example_dag_decorator.py
[2023-10-16T17:30:45.981+0000] {processor.py:829} INFO - Processing file /home/airflow/.local/lib/python3.8/site-packages/airflow/example_dags/example_dag_decorator.py for tasks to queue
[2023-10-16T17:30:45.983+0000] {logging_mixin.py:151} INFO - [2023-10-16T17:30:45.983+0000] {dagbag.py:539} INFO - Filling up the DagBag from /home/airflow/.local/lib/python3.8/site-packages/airflow/example_dags/example_dag_decorator.py
[2023-10-16T17:30:46.118+0000] {processor.py:839} INFO - DAG(s) dict_keys(['example_dag_decorator']) retrieved from /home/airflow/.local/lib/python3.8/site-packages/airflow/example_dags/example_dag_decorator.py
[2023-10-16T17:30:46.247+0000] {logging_mixin.py:151} INFO - [2023-10-16T17:30:46.247+0000] {security.py:708} INFO - Not syncing DAG-level permissions for DAG 'DAG:example_dag_decorator' as access control is unset.
[2023-10-16T17:30:46.248+0000] {logging_mixin.py:151} INFO - [2023-10-16T17:30:46.248+0000] {dag.py:2915} INFO - Sync 1 DAGs
[2023-10-16T17:30:46.259+0000] {logging_mixin.py:151} INFO - [2023-10-16T17:30:46.259+0000] {dag.py:3696} INFO - Setting next_dagrun for example_dag_decorator to None, run_after=None
[2023-10-16T17:30:46.288+0000] {processor.py:179} INFO - Processing /home/airflow/.local/lib/python3.8/site-packages/airflow/example_dags/example_dag_decorator.py took 0.311 seconds
[2023-10-16T17:31:16.399+0000] {processor.py:157} INFO - Started process (PID=258) to work on /home/airflow/.local/lib/python3.8/site-packages/airflow/example_dags/example_dag_decorator.py
[2023-10-16T17:31:16.406+0000] {processor.py:829} INFO - Processing file /home/airflow/.local/lib/python3.8/site-packages/airflow/example_dags/example_dag_decorator.py for tasks to queue
[2023-10-16T17:31:16.409+0000] {logging_mixin.py:151} INFO - [2023-10-16T17:31:16.408+0000] {dagbag.py:539} INFO - Filling up the DagBag from /home/airflow/.local/lib/python3.8/site-packages/airflow/example_dags/example_dag_decorator.py
[2023-10-16T17:31:16.579+0000] {processor.py:839} INFO - DAG(s) dict_keys(['example_dag_decorator']) retrieved from /home/airflow/.local/lib/python3.8/site-packages/airflow/example_dags/example_dag_decorator.py
[2023-10-16T17:31:16.704+0000] {logging_mixin.py:151} INFO - [2023-10-16T17:31:16.704+0000] {security.py:708} INFO - Not syncing DAG-level permissions for DAG 'DAG:example_dag_decorator' as access control is unset.
[2023-10-16T17:31:16.705+0000] {logging_mixin.py:151} INFO - [2023-10-16T17:31:16.705+0000] {dag.py:2915} INFO - Sync 1 DAGs
[2023-10-16T17:31:16.716+0000] {logging_mixin.py:151} INFO - [2023-10-16T17:31:16.716+0000] {dag.py:3696} INFO - Setting next_dagrun for example_dag_decorator to None, run_after=None
[2023-10-16T17:31:16.748+0000] {processor.py:179} INFO - Processing /home/airflow/.local/lib/python3.8/site-packages/airflow/example_dags/example_dag_decorator.py took 0.352 seconds
[2023-10-16T17:31:46.841+0000] {processor.py:157} INFO - Started process (PID=314) to work on /home/airflow/.local/lib/python3.8/site-packages/airflow/example_dags/example_dag_decorator.py
[2023-10-16T17:31:46.841+0000] {processor.py:829} INFO - Processing file /home/airflow/.local/lib/python3.8/site-packages/airflow/example_dags/example_dag_decorator.py for tasks to queue
[2023-10-16T17:31:46.843+0000] {logging_mixin.py:151} INFO - [2023-10-16T17:31:46.843+0000] {dagbag.py:539} INFO - Filling up the DagBag from /home/airflow/.local/lib/python3.8/site-packages/airflow/example_dags/example_dag_decorator.py
[2023-10-16T17:31:46.942+0000] {processor.py:839} INFO - DAG(s) dict_keys(['example_dag_decorator']) retrieved from /home/airflow/.local/lib/python3.8/site-packages/airflow/example_dags/example_dag_decorator.py
[2023-10-16T17:31:46.973+0000] {logging_mixin.py:151} INFO - [2023-10-16T17:31:46.972+0000] {dag.py:2915} INFO - Sync 1 DAGs
[2023-10-16T17:31:46.995+0000] {logging_mixin.py:151} INFO - [2023-10-16T17:31:46.995+0000] {dag.py:3696} INFO - Setting next_dagrun for example_dag_decorator to None, run_after=None
[2023-10-16T17:31:47.038+0000] {processor.py:179} INFO - Processing /home/airflow/.local/lib/python3.8/site-packages/airflow/example_dags/example_dag_decorator.py took 0.200 seconds
[2023-10-16T17:32:17.143+0000] {processor.py:157} INFO - Started process (PID=370) to work on /home/airflow/.local/lib/python3.8/site-packages/airflow/example_dags/example_dag_decorator.py
[2023-10-16T17:32:17.144+0000] {processor.py:829} INFO - Processing file /home/airflow/.local/lib/python3.8/site-packages/airflow/example_dags/example_dag_decorator.py for tasks to queue
[2023-10-16T17:32:17.145+0000] {logging_mixin.py:151} INFO - [2023-10-16T17:32:17.145+0000] {dagbag.py:539} INFO - Filling up the DagBag from /home/airflow/.local/lib/python3.8/site-packages/airflow/example_dags/example_dag_decorator.py
[2023-10-16T17:32:17.210+0000] {processor.py:839} INFO - DAG(s) dict_keys(['example_dag_decorator']) retrieved from /home/airflow/.local/lib/python3.8/site-packages/airflow/example_dags/example_dag_decorator.py
[2023-10-16T17:32:17.326+0000] {logging_mixin.py:151} INFO - [2023-10-16T17:32:17.326+0000] {security.py:708} INFO - Not syncing DAG-level permissions for DAG 'DAG:example_dag_decorator' as access control is unset.
[2023-10-16T17:32:17.327+0000] {logging_mixin.py:151} INFO - [2023-10-16T17:32:17.326+0000] {dag.py:2915} INFO - Sync 1 DAGs
[2023-10-16T17:32:17.335+0000] {logging_mixin.py:151} INFO - [2023-10-16T17:32:17.335+0000] {dag.py:3696} INFO - Setting next_dagrun for example_dag_decorator to None, run_after=None
[2023-10-16T17:32:17.360+0000] {processor.py:179} INFO - Processing /home/airflow/.local/lib/python3.8/site-packages/airflow/example_dags/example_dag_decorator.py took 0.220 seconds
[2023-10-16T17:32:48.333+0000] {processor.py:157} INFO - Started process (PID=425) to work on /home/airflow/.local/lib/python3.8/site-packages/airflow/example_dags/example_dag_decorator.py
[2023-10-16T17:32:48.343+0000] {processor.py:829} INFO - Processing file /home/airflow/.local/lib/python3.8/site-packages/airflow/example_dags/example_dag_decorator.py for tasks to queue
[2023-10-16T17:32:48.345+0000] {logging_mixin.py:151} INFO - [2023-10-16T17:32:48.345+0000] {dagbag.py:539} INFO - Filling up the DagBag from /home/airflow/.local/lib/python3.8/site-packages/airflow/example_dags/example_dag_decorator.py
[2023-10-16T17:32:48.471+0000] {processor.py:839} INFO - DAG(s) dict_keys(['example_dag_decorator']) retrieved from /home/airflow/.local/lib/python3.8/site-packages/airflow/example_dags/example_dag_decorator.py
[2023-10-16T17:32:48.561+0000] {logging_mixin.py:151} INFO - [2023-10-16T17:32:48.560+0000] {security.py:708} INFO - Not syncing DAG-level permissions for DAG 'DAG:example_dag_decorator' as access control is unset.
[2023-10-16T17:32:48.561+0000] {logging_mixin.py:151} INFO - [2023-10-16T17:32:48.561+0000] {dag.py:2915} INFO - Sync 1 DAGs
[2023-10-16T17:32:48.569+0000] {logging_mixin.py:151} INFO - [2023-10-16T17:32:48.569+0000] {dag.py:3696} INFO - Setting next_dagrun for example_dag_decorator to None, run_after=None
[2023-10-16T17:32:48.593+0000] {processor.py:179} INFO - Processing /home/airflow/.local/lib/python3.8/site-packages/airflow/example_dags/example_dag_decorator.py took 0.263 seconds
[2023-10-16T17:33:19.517+0000] {processor.py:157} INFO - Started process (PID=480) to work on /home/airflow/.local/lib/python3.8/site-packages/airflow/example_dags/example_dag_decorator.py
[2023-10-16T17:33:19.518+0000] {processor.py:829} INFO - Processing file /home/airflow/.local/lib/python3.8/site-packages/airflow/example_dags/example_dag_decorator.py for tasks to queue
[2023-10-16T17:33:19.520+0000] {logging_mixin.py:151} INFO - [2023-10-16T17:33:19.519+0000] {dagbag.py:539} INFO - Filling up the DagBag from /home/airflow/.local/lib/python3.8/site-packages/airflow/example_dags/example_dag_decorator.py
[2023-10-16T17:33:19.616+0000] {processor.py:839} INFO - DAG(s) dict_keys(['example_dag_decorator']) retrieved from /home/airflow/.local/lib/python3.8/site-packages/airflow/example_dags/example_dag_decorator.py
[2023-10-16T17:33:19.742+0000] {logging_mixin.py:151} INFO - [2023-10-16T17:33:19.742+0000] {security.py:708} INFO - Not syncing DAG-level permissions for DAG 'DAG:example_dag_decorator' as access control is unset.
[2023-10-16T17:33:19.743+0000] {logging_mixin.py:151} INFO - [2023-10-16T17:33:19.743+0000] {dag.py:2915} INFO - Sync 1 DAGs
[2023-10-16T17:33:19.756+0000] {logging_mixin.py:151} INFO - [2023-10-16T17:33:19.756+0000] {dag.py:3696} INFO - Setting next_dagrun for example_dag_decorator to None, run_after=None
[2023-10-16T17:33:19.779+0000] {processor.py:179} INFO - Processing /home/airflow/.local/lib/python3.8/site-packages/airflow/example_dags/example_dag_decorator.py took 0.266 seconds
[2023-10-16T17:33:50.141+0000] {processor.py:157} INFO - Started process (PID=535) to work on /home/airflow/.local/lib/python3.8/site-packages/airflow/example_dags/example_dag_decorator.py
[2023-10-16T17:33:50.142+0000] {processor.py:829} INFO - Processing file /home/airflow/.local/lib/python3.8/site-packages/airflow/example_dags/example_dag_decorator.py for tasks to queue
[2023-10-16T17:33:50.144+0000] {logging_mixin.py:151} INFO - [2023-10-16T17:33:50.144+0000] {dagbag.py:539} INFO - Filling up the DagBag from /home/airflow/.local/lib/python3.8/site-packages/airflow/example_dags/example_dag_decorator.py
[2023-10-16T17:33:50.295+0000] {processor.py:839} INFO - DAG(s) dict_keys(['example_dag_decorator']) retrieved from /home/airflow/.local/lib/python3.8/site-packages/airflow/example_dags/example_dag_decorator.py
[2023-10-16T17:33:50.445+0000] {logging_mixin.py:151} INFO - [2023-10-16T17:33:50.444+0000] {security.py:708} INFO - Not syncing DAG-level permissions for DAG 'DAG:example_dag_decorator' as access control is unset.
[2023-10-16T17:33:50.445+0000] {logging_mixin.py:151} INFO - [2023-10-16T17:33:50.445+0000] {dag.py:2915} INFO - Sync 1 DAGs
[2023-10-16T17:33:50.460+0000] {logging_mixin.py:151} INFO - [2023-10-16T17:33:50.459+0000] {dag.py:3696} INFO - Setting next_dagrun for example_dag_decorator to None, run_after=None
[2023-10-16T17:33:50.492+0000] {processor.py:179} INFO - Processing /home/airflow/.local/lib/python3.8/site-packages/airflow/example_dags/example_dag_decorator.py took 0.354 seconds
