[2023-10-16T17:29:17.029+0000] {processor.py:157} INFO - Started process (PID=44) to work on /home/airflow/.local/lib/python3.8/site-packages/airflow/example_dags/example_branch_operator.py
[2023-10-16T17:29:17.030+0000] {processor.py:829} INFO - Processing file /home/airflow/.local/lib/python3.8/site-packages/airflow/example_dags/example_branch_operator.py for tasks to queue
[2023-10-16T17:29:17.036+0000] {logging_mixin.py:151} INFO - [2023-10-16T17:29:17.036+0000] {dagbag.py:539} INFO - Filling up the DagBag from /home/airflow/.local/lib/python3.8/site-packages/airflow/example_dags/example_branch_operator.py
[2023-10-16T17:29:17.099+0000] {processor.py:839} INFO - DAG(s) dict_keys(['example_branch_operator']) retrieved from /home/airflow/.local/lib/python3.8/site-packages/airflow/example_dags/example_branch_operator.py
[2023-10-16T17:29:17.322+0000] {logging_mixin.py:151} INFO - [2023-10-16T17:29:17.321+0000] {manager.py:499} INFO - Created Permission View: %s
[2023-10-16T17:29:17.370+0000] {logging_mixin.py:151} INFO - [2023-10-16T17:29:17.370+0000] {manager.py:499} INFO - Created Permission View: %s
[2023-10-16T17:29:17.389+0000] {logging_mixin.py:151} INFO - [2023-10-16T17:29:17.388+0000] {manager.py:499} INFO - Created Permission View: %s
[2023-10-16T17:29:17.389+0000] {logging_mixin.py:151} INFO - [2023-10-16T17:29:17.389+0000] {security.py:708} INFO - Not syncing DAG-level permissions for DAG 'DAG:example_branch_operator' as access control is unset.
[2023-10-16T17:29:17.389+0000] {logging_mixin.py:151} INFO - [2023-10-16T17:29:17.389+0000] {dag.py:2915} INFO - Sync 1 DAGs
[2023-10-16T17:29:17.414+0000] {logging_mixin.py:151} INFO - [2023-10-16T17:29:17.414+0000] {dag.py:2937} INFO - Creating ORM DAG for example_branch_operator
[2023-10-16T17:29:17.442+0000] {logging_mixin.py:151} INFO - [2023-10-16T17:29:17.442+0000] {dag.py:3696} INFO - Setting next_dagrun for example_branch_operator to 2023-10-15T00:00:00+00:00, run_after=2023-10-16T00:00:00+00:00
[2023-10-16T17:29:17.505+0000] {processor.py:179} INFO - Processing /home/airflow/.local/lib/python3.8/site-packages/airflow/example_dags/example_branch_operator.py took 0.486 seconds
[2023-10-16T17:29:48.044+0000] {processor.py:157} INFO - Started process (PID=99) to work on /home/airflow/.local/lib/python3.8/site-packages/airflow/example_dags/example_branch_operator.py
[2023-10-16T17:29:48.044+0000] {processor.py:829} INFO - Processing file /home/airflow/.local/lib/python3.8/site-packages/airflow/example_dags/example_branch_operator.py for tasks to queue
[2023-10-16T17:29:48.047+0000] {logging_mixin.py:151} INFO - [2023-10-16T17:29:48.046+0000] {dagbag.py:539} INFO - Filling up the DagBag from /home/airflow/.local/lib/python3.8/site-packages/airflow/example_dags/example_branch_operator.py
[2023-10-16T17:29:48.058+0000] {processor.py:839} INFO - DAG(s) dict_keys(['example_branch_operator']) retrieved from /home/airflow/.local/lib/python3.8/site-packages/airflow/example_dags/example_branch_operator.py
[2023-10-16T17:29:48.085+0000] {logging_mixin.py:151} INFO - [2023-10-16T17:29:48.085+0000] {dag.py:2915} INFO - Sync 1 DAGs
[2023-10-16T17:29:48.112+0000] {logging_mixin.py:151} INFO - [2023-10-16T17:29:48.112+0000] {dag.py:3696} INFO - Setting next_dagrun for example_branch_operator to 2023-10-15T00:00:00+00:00, run_after=2023-10-16T00:00:00+00:00
[2023-10-16T17:29:48.147+0000] {processor.py:179} INFO - Processing /home/airflow/.local/lib/python3.8/site-packages/airflow/example_dags/example_branch_operator.py took 0.107 seconds
[2023-10-16T17:30:18.326+0000] {processor.py:157} INFO - Started process (PID=154) to work on /home/airflow/.local/lib/python3.8/site-packages/airflow/example_dags/example_branch_operator.py
[2023-10-16T17:30:18.329+0000] {processor.py:829} INFO - Processing file /home/airflow/.local/lib/python3.8/site-packages/airflow/example_dags/example_branch_operator.py for tasks to queue
[2023-10-16T17:30:18.332+0000] {logging_mixin.py:151} INFO - [2023-10-16T17:30:18.332+0000] {dagbag.py:539} INFO - Filling up the DagBag from /home/airflow/.local/lib/python3.8/site-packages/airflow/example_dags/example_branch_operator.py
[2023-10-16T17:30:18.394+0000] {processor.py:839} INFO - DAG(s) dict_keys(['example_branch_operator']) retrieved from /home/airflow/.local/lib/python3.8/site-packages/airflow/example_dags/example_branch_operator.py
[2023-10-16T17:30:18.543+0000] {logging_mixin.py:151} INFO - [2023-10-16T17:30:18.543+0000] {dag.py:2915} INFO - Sync 1 DAGs
[2023-10-16T17:30:18.621+0000] {logging_mixin.py:151} INFO - [2023-10-16T17:30:18.621+0000] {dag.py:3696} INFO - Setting next_dagrun for example_branch_operator to 2023-10-15T00:00:00+00:00, run_after=2023-10-16T00:00:00+00:00
[2023-10-16T17:30:18.734+0000] {processor.py:179} INFO - Processing /home/airflow/.local/lib/python3.8/site-packages/airflow/example_dags/example_branch_operator.py took 0.451 seconds
[2023-10-16T17:30:49.447+0000] {processor.py:157} INFO - Started process (PID=209) to work on /home/airflow/.local/lib/python3.8/site-packages/airflow/example_dags/example_branch_operator.py
[2023-10-16T17:30:49.448+0000] {processor.py:829} INFO - Processing file /home/airflow/.local/lib/python3.8/site-packages/airflow/example_dags/example_branch_operator.py for tasks to queue
[2023-10-16T17:30:49.450+0000] {logging_mixin.py:151} INFO - [2023-10-16T17:30:49.450+0000] {dagbag.py:539} INFO - Filling up the DagBag from /home/airflow/.local/lib/python3.8/site-packages/airflow/example_dags/example_branch_operator.py
[2023-10-16T17:30:49.471+0000] {processor.py:839} INFO - DAG(s) dict_keys(['example_branch_operator']) retrieved from /home/airflow/.local/lib/python3.8/site-packages/airflow/example_dags/example_branch_operator.py
[2023-10-16T17:30:49.504+0000] {logging_mixin.py:151} INFO - [2023-10-16T17:30:49.503+0000] {dag.py:2915} INFO - Sync 1 DAGs
[2023-10-16T17:30:49.531+0000] {logging_mixin.py:151} INFO - [2023-10-16T17:30:49.531+0000] {dag.py:3696} INFO - Setting next_dagrun for example_branch_operator to 2023-10-15T00:00:00+00:00, run_after=2023-10-16T00:00:00+00:00
[2023-10-16T17:30:49.558+0000] {processor.py:179} INFO - Processing /home/airflow/.local/lib/python3.8/site-packages/airflow/example_dags/example_branch_operator.py took 0.114 seconds
[2023-10-16T17:31:19.908+0000] {processor.py:157} INFO - Started process (PID=265) to work on /home/airflow/.local/lib/python3.8/site-packages/airflow/example_dags/example_branch_operator.py
[2023-10-16T17:31:19.909+0000] {processor.py:829} INFO - Processing file /home/airflow/.local/lib/python3.8/site-packages/airflow/example_dags/example_branch_operator.py for tasks to queue
[2023-10-16T17:31:19.912+0000] {logging_mixin.py:151} INFO - [2023-10-16T17:31:19.911+0000] {dagbag.py:539} INFO - Filling up the DagBag from /home/airflow/.local/lib/python3.8/site-packages/airflow/example_dags/example_branch_operator.py
[2023-10-16T17:31:19.924+0000] {processor.py:839} INFO - DAG(s) dict_keys(['example_branch_operator']) retrieved from /home/airflow/.local/lib/python3.8/site-packages/airflow/example_dags/example_branch_operator.py
[2023-10-16T17:31:19.962+0000] {logging_mixin.py:151} INFO - [2023-10-16T17:31:19.961+0000] {dag.py:2915} INFO - Sync 1 DAGs
[2023-10-16T17:31:20.023+0000] {logging_mixin.py:151} INFO - [2023-10-16T17:31:20.022+0000] {dag.py:3696} INFO - Setting next_dagrun for example_branch_operator to 2023-10-15T00:00:00+00:00, run_after=2023-10-16T00:00:00+00:00
[2023-10-16T17:31:20.064+0000] {processor.py:179} INFO - Processing /home/airflow/.local/lib/python3.8/site-packages/airflow/example_dags/example_branch_operator.py took 0.159 seconds
[2023-10-16T17:31:50.308+0000] {processor.py:157} INFO - Started process (PID=320) to work on /home/airflow/.local/lib/python3.8/site-packages/airflow/example_dags/example_branch_operator.py
[2023-10-16T17:31:50.309+0000] {processor.py:829} INFO - Processing file /home/airflow/.local/lib/python3.8/site-packages/airflow/example_dags/example_branch_operator.py for tasks to queue
[2023-10-16T17:31:50.311+0000] {logging_mixin.py:151} INFO - [2023-10-16T17:31:50.310+0000] {dagbag.py:539} INFO - Filling up the DagBag from /home/airflow/.local/lib/python3.8/site-packages/airflow/example_dags/example_branch_operator.py
[2023-10-16T17:31:50.340+0000] {processor.py:839} INFO - DAG(s) dict_keys(['example_branch_operator']) retrieved from /home/airflow/.local/lib/python3.8/site-packages/airflow/example_dags/example_branch_operator.py
[2023-10-16T17:31:50.366+0000] {logging_mixin.py:151} INFO - [2023-10-16T17:31:50.366+0000] {dag.py:2915} INFO - Sync 1 DAGs
[2023-10-16T17:31:50.388+0000] {logging_mixin.py:151} INFO - [2023-10-16T17:31:50.388+0000] {dag.py:3696} INFO - Setting next_dagrun for example_branch_operator to 2023-10-15T00:00:00+00:00, run_after=2023-10-16T00:00:00+00:00
[2023-10-16T17:31:50.415+0000] {processor.py:179} INFO - Processing /home/airflow/.local/lib/python3.8/site-packages/airflow/example_dags/example_branch_operator.py took 0.116 seconds
[2023-10-16T17:32:20.544+0000] {processor.py:157} INFO - Started process (PID=375) to work on /home/airflow/.local/lib/python3.8/site-packages/airflow/example_dags/example_branch_operator.py
[2023-10-16T17:32:20.546+0000] {processor.py:829} INFO - Processing file /home/airflow/.local/lib/python3.8/site-packages/airflow/example_dags/example_branch_operator.py for tasks to queue
[2023-10-16T17:32:20.548+0000] {logging_mixin.py:151} INFO - [2023-10-16T17:32:20.547+0000] {dagbag.py:539} INFO - Filling up the DagBag from /home/airflow/.local/lib/python3.8/site-packages/airflow/example_dags/example_branch_operator.py
[2023-10-16T17:32:20.558+0000] {processor.py:839} INFO - DAG(s) dict_keys(['example_branch_operator']) retrieved from /home/airflow/.local/lib/python3.8/site-packages/airflow/example_dags/example_branch_operator.py
[2023-10-16T17:32:20.583+0000] {logging_mixin.py:151} INFO - [2023-10-16T17:32:20.583+0000] {dag.py:2915} INFO - Sync 1 DAGs
[2023-10-16T17:32:20.642+0000] {logging_mixin.py:151} INFO - [2023-10-16T17:32:20.641+0000] {dag.py:3696} INFO - Setting next_dagrun for example_branch_operator to 2023-10-15T00:00:00+00:00, run_after=2023-10-16T00:00:00+00:00
[2023-10-16T17:32:20.700+0000] {processor.py:179} INFO - Processing /home/airflow/.local/lib/python3.8/site-packages/airflow/example_dags/example_branch_operator.py took 0.160 seconds
[2023-10-16T17:32:50.779+0000] {processor.py:157} INFO - Started process (PID=430) to work on /home/airflow/.local/lib/python3.8/site-packages/airflow/example_dags/example_branch_operator.py
[2023-10-16T17:32:50.779+0000] {processor.py:829} INFO - Processing file /home/airflow/.local/lib/python3.8/site-packages/airflow/example_dags/example_branch_operator.py for tasks to queue
[2023-10-16T17:32:50.784+0000] {logging_mixin.py:151} INFO - [2023-10-16T17:32:50.783+0000] {dagbag.py:539} INFO - Filling up the DagBag from /home/airflow/.local/lib/python3.8/site-packages/airflow/example_dags/example_branch_operator.py
[2023-10-16T17:32:50.796+0000] {processor.py:839} INFO - DAG(s) dict_keys(['example_branch_operator']) retrieved from /home/airflow/.local/lib/python3.8/site-packages/airflow/example_dags/example_branch_operator.py
[2023-10-16T17:32:50.821+0000] {logging_mixin.py:151} INFO - [2023-10-16T17:32:50.821+0000] {dag.py:2915} INFO - Sync 1 DAGs
[2023-10-16T17:32:50.849+0000] {logging_mixin.py:151} INFO - [2023-10-16T17:32:50.848+0000] {dag.py:3696} INFO - Setting next_dagrun for example_branch_operator to 2023-10-15T00:00:00+00:00, run_after=2023-10-16T00:00:00+00:00
[2023-10-16T17:32:50.876+0000] {processor.py:179} INFO - Processing /home/airflow/.local/lib/python3.8/site-packages/airflow/example_dags/example_branch_operator.py took 0.100 seconds
[2023-10-16T17:33:21.783+0000] {processor.py:157} INFO - Started process (PID=484) to work on /home/airflow/.local/lib/python3.8/site-packages/airflow/example_dags/example_branch_operator.py
[2023-10-16T17:33:21.784+0000] {processor.py:829} INFO - Processing file /home/airflow/.local/lib/python3.8/site-packages/airflow/example_dags/example_branch_operator.py for tasks to queue
[2023-10-16T17:33:21.787+0000] {logging_mixin.py:151} INFO - [2023-10-16T17:33:21.787+0000] {dagbag.py:539} INFO - Filling up the DagBag from /home/airflow/.local/lib/python3.8/site-packages/airflow/example_dags/example_branch_operator.py
[2023-10-16T17:33:21.822+0000] {processor.py:839} INFO - DAG(s) dict_keys(['example_branch_operator']) retrieved from /home/airflow/.local/lib/python3.8/site-packages/airflow/example_dags/example_branch_operator.py
[2023-10-16T17:33:21.852+0000] {logging_mixin.py:151} INFO - [2023-10-16T17:33:21.852+0000] {dag.py:2915} INFO - Sync 1 DAGs
[2023-10-16T17:33:21.897+0000] {logging_mixin.py:151} INFO - [2023-10-16T17:33:21.897+0000] {dag.py:3696} INFO - Setting next_dagrun for example_branch_operator to 2023-10-15T00:00:00+00:00, run_after=2023-10-16T00:00:00+00:00
[2023-10-16T17:33:21.946+0000] {processor.py:179} INFO - Processing /home/airflow/.local/lib/python3.8/site-packages/airflow/example_dags/example_branch_operator.py took 0.166 seconds
[2023-10-16T17:33:52.548+0000] {processor.py:157} INFO - Started process (PID=539) to work on /home/airflow/.local/lib/python3.8/site-packages/airflow/example_dags/example_branch_operator.py
[2023-10-16T17:33:52.555+0000] {processor.py:829} INFO - Processing file /home/airflow/.local/lib/python3.8/site-packages/airflow/example_dags/example_branch_operator.py for tasks to queue
[2023-10-16T17:33:52.560+0000] {logging_mixin.py:151} INFO - [2023-10-16T17:33:52.559+0000] {dagbag.py:539} INFO - Filling up the DagBag from /home/airflow/.local/lib/python3.8/site-packages/airflow/example_dags/example_branch_operator.py
[2023-10-16T17:33:52.570+0000] {processor.py:839} INFO - DAG(s) dict_keys(['example_branch_operator']) retrieved from /home/airflow/.local/lib/python3.8/site-packages/airflow/example_dags/example_branch_operator.py
[2023-10-16T17:33:52.596+0000] {logging_mixin.py:151} INFO - [2023-10-16T17:33:52.596+0000] {dag.py:2915} INFO - Sync 1 DAGs
[2023-10-16T17:33:52.628+0000] {logging_mixin.py:151} INFO - [2023-10-16T17:33:52.627+0000] {dag.py:3696} INFO - Setting next_dagrun for example_branch_operator to 2023-10-15T00:00:00+00:00, run_after=2023-10-16T00:00:00+00:00
[2023-10-16T17:33:52.665+0000] {processor.py:179} INFO - Processing /home/airflow/.local/lib/python3.8/site-packages/airflow/example_dags/example_branch_operator.py took 0.125 seconds
