[2023-10-16T17:29:22.560+0000] {processor.py:157} INFO - Started process (PID=52) to work on /home/airflow/.local/lib/python3.8/site-packages/airflow/example_dags/example_params_ui_tutorial.py
[2023-10-16T17:29:22.569+0000] {processor.py:829} INFO - Processing file /home/airflow/.local/lib/python3.8/site-packages/airflow/example_dags/example_params_ui_tutorial.py for tasks to queue
[2023-10-16T17:29:22.571+0000] {logging_mixin.py:151} INFO - [2023-10-16T17:29:22.571+0000] {dagbag.py:539} INFO - Filling up the DagBag from /home/airflow/.local/lib/python3.8/site-packages/airflow/example_dags/example_params_ui_tutorial.py
[2023-10-16T17:29:22.768+0000] {processor.py:839} INFO - DAG(s) dict_keys(['example_params_ui_tutorial']) retrieved from /home/airflow/.local/lib/python3.8/site-packages/airflow/example_dags/example_params_ui_tutorial.py
[2023-10-16T17:29:23.701+0000] {logging_mixin.py:151} INFO - [2023-10-16T17:29:23.701+0000] {manager.py:499} INFO - Created Permission View: %s
[2023-10-16T17:29:23.750+0000] {logging_mixin.py:151} INFO - [2023-10-16T17:29:23.750+0000] {manager.py:499} INFO - Created Permission View: %s
[2023-10-16T17:29:23.848+0000] {logging_mixin.py:151} INFO - [2023-10-16T17:29:23.848+0000] {manager.py:499} INFO - Created Permission View: %s
[2023-10-16T17:29:23.849+0000] {logging_mixin.py:151} INFO - [2023-10-16T17:29:23.849+0000] {security.py:708} INFO - Not syncing DAG-level permissions for DAG 'DAG:example_params_ui_tutorial' as access control is unset.
[2023-10-16T17:29:23.851+0000] {logging_mixin.py:151} INFO - [2023-10-16T17:29:23.851+0000] {dag.py:2915} INFO - Sync 1 DAGs
[2023-10-16T17:29:23.943+0000] {logging_mixin.py:151} INFO - [2023-10-16T17:29:23.942+0000] {dag.py:2937} INFO - Creating ORM DAG for example_params_ui_tutorial
[2023-10-16T17:29:23.943+0000] {logging_mixin.py:151} INFO - [2023-10-16T17:29:23.943+0000] {dag.py:3696} INFO - Setting next_dagrun for example_params_ui_tutorial to None, run_after=None
[2023-10-16T17:29:24.021+0000] {processor.py:179} INFO - Processing /home/airflow/.local/lib/python3.8/site-packages/airflow/example_dags/example_params_ui_tutorial.py took 1.481 seconds
[2023-10-16T17:29:54.674+0000] {processor.py:157} INFO - Started process (PID=107) to work on /home/airflow/.local/lib/python3.8/site-packages/airflow/example_dags/example_params_ui_tutorial.py
[2023-10-16T17:29:54.675+0000] {processor.py:829} INFO - Processing file /home/airflow/.local/lib/python3.8/site-packages/airflow/example_dags/example_params_ui_tutorial.py for tasks to queue
[2023-10-16T17:29:54.677+0000] {logging_mixin.py:151} INFO - [2023-10-16T17:29:54.676+0000] {dagbag.py:539} INFO - Filling up the DagBag from /home/airflow/.local/lib/python3.8/site-packages/airflow/example_dags/example_params_ui_tutorial.py
[2023-10-16T17:29:54.729+0000] {processor.py:839} INFO - DAG(s) dict_keys(['example_params_ui_tutorial']) retrieved from /home/airflow/.local/lib/python3.8/site-packages/airflow/example_dags/example_params_ui_tutorial.py
[2023-10-16T17:29:54.808+0000] {logging_mixin.py:151} INFO - [2023-10-16T17:29:54.808+0000] {dag.py:2915} INFO - Sync 1 DAGs
[2023-10-16T17:29:54.823+0000] {logging_mixin.py:151} INFO - [2023-10-16T17:29:54.823+0000] {dag.py:3696} INFO - Setting next_dagrun for example_params_ui_tutorial to None, run_after=None
[2023-10-16T17:29:54.856+0000] {processor.py:179} INFO - Processing /home/airflow/.local/lib/python3.8/site-packages/airflow/example_dags/example_params_ui_tutorial.py took 0.186 seconds
[2023-10-16T17:30:25.237+0000] {processor.py:157} INFO - Started process (PID=162) to work on /home/airflow/.local/lib/python3.8/site-packages/airflow/example_dags/example_params_ui_tutorial.py
[2023-10-16T17:30:25.238+0000] {processor.py:829} INFO - Processing file /home/airflow/.local/lib/python3.8/site-packages/airflow/example_dags/example_params_ui_tutorial.py for tasks to queue
[2023-10-16T17:30:25.240+0000] {logging_mixin.py:151} INFO - [2023-10-16T17:30:25.240+0000] {dagbag.py:539} INFO - Filling up the DagBag from /home/airflow/.local/lib/python3.8/site-packages/airflow/example_dags/example_params_ui_tutorial.py
[2023-10-16T17:30:25.313+0000] {processor.py:839} INFO - DAG(s) dict_keys(['example_params_ui_tutorial']) retrieved from /home/airflow/.local/lib/python3.8/site-packages/airflow/example_dags/example_params_ui_tutorial.py
[2023-10-16T17:30:25.393+0000] {logging_mixin.py:151} INFO - [2023-10-16T17:30:25.393+0000] {dag.py:2915} INFO - Sync 1 DAGs
[2023-10-16T17:30:25.409+0000] {logging_mixin.py:151} INFO - [2023-10-16T17:30:25.408+0000] {dag.py:3696} INFO - Setting next_dagrun for example_params_ui_tutorial to None, run_after=None
[2023-10-16T17:30:25.437+0000] {processor.py:179} INFO - Processing /home/airflow/.local/lib/python3.8/site-packages/airflow/example_dags/example_params_ui_tutorial.py took 0.203 seconds
[2023-10-16T17:30:56.088+0000] {processor.py:157} INFO - Started process (PID=217) to work on /home/airflow/.local/lib/python3.8/site-packages/airflow/example_dags/example_params_ui_tutorial.py
[2023-10-16T17:30:56.097+0000] {processor.py:829} INFO - Processing file /home/airflow/.local/lib/python3.8/site-packages/airflow/example_dags/example_params_ui_tutorial.py for tasks to queue
[2023-10-16T17:30:56.099+0000] {logging_mixin.py:151} INFO - [2023-10-16T17:30:56.098+0000] {dagbag.py:539} INFO - Filling up the DagBag from /home/airflow/.local/lib/python3.8/site-packages/airflow/example_dags/example_params_ui_tutorial.py
[2023-10-16T17:30:56.161+0000] {processor.py:839} INFO - DAG(s) dict_keys(['example_params_ui_tutorial']) retrieved from /home/airflow/.local/lib/python3.8/site-packages/airflow/example_dags/example_params_ui_tutorial.py
[2023-10-16T17:30:56.241+0000] {logging_mixin.py:151} INFO - [2023-10-16T17:30:56.241+0000] {dag.py:2915} INFO - Sync 1 DAGs
[2023-10-16T17:30:56.258+0000] {logging_mixin.py:151} INFO - [2023-10-16T17:30:56.258+0000] {dag.py:3696} INFO - Setting next_dagrun for example_params_ui_tutorial to None, run_after=None
[2023-10-16T17:30:56.290+0000] {processor.py:179} INFO - Processing /home/airflow/.local/lib/python3.8/site-packages/airflow/example_dags/example_params_ui_tutorial.py took 0.205 seconds
[2023-10-16T17:31:26.704+0000] {processor.py:157} INFO - Started process (PID=273) to work on /home/airflow/.local/lib/python3.8/site-packages/airflow/example_dags/example_params_ui_tutorial.py
[2023-10-16T17:31:26.705+0000] {processor.py:829} INFO - Processing file /home/airflow/.local/lib/python3.8/site-packages/airflow/example_dags/example_params_ui_tutorial.py for tasks to queue
[2023-10-16T17:31:26.707+0000] {logging_mixin.py:151} INFO - [2023-10-16T17:31:26.707+0000] {dagbag.py:539} INFO - Filling up the DagBag from /home/airflow/.local/lib/python3.8/site-packages/airflow/example_dags/example_params_ui_tutorial.py
[2023-10-16T17:31:26.785+0000] {processor.py:839} INFO - DAG(s) dict_keys(['example_params_ui_tutorial']) retrieved from /home/airflow/.local/lib/python3.8/site-packages/airflow/example_dags/example_params_ui_tutorial.py
[2023-10-16T17:31:26.883+0000] {logging_mixin.py:151} INFO - [2023-10-16T17:31:26.882+0000] {dag.py:2915} INFO - Sync 1 DAGs
[2023-10-16T17:31:26.900+0000] {logging_mixin.py:151} INFO - [2023-10-16T17:31:26.899+0000] {dag.py:3696} INFO - Setting next_dagrun for example_params_ui_tutorial to None, run_after=None
[2023-10-16T17:31:26.940+0000] {processor.py:179} INFO - Processing /home/airflow/.local/lib/python3.8/site-packages/airflow/example_dags/example_params_ui_tutorial.py took 0.245 seconds
[2023-10-16T17:31:57.069+0000] {processor.py:157} INFO - Started process (PID=327) to work on /home/airflow/.local/lib/python3.8/site-packages/airflow/example_dags/example_params_ui_tutorial.py
[2023-10-16T17:31:57.073+0000] {processor.py:829} INFO - Processing file /home/airflow/.local/lib/python3.8/site-packages/airflow/example_dags/example_params_ui_tutorial.py for tasks to queue
[2023-10-16T17:31:57.076+0000] {logging_mixin.py:151} INFO - [2023-10-16T17:31:57.076+0000] {dagbag.py:539} INFO - Filling up the DagBag from /home/airflow/.local/lib/python3.8/site-packages/airflow/example_dags/example_params_ui_tutorial.py
[2023-10-16T17:31:57.153+0000] {processor.py:839} INFO - DAG(s) dict_keys(['example_params_ui_tutorial']) retrieved from /home/airflow/.local/lib/python3.8/site-packages/airflow/example_dags/example_params_ui_tutorial.py
[2023-10-16T17:31:57.312+0000] {logging_mixin.py:151} INFO - [2023-10-16T17:31:57.312+0000] {dag.py:2915} INFO - Sync 1 DAGs
[2023-10-16T17:31:57.333+0000] {logging_mixin.py:151} INFO - [2023-10-16T17:31:57.333+0000] {dag.py:3696} INFO - Setting next_dagrun for example_params_ui_tutorial to None, run_after=None
[2023-10-16T17:31:57.377+0000] {processor.py:179} INFO - Processing /home/airflow/.local/lib/python3.8/site-packages/airflow/example_dags/example_params_ui_tutorial.py took 0.311 seconds
[2023-10-16T17:32:28.146+0000] {processor.py:157} INFO - Started process (PID=382) to work on /home/airflow/.local/lib/python3.8/site-packages/airflow/example_dags/example_params_ui_tutorial.py
[2023-10-16T17:32:28.147+0000] {processor.py:829} INFO - Processing file /home/airflow/.local/lib/python3.8/site-packages/airflow/example_dags/example_params_ui_tutorial.py for tasks to queue
[2023-10-16T17:32:28.151+0000] {logging_mixin.py:151} INFO - [2023-10-16T17:32:28.151+0000] {dagbag.py:539} INFO - Filling up the DagBag from /home/airflow/.local/lib/python3.8/site-packages/airflow/example_dags/example_params_ui_tutorial.py
[2023-10-16T17:32:28.232+0000] {processor.py:839} INFO - DAG(s) dict_keys(['example_params_ui_tutorial']) retrieved from /home/airflow/.local/lib/python3.8/site-packages/airflow/example_dags/example_params_ui_tutorial.py
[2023-10-16T17:32:28.361+0000] {logging_mixin.py:151} INFO - [2023-10-16T17:32:28.361+0000] {dag.py:2915} INFO - Sync 1 DAGs
[2023-10-16T17:32:28.388+0000] {logging_mixin.py:151} INFO - [2023-10-16T17:32:28.387+0000] {dag.py:3696} INFO - Setting next_dagrun for example_params_ui_tutorial to None, run_after=None
[2023-10-16T17:32:28.452+0000] {processor.py:179} INFO - Processing /home/airflow/.local/lib/python3.8/site-packages/airflow/example_dags/example_params_ui_tutorial.py took 0.315 seconds
[2023-10-16T17:32:59.290+0000] {processor.py:157} INFO - Started process (PID=438) to work on /home/airflow/.local/lib/python3.8/site-packages/airflow/example_dags/example_params_ui_tutorial.py
[2023-10-16T17:32:59.291+0000] {processor.py:829} INFO - Processing file /home/airflow/.local/lib/python3.8/site-packages/airflow/example_dags/example_params_ui_tutorial.py for tasks to queue
[2023-10-16T17:32:59.293+0000] {logging_mixin.py:151} INFO - [2023-10-16T17:32:59.293+0000] {dagbag.py:539} INFO - Filling up the DagBag from /home/airflow/.local/lib/python3.8/site-packages/airflow/example_dags/example_params_ui_tutorial.py
[2023-10-16T17:32:59.348+0000] {processor.py:839} INFO - DAG(s) dict_keys(['example_params_ui_tutorial']) retrieved from /home/airflow/.local/lib/python3.8/site-packages/airflow/example_dags/example_params_ui_tutorial.py
[2023-10-16T17:32:59.488+0000] {logging_mixin.py:151} INFO - [2023-10-16T17:32:59.488+0000] {dag.py:2915} INFO - Sync 1 DAGs
[2023-10-16T17:32:59.504+0000] {logging_mixin.py:151} INFO - [2023-10-16T17:32:59.503+0000] {dag.py:3696} INFO - Setting next_dagrun for example_params_ui_tutorial to None, run_after=None
[2023-10-16T17:32:59.575+0000] {processor.py:179} INFO - Processing /home/airflow/.local/lib/python3.8/site-packages/airflow/example_dags/example_params_ui_tutorial.py took 0.289 seconds
[2023-10-16T17:33:30.612+0000] {processor.py:157} INFO - Started process (PID=492) to work on /home/airflow/.local/lib/python3.8/site-packages/airflow/example_dags/example_params_ui_tutorial.py
[2023-10-16T17:33:30.614+0000] {processor.py:829} INFO - Processing file /home/airflow/.local/lib/python3.8/site-packages/airflow/example_dags/example_params_ui_tutorial.py for tasks to queue
[2023-10-16T17:33:30.618+0000] {logging_mixin.py:151} INFO - [2023-10-16T17:33:30.618+0000] {dagbag.py:539} INFO - Filling up the DagBag from /home/airflow/.local/lib/python3.8/site-packages/airflow/example_dags/example_params_ui_tutorial.py
[2023-10-16T17:33:30.732+0000] {processor.py:839} INFO - DAG(s) dict_keys(['example_params_ui_tutorial']) retrieved from /home/airflow/.local/lib/python3.8/site-packages/airflow/example_dags/example_params_ui_tutorial.py
[2023-10-16T17:33:30.869+0000] {logging_mixin.py:151} INFO - [2023-10-16T17:33:30.869+0000] {dag.py:2915} INFO - Sync 1 DAGs
[2023-10-16T17:33:30.884+0000] {logging_mixin.py:151} INFO - [2023-10-16T17:33:30.884+0000] {dag.py:3696} INFO - Setting next_dagrun for example_params_ui_tutorial to None, run_after=None
[2023-10-16T17:33:30.912+0000] {processor.py:179} INFO - Processing /home/airflow/.local/lib/python3.8/site-packages/airflow/example_dags/example_params_ui_tutorial.py took 0.308 seconds
