[2023-10-16T17:29:17.560+0000] {processor.py:157} INFO - Started process (PID=46) to work on /home/airflow/.local/lib/python3.8/site-packages/airflow/example_dags/tutorial_taskflow_api_virtualenv.py
[2023-10-16T17:29:17.563+0000] {processor.py:829} INFO - Processing file /home/airflow/.local/lib/python3.8/site-packages/airflow/example_dags/tutorial_taskflow_api_virtualenv.py for tasks to queue
[2023-10-16T17:29:17.569+0000] {logging_mixin.py:151} INFO - [2023-10-16T17:29:17.569+0000] {dagbag.py:539} INFO - Filling up the DagBag from /home/airflow/.local/lib/python3.8/site-packages/airflow/example_dags/tutorial_taskflow_api_virtualenv.py
[2023-10-16T17:29:17.593+0000] {processor.py:839} INFO - DAG(s) dict_keys(['tutorial_taskflow_api_virtualenv']) retrieved from /home/airflow/.local/lib/python3.8/site-packages/airflow/example_dags/tutorial_taskflow_api_virtualenv.py
[2023-10-16T17:29:18.053+0000] {logging_mixin.py:151} INFO - [2023-10-16T17:29:18.052+0000] {manager.py:499} INFO - Created Permission View: %s
[2023-10-16T17:29:18.093+0000] {logging_mixin.py:151} INFO - [2023-10-16T17:29:18.093+0000] {manager.py:499} INFO - Created Permission View: %s
[2023-10-16T17:29:18.168+0000] {logging_mixin.py:151} INFO - [2023-10-16T17:29:18.167+0000] {manager.py:499} INFO - Created Permission View: %s
[2023-10-16T17:29:18.168+0000] {logging_mixin.py:151} INFO - [2023-10-16T17:29:18.168+0000] {security.py:708} INFO - Not syncing DAG-level permissions for DAG 'DAG:tutorial_taskflow_api_virtualenv' as access control is unset.
[2023-10-16T17:29:18.169+0000] {logging_mixin.py:151} INFO - [2023-10-16T17:29:18.168+0000] {dag.py:2915} INFO - Sync 1 DAGs
[2023-10-16T17:29:18.219+0000] {logging_mixin.py:151} INFO - [2023-10-16T17:29:18.219+0000] {dag.py:2937} INFO - Creating ORM DAG for tutorial_taskflow_api_virtualenv
[2023-10-16T17:29:18.220+0000] {logging_mixin.py:151} INFO - [2023-10-16T17:29:18.220+0000] {dag.py:3696} INFO - Setting next_dagrun for tutorial_taskflow_api_virtualenv to None, run_after=None
[2023-10-16T17:29:18.264+0000] {processor.py:179} INFO - Processing /home/airflow/.local/lib/python3.8/site-packages/airflow/example_dags/tutorial_taskflow_api_virtualenv.py took 0.711 seconds
[2023-10-16T17:29:48.344+0000] {processor.py:157} INFO - Started process (PID=101) to work on /home/airflow/.local/lib/python3.8/site-packages/airflow/example_dags/tutorial_taskflow_api_virtualenv.py
[2023-10-16T17:29:48.345+0000] {processor.py:829} INFO - Processing file /home/airflow/.local/lib/python3.8/site-packages/airflow/example_dags/tutorial_taskflow_api_virtualenv.py for tasks to queue
[2023-10-16T17:29:48.347+0000] {logging_mixin.py:151} INFO - [2023-10-16T17:29:48.347+0000] {dagbag.py:539} INFO - Filling up the DagBag from /home/airflow/.local/lib/python3.8/site-packages/airflow/example_dags/tutorial_taskflow_api_virtualenv.py
[2023-10-16T17:29:48.354+0000] {processor.py:839} INFO - DAG(s) dict_keys(['tutorial_taskflow_api_virtualenv']) retrieved from /home/airflow/.local/lib/python3.8/site-packages/airflow/example_dags/tutorial_taskflow_api_virtualenv.py
[2023-10-16T17:29:48.380+0000] {logging_mixin.py:151} INFO - [2023-10-16T17:29:48.380+0000] {dag.py:2915} INFO - Sync 1 DAGs
[2023-10-16T17:29:48.394+0000] {logging_mixin.py:151} INFO - [2023-10-16T17:29:48.394+0000] {dag.py:3696} INFO - Setting next_dagrun for tutorial_taskflow_api_virtualenv to None, run_after=None
[2023-10-16T17:29:48.423+0000] {processor.py:179} INFO - Processing /home/airflow/.local/lib/python3.8/site-packages/airflow/example_dags/tutorial_taskflow_api_virtualenv.py took 0.090 seconds
[2023-10-16T17:30:18.777+0000] {processor.py:157} INFO - Started process (PID=156) to work on /home/airflow/.local/lib/python3.8/site-packages/airflow/example_dags/tutorial_taskflow_api_virtualenv.py
[2023-10-16T17:30:18.778+0000] {processor.py:829} INFO - Processing file /home/airflow/.local/lib/python3.8/site-packages/airflow/example_dags/tutorial_taskflow_api_virtualenv.py for tasks to queue
[2023-10-16T17:30:18.780+0000] {logging_mixin.py:151} INFO - [2023-10-16T17:30:18.780+0000] {dagbag.py:539} INFO - Filling up the DagBag from /home/airflow/.local/lib/python3.8/site-packages/airflow/example_dags/tutorial_taskflow_api_virtualenv.py
[2023-10-16T17:30:18.788+0000] {processor.py:839} INFO - DAG(s) dict_keys(['tutorial_taskflow_api_virtualenv']) retrieved from /home/airflow/.local/lib/python3.8/site-packages/airflow/example_dags/tutorial_taskflow_api_virtualenv.py
[2023-10-16T17:30:18.810+0000] {logging_mixin.py:151} INFO - [2023-10-16T17:30:18.809+0000] {dag.py:2915} INFO - Sync 1 DAGs
[2023-10-16T17:30:18.826+0000] {logging_mixin.py:151} INFO - [2023-10-16T17:30:18.825+0000] {dag.py:3696} INFO - Setting next_dagrun for tutorial_taskflow_api_virtualenv to None, run_after=None
[2023-10-16T17:30:18.861+0000] {processor.py:179} INFO - Processing /home/airflow/.local/lib/python3.8/site-packages/airflow/example_dags/tutorial_taskflow_api_virtualenv.py took 0.087 seconds
[2023-10-16T17:30:49.658+0000] {processor.py:157} INFO - Started process (PID=211) to work on /home/airflow/.local/lib/python3.8/site-packages/airflow/example_dags/tutorial_taskflow_api_virtualenv.py
[2023-10-16T17:30:49.658+0000] {processor.py:829} INFO - Processing file /home/airflow/.local/lib/python3.8/site-packages/airflow/example_dags/tutorial_taskflow_api_virtualenv.py for tasks to queue
[2023-10-16T17:30:49.660+0000] {logging_mixin.py:151} INFO - [2023-10-16T17:30:49.660+0000] {dagbag.py:539} INFO - Filling up the DagBag from /home/airflow/.local/lib/python3.8/site-packages/airflow/example_dags/tutorial_taskflow_api_virtualenv.py
[2023-10-16T17:30:49.665+0000] {processor.py:839} INFO - DAG(s) dict_keys(['tutorial_taskflow_api_virtualenv']) retrieved from /home/airflow/.local/lib/python3.8/site-packages/airflow/example_dags/tutorial_taskflow_api_virtualenv.py
[2023-10-16T17:30:49.681+0000] {logging_mixin.py:151} INFO - [2023-10-16T17:30:49.681+0000] {dag.py:2915} INFO - Sync 1 DAGs
[2023-10-16T17:30:49.691+0000] {logging_mixin.py:151} INFO - [2023-10-16T17:30:49.691+0000] {dag.py:3696} INFO - Setting next_dagrun for tutorial_taskflow_api_virtualenv to None, run_after=None
[2023-10-16T17:30:49.713+0000] {processor.py:179} INFO - Processing /home/airflow/.local/lib/python3.8/site-packages/airflow/example_dags/tutorial_taskflow_api_virtualenv.py took 0.058 seconds
[2023-10-16T17:31:20.168+0000] {processor.py:157} INFO - Started process (PID=267) to work on /home/airflow/.local/lib/python3.8/site-packages/airflow/example_dags/tutorial_taskflow_api_virtualenv.py
[2023-10-16T17:31:20.171+0000] {processor.py:829} INFO - Processing file /home/airflow/.local/lib/python3.8/site-packages/airflow/example_dags/tutorial_taskflow_api_virtualenv.py for tasks to queue
[2023-10-16T17:31:20.174+0000] {logging_mixin.py:151} INFO - [2023-10-16T17:31:20.173+0000] {dagbag.py:539} INFO - Filling up the DagBag from /home/airflow/.local/lib/python3.8/site-packages/airflow/example_dags/tutorial_taskflow_api_virtualenv.py
[2023-10-16T17:31:20.187+0000] {processor.py:839} INFO - DAG(s) dict_keys(['tutorial_taskflow_api_virtualenv']) retrieved from /home/airflow/.local/lib/python3.8/site-packages/airflow/example_dags/tutorial_taskflow_api_virtualenv.py
[2023-10-16T17:31:20.221+0000] {logging_mixin.py:151} INFO - [2023-10-16T17:31:20.221+0000] {dag.py:2915} INFO - Sync 1 DAGs
[2023-10-16T17:31:20.240+0000] {logging_mixin.py:151} INFO - [2023-10-16T17:31:20.240+0000] {dag.py:3696} INFO - Setting next_dagrun for tutorial_taskflow_api_virtualenv to None, run_after=None
[2023-10-16T17:31:20.266+0000] {processor.py:179} INFO - Processing /home/airflow/.local/lib/python3.8/site-packages/airflow/example_dags/tutorial_taskflow_api_virtualenv.py took 0.102 seconds
[2023-10-16T17:31:50.462+0000] {processor.py:157} INFO - Started process (PID=322) to work on /home/airflow/.local/lib/python3.8/site-packages/airflow/example_dags/tutorial_taskflow_api_virtualenv.py
[2023-10-16T17:31:50.466+0000] {processor.py:829} INFO - Processing file /home/airflow/.local/lib/python3.8/site-packages/airflow/example_dags/tutorial_taskflow_api_virtualenv.py for tasks to queue
[2023-10-16T17:31:50.469+0000] {logging_mixin.py:151} INFO - [2023-10-16T17:31:50.468+0000] {dagbag.py:539} INFO - Filling up the DagBag from /home/airflow/.local/lib/python3.8/site-packages/airflow/example_dags/tutorial_taskflow_api_virtualenv.py
[2023-10-16T17:31:50.476+0000] {processor.py:839} INFO - DAG(s) dict_keys(['tutorial_taskflow_api_virtualenv']) retrieved from /home/airflow/.local/lib/python3.8/site-packages/airflow/example_dags/tutorial_taskflow_api_virtualenv.py
[2023-10-16T17:31:50.505+0000] {logging_mixin.py:151} INFO - [2023-10-16T17:31:50.505+0000] {dag.py:2915} INFO - Sync 1 DAGs
[2023-10-16T17:31:50.518+0000] {logging_mixin.py:151} INFO - [2023-10-16T17:31:50.518+0000] {dag.py:3696} INFO - Setting next_dagrun for tutorial_taskflow_api_virtualenv to None, run_after=None
[2023-10-16T17:31:50.547+0000] {processor.py:179} INFO - Processing /home/airflow/.local/lib/python3.8/site-packages/airflow/example_dags/tutorial_taskflow_api_virtualenv.py took 0.098 seconds
[2023-10-16T17:32:20.744+0000] {processor.py:157} INFO - Started process (PID=377) to work on /home/airflow/.local/lib/python3.8/site-packages/airflow/example_dags/tutorial_taskflow_api_virtualenv.py
[2023-10-16T17:32:20.751+0000] {processor.py:829} INFO - Processing file /home/airflow/.local/lib/python3.8/site-packages/airflow/example_dags/tutorial_taskflow_api_virtualenv.py for tasks to queue
[2023-10-16T17:32:20.754+0000] {logging_mixin.py:151} INFO - [2023-10-16T17:32:20.754+0000] {dagbag.py:539} INFO - Filling up the DagBag from /home/airflow/.local/lib/python3.8/site-packages/airflow/example_dags/tutorial_taskflow_api_virtualenv.py
[2023-10-16T17:32:20.761+0000] {processor.py:839} INFO - DAG(s) dict_keys(['tutorial_taskflow_api_virtualenv']) retrieved from /home/airflow/.local/lib/python3.8/site-packages/airflow/example_dags/tutorial_taskflow_api_virtualenv.py
[2023-10-16T17:32:20.789+0000] {logging_mixin.py:151} INFO - [2023-10-16T17:32:20.788+0000] {dag.py:2915} INFO - Sync 1 DAGs
[2023-10-16T17:32:20.804+0000] {logging_mixin.py:151} INFO - [2023-10-16T17:32:20.804+0000] {dag.py:3696} INFO - Setting next_dagrun for tutorial_taskflow_api_virtualenv to None, run_after=None
[2023-10-16T17:32:20.834+0000] {processor.py:179} INFO - Processing /home/airflow/.local/lib/python3.8/site-packages/airflow/example_dags/tutorial_taskflow_api_virtualenv.py took 0.094 seconds
[2023-10-16T17:32:50.917+0000] {processor.py:157} INFO - Started process (PID=432) to work on /home/airflow/.local/lib/python3.8/site-packages/airflow/example_dags/tutorial_taskflow_api_virtualenv.py
[2023-10-16T17:32:50.918+0000] {processor.py:829} INFO - Processing file /home/airflow/.local/lib/python3.8/site-packages/airflow/example_dags/tutorial_taskflow_api_virtualenv.py for tasks to queue
[2023-10-16T17:32:50.920+0000] {logging_mixin.py:151} INFO - [2023-10-16T17:32:50.920+0000] {dagbag.py:539} INFO - Filling up the DagBag from /home/airflow/.local/lib/python3.8/site-packages/airflow/example_dags/tutorial_taskflow_api_virtualenv.py
[2023-10-16T17:32:50.929+0000] {processor.py:839} INFO - DAG(s) dict_keys(['tutorial_taskflow_api_virtualenv']) retrieved from /home/airflow/.local/lib/python3.8/site-packages/airflow/example_dags/tutorial_taskflow_api_virtualenv.py
[2023-10-16T17:32:50.953+0000] {logging_mixin.py:151} INFO - [2023-10-16T17:32:50.952+0000] {dag.py:2915} INFO - Sync 1 DAGs
[2023-10-16T17:32:50.976+0000] {logging_mixin.py:151} INFO - [2023-10-16T17:32:50.976+0000] {dag.py:3696} INFO - Setting next_dagrun for tutorial_taskflow_api_virtualenv to None, run_after=None
[2023-10-16T17:32:51.010+0000] {processor.py:179} INFO - Processing /home/airflow/.local/lib/python3.8/site-packages/airflow/example_dags/tutorial_taskflow_api_virtualenv.py took 0.097 seconds
[2023-10-16T17:33:21.981+0000] {processor.py:157} INFO - Started process (PID=486) to work on /home/airflow/.local/lib/python3.8/site-packages/airflow/example_dags/tutorial_taskflow_api_virtualenv.py
[2023-10-16T17:33:21.982+0000] {processor.py:829} INFO - Processing file /home/airflow/.local/lib/python3.8/site-packages/airflow/example_dags/tutorial_taskflow_api_virtualenv.py for tasks to queue
[2023-10-16T17:33:21.984+0000] {logging_mixin.py:151} INFO - [2023-10-16T17:33:21.984+0000] {dagbag.py:539} INFO - Filling up the DagBag from /home/airflow/.local/lib/python3.8/site-packages/airflow/example_dags/tutorial_taskflow_api_virtualenv.py
[2023-10-16T17:33:21.992+0000] {processor.py:839} INFO - DAG(s) dict_keys(['tutorial_taskflow_api_virtualenv']) retrieved from /home/airflow/.local/lib/python3.8/site-packages/airflow/example_dags/tutorial_taskflow_api_virtualenv.py
[2023-10-16T17:33:22.016+0000] {logging_mixin.py:151} INFO - [2023-10-16T17:33:22.016+0000] {dag.py:2915} INFO - Sync 1 DAGs
[2023-10-16T17:33:22.026+0000] {logging_mixin.py:151} INFO - [2023-10-16T17:33:22.026+0000] {dag.py:3696} INFO - Setting next_dagrun for tutorial_taskflow_api_virtualenv to None, run_after=None
[2023-10-16T17:33:22.060+0000] {processor.py:179} INFO - Processing /home/airflow/.local/lib/python3.8/site-packages/airflow/example_dags/tutorial_taskflow_api_virtualenv.py took 0.083 seconds
[2023-10-16T17:33:52.722+0000] {processor.py:157} INFO - Started process (PID=541) to work on /home/airflow/.local/lib/python3.8/site-packages/airflow/example_dags/tutorial_taskflow_api_virtualenv.py
[2023-10-16T17:33:52.723+0000] {processor.py:829} INFO - Processing file /home/airflow/.local/lib/python3.8/site-packages/airflow/example_dags/tutorial_taskflow_api_virtualenv.py for tasks to queue
[2023-10-16T17:33:52.726+0000] {logging_mixin.py:151} INFO - [2023-10-16T17:33:52.726+0000] {dagbag.py:539} INFO - Filling up the DagBag from /home/airflow/.local/lib/python3.8/site-packages/airflow/example_dags/tutorial_taskflow_api_virtualenv.py
[2023-10-16T17:33:52.734+0000] {processor.py:839} INFO - DAG(s) dict_keys(['tutorial_taskflow_api_virtualenv']) retrieved from /home/airflow/.local/lib/python3.8/site-packages/airflow/example_dags/tutorial_taskflow_api_virtualenv.py
[2023-10-16T17:33:52.789+0000] {logging_mixin.py:151} INFO - [2023-10-16T17:33:52.789+0000] {dag.py:2915} INFO - Sync 1 DAGs
[2023-10-16T17:33:52.820+0000] {logging_mixin.py:151} INFO - [2023-10-16T17:33:52.820+0000] {dag.py:3696} INFO - Setting next_dagrun for tutorial_taskflow_api_virtualenv to None, run_after=None
[2023-10-16T17:33:52.864+0000] {processor.py:179} INFO - Processing /home/airflow/.local/lib/python3.8/site-packages/airflow/example_dags/tutorial_taskflow_api_virtualenv.py took 0.145 seconds
