[2023-10-16T17:29:31.631+0000] {processor.py:157} INFO - Started process (PID=77) to work on /home/airflow/.local/lib/python3.8/site-packages/airflow/example_dags/tutorial_taskflow_api.py
[2023-10-16T17:29:31.633+0000] {processor.py:829} INFO - Processing file /home/airflow/.local/lib/python3.8/site-packages/airflow/example_dags/tutorial_taskflow_api.py for tasks to queue
[2023-10-16T17:29:31.635+0000] {logging_mixin.py:151} INFO - [2023-10-16T17:29:31.635+0000] {dagbag.py:539} INFO - Filling up the DagBag from /home/airflow/.local/lib/python3.8/site-packages/airflow/example_dags/tutorial_taskflow_api.py
[2023-10-16T17:29:31.642+0000] {processor.py:839} INFO - DAG(s) dict_keys(['tutorial_taskflow_api']) retrieved from /home/airflow/.local/lib/python3.8/site-packages/airflow/example_dags/tutorial_taskflow_api.py
[2023-10-16T17:29:31.819+0000] {logging_mixin.py:151} INFO - [2023-10-16T17:29:31.819+0000] {manager.py:499} INFO - Created Permission View: %s
[2023-10-16T17:29:31.866+0000] {logging_mixin.py:151} INFO - [2023-10-16T17:29:31.866+0000] {manager.py:499} INFO - Created Permission View: %s
[2023-10-16T17:29:31.894+0000] {logging_mixin.py:151} INFO - [2023-10-16T17:29:31.894+0000] {manager.py:499} INFO - Created Permission View: %s
[2023-10-16T17:29:31.894+0000] {logging_mixin.py:151} INFO - [2023-10-16T17:29:31.894+0000] {security.py:708} INFO - Not syncing DAG-level permissions for DAG 'DAG:tutorial_taskflow_api' as access control is unset.
[2023-10-16T17:29:31.894+0000] {logging_mixin.py:151} INFO - [2023-10-16T17:29:31.894+0000] {dag.py:2915} INFO - Sync 1 DAGs
[2023-10-16T17:29:31.947+0000] {logging_mixin.py:151} INFO - [2023-10-16T17:29:31.936+0000] {dag.py:2937} INFO - Creating ORM DAG for tutorial_taskflow_api
[2023-10-16T17:29:31.948+0000] {logging_mixin.py:151} INFO - [2023-10-16T17:29:31.948+0000] {dag.py:3696} INFO - Setting next_dagrun for tutorial_taskflow_api to None, run_after=None
[2023-10-16T17:29:31.976+0000] {processor.py:179} INFO - Processing /home/airflow/.local/lib/python3.8/site-packages/airflow/example_dags/tutorial_taskflow_api.py took 0.348 seconds
[2023-10-16T17:30:02.025+0000] {processor.py:157} INFO - Started process (PID=133) to work on /home/airflow/.local/lib/python3.8/site-packages/airflow/example_dags/tutorial_taskflow_api.py
[2023-10-16T17:30:02.025+0000] {processor.py:829} INFO - Processing file /home/airflow/.local/lib/python3.8/site-packages/airflow/example_dags/tutorial_taskflow_api.py for tasks to queue
[2023-10-16T17:30:02.027+0000] {logging_mixin.py:151} INFO - [2023-10-16T17:30:02.026+0000] {dagbag.py:539} INFO - Filling up the DagBag from /home/airflow/.local/lib/python3.8/site-packages/airflow/example_dags/tutorial_taskflow_api.py
[2023-10-16T17:30:02.032+0000] {processor.py:839} INFO - DAG(s) dict_keys(['tutorial_taskflow_api']) retrieved from /home/airflow/.local/lib/python3.8/site-packages/airflow/example_dags/tutorial_taskflow_api.py
[2023-10-16T17:30:02.057+0000] {logging_mixin.py:151} INFO - [2023-10-16T17:30:02.057+0000] {dag.py:2915} INFO - Sync 1 DAGs
[2023-10-16T17:30:02.068+0000] {logging_mixin.py:151} INFO - [2023-10-16T17:30:02.067+0000] {dag.py:3696} INFO - Setting next_dagrun for tutorial_taskflow_api to None, run_after=None
[2023-10-16T17:30:02.089+0000] {processor.py:179} INFO - Processing /home/airflow/.local/lib/python3.8/site-packages/airflow/example_dags/tutorial_taskflow_api.py took 0.067 seconds
[2023-10-16T17:30:32.291+0000] {processor.py:157} INFO - Started process (PID=188) to work on /home/airflow/.local/lib/python3.8/site-packages/airflow/example_dags/tutorial_taskflow_api.py
[2023-10-16T17:30:32.291+0000] {processor.py:829} INFO - Processing file /home/airflow/.local/lib/python3.8/site-packages/airflow/example_dags/tutorial_taskflow_api.py for tasks to queue
[2023-10-16T17:30:32.294+0000] {logging_mixin.py:151} INFO - [2023-10-16T17:30:32.293+0000] {dagbag.py:539} INFO - Filling up the DagBag from /home/airflow/.local/lib/python3.8/site-packages/airflow/example_dags/tutorial_taskflow_api.py
[2023-10-16T17:30:32.301+0000] {processor.py:839} INFO - DAG(s) dict_keys(['tutorial_taskflow_api']) retrieved from /home/airflow/.local/lib/python3.8/site-packages/airflow/example_dags/tutorial_taskflow_api.py
[2023-10-16T17:30:32.328+0000] {logging_mixin.py:151} INFO - [2023-10-16T17:30:32.328+0000] {dag.py:2915} INFO - Sync 1 DAGs
[2023-10-16T17:30:32.343+0000] {logging_mixin.py:151} INFO - [2023-10-16T17:30:32.343+0000] {dag.py:3696} INFO - Setting next_dagrun for tutorial_taskflow_api to None, run_after=None
[2023-10-16T17:30:32.371+0000] {processor.py:179} INFO - Processing /home/airflow/.local/lib/python3.8/site-packages/airflow/example_dags/tutorial_taskflow_api.py took 0.084 seconds
[2023-10-16T17:31:03.370+0000] {processor.py:157} INFO - Started process (PID=242) to work on /home/airflow/.local/lib/python3.8/site-packages/airflow/example_dags/tutorial_taskflow_api.py
[2023-10-16T17:31:03.371+0000] {processor.py:829} INFO - Processing file /home/airflow/.local/lib/python3.8/site-packages/airflow/example_dags/tutorial_taskflow_api.py for tasks to queue
[2023-10-16T17:31:03.373+0000] {logging_mixin.py:151} INFO - [2023-10-16T17:31:03.373+0000] {dagbag.py:539} INFO - Filling up the DagBag from /home/airflow/.local/lib/python3.8/site-packages/airflow/example_dags/tutorial_taskflow_api.py
[2023-10-16T17:31:03.380+0000] {processor.py:839} INFO - DAG(s) dict_keys(['tutorial_taskflow_api']) retrieved from /home/airflow/.local/lib/python3.8/site-packages/airflow/example_dags/tutorial_taskflow_api.py
[2023-10-16T17:31:03.400+0000] {logging_mixin.py:151} INFO - [2023-10-16T17:31:03.399+0000] {dag.py:2915} INFO - Sync 1 DAGs
[2023-10-16T17:31:03.416+0000] {logging_mixin.py:151} INFO - [2023-10-16T17:31:03.416+0000] {dag.py:3696} INFO - Setting next_dagrun for tutorial_taskflow_api to None, run_after=None
[2023-10-16T17:31:03.445+0000] {processor.py:179} INFO - Processing /home/airflow/.local/lib/python3.8/site-packages/airflow/example_dags/tutorial_taskflow_api.py took 0.078 seconds
[2023-10-16T17:31:34.268+0000] {processor.py:157} INFO - Started process (PID=298) to work on /home/airflow/.local/lib/python3.8/site-packages/airflow/example_dags/tutorial_taskflow_api.py
[2023-10-16T17:31:34.269+0000] {processor.py:829} INFO - Processing file /home/airflow/.local/lib/python3.8/site-packages/airflow/example_dags/tutorial_taskflow_api.py for tasks to queue
[2023-10-16T17:31:34.271+0000] {logging_mixin.py:151} INFO - [2023-10-16T17:31:34.271+0000] {dagbag.py:539} INFO - Filling up the DagBag from /home/airflow/.local/lib/python3.8/site-packages/airflow/example_dags/tutorial_taskflow_api.py
[2023-10-16T17:31:34.278+0000] {processor.py:839} INFO - DAG(s) dict_keys(['tutorial_taskflow_api']) retrieved from /home/airflow/.local/lib/python3.8/site-packages/airflow/example_dags/tutorial_taskflow_api.py
[2023-10-16T17:31:34.303+0000] {logging_mixin.py:151} INFO - [2023-10-16T17:31:34.303+0000] {dag.py:2915} INFO - Sync 1 DAGs
[2023-10-16T17:31:34.318+0000] {logging_mixin.py:151} INFO - [2023-10-16T17:31:34.318+0000] {dag.py:3696} INFO - Setting next_dagrun for tutorial_taskflow_api to None, run_after=None
[2023-10-16T17:31:34.377+0000] {processor.py:179} INFO - Processing /home/airflow/.local/lib/python3.8/site-packages/airflow/example_dags/tutorial_taskflow_api.py took 0.112 seconds
[2023-10-16T17:32:05.369+0000] {processor.py:157} INFO - Started process (PID=353) to work on /home/airflow/.local/lib/python3.8/site-packages/airflow/example_dags/tutorial_taskflow_api.py
[2023-10-16T17:32:05.370+0000] {processor.py:829} INFO - Processing file /home/airflow/.local/lib/python3.8/site-packages/airflow/example_dags/tutorial_taskflow_api.py for tasks to queue
[2023-10-16T17:32:05.372+0000] {logging_mixin.py:151} INFO - [2023-10-16T17:32:05.372+0000] {dagbag.py:539} INFO - Filling up the DagBag from /home/airflow/.local/lib/python3.8/site-packages/airflow/example_dags/tutorial_taskflow_api.py
[2023-10-16T17:32:05.383+0000] {processor.py:839} INFO - DAG(s) dict_keys(['tutorial_taskflow_api']) retrieved from /home/airflow/.local/lib/python3.8/site-packages/airflow/example_dags/tutorial_taskflow_api.py
[2023-10-16T17:32:05.412+0000] {logging_mixin.py:151} INFO - [2023-10-16T17:32:05.412+0000] {dag.py:2915} INFO - Sync 1 DAGs
[2023-10-16T17:32:05.427+0000] {logging_mixin.py:151} INFO - [2023-10-16T17:32:05.427+0000] {dag.py:3696} INFO - Setting next_dagrun for tutorial_taskflow_api to None, run_after=None
[2023-10-16T17:32:05.457+0000] {processor.py:179} INFO - Processing /home/airflow/.local/lib/python3.8/site-packages/airflow/example_dags/tutorial_taskflow_api.py took 0.091 seconds
[2023-10-16T17:32:36.348+0000] {processor.py:157} INFO - Started process (PID=408) to work on /home/airflow/.local/lib/python3.8/site-packages/airflow/example_dags/tutorial_taskflow_api.py
[2023-10-16T17:32:36.349+0000] {processor.py:829} INFO - Processing file /home/airflow/.local/lib/python3.8/site-packages/airflow/example_dags/tutorial_taskflow_api.py for tasks to queue
[2023-10-16T17:32:36.351+0000] {logging_mixin.py:151} INFO - [2023-10-16T17:32:36.351+0000] {dagbag.py:539} INFO - Filling up the DagBag from /home/airflow/.local/lib/python3.8/site-packages/airflow/example_dags/tutorial_taskflow_api.py
[2023-10-16T17:32:36.358+0000] {processor.py:839} INFO - DAG(s) dict_keys(['tutorial_taskflow_api']) retrieved from /home/airflow/.local/lib/python3.8/site-packages/airflow/example_dags/tutorial_taskflow_api.py
[2023-10-16T17:32:36.383+0000] {logging_mixin.py:151} INFO - [2023-10-16T17:32:36.382+0000] {dag.py:2915} INFO - Sync 1 DAGs
[2023-10-16T17:32:36.398+0000] {logging_mixin.py:151} INFO - [2023-10-16T17:32:36.397+0000] {dag.py:3696} INFO - Setting next_dagrun for tutorial_taskflow_api to None, run_after=None
[2023-10-16T17:32:36.424+0000] {processor.py:179} INFO - Processing /home/airflow/.local/lib/python3.8/site-packages/airflow/example_dags/tutorial_taskflow_api.py took 0.079 seconds
[2023-10-16T17:33:06.682+0000] {processor.py:157} INFO - Started process (PID=462) to work on /home/airflow/.local/lib/python3.8/site-packages/airflow/example_dags/tutorial_taskflow_api.py
[2023-10-16T17:33:06.683+0000] {processor.py:829} INFO - Processing file /home/airflow/.local/lib/python3.8/site-packages/airflow/example_dags/tutorial_taskflow_api.py for tasks to queue
[2023-10-16T17:33:06.685+0000] {logging_mixin.py:151} INFO - [2023-10-16T17:33:06.684+0000] {dagbag.py:539} INFO - Filling up the DagBag from /home/airflow/.local/lib/python3.8/site-packages/airflow/example_dags/tutorial_taskflow_api.py
[2023-10-16T17:33:06.691+0000] {processor.py:839} INFO - DAG(s) dict_keys(['tutorial_taskflow_api']) retrieved from /home/airflow/.local/lib/python3.8/site-packages/airflow/example_dags/tutorial_taskflow_api.py
[2023-10-16T17:33:06.714+0000] {logging_mixin.py:151} INFO - [2023-10-16T17:33:06.714+0000] {dag.py:2915} INFO - Sync 1 DAGs
[2023-10-16T17:33:06.729+0000] {logging_mixin.py:151} INFO - [2023-10-16T17:33:06.729+0000] {dag.py:3696} INFO - Setting next_dagrun for tutorial_taskflow_api to None, run_after=None
[2023-10-16T17:33:06.786+0000] {processor.py:179} INFO - Processing /home/airflow/.local/lib/python3.8/site-packages/airflow/example_dags/tutorial_taskflow_api.py took 0.107 seconds
[2023-10-16T17:33:37.372+0000] {processor.py:157} INFO - Started process (PID=517) to work on /home/airflow/.local/lib/python3.8/site-packages/airflow/example_dags/tutorial_taskflow_api.py
[2023-10-16T17:33:37.381+0000] {processor.py:829} INFO - Processing file /home/airflow/.local/lib/python3.8/site-packages/airflow/example_dags/tutorial_taskflow_api.py for tasks to queue
[2023-10-16T17:33:37.383+0000] {logging_mixin.py:151} INFO - [2023-10-16T17:33:37.383+0000] {dagbag.py:539} INFO - Filling up the DagBag from /home/airflow/.local/lib/python3.8/site-packages/airflow/example_dags/tutorial_taskflow_api.py
[2023-10-16T17:33:37.401+0000] {processor.py:839} INFO - DAG(s) dict_keys(['tutorial_taskflow_api']) retrieved from /home/airflow/.local/lib/python3.8/site-packages/airflow/example_dags/tutorial_taskflow_api.py
[2023-10-16T17:33:37.479+0000] {logging_mixin.py:151} INFO - [2023-10-16T17:33:37.479+0000] {dag.py:2915} INFO - Sync 1 DAGs
[2023-10-16T17:33:37.523+0000] {logging_mixin.py:151} INFO - [2023-10-16T17:33:37.523+0000] {dag.py:3696} INFO - Setting next_dagrun for tutorial_taskflow_api to None, run_after=None
[2023-10-16T17:33:37.601+0000] {processor.py:179} INFO - Processing /home/airflow/.local/lib/python3.8/site-packages/airflow/example_dags/tutorial_taskflow_api.py took 0.232 seconds
