[2023-10-16T17:29:29.431+0000] {processor.py:157} INFO - Started process (PID=69) to work on /home/airflow/.local/lib/python3.8/site-packages/airflow/example_dags/tutorial_dag.py
[2023-10-16T17:29:29.432+0000] {processor.py:829} INFO - Processing file /home/airflow/.local/lib/python3.8/site-packages/airflow/example_dags/tutorial_dag.py for tasks to queue
[2023-10-16T17:29:29.433+0000] {logging_mixin.py:151} INFO - [2023-10-16T17:29:29.433+0000] {dagbag.py:539} INFO - Filling up the DagBag from /home/airflow/.local/lib/python3.8/site-packages/airflow/example_dags/tutorial_dag.py
[2023-10-16T17:29:29.441+0000] {processor.py:839} INFO - DAG(s) dict_keys(['tutorial_dag']) retrieved from /home/airflow/.local/lib/python3.8/site-packages/airflow/example_dags/tutorial_dag.py
[2023-10-16T17:29:29.611+0000] {logging_mixin.py:151} INFO - [2023-10-16T17:29:29.611+0000] {manager.py:499} INFO - Created Permission View: %s
[2023-10-16T17:29:29.634+0000] {logging_mixin.py:151} INFO - [2023-10-16T17:29:29.634+0000] {manager.py:499} INFO - Created Permission View: %s
[2023-10-16T17:29:29.652+0000] {logging_mixin.py:151} INFO - [2023-10-16T17:29:29.652+0000] {manager.py:499} INFO - Created Permission View: %s
[2023-10-16T17:29:29.653+0000] {logging_mixin.py:151} INFO - [2023-10-16T17:29:29.653+0000] {security.py:708} INFO - Not syncing DAG-level permissions for DAG 'DAG:tutorial_dag' as access control is unset.
[2023-10-16T17:29:29.653+0000] {logging_mixin.py:151} INFO - [2023-10-16T17:29:29.653+0000] {dag.py:2915} INFO - Sync 1 DAGs
[2023-10-16T17:29:29.697+0000] {logging_mixin.py:151} INFO - [2023-10-16T17:29:29.697+0000] {dag.py:2937} INFO - Creating ORM DAG for tutorial_dag
[2023-10-16T17:29:29.698+0000] {logging_mixin.py:151} INFO - [2023-10-16T17:29:29.698+0000] {dag.py:3696} INFO - Setting next_dagrun for tutorial_dag to None, run_after=None
[2023-10-16T17:29:29.730+0000] {processor.py:179} INFO - Processing /home/airflow/.local/lib/python3.8/site-packages/airflow/example_dags/tutorial_dag.py took 0.303 seconds
[2023-10-16T17:30:00.348+0000] {processor.py:157} INFO - Started process (PID=124) to work on /home/airflow/.local/lib/python3.8/site-packages/airflow/example_dags/tutorial_dag.py
[2023-10-16T17:30:00.349+0000] {processor.py:829} INFO - Processing file /home/airflow/.local/lib/python3.8/site-packages/airflow/example_dags/tutorial_dag.py for tasks to queue
[2023-10-16T17:30:00.351+0000] {logging_mixin.py:151} INFO - [2023-10-16T17:30:00.351+0000] {dagbag.py:539} INFO - Filling up the DagBag from /home/airflow/.local/lib/python3.8/site-packages/airflow/example_dags/tutorial_dag.py
[2023-10-16T17:30:00.357+0000] {processor.py:839} INFO - DAG(s) dict_keys(['tutorial_dag']) retrieved from /home/airflow/.local/lib/python3.8/site-packages/airflow/example_dags/tutorial_dag.py
[2023-10-16T17:30:00.379+0000] {logging_mixin.py:151} INFO - [2023-10-16T17:30:00.379+0000] {dag.py:2915} INFO - Sync 1 DAGs
[2023-10-16T17:30:00.393+0000] {logging_mixin.py:151} INFO - [2023-10-16T17:30:00.393+0000] {dag.py:3696} INFO - Setting next_dagrun for tutorial_dag to None, run_after=None
[2023-10-16T17:30:00.420+0000] {processor.py:179} INFO - Processing /home/airflow/.local/lib/python3.8/site-packages/airflow/example_dags/tutorial_dag.py took 0.076 seconds
[2023-10-16T17:30:30.595+0000] {processor.py:157} INFO - Started process (PID=179) to work on /home/airflow/.local/lib/python3.8/site-packages/airflow/example_dags/tutorial_dag.py
[2023-10-16T17:30:30.596+0000] {processor.py:829} INFO - Processing file /home/airflow/.local/lib/python3.8/site-packages/airflow/example_dags/tutorial_dag.py for tasks to queue
[2023-10-16T17:30:30.598+0000] {logging_mixin.py:151} INFO - [2023-10-16T17:30:30.597+0000] {dagbag.py:539} INFO - Filling up the DagBag from /home/airflow/.local/lib/python3.8/site-packages/airflow/example_dags/tutorial_dag.py
[2023-10-16T17:30:30.603+0000] {processor.py:839} INFO - DAG(s) dict_keys(['tutorial_dag']) retrieved from /home/airflow/.local/lib/python3.8/site-packages/airflow/example_dags/tutorial_dag.py
[2023-10-16T17:30:30.625+0000] {logging_mixin.py:151} INFO - [2023-10-16T17:30:30.625+0000] {dag.py:2915} INFO - Sync 1 DAGs
[2023-10-16T17:30:30.639+0000] {logging_mixin.py:151} INFO - [2023-10-16T17:30:30.639+0000] {dag.py:3696} INFO - Setting next_dagrun for tutorial_dag to None, run_after=None
[2023-10-16T17:30:30.671+0000] {processor.py:179} INFO - Processing /home/airflow/.local/lib/python3.8/site-packages/airflow/example_dags/tutorial_dag.py took 0.080 seconds
[2023-10-16T17:31:00.762+0000] {processor.py:157} INFO - Started process (PID=234) to work on /home/airflow/.local/lib/python3.8/site-packages/airflow/example_dags/tutorial_dag.py
[2023-10-16T17:31:00.765+0000] {processor.py:829} INFO - Processing file /home/airflow/.local/lib/python3.8/site-packages/airflow/example_dags/tutorial_dag.py for tasks to queue
[2023-10-16T17:31:00.771+0000] {logging_mixin.py:151} INFO - [2023-10-16T17:31:00.771+0000] {dagbag.py:539} INFO - Filling up the DagBag from /home/airflow/.local/lib/python3.8/site-packages/airflow/example_dags/tutorial_dag.py
[2023-10-16T17:31:00.787+0000] {processor.py:839} INFO - DAG(s) dict_keys(['tutorial_dag']) retrieved from /home/airflow/.local/lib/python3.8/site-packages/airflow/example_dags/tutorial_dag.py
[2023-10-16T17:31:00.810+0000] {logging_mixin.py:151} INFO - [2023-10-16T17:31:00.810+0000] {dag.py:2915} INFO - Sync 1 DAGs
[2023-10-16T17:31:00.820+0000] {logging_mixin.py:151} INFO - [2023-10-16T17:31:00.820+0000] {dag.py:3696} INFO - Setting next_dagrun for tutorial_dag to None, run_after=None
[2023-10-16T17:31:00.842+0000] {processor.py:179} INFO - Processing /home/airflow/.local/lib/python3.8/site-packages/airflow/example_dags/tutorial_dag.py took 0.083 seconds
[2023-10-16T17:31:31.346+0000] {processor.py:157} INFO - Started process (PID=290) to work on /home/airflow/.local/lib/python3.8/site-packages/airflow/example_dags/tutorial_dag.py
[2023-10-16T17:31:31.347+0000] {processor.py:829} INFO - Processing file /home/airflow/.local/lib/python3.8/site-packages/airflow/example_dags/tutorial_dag.py for tasks to queue
[2023-10-16T17:31:31.348+0000] {logging_mixin.py:151} INFO - [2023-10-16T17:31:31.348+0000] {dagbag.py:539} INFO - Filling up the DagBag from /home/airflow/.local/lib/python3.8/site-packages/airflow/example_dags/tutorial_dag.py
[2023-10-16T17:31:31.352+0000] {processor.py:839} INFO - DAG(s) dict_keys(['tutorial_dag']) retrieved from /home/airflow/.local/lib/python3.8/site-packages/airflow/example_dags/tutorial_dag.py
[2023-10-16T17:31:31.367+0000] {logging_mixin.py:151} INFO - [2023-10-16T17:31:31.367+0000] {dag.py:2915} INFO - Sync 1 DAGs
[2023-10-16T17:31:31.377+0000] {logging_mixin.py:151} INFO - [2023-10-16T17:31:31.377+0000] {dag.py:3696} INFO - Setting next_dagrun for tutorial_dag to None, run_after=None
[2023-10-16T17:31:31.398+0000] {processor.py:179} INFO - Processing /home/airflow/.local/lib/python3.8/site-packages/airflow/example_dags/tutorial_dag.py took 0.055 seconds
[2023-10-16T17:32:01.993+0000] {processor.py:157} INFO - Started process (PID=345) to work on /home/airflow/.local/lib/python3.8/site-packages/airflow/example_dags/tutorial_dag.py
[2023-10-16T17:32:01.994+0000] {processor.py:829} INFO - Processing file /home/airflow/.local/lib/python3.8/site-packages/airflow/example_dags/tutorial_dag.py for tasks to queue
[2023-10-16T17:32:01.996+0000] {logging_mixin.py:151} INFO - [2023-10-16T17:32:01.996+0000] {dagbag.py:539} INFO - Filling up the DagBag from /home/airflow/.local/lib/python3.8/site-packages/airflow/example_dags/tutorial_dag.py
[2023-10-16T17:32:02.002+0000] {processor.py:839} INFO - DAG(s) dict_keys(['tutorial_dag']) retrieved from /home/airflow/.local/lib/python3.8/site-packages/airflow/example_dags/tutorial_dag.py
[2023-10-16T17:32:02.025+0000] {logging_mixin.py:151} INFO - [2023-10-16T17:32:02.025+0000] {dag.py:2915} INFO - Sync 1 DAGs
[2023-10-16T17:32:02.035+0000] {logging_mixin.py:151} INFO - [2023-10-16T17:32:02.035+0000] {dag.py:3696} INFO - Setting next_dagrun for tutorial_dag to None, run_after=None
[2023-10-16T17:32:02.060+0000] {processor.py:179} INFO - Processing /home/airflow/.local/lib/python3.8/site-packages/airflow/example_dags/tutorial_dag.py took 0.070 seconds
[2023-10-16T17:32:32.895+0000] {processor.py:157} INFO - Started process (PID=400) to work on /home/airflow/.local/lib/python3.8/site-packages/airflow/example_dags/tutorial_dag.py
[2023-10-16T17:32:32.898+0000] {processor.py:829} INFO - Processing file /home/airflow/.local/lib/python3.8/site-packages/airflow/example_dags/tutorial_dag.py for tasks to queue
[2023-10-16T17:32:32.900+0000] {logging_mixin.py:151} INFO - [2023-10-16T17:32:32.900+0000] {dagbag.py:539} INFO - Filling up the DagBag from /home/airflow/.local/lib/python3.8/site-packages/airflow/example_dags/tutorial_dag.py
[2023-10-16T17:32:32.906+0000] {processor.py:839} INFO - DAG(s) dict_keys(['tutorial_dag']) retrieved from /home/airflow/.local/lib/python3.8/site-packages/airflow/example_dags/tutorial_dag.py
[2023-10-16T17:32:32.927+0000] {logging_mixin.py:151} INFO - [2023-10-16T17:32:32.927+0000] {dag.py:2915} INFO - Sync 1 DAGs
[2023-10-16T17:32:32.938+0000] {logging_mixin.py:151} INFO - [2023-10-16T17:32:32.937+0000] {dag.py:3696} INFO - Setting next_dagrun for tutorial_dag to None, run_after=None
[2023-10-16T17:32:32.963+0000] {processor.py:179} INFO - Processing /home/airflow/.local/lib/python3.8/site-packages/airflow/example_dags/tutorial_dag.py took 0.080 seconds
[2023-10-16T17:33:04.017+0000] {processor.py:157} INFO - Started process (PID=455) to work on /home/airflow/.local/lib/python3.8/site-packages/airflow/example_dags/tutorial_dag.py
[2023-10-16T17:33:04.018+0000] {processor.py:829} INFO - Processing file /home/airflow/.local/lib/python3.8/site-packages/airflow/example_dags/tutorial_dag.py for tasks to queue
[2023-10-16T17:33:04.020+0000] {logging_mixin.py:151} INFO - [2023-10-16T17:33:04.020+0000] {dagbag.py:539} INFO - Filling up the DagBag from /home/airflow/.local/lib/python3.8/site-packages/airflow/example_dags/tutorial_dag.py
[2023-10-16T17:33:04.026+0000] {processor.py:839} INFO - DAG(s) dict_keys(['tutorial_dag']) retrieved from /home/airflow/.local/lib/python3.8/site-packages/airflow/example_dags/tutorial_dag.py
[2023-10-16T17:33:04.058+0000] {logging_mixin.py:151} INFO - [2023-10-16T17:33:04.058+0000] {dag.py:2915} INFO - Sync 1 DAGs
[2023-10-16T17:33:04.075+0000] {logging_mixin.py:151} INFO - [2023-10-16T17:33:04.074+0000] {dag.py:3696} INFO - Setting next_dagrun for tutorial_dag to None, run_after=None
[2023-10-16T17:33:04.109+0000] {processor.py:179} INFO - Processing /home/airflow/.local/lib/python3.8/site-packages/airflow/example_dags/tutorial_dag.py took 0.120 seconds
[2023-10-16T17:33:34.941+0000] {processor.py:157} INFO - Started process (PID=509) to work on /home/airflow/.local/lib/python3.8/site-packages/airflow/example_dags/tutorial_dag.py
[2023-10-16T17:33:34.942+0000] {processor.py:829} INFO - Processing file /home/airflow/.local/lib/python3.8/site-packages/airflow/example_dags/tutorial_dag.py for tasks to queue
[2023-10-16T17:33:34.951+0000] {logging_mixin.py:151} INFO - [2023-10-16T17:33:34.951+0000] {dagbag.py:539} INFO - Filling up the DagBag from /home/airflow/.local/lib/python3.8/site-packages/airflow/example_dags/tutorial_dag.py
[2023-10-16T17:33:34.982+0000] {processor.py:839} INFO - DAG(s) dict_keys(['tutorial_dag']) retrieved from /home/airflow/.local/lib/python3.8/site-packages/airflow/example_dags/tutorial_dag.py
[2023-10-16T17:33:35.070+0000] {logging_mixin.py:151} INFO - [2023-10-16T17:33:35.070+0000] {dag.py:2915} INFO - Sync 1 DAGs
[2023-10-16T17:33:35.111+0000] {logging_mixin.py:151} INFO - [2023-10-16T17:33:35.111+0000] {dag.py:3696} INFO - Setting next_dagrun for tutorial_dag to None, run_after=None
[2023-10-16T17:33:35.167+0000] {processor.py:179} INFO - Processing /home/airflow/.local/lib/python3.8/site-packages/airflow/example_dags/tutorial_dag.py took 0.237 seconds
